[ 2018-03-18T23:52:01+08:00 ]  
INFO: [ app_init ] --START--
INFO: Run Behavior\BuildLiteBehavior [ RunTime:0.000011s ]
INFO: [ app_init ] --END-- [ RunTime:0.000302s ]
NOTIC: [8] Undefined index: REQUEST_METHOD /usr/local/nginx/html/lianyangji/ThinkPHP/Library/Think/App.class.php 第 32 行.
NOTIC: [8] Undefined index: HTTP_HOST /usr/local/nginx/html/lianyangji/ThinkPHP/Library/Think/Dispatcher.class.php 第 39 行.
NOTIC: [8] Undefined index: HTTP_HOST /usr/local/nginx/html/lianyangji/ThinkPHP/Library/Think/Dispatcher.class.php 第 46 行.
NOTIC: [8] Undefined index: REQUEST_URI /usr/local/nginx/html/lianyangji/ThinkPHP/Library/Think/Dispatcher.class.php 第 141 行.
NOTIC: [8] Use of undefined constant __ROOT__ - assumed '__ROOT__' /usr/local/nginx/html/lianyangji/Application/Api/Conf/config.php 第 11 行.
NOTIC: [8] Use of undefined constant __ROOT__ - assumed '__ROOT__' /usr/local/nginx/html/lianyangji/Application/Api/Conf/config.php 第 12 行.
NOTIC: [8] Use of undefined constant __ROOT__ - assumed '__ROOT__' /usr/local/nginx/html/lianyangji/Application/Api/Conf/config.php 第 13 行.
NOTIC: [8] Use of undefined constant __ROOT__ - assumed '__ROOT__' /usr/local/nginx/html/lianyangji/Application/Api/Conf/config.php 第 14 行.
NOTIC: [8] Use of undefined constant _PHP_FILE_ - assumed '_PHP_FILE_' /usr/local/nginx/html/lianyangji/ThinkPHP/Library/Think/Dispatcher.class.php 第 201 行.
INFO: [ app_begin ] --START--
INFO: Run Behavior\ReadHtmlCacheBehavior [ RunTime:0.000341s ]
INFO: [ app_begin ] --END-- [ RunTime:0.000364s ]
NOTIC: [8] Undefined index: HTTP_X_PLATFORM /usr/local/nginx/html/lianyangji/Application/Api/Controller/ApiController.class.php 第 12 行.
NOTIC: [8] Undefined index: HTTP_X_VERNAME /usr/local/nginx/html/lianyangji/Application/Api/Controller/ApiController.class.php 第 13 行.
NOTIC: [8] Undefined index: HTTP_X_VERCODE /usr/local/nginx/html/lianyangji/Application/Api/Controller/ApiController.class.php 第 14 行.
NOTIC: [8] Undefined index: HTTP_X_UUID /usr/local/nginx/html/lianyangji/Application/Api/Controller/ApiController.class.php 第 15 行.
NOTIC: [8] Undefined index: HTTP_X_DEVICE /usr/local/nginx/html/lianyangji/Application/Api/Controller/ApiController.class.php 第 16 行.
NOTIC: [8] Undefined index: HTTP_X_BUILDVERSION /usr/local/nginx/html/lianyangji/Application/Api/Controller/ApiController.class.php 第 17 行.
NOTIC: [8] Undefined index: HTTP_X_API_VERSION /usr/local/nginx/html/lianyangji/Application/Api/Controller/ApiController.class.php 第 18 行.
NOTIC: [8] Undefined index: HTTP_X_APP_TYPE /usr/local/nginx/html/lianyangji/Application/Api/Controller/ApiController.class.php 第 19 行.
SQL: SHOW COLUMNS FROM `eggcoin_chicken_todayfeed_delivery` [ RunTime:0.0008s ]
SQL: SELECT `chicken_id` FROM `eggcoin_chicken_todayfeed_delivery` WHERE `delivery_date` = '2018-03-17'  [ RunTime:0.0010s ]
SQL: SHOW COLUMNS FROM `eggcoin_chicken` [ RunTime:0.0006s ]
SQL: SELECT `id`,`user_id`,`eggcoin_account_id`,`chicken_type`,`chicken_batch`,`create_date` FROM `eggcoin_chicken` WHERE `state` IN (4,5) AND `id` NOT IN ('16','11','12','13','14','15','17','18','19','20','21','22','23','24','25','26','27','28','29','30','31','32','33','34','35','36','37','38','39','40','41','42','43','44','45','46','47','48','49','50','51','52','53','54','55','56','57','58','59','60','61','62','63','64','65','66','67','68','69','70','71','72','73','74','75','76','77','78','79','80','81','82','83','84','85','86','87','88','89','90','91','92','93','94','95','96','97','98','99','100','101','102','103','104','105','106','107','108','109','110','111','112','113','114','115','116','117','118','119','120','121','122','123','124','125','126','127','128','129','130','131','132','133','134','135','136','137','138','139','140','141','142','143','144','145','146','147','148','149','150','151','152','153','154','155','156','157','158','159','160','161','162','163','164','165','166','167','168','169','170','171','172','173','174','175','176','177','178','179','180','181','182','183','184','185','186','187','188','189','190','191','192','193','194','195','196','197','198','199','200','201','202','203','204','205','206','207','208','209','210','211','212','213','214','215','216','217','218','219','220','221','222','223','224','225','226','227','228','229','230','231','232','233','234','235','236','237','238','239','240','241','242','243','244','245','246','247','248','249','250','251','252','253','254','255','256','257','258','259','260','261','262','263','264','265','266','267','268','269','270','271','272','273','274','275','276','277','278','279','280','281','282','283','284','285','286','287','288','289','290','291','292','293','294','295','296','297','298','299','300','301','302','303','304','305','306','307','308','309','310','311','312','313','314','315','316','317','318','319','320','321','322','323','324','325','326','327','328','329','330','331','332','333','334','335','336','337','338','339','340','341','342','343','344','345','346','347','348','349','350','351','352','353','354','355','356','357','358','359','360','361','362','363','364','365','366','367','368','369','370','371','372','373','374','375','376','377','378','379','380','381','382','383','384','385','386','387','388','389','390','391','392','393','394','395','396','397','398','399','400','401','402','403','404','405','406','407','408','409','410','411','412','413','414','415','416','417','418','419','420','421','422','423','424','425','426','427','428','429','430','431','432','433','434','435','436','437','438','439','440','441','442','443','444','445','446','447','448','449','450','451','452','453','454','455','456','457','458','459','460','461','462','463','464','465','466','467','468','469','470','471','472','473','474','475','476','477','478','479','480','481','482','483','484','485','486','487','488','489','490','491','492','493','494','495','496','497','498','499','500','501','502','503','504','505','506','507','508','509','510','511','512','513','514','515','516','517','518','519','520','521','522','523','524','525','526','527','528','529','530','531') AND `create_date` <= '2018-03-17' LIMIT 10   [ RunTime:0.0039s ]
INFO: [ app_end ] --START--
INFO: Run Behavior\ShowPageTraceBehavior [ RunTime:0.000406s ]
INFO: [ app_end ] --END-- [ RunTime:0.000430s ]

[ 2018-03-18T23:53:01+08:00 ]  
INFO: [ app_init ] --START--
INFO: Run Behavior\BuildLiteBehavior [ RunTime:0.000008s ]
INFO: [ app_init ] --END-- [ RunTime:0.000192s ]
NOTIC: [8] Undefined index: REQUEST_METHOD /usr/local/nginx/html/lianyangji/ThinkPHP/Library/Think/App.class.php 第 32 行.
NOTIC: [8] Undefined index: HTTP_HOST /usr/local/nginx/html/lianyangji/ThinkPHP/Library/Think/Dispatcher.class.php 第 39 行.
NOTIC: [8] Undefined index: HTTP_HOST /usr/local/nginx/html/lianyangji/ThinkPHP/Library/Think/Dispatcher.class.php 第 46 行.
NOTIC: [8] Undefined index: REQUEST_URI /usr/local/nginx/html/lianyangji/ThinkPHP/Library/Think/Dispatcher.class.php 第 141 行.
NOTIC: [8] Use of undefined constant __ROOT__ - assumed '__ROOT__' /usr/local/nginx/html/lianyangji/Application/Api/Conf/config.php 第 11 行.
NOTIC: [8] Use of undefined constant __ROOT__ - assumed '__ROOT__' /usr/local/nginx/html/lianyangji/Application/Api/Conf/config.php 第 12 行.
NOTIC: [8] Use of undefined constant __ROOT__ - assumed '__ROOT__' /usr/local/nginx/html/lianyangji/Application/Api/Conf/config.php 第 13 行.
NOTIC: [8] Use of undefined constant __ROOT__ - assumed '__ROOT__' /usr/local/nginx/html/lianyangji/Application/Api/Conf/config.php 第 14 行.
NOTIC: [8] Use of undefined constant _PHP_FILE_ - assumed '_PHP_FILE_' /usr/local/nginx/html/lianyangji/ThinkPHP/Library/Think/Dispatcher.class.php 第 201 行.
INFO: [ app_begin ] --START--
INFO: Run Behavior\ReadHtmlCacheBehavior [ RunTime:0.000204s ]
INFO: [ app_begin ] --END-- [ RunTime:0.000220s ]
NOTIC: [8] Undefined index: HTTP_X_PLATFORM /usr/local/nginx/html/lianyangji/Application/Api/Controller/ApiController.class.php 第 12 行.
NOTIC: [8] Undefined index: HTTP_X_VERNAME /usr/local/nginx/html/lianyangji/Application/Api/Controller/ApiController.class.php 第 13 行.
NOTIC: [8] Undefined index: HTTP_X_VERCODE /usr/local/nginx/html/lianyangji/Application/Api/Controller/ApiController.class.php 第 14 行.
NOTIC: [8] Undefined index: HTTP_X_UUID /usr/local/nginx/html/lianyangji/Application/Api/Controller/ApiController.class.php 第 15 行.
NOTIC: [8] Undefined index: HTTP_X_DEVICE /usr/local/nginx/html/lianyangji/Application/Api/Controller/ApiController.class.php 第 16 行.
NOTIC: [8] Undefined index: HTTP_X_BUILDVERSION /usr/local/nginx/html/lianyangji/Application/Api/Controller/ApiController.class.php 第 17 行.
NOTIC: [8] Undefined index: HTTP_X_API_VERSION /usr/local/nginx/html/lianyangji/Application/Api/Controller/ApiController.class.php 第 18 行.
NOTIC: [8] Undefined index: HTTP_X_APP_TYPE /usr/local/nginx/html/lianyangji/Application/Api/Controller/ApiController.class.php 第 19 行.
SQL: SHOW COLUMNS FROM `eggcoin_chicken` [ RunTime:0.0007s ]
SQL: UPDATE `eggcoin_chicken` SET `user_id`='0',`state`='1' WHERE `state` = 3 AND `lock_time` < 1521388381 [ RunTime:0.0008s ]
INFO: [ app_end ] --START--
INFO: Run Behavior\ShowPageTraceBehavior [ RunTime:0.000326s ]
INFO: [ app_end ] --END-- [ RunTime:0.000344s ]

[ 2018-03-18T23:53:01+08:00 ]  
INFO: [ app_init ] --START--
INFO: Run Behavior\BuildLiteBehavior [ RunTime:0.000006s ]
INFO: [ app_init ] --END-- [ RunTime:0.000197s ]
NOTIC: [8] Undefined index: REQUEST_METHOD /usr/local/nginx/html/lianyangji/ThinkPHP/Library/Think/App.class.php 第 32 行.
NOTIC: [8] Undefined index: HTTP_HOST /usr/local/nginx/html/lianyangji/ThinkPHP/Library/Think/Dispatcher.class.php 第 39 行.
NOTIC: [8] Undefined index: HTTP_HOST /usr/local/nginx/html/lianyangji/ThinkPHP/Library/Think/Dispatcher.class.php 第 46 行.
NOTIC: [8] Undefined index: REQUEST_URI /usr/local/nginx/html/lianyangji/ThinkPHP/Library/Think/Dispatcher.class.php 第 141 行.
NOTIC: [8] Use of undefined constant __ROOT__ - assumed '__ROOT__' /usr/local/nginx/html/lianyangji/Application/Api/Conf/config.php 第 11 行.
NOTIC: [8] Use of undefined constant __ROOT__ - assumed '__ROOT__' /usr/local/nginx/html/lianyangji/Application/Api/Conf/config.php 第 12 行.
NOTIC: [8] Use of undefined constant __ROOT__ - assumed '__ROOT__' /usr/local/nginx/html/lianyangji/Application/Api/Conf/config.php 第 13 行.
NOTIC: [8] Use of undefined constant __ROOT__ - assumed '__ROOT__' /usr/local/nginx/html/lianyangji/Application/Api/Conf/config.php 第 14 行.
NOTIC: [8] Use of undefined constant _PHP_FILE_ - assumed '_PHP_FILE_' /usr/local/nginx/html/lianyangji/ThinkPHP/Library/Think/Dispatcher.class.php 第 201 行.
INFO: [ app_begin ] --START--
INFO: Run Behavior\ReadHtmlCacheBehavior [ RunTime:0.000204s ]
INFO: [ app_begin ] --END-- [ RunTime:0.000220s ]
NOTIC: [8] Undefined index: HTTP_X_PLATFORM /usr/local/nginx/html/lianyangji/Application/Api/Controller/ApiController.class.php 第 12 行.
NOTIC: [8] Undefined index: HTTP_X_VERNAME /usr/local/nginx/html/lianyangji/Application/Api/Controller/ApiController.class.php 第 13 行.
NOTIC: [8] Undefined index: HTTP_X_VERCODE /usr/local/nginx/html/lianyangji/Application/Api/Controller/ApiController.class.php 第 14 行.
NOTIC: [8] Undefined index: HTTP_X_UUID /usr/local/nginx/html/lianyangji/Application/Api/Controller/ApiController.class.php 第 15 行.
NOTIC: [8] Undefined index: HTTP_X_DEVICE /usr/local/nginx/html/lianyangji/Application/Api/Controller/ApiController.class.php 第 16 行.
NOTIC: [8] Undefined index: HTTP_X_BUILDVERSION /usr/local/nginx/html/lianyangji/Application/Api/Controller/ApiController.class.php 第 17 行.
NOTIC: [8] Undefined index: HTTP_X_API_VERSION /usr/local/nginx/html/lianyangji/Application/Api/Controller/ApiController.class.php 第 18 行.
NOTIC: [8] Undefined index: HTTP_X_APP_TYPE /usr/local/nginx/html/lianyangji/Application/Api/Controller/ApiController.class.php 第 19 行.
SQL: SHOW COLUMNS FROM `eggcoin_chicken_todayfeed_delivery` [ RunTime:0.0007s ]
SQL: SELECT `chicken_id` FROM `eggcoin_chicken_todayfeed_delivery` WHERE `delivery_date` = '2018-03-17'  [ RunTime:0.0010s ]
SQL: SHOW COLUMNS FROM `eggcoin_chicken` [ RunTime:0.0006s ]
SQL: SELECT `id`,`user_id`,`eggcoin_account_id`,`chicken_type`,`chicken_batch`,`create_date` FROM `eggcoin_chicken` WHERE `state` IN (4,5) AND `id` NOT IN ('16','11','12','13','14','15','17','18','19','20','21','22','23','24','25','26','27','28','29','30','31','32','33','34','35','36','37','38','39','40','41','42','43','44','45','46','47','48','49','50','51','52','53','54','55','56','57','58','59','60','61','62','63','64','65','66','67','68','69','70','71','72','73','74','75','76','77','78','79','80','81','82','83','84','85','86','87','88','89','90','91','92','93','94','95','96','97','98','99','100','101','102','103','104','105','106','107','108','109','110','111','112','113','114','115','116','117','118','119','120','121','122','123','124','125','126','127','128','129','130','131','132','133','134','135','136','137','138','139','140','141','142','143','144','145','146','147','148','149','150','151','152','153','154','155','156','157','158','159','160','161','162','163','164','165','166','167','168','169','170','171','172','173','174','175','176','177','178','179','180','181','182','183','184','185','186','187','188','189','190','191','192','193','194','195','196','197','198','199','200','201','202','203','204','205','206','207','208','209','210','211','212','213','214','215','216','217','218','219','220','221','222','223','224','225','226','227','228','229','230','231','232','233','234','235','236','237','238','239','240','241','242','243','244','245','246','247','248','249','250','251','252','253','254','255','256','257','258','259','260','261','262','263','264','265','266','267','268','269','270','271','272','273','274','275','276','277','278','279','280','281','282','283','284','285','286','287','288','289','290','291','292','293','294','295','296','297','298','299','300','301','302','303','304','305','306','307','308','309','310','311','312','313','314','315','316','317','318','319','320','321','322','323','324','325','326','327','328','329','330','331','332','333','334','335','336','337','338','339','340','341','342','343','344','345','346','347','348','349','350','351','352','353','354','355','356','357','358','359','360','361','362','363','364','365','366','367','368','369','370','371','372','373','374','375','376','377','378','379','380','381','382','383','384','385','386','387','388','389','390','391','392','393','394','395','396','397','398','399','400','401','402','403','404','405','406','407','408','409','410','411','412','413','414','415','416','417','418','419','420','421','422','423','424','425','426','427','428','429','430','431','432','433','434','435','436','437','438','439','440','441','442','443','444','445','446','447','448','449','450','451','452','453','454','455','456','457','458','459','460','461','462','463','464','465','466','467','468','469','470','471','472','473','474','475','476','477','478','479','480','481','482','483','484','485','486','487','488','489','490','491','492','493','494','495','496','497','498','499','500','501','502','503','504','505','506','507','508','509','510','511','512','513','514','515','516','517','518','519','520','521','522','523','524','525','526','527','528','529','530','531') AND `create_date` <= '2018-03-17' LIMIT 10   [ RunTime:0.0034s ]
INFO: [ app_end ] --START--
INFO: Run Behavior\ShowPageTraceBehavior [ RunTime:0.000412s ]
INFO: [ app_end ] --END-- [ RunTime:0.000434s ]

[ 2018-03-18T23:54:01+08:00 ]  
INFO: [ app_init ] --START--
INFO: Run Behavior\BuildLiteBehavior [ RunTime:0.000009s ]
INFO: [ app_init ] --END-- [ RunTime:0.000278s ]
NOTIC: [8] Undefined index: REQUEST_METHOD /usr/local/nginx/html/lianyangji/ThinkPHP/Library/Think/App.class.php 第 32 行.
NOTIC: [8] Undefined index: HTTP_HOST /usr/local/nginx/html/lianyangji/ThinkPHP/Library/Think/Dispatcher.class.php 第 39 行.
NOTIC: [8] Undefined index: HTTP_HOST /usr/local/nginx/html/lianyangji/ThinkPHP/Library/Think/Dispatcher.class.php 第 46 行.
NOTIC: [8] Undefined index: REQUEST_URI /usr/local/nginx/html/lianyangji/ThinkPHP/Library/Think/Dispatcher.class.php 第 141 行.
NOTIC: [8] Use of undefined constant __ROOT__ - assumed '__ROOT__' /usr/local/nginx/html/lianyangji/Application/Api/Conf/config.php 第 11 行.
NOTIC: [8] Use of undefined constant __ROOT__ - assumed '__ROOT__' /usr/local/nginx/html/lianyangji/Application/Api/Conf/config.php 第 12 行.
NOTIC: [8] Use of undefined constant __ROOT__ - assumed '__ROOT__' /usr/local/nginx/html/lianyangji/Application/Api/Conf/config.php 第 13 行.
NOTIC: [8] Use of undefined constant __ROOT__ - assumed '__ROOT__' /usr/local/nginx/html/lianyangji/Application/Api/Conf/config.php 第 14 行.
NOTIC: [8] Use of undefined constant _PHP_FILE_ - assumed '_PHP_FILE_' /usr/local/nginx/html/lianyangji/ThinkPHP/Library/Think/Dispatcher.class.php 第 201 行.
INFO: [ app_begin ] --START--
INFO: Run Behavior\ReadHtmlCacheBehavior [ RunTime:0.000348s ]
INFO: [ app_begin ] --END-- [ RunTime:0.000366s ]
NOTIC: [8] Undefined index: HTTP_X_PLATFORM /usr/local/nginx/html/lianyangji/Application/Api/Controller/ApiController.class.php 第 12 行.
NOTIC: [8] Undefined index: HTTP_X_VERNAME /usr/local/nginx/html/lianyangji/Application/Api/Controller/ApiController.class.php 第 13 行.
NOTIC: [8] Undefined index: HTTP_X_VERCODE /usr/local/nginx/html/lianyangji/Application/Api/Controller/ApiController.class.php 第 14 行.
NOTIC: [8] Undefined index: HTTP_X_UUID /usr/local/nginx/html/lianyangji/Application/Api/Controller/ApiController.class.php 第 15 行.
NOTIC: [8] Undefined index: HTTP_X_DEVICE /usr/local/nginx/html/lianyangji/Application/Api/Controller/ApiController.class.php 第 16 行.
NOTIC: [8] Undefined index: HTTP_X_BUILDVERSION /usr/local/nginx/html/lianyangji/Application/Api/Controller/ApiController.class.php 第 17 行.
NOTIC: [8] Undefined index: HTTP_X_API_VERSION /usr/local/nginx/html/lianyangji/Application/Api/Controller/ApiController.class.php 第 18 行.
NOTIC: [8] Undefined index: HTTP_X_APP_TYPE /usr/local/nginx/html/lianyangji/Application/Api/Controller/ApiController.class.php 第 19 行.
SQL: SHOW COLUMNS FROM `eggcoin_chicken` [ RunTime:0.0005s ]
SQL: UPDATE `eggcoin_chicken` SET `user_id`='0',`state`='1' WHERE `state` = 3 AND `lock_time` < 1521388441 [ RunTime:0.0008s ]
INFO: [ app_end ] --START--
INFO: Run Behavior\ShowPageTraceBehavior [ RunTime:0.000328s ]
INFO: [ app_end ] --END-- [ RunTime:0.000348s ]

[ 2018-03-18T23:54:01+08:00 ]  
INFO: [ app_init ] --START--
INFO: Run Behavior\BuildLiteBehavior [ RunTime:0.000008s ]
INFO: [ app_init ] --END-- [ RunTime:0.000217s ]
NOTIC: [8] Undefined index: REQUEST_METHOD /usr/local/nginx/html/lianyangji/ThinkPHP/Library/Think/App.class.php 第 32 行.
NOTIC: [8] Undefined index: HTTP_HOST /usr/local/nginx/html/lianyangji/ThinkPHP/Library/Think/Dispatcher.class.php 第 39 行.
NOTIC: [8] Undefined index: HTTP_HOST /usr/local/nginx/html/lianyangji/ThinkPHP/Library/Think/Dispatcher.class.php 第 46 行.
NOTIC: [8] Undefined index: REQUEST_URI /usr/local/nginx/html/lianyangji/ThinkPHP/Library/Think/Dispatcher.class.php 第 141 行.
NOTIC: [8] Use of undefined constant __ROOT__ - assumed '__ROOT__' /usr/local/nginx/html/lianyangji/Application/Api/Conf/config.php 第 11 行.
NOTIC: [8] Use of undefined constant __ROOT__ - assumed '__ROOT__' /usr/local/nginx/html/lianyangji/Application/Api/Conf/config.php 第 12 行.
NOTIC: [8] Use of undefined constant __ROOT__ - assumed '__ROOT__' /usr/local/nginx/html/lianyangji/Application/Api/Conf/config.php 第 13 行.
NOTIC: [8] Use of undefined constant __ROOT__ - assumed '__ROOT__' /usr/local/nginx/html/lianyangji/Application/Api/Conf/config.php 第 14 行.
NOTIC: [8] Use of undefined constant _PHP_FILE_ - assumed '_PHP_FILE_' /usr/local/nginx/html/lianyangji/ThinkPHP/Library/Think/Dispatcher.class.php 第 201 行.
INFO: [ app_begin ] --START--
INFO: Run Behavior\ReadHtmlCacheBehavior [ RunTime:0.000229s ]
INFO: [ app_begin ] --END-- [ RunTime:0.000247s ]
NOTIC: [8] Undefined index: HTTP_X_PLATFORM /usr/local/nginx/html/lianyangji/Application/Api/Controller/ApiController.class.php 第 12 行.
NOTIC: [8] Undefined index: HTTP_X_VERNAME /usr/local/nginx/html/lianyangji/Application/Api/Controller/ApiController.class.php 第 13 行.
NOTIC: [8] Undefined index: HTTP_X_VERCODE /usr/local/nginx/html/lianyangji/Application/Api/Controller/ApiController.class.php 第 14 行.
NOTIC: [8] Undefined index: HTTP_X_UUID /usr/local/nginx/html/lianyangji/Application/Api/Controller/ApiController.class.php 第 15 行.
NOTIC: [8] Undefined index: HTTP_X_DEVICE /usr/local/nginx/html/lianyangji/Application/Api/Controller/ApiController.class.php 第 16 行.
NOTIC: [8] Undefined index: HTTP_X_BUILDVERSION /usr/local/nginx/html/lianyangji/Application/Api/Controller/ApiController.class.php 第 17 行.
NOTIC: [8] Undefined index: HTTP_X_API_VERSION /usr/local/nginx/html/lianyangji/Application/Api/Controller/ApiController.class.php 第 18 行.
NOTIC: [8] Undefined index: HTTP_X_APP_TYPE /usr/local/nginx/html/lianyangji/Application/Api/Controller/ApiController.class.php 第 19 行.
SQL: SHOW COLUMNS FROM `eggcoin_chicken_todayfeed_delivery` [ RunTime:0.0008s ]
SQL: SELECT `chicken_id` FROM `eggcoin_chicken_todayfeed_delivery` WHERE `delivery_date` = '2018-03-17'  [ RunTime:0.0011s ]
SQL: SHOW COLUMNS FROM `eggcoin_chicken` [ RunTime:0.0006s ]
SQL: SELECT `id`,`user_id`,`eggcoin_account_id`,`chicken_type`,`chicken_batch`,`create_date` FROM `eggcoin_chicken` WHERE `state` IN (4,5) AND `id` NOT IN ('16','11','12','13','14','15','17','18','19','20','21','22','23','24','25','26','27','28','29','30','31','32','33','34','35','36','37','38','39','40','41','42','43','44','45','46','47','48','49','50','51','52','53','54','55','56','57','58','59','60','61','62','63','64','65','66','67','68','69','70','71','72','73','74','75','76','77','78','79','80','81','82','83','84','85','86','87','88','89','90','91','92','93','94','95','96','97','98','99','100','101','102','103','104','105','106','107','108','109','110','111','112','113','114','115','116','117','118','119','120','121','122','123','124','125','126','127','128','129','130','131','132','133','134','135','136','137','138','139','140','141','142','143','144','145','146','147','148','149','150','151','152','153','154','155','156','157','158','159','160','161','162','163','164','165','166','167','168','169','170','171','172','173','174','175','176','177','178','179','180','181','182','183','184','185','186','187','188','189','190','191','192','193','194','195','196','197','198','199','200','201','202','203','204','205','206','207','208','209','210','211','212','213','214','215','216','217','218','219','220','221','222','223','224','225','226','227','228','229','230','231','232','233','234','235','236','237','238','239','240','241','242','243','244','245','246','247','248','249','250','251','252','253','254','255','256','257','258','259','260','261','262','263','264','265','266','267','268','269','270','271','272','273','274','275','276','277','278','279','280','281','282','283','284','285','286','287','288','289','290','291','292','293','294','295','296','297','298','299','300','301','302','303','304','305','306','307','308','309','310','311','312','313','314','315','316','317','318','319','320','321','322','323','324','325','326','327','328','329','330','331','332','333','334','335','336','337','338','339','340','341','342','343','344','345','346','347','348','349','350','351','352','353','354','355','356','357','358','359','360','361','362','363','364','365','366','367','368','369','370','371','372','373','374','375','376','377','378','379','380','381','382','383','384','385','386','387','388','389','390','391','392','393','394','395','396','397','398','399','400','401','402','403','404','405','406','407','408','409','410','411','412','413','414','415','416','417','418','419','420','421','422','423','424','425','426','427','428','429','430','431','432','433','434','435','436','437','438','439','440','441','442','443','444','445','446','447','448','449','450','451','452','453','454','455','456','457','458','459','460','461','462','463','464','465','466','467','468','469','470','471','472','473','474','475','476','477','478','479','480','481','482','483','484','485','486','487','488','489','490','491','492','493','494','495','496','497','498','499','500','501','502','503','504','505','506','507','508','509','510','511','512','513','514','515','516','517','518','519','520','521','522','523','524','525','526','527','528','529','530','531') AND `create_date` <= '2018-03-17' LIMIT 10   [ RunTime:0.0040s ]
INFO: [ app_end ] --START--
INFO: Run Behavior\ShowPageTraceBehavior [ RunTime:0.000450s ]
INFO: [ app_end ] --END-- [ RunTime:0.000477s ]

[ 2018-03-18T23:55:01+08:00 ]  
INFO: [ app_init ] --START--
INFO: Run Behavior\BuildLiteBehavior [ RunTime:0.000008s ]
INFO: [ app_init ] --END-- [ RunTime:0.000230s ]
NOTIC: [8] Undefined index: REQUEST_METHOD /usr/local/nginx/html/lianyangji/ThinkPHP/Library/Think/App.class.php 第 32 行.
NOTIC: [8] Undefined index: HTTP_HOST /usr/local/nginx/html/lianyangji/ThinkPHP/Library/Think/Dispatcher.class.php 第 39 行.
NOTIC: [8] Undefined index: HTTP_HOST /usr/local/nginx/html/lianyangji/ThinkPHP/Library/Think/Dispatcher.class.php 第 46 行.
NOTIC: [8] Undefined index: REQUEST_URI /usr/local/nginx/html/lianyangji/ThinkPHP/Library/Think/Dispatcher.class.php 第 141 行.
NOTIC: [8] Use of undefined constant __ROOT__ - assumed '__ROOT__' /usr/local/nginx/html/lianyangji/Application/Api/Conf/config.php 第 11 行.
NOTIC: [8] Use of undefined constant __ROOT__ - assumed '__ROOT__' /usr/local/nginx/html/lianyangji/Application/Api/Conf/config.php 第 12 行.
NOTIC: [8] Use of undefined constant __ROOT__ - assumed '__ROOT__' /usr/local/nginx/html/lianyangji/Application/Api/Conf/config.php 第 13 行.
NOTIC: [8] Use of undefined constant __ROOT__ - assumed '__ROOT__' /usr/local/nginx/html/lianyangji/Application/Api/Conf/config.php 第 14 行.
NOTIC: [8] Use of undefined constant _PHP_FILE_ - assumed '_PHP_FILE_' /usr/local/nginx/html/lianyangji/ThinkPHP/Library/Think/Dispatcher.class.php 第 201 行.
INFO: [ app_begin ] --START--
INFO: Run Behavior\ReadHtmlCacheBehavior [ RunTime:0.000258s ]
INFO: [ app_begin ] --END-- [ RunTime:0.000277s ]
NOTIC: [8] Undefined index: HTTP_X_PLATFORM /usr/local/nginx/html/lianyangji/Application/Api/Controller/ApiController.class.php 第 12 行.
NOTIC: [8] Undefined index: HTTP_X_VERNAME /usr/local/nginx/html/lianyangji/Application/Api/Controller/ApiController.class.php 第 13 行.
NOTIC: [8] Undefined index: HTTP_X_VERCODE /usr/local/nginx/html/lianyangji/Application/Api/Controller/ApiController.class.php 第 14 行.
NOTIC: [8] Undefined index: HTTP_X_UUID /usr/local/nginx/html/lianyangji/Application/Api/Controller/ApiController.class.php 第 15 行.
NOTIC: [8] Undefined index: HTTP_X_DEVICE /usr/local/nginx/html/lianyangji/Application/Api/Controller/ApiController.class.php 第 16 行.
NOTIC: [8] Undefined index: HTTP_X_BUILDVERSION /usr/local/nginx/html/lianyangji/Application/Api/Controller/ApiController.class.php 第 17 行.
NOTIC: [8] Undefined index: HTTP_X_API_VERSION /usr/local/nginx/html/lianyangji/Application/Api/Controller/ApiController.class.php 第 18 行.
NOTIC: [8] Undefined index: HTTP_X_APP_TYPE /usr/local/nginx/html/lianyangji/Application/Api/Controller/ApiController.class.php 第 19 行.
SQL: SHOW COLUMNS FROM `eggcoin_chicken_todayfeed_delivery` [ RunTime:0.0007s ]
SQL: SELECT `chicken_id` FROM `eggcoin_chicken_todayfeed_delivery` WHERE `delivery_date` = '2018-03-17'  [ RunTime:0.0008s ]
SQL: SHOW COLUMNS FROM `eggcoin_chicken` [ RunTime:0.0006s ]
SQL: SELECT `id`,`user_id`,`eggcoin_account_id`,`chicken_type`,`chicken_batch`,`create_date` FROM `eggcoin_chicken` WHERE `state` IN (4,5) AND `id` NOT IN ('16','11','12','13','14','15','17','18','19','20','21','22','23','24','25','26','27','28','29','30','31','32','33','34','35','36','37','38','39','40','41','42','43','44','45','46','47','48','49','50','51','52','53','54','55','56','57','58','59','60','61','62','63','64','65','66','67','68','69','70','71','72','73','74','75','76','77','78','79','80','81','82','83','84','85','86','87','88','89','90','91','92','93','94','95','96','97','98','99','100','101','102','103','104','105','106','107','108','109','110','111','112','113','114','115','116','117','118','119','120','121','122','123','124','125','126','127','128','129','130','131','132','133','134','135','136','137','138','139','140','141','142','143','144','145','146','147','148','149','150','151','152','153','154','155','156','157','158','159','160','161','162','163','164','165','166','167','168','169','170','171','172','173','174','175','176','177','178','179','180','181','182','183','184','185','186','187','188','189','190','191','192','193','194','195','196','197','198','199','200','201','202','203','204','205','206','207','208','209','210','211','212','213','214','215','216','217','218','219','220','221','222','223','224','225','226','227','228','229','230','231','232','233','234','235','236','237','238','239','240','241','242','243','244','245','246','247','248','249','250','251','252','253','254','255','256','257','258','259','260','261','262','263','264','265','266','267','268','269','270','271','272','273','274','275','276','277','278','279','280','281','282','283','284','285','286','287','288','289','290','291','292','293','294','295','296','297','298','299','300','301','302','303','304','305','306','307','308','309','310','311','312','313','314','315','316','317','318','319','320','321','322','323','324','325','326','327','328','329','330','331','332','333','334','335','336','337','338','339','340','341','342','343','344','345','346','347','348','349','350','351','352','353','354','355','356','357','358','359','360','361','362','363','364','365','366','367','368','369','370','371','372','373','374','375','376','377','378','379','380','381','382','383','384','385','386','387','388','389','390','391','392','393','394','395','396','397','398','399','400','401','402','403','404','405','406','407','408','409','410','411','412','413','414','415','416','417','418','419','420','421','422','423','424','425','426','427','428','429','430','431','432','433','434','435','436','437','438','439','440','441','442','443','444','445','446','447','448','449','450','451','452','453','454','455','456','457','458','459','460','461','462','463','464','465','466','467','468','469','470','471','472','473','474','475','476','477','478','479','480','481','482','483','484','485','486','487','488','489','490','491','492','493','494','495','496','497','498','499','500','501','502','503','504','505','506','507','508','509','510','511','512','513','514','515','516','517','518','519','520','521','522','523','524','525','526','527','528','529','530','531') AND `create_date` <= '2018-03-17' LIMIT 10   [ RunTime:0.0029s ]
INFO: [ app_end ] --START--
INFO: Run Behavior\ShowPageTraceBehavior [ RunTime:0.000338s ]
INFO: [ app_end ] --END-- [ RunTime:0.000359s ]

[ 2018-03-18T23:55:01+08:00 ]  
INFO: [ app_init ] --START--
INFO: Run Behavior\BuildLiteBehavior [ RunTime:0.000008s ]
INFO: [ app_init ] --END-- [ RunTime:0.000284s ]
NOTIC: [8] Undefined index: REQUEST_METHOD /usr/local/nginx/html/lianyangji/ThinkPHP/Library/Think/App.class.php 第 32 行.
NOTIC: [8] Undefined index: HTTP_HOST /usr/local/nginx/html/lianyangji/ThinkPHP/Library/Think/Dispatcher.class.php 第 39 行.
NOTIC: [8] Undefined index: HTTP_HOST /usr/local/nginx/html/lianyangji/ThinkPHP/Library/Think/Dispatcher.class.php 第 46 行.
NOTIC: [8] Undefined index: REQUEST_URI /usr/local/nginx/html/lianyangji/ThinkPHP/Library/Think/Dispatcher.class.php 第 141 行.
NOTIC: [8] Use of undefined constant __ROOT__ - assumed '__ROOT__' /usr/local/nginx/html/lianyangji/Application/Api/Conf/config.php 第 11 行.
NOTIC: [8] Use of undefined constant __ROOT__ - assumed '__ROOT__' /usr/local/nginx/html/lianyangji/Application/Api/Conf/config.php 第 12 行.
NOTIC: [8] Use of undefined constant __ROOT__ - assumed '__ROOT__' /usr/local/nginx/html/lianyangji/Application/Api/Conf/config.php 第 13 行.
NOTIC: [8] Use of undefined constant __ROOT__ - assumed '__ROOT__' /usr/local/nginx/html/lianyangji/Application/Api/Conf/config.php 第 14 行.
NOTIC: [8] Use of undefined constant _PHP_FILE_ - assumed '_PHP_FILE_' /usr/local/nginx/html/lianyangji/ThinkPHP/Library/Think/Dispatcher.class.php 第 201 行.
INFO: [ app_begin ] --START--
INFO: Run Behavior\ReadHtmlCacheBehavior [ RunTime:0.000328s ]
INFO: [ app_begin ] --END-- [ RunTime:0.000347s ]
NOTIC: [8] Undefined index: HTTP_X_PLATFORM /usr/local/nginx/html/lianyangji/Application/Api/Controller/ApiController.class.php 第 12 行.
NOTIC: [8] Undefined index: HTTP_X_VERNAME /usr/local/nginx/html/lianyangji/Application/Api/Controller/ApiController.class.php 第 13 行.
NOTIC: [8] Undefined index: HTTP_X_VERCODE /usr/local/nginx/html/lianyangji/Application/Api/Controller/ApiController.class.php 第 14 行.
NOTIC: [8] Undefined index: HTTP_X_UUID /usr/local/nginx/html/lianyangji/Application/Api/Controller/ApiController.class.php 第 15 行.
NOTIC: [8] Undefined index: HTTP_X_DEVICE /usr/local/nginx/html/lianyangji/Application/Api/Controller/ApiController.class.php 第 16 行.
NOTIC: [8] Undefined index: HTTP_X_BUILDVERSION /usr/local/nginx/html/lianyangji/Application/Api/Controller/ApiController.class.php 第 17 行.
NOTIC: [8] Undefined index: HTTP_X_API_VERSION /usr/local/nginx/html/lianyangji/Application/Api/Controller/ApiController.class.php 第 18 行.
NOTIC: [8] Undefined index: HTTP_X_APP_TYPE /usr/local/nginx/html/lianyangji/Application/Api/Controller/ApiController.class.php 第 19 行.
SQL: SHOW COLUMNS FROM `eggcoin_chicken` [ RunTime:0.0006s ]
SQL: UPDATE `eggcoin_chicken` SET `user_id`='0',`state`='1' WHERE `state` = 3 AND `lock_time` < 1521388501 [ RunTime:0.0007s ]
INFO: [ app_end ] --START--
INFO: Run Behavior\ShowPageTraceBehavior [ RunTime:0.000279s ]
INFO: [ app_end ] --END-- [ RunTime:0.000299s ]

[ 2018-03-18T23:56:01+08:00 ]  
INFO: [ app_init ] --START--
INFO: Run Behavior\BuildLiteBehavior [ RunTime:0.000008s ]
INFO: [ app_init ] --END-- [ RunTime:0.000198s ]
NOTIC: [8] Undefined index: REQUEST_METHOD /usr/local/nginx/html/lianyangji/ThinkPHP/Library/Think/App.class.php 第 32 行.
NOTIC: [8] Undefined index: HTTP_HOST /usr/local/nginx/html/lianyangji/ThinkPHP/Library/Think/Dispatcher.class.php 第 39 行.
NOTIC: [8] Undefined index: HTTP_HOST /usr/local/nginx/html/lianyangji/ThinkPHP/Library/Think/Dispatcher.class.php 第 46 行.
NOTIC: [8] Undefined index: REQUEST_URI /usr/local/nginx/html/lianyangji/ThinkPHP/Library/Think/Dispatcher.class.php 第 141 行.
NOTIC: [8] Use of undefined constant __ROOT__ - assumed '__ROOT__' /usr/local/nginx/html/lianyangji/Application/Api/Conf/config.php 第 11 行.
NOTIC: [8] Use of undefined constant __ROOT__ - assumed '__ROOT__' /usr/local/nginx/html/lianyangji/Application/Api/Conf/config.php 第 12 行.
NOTIC: [8] Use of undefined constant __ROOT__ - assumed '__ROOT__' /usr/local/nginx/html/lianyangji/Application/Api/Conf/config.php 第 13 行.
NOTIC: [8] Use of undefined constant __ROOT__ - assumed '__ROOT__' /usr/local/nginx/html/lianyangji/Application/Api/Conf/config.php 第 14 行.
NOTIC: [8] Use of undefined constant _PHP_FILE_ - assumed '_PHP_FILE_' /usr/local/nginx/html/lianyangji/ThinkPHP/Library/Think/Dispatcher.class.php 第 201 行.
INFO: [ app_begin ] --START--
INFO: Run Behavior\ReadHtmlCacheBehavior [ RunTime:0.000240s ]
INFO: [ app_begin ] --END-- [ RunTime:0.000258s ]
NOTIC: [8] Undefined index: HTTP_X_PLATFORM /usr/local/nginx/html/lianyangji/Application/Api/Controller/ApiController.class.php 第 12 行.
NOTIC: [8] Undefined index: HTTP_X_VERNAME /usr/local/nginx/html/lianyangji/Application/Api/Controller/ApiController.class.php 第 13 行.
NOTIC: [8] Undefined index: HTTP_X_VERCODE /usr/local/nginx/html/lianyangji/Application/Api/Controller/ApiController.class.php 第 14 行.
NOTIC: [8] Undefined index: HTTP_X_UUID /usr/local/nginx/html/lianyangji/Application/Api/Controller/ApiController.class.php 第 15 行.
NOTIC: [8] Undefined index: HTTP_X_DEVICE /usr/local/nginx/html/lianyangji/Application/Api/Controller/ApiController.class.php 第 16 行.
NOTIC: [8] Undefined index: HTTP_X_BUILDVERSION /usr/local/nginx/html/lianyangji/Application/Api/Controller/ApiController.class.php 第 17 行.
NOTIC: [8] Undefined index: HTTP_X_API_VERSION /usr/local/nginx/html/lianyangji/Application/Api/Controller/ApiController.class.php 第 18 行.
NOTIC: [8] Undefined index: HTTP_X_APP_TYPE /usr/local/nginx/html/lianyangji/Application/Api/Controller/ApiController.class.php 第 19 行.
SQL: SHOW COLUMNS FROM `eggcoin_chicken` [ RunTime:0.0010s ]
SQL: UPDATE `eggcoin_chicken` SET `user_id`='0',`state`='1' WHERE `state` = 3 AND `lock_time` < 1521388561 [ RunTime:0.0015s ]
INFO: [ app_end ] --START--
INFO: Run Behavior\ShowPageTraceBehavior [ RunTime:0.000586s ]
INFO: [ app_end ] --END-- [ RunTime:0.000643s ]

[ 2018-03-18T23:56:01+08:00 ]  
INFO: [ app_init ] --START--
INFO: Run Behavior\BuildLiteBehavior [ RunTime:0.000010s ]
INFO: [ app_init ] --END-- [ RunTime:0.000284s ]
NOTIC: [8] Undefined index: REQUEST_METHOD /usr/local/nginx/html/lianyangji/ThinkPHP/Library/Think/App.class.php 第 32 行.
NOTIC: [8] Undefined index: HTTP_HOST /usr/local/nginx/html/lianyangji/ThinkPHP/Library/Think/Dispatcher.class.php 第 39 行.
NOTIC: [8] Undefined index: HTTP_HOST /usr/local/nginx/html/lianyangji/ThinkPHP/Library/Think/Dispatcher.class.php 第 46 行.
NOTIC: [8] Undefined index: REQUEST_URI /usr/local/nginx/html/lianyangji/ThinkPHP/Library/Think/Dispatcher.class.php 第 141 行.
NOTIC: [8] Use of undefined constant __ROOT__ - assumed '__ROOT__' /usr/local/nginx/html/lianyangji/Application/Api/Conf/config.php 第 11 行.
NOTIC: [8] Use of undefined constant __ROOT__ - assumed '__ROOT__' /usr/local/nginx/html/lianyangji/Application/Api/Conf/config.php 第 12 行.
NOTIC: [8] Use of undefined constant __ROOT__ - assumed '__ROOT__' /usr/local/nginx/html/lianyangji/Application/Api/Conf/config.php 第 13 行.
NOTIC: [8] Use of undefined constant __ROOT__ - assumed '__ROOT__' /usr/local/nginx/html/lianyangji/Application/Api/Conf/config.php 第 14 行.
NOTIC: [8] Use of undefined constant _PHP_FILE_ - assumed '_PHP_FILE_' /usr/local/nginx/html/lianyangji/ThinkPHP/Library/Think/Dispatcher.class.php 第 201 行.
INFO: [ app_begin ] --START--
INFO: Run Behavior\ReadHtmlCacheBehavior [ RunTime:0.000328s ]
INFO: [ app_begin ] --END-- [ RunTime:0.000350s ]
NOTIC: [8] Undefined index: HTTP_X_PLATFORM /usr/local/nginx/html/lianyangji/Application/Api/Controller/ApiController.class.php 第 12 行.
NOTIC: [8] Undefined index: HTTP_X_VERNAME /usr/local/nginx/html/lianyangji/Application/Api/Controller/ApiController.class.php 第 13 行.
NOTIC: [8] Undefined index: HTTP_X_VERCODE /usr/local/nginx/html/lianyangji/Application/Api/Controller/ApiController.class.php 第 14 行.
NOTIC: [8] Undefined index: HTTP_X_UUID /usr/local/nginx/html/lianyangji/Application/Api/Controller/ApiController.class.php 第 15 行.
NOTIC: [8] Undefined index: HTTP_X_DEVICE /usr/local/nginx/html/lianyangji/Application/Api/Controller/ApiController.class.php 第 16 行.
NOTIC: [8] Undefined index: HTTP_X_BUILDVERSION /usr/local/nginx/html/lianyangji/Application/Api/Controller/ApiController.class.php 第 17 行.
NOTIC: [8] Undefined index: HTTP_X_API_VERSION /usr/local/nginx/html/lianyangji/Application/Api/Controller/ApiController.class.php 第 18 行.
NOTIC: [8] Undefined index: HTTP_X_APP_TYPE /usr/local/nginx/html/lianyangji/Application/Api/Controller/ApiController.class.php 第 19 行.
SQL: SHOW COLUMNS FROM `eggcoin_chicken_todayfeed_delivery` [ RunTime:0.0007s ]
SQL: SELECT `chicken_id` FROM `eggcoin_chicken_todayfeed_delivery` WHERE `delivery_date` = '2018-03-17'  [ RunTime:0.0009s ]
SQL: SHOW COLUMNS FROM `eggcoin_chicken` [ RunTime:0.0006s ]
SQL: SELECT `id`,`user_id`,`eggcoin_account_id`,`chicken_type`,`chicken_batch`,`create_date` FROM `eggcoin_chicken` WHERE `state` IN (4,5) AND `id` NOT IN ('16','11','12','13','14','15','17','18','19','20','21','22','23','24','25','26','27','28','29','30','31','32','33','34','35','36','37','38','39','40','41','42','43','44','45','46','47','48','49','50','51','52','53','54','55','56','57','58','59','60','61','62','63','64','65','66','67','68','69','70','71','72','73','74','75','76','77','78','79','80','81','82','83','84','85','86','87','88','89','90','91','92','93','94','95','96','97','98','99','100','101','102','103','104','105','106','107','108','109','110','111','112','113','114','115','116','117','118','119','120','121','122','123','124','125','126','127','128','129','130','131','132','133','134','135','136','137','138','139','140','141','142','143','144','145','146','147','148','149','150','151','152','153','154','155','156','157','158','159','160','161','162','163','164','165','166','167','168','169','170','171','172','173','174','175','176','177','178','179','180','181','182','183','184','185','186','187','188','189','190','191','192','193','194','195','196','197','198','199','200','201','202','203','204','205','206','207','208','209','210','211','212','213','214','215','216','217','218','219','220','221','222','223','224','225','226','227','228','229','230','231','232','233','234','235','236','237','238','239','240','241','242','243','244','245','246','247','248','249','250','251','252','253','254','255','256','257','258','259','260','261','262','263','264','265','266','267','268','269','270','271','272','273','274','275','276','277','278','279','280','281','282','283','284','285','286','287','288','289','290','291','292','293','294','295','296','297','298','299','300','301','302','303','304','305','306','307','308','309','310','311','312','313','314','315','316','317','318','319','320','321','322','323','324','325','326','327','328','329','330','331','332','333','334','335','336','337','338','339','340','341','342','343','344','345','346','347','348','349','350','351','352','353','354','355','356','357','358','359','360','361','362','363','364','365','366','367','368','369','370','371','372','373','374','375','376','377','378','379','380','381','382','383','384','385','386','387','388','389','390','391','392','393','394','395','396','397','398','399','400','401','402','403','404','405','406','407','408','409','410','411','412','413','414','415','416','417','418','419','420','421','422','423','424','425','426','427','428','429','430','431','432','433','434','435','436','437','438','439','440','441','442','443','444','445','446','447','448','449','450','451','452','453','454','455','456','457','458','459','460','461','462','463','464','465','466','467','468','469','470','471','472','473','474','475','476','477','478','479','480','481','482','483','484','485','486','487','488','489','490','491','492','493','494','495','496','497','498','499','500','501','502','503','504','505','506','507','508','509','510','511','512','513','514','515','516','517','518','519','520','521','522','523','524','525','526','527','528','529','530','531') AND `create_date` <= '2018-03-17' LIMIT 10   [ RunTime:0.0030s ]
INFO: [ app_end ] --START--
INFO: Run Behavior\ShowPageTraceBehavior [ RunTime:0.000420s ]
INFO: [ app_end ] --END-- [ RunTime:0.000444s ]

[ 2018-03-18T23:57:01+08:00 ]  
INFO: [ app_init ] --START--
INFO: Run Behavior\BuildLiteBehavior [ RunTime:0.000008s ]
INFO: [ app_init ] --END-- [ RunTime:0.000257s ]
NOTIC: [8] Undefined index: REQUEST_METHOD /usr/local/nginx/html/lianyangji/ThinkPHP/Library/Think/App.class.php 第 32 行.
NOTIC: [8] Undefined index: HTTP_HOST /usr/local/nginx/html/lianyangji/ThinkPHP/Library/Think/Dispatcher.class.php 第 39 行.
NOTIC: [8] Undefined index: HTTP_HOST /usr/local/nginx/html/lianyangji/ThinkPHP/Library/Think/Dispatcher.class.php 第 46 行.
NOTIC: [8] Undefined index: REQUEST_URI /usr/local/nginx/html/lianyangji/ThinkPHP/Library/Think/Dispatcher.class.php 第 141 行.
NOTIC: [8] Use of undefined constant __ROOT__ - assumed '__ROOT__' /usr/local/nginx/html/lianyangji/Application/Api/Conf/config.php 第 11 行.
NOTIC: [8] Use of undefined constant __ROOT__ - assumed '__ROOT__' /usr/local/nginx/html/lianyangji/Application/Api/Conf/config.php 第 12 行.
NOTIC: [8] Use of undefined constant __ROOT__ - assumed '__ROOT__' /usr/local/nginx/html/lianyangji/Application/Api/Conf/config.php 第 13 行.
NOTIC: [8] Use of undefined constant __ROOT__ - assumed '__ROOT__' /usr/local/nginx/html/lianyangji/Application/Api/Conf/config.php 第 14 行.
NOTIC: [8] Use of undefined constant _PHP_FILE_ - assumed '_PHP_FILE_' /usr/local/nginx/html/lianyangji/ThinkPHP/Library/Think/Dispatcher.class.php 第 201 行.
INFO: [ app_begin ] --START--
INFO: Run Behavior\ReadHtmlCacheBehavior [ RunTime:0.000214s ]
INFO: [ app_begin ] --END-- [ RunTime:0.000232s ]
NOTIC: [8] Undefined index: HTTP_X_PLATFORM /usr/local/nginx/html/lianyangji/Application/Api/Controller/ApiController.class.php 第 12 行.
NOTIC: [8] Undefined index: HTTP_X_VERNAME /usr/local/nginx/html/lianyangji/Application/Api/Controller/ApiController.class.php 第 13 行.
NOTIC: [8] Undefined index: HTTP_X_VERCODE /usr/local/nginx/html/lianyangji/Application/Api/Controller/ApiController.class.php 第 14 行.
NOTIC: [8] Undefined index: HTTP_X_UUID /usr/local/nginx/html/lianyangji/Application/Api/Controller/ApiController.class.php 第 15 行.
NOTIC: [8] Undefined index: HTTP_X_DEVICE /usr/local/nginx/html/lianyangji/Application/Api/Controller/ApiController.class.php 第 16 行.
NOTIC: [8] Undefined index: HTTP_X_BUILDVERSION /usr/local/nginx/html/lianyangji/Application/Api/Controller/ApiController.class.php 第 17 行.
NOTIC: [8] Undefined index: HTTP_X_API_VERSION /usr/local/nginx/html/lianyangji/Application/Api/Controller/ApiController.class.php 第 18 行.
NOTIC: [8] Undefined index: HTTP_X_APP_TYPE /usr/local/nginx/html/lianyangji/Application/Api/Controller/ApiController.class.php 第 19 行.
SQL: SHOW COLUMNS FROM `eggcoin_chicken` [ RunTime:0.0007s ]
SQL: UPDATE `eggcoin_chicken` SET `user_id`='0',`state`='1' WHERE `state` = 3 AND `lock_time` < 1521388621 [ RunTime:0.0008s ]
INFO: [ app_end ] --START--
INFO: Run Behavior\ShowPageTraceBehavior [ RunTime:0.000312s ]
INFO: [ app_end ] --END-- [ RunTime:0.000333s ]

[ 2018-03-18T23:57:01+08:00 ]  
INFO: [ app_init ] --START--
INFO: Run Behavior\BuildLiteBehavior [ RunTime:0.000007s ]
INFO: [ app_init ] --END-- [ RunTime:0.000171s ]
NOTIC: [8] Undefined index: REQUEST_METHOD /usr/local/nginx/html/lianyangji/ThinkPHP/Library/Think/App.class.php 第 32 行.
NOTIC: [8] Undefined index: HTTP_HOST /usr/local/nginx/html/lianyangji/ThinkPHP/Library/Think/Dispatcher.class.php 第 39 行.
NOTIC: [8] Undefined index: HTTP_HOST /usr/local/nginx/html/lianyangji/ThinkPHP/Library/Think/Dispatcher.class.php 第 46 行.
NOTIC: [8] Undefined index: REQUEST_URI /usr/local/nginx/html/lianyangji/ThinkPHP/Library/Think/Dispatcher.class.php 第 141 行.
NOTIC: [8] Use of undefined constant __ROOT__ - assumed '__ROOT__' /usr/local/nginx/html/lianyangji/Application/Api/Conf/config.php 第 11 行.
NOTIC: [8] Use of undefined constant __ROOT__ - assumed '__ROOT__' /usr/local/nginx/html/lianyangji/Application/Api/Conf/config.php 第 12 行.
NOTIC: [8] Use of undefined constant __ROOT__ - assumed '__ROOT__' /usr/local/nginx/html/lianyangji/Application/Api/Conf/config.php 第 13 行.
NOTIC: [8] Use of undefined constant __ROOT__ - assumed '__ROOT__' /usr/local/nginx/html/lianyangji/Application/Api/Conf/config.php 第 14 行.
NOTIC: [8] Use of undefined constant _PHP_FILE_ - assumed '_PHP_FILE_' /usr/local/nginx/html/lianyangji/ThinkPHP/Library/Think/Dispatcher.class.php 第 201 行.
INFO: [ app_begin ] --START--
INFO: Run Behavior\ReadHtmlCacheBehavior [ RunTime:0.000213s ]
INFO: [ app_begin ] --END-- [ RunTime:0.000229s ]
NOTIC: [8] Undefined index: HTTP_X_PLATFORM /usr/local/nginx/html/lianyangji/Application/Api/Controller/ApiController.class.php 第 12 行.
NOTIC: [8] Undefined index: HTTP_X_VERNAME /usr/local/nginx/html/lianyangji/Application/Api/Controller/ApiController.class.php 第 13 行.
NOTIC: [8] Undefined index: HTTP_X_VERCODE /usr/local/nginx/html/lianyangji/Application/Api/Controller/ApiController.class.php 第 14 行.
NOTIC: [8] Undefined index: HTTP_X_UUID /usr/local/nginx/html/lianyangji/Application/Api/Controller/ApiController.class.php 第 15 行.
NOTIC: [8] Undefined index: HTTP_X_DEVICE /usr/local/nginx/html/lianyangji/Application/Api/Controller/ApiController.class.php 第 16 行.
NOTIC: [8] Undefined index: HTTP_X_BUILDVERSION /usr/local/nginx/html/lianyangji/Application/Api/Controller/ApiController.class.php 第 17 行.
NOTIC: [8] Undefined index: HTTP_X_API_VERSION /usr/local/nginx/html/lianyangji/Application/Api/Controller/ApiController.class.php 第 18 行.
NOTIC: [8] Undefined index: HTTP_X_APP_TYPE /usr/local/nginx/html/lianyangji/Application/Api/Controller/ApiController.class.php 第 19 行.
SQL: SHOW COLUMNS FROM `eggcoin_chicken_todayfeed_delivery` [ RunTime:0.0007s ]
SQL: SELECT `chicken_id` FROM `eggcoin_chicken_todayfeed_delivery` WHERE `delivery_date` = '2018-03-17'  [ RunTime:0.0009s ]
SQL: SHOW COLUMNS FROM `eggcoin_chicken` [ RunTime:0.0005s ]
SQL: SELECT `id`,`user_id`,`eggcoin_account_id`,`chicken_type`,`chicken_batch`,`create_date` FROM `eggcoin_chicken` WHERE `state` IN (4,5) AND `id` NOT IN ('16','11','12','13','14','15','17','18','19','20','21','22','23','24','25','26','27','28','29','30','31','32','33','34','35','36','37','38','39','40','41','42','43','44','45','46','47','48','49','50','51','52','53','54','55','56','57','58','59','60','61','62','63','64','65','66','67','68','69','70','71','72','73','74','75','76','77','78','79','80','81','82','83','84','85','86','87','88','89','90','91','92','93','94','95','96','97','98','99','100','101','102','103','104','105','106','107','108','109','110','111','112','113','114','115','116','117','118','119','120','121','122','123','124','125','126','127','128','129','130','131','132','133','134','135','136','137','138','139','140','141','142','143','144','145','146','147','148','149','150','151','152','153','154','155','156','157','158','159','160','161','162','163','164','165','166','167','168','169','170','171','172','173','174','175','176','177','178','179','180','181','182','183','184','185','186','187','188','189','190','191','192','193','194','195','196','197','198','199','200','201','202','203','204','205','206','207','208','209','210','211','212','213','214','215','216','217','218','219','220','221','222','223','224','225','226','227','228','229','230','231','232','233','234','235','236','237','238','239','240','241','242','243','244','245','246','247','248','249','250','251','252','253','254','255','256','257','258','259','260','261','262','263','264','265','266','267','268','269','270','271','272','273','274','275','276','277','278','279','280','281','282','283','284','285','286','287','288','289','290','291','292','293','294','295','296','297','298','299','300','301','302','303','304','305','306','307','308','309','310','311','312','313','314','315','316','317','318','319','320','321','322','323','324','325','326','327','328','329','330','331','332','333','334','335','336','337','338','339','340','341','342','343','344','345','346','347','348','349','350','351','352','353','354','355','356','357','358','359','360','361','362','363','364','365','366','367','368','369','370','371','372','373','374','375','376','377','378','379','380','381','382','383','384','385','386','387','388','389','390','391','392','393','394','395','396','397','398','399','400','401','402','403','404','405','406','407','408','409','410','411','412','413','414','415','416','417','418','419','420','421','422','423','424','425','426','427','428','429','430','431','432','433','434','435','436','437','438','439','440','441','442','443','444','445','446','447','448','449','450','451','452','453','454','455','456','457','458','459','460','461','462','463','464','465','466','467','468','469','470','471','472','473','474','475','476','477','478','479','480','481','482','483','484','485','486','487','488','489','490','491','492','493','494','495','496','497','498','499','500','501','502','503','504','505','506','507','508','509','510','511','512','513','514','515','516','517','518','519','520','521','522','523','524','525','526','527','528','529','530','531') AND `create_date` <= '2018-03-17' LIMIT 10   [ RunTime:0.0032s ]
INFO: [ app_end ] --START--
INFO: Run Behavior\ShowPageTraceBehavior [ RunTime:0.000373s ]
INFO: [ app_end ] --END-- [ RunTime:0.000395s ]

[ 2018-03-18T23:58:01+08:00 ]  
INFO: [ app_init ] --START--
INFO: Run Behavior\BuildLiteBehavior [ RunTime:0.000007s ]
INFO: [ app_init ] --END-- [ RunTime:0.000210s ]
NOTIC: [8] Undefined index: REQUEST_METHOD /usr/local/nginx/html/lianyangji/ThinkPHP/Library/Think/App.class.php 第 32 行.
NOTIC: [8] Undefined index: HTTP_HOST /usr/local/nginx/html/lianyangji/ThinkPHP/Library/Think/Dispatcher.class.php 第 39 行.
NOTIC: [8] Undefined index: HTTP_HOST /usr/local/nginx/html/lianyangji/ThinkPHP/Library/Think/Dispatcher.class.php 第 46 行.
NOTIC: [8] Undefined index: REQUEST_URI /usr/local/nginx/html/lianyangji/ThinkPHP/Library/Think/Dispatcher.class.php 第 141 行.
NOTIC: [8] Use of undefined constant __ROOT__ - assumed '__ROOT__' /usr/local/nginx/html/lianyangji/Application/Api/Conf/config.php 第 11 行.
NOTIC: [8] Use of undefined constant __ROOT__ - assumed '__ROOT__' /usr/local/nginx/html/lianyangji/Application/Api/Conf/config.php 第 12 行.
NOTIC: [8] Use of undefined constant __ROOT__ - assumed '__ROOT__' /usr/local/nginx/html/lianyangji/Application/Api/Conf/config.php 第 13 行.
NOTIC: [8] Use of undefined constant __ROOT__ - assumed '__ROOT__' /usr/local/nginx/html/lianyangji/Application/Api/Conf/config.php 第 14 行.
NOTIC: [8] Use of undefined constant _PHP_FILE_ - assumed '_PHP_FILE_' /usr/local/nginx/html/lianyangji/ThinkPHP/Library/Think/Dispatcher.class.php 第 201 行.
INFO: [ app_begin ] --START--
INFO: Run Behavior\ReadHtmlCacheBehavior [ RunTime:0.000223s ]
INFO: [ app_begin ] --END-- [ RunTime:0.000241s ]
NOTIC: [8] Undefined index: HTTP_X_PLATFORM /usr/local/nginx/html/lianyangji/Application/Api/Controller/ApiController.class.php 第 12 行.
NOTIC: [8] Undefined index: HTTP_X_VERNAME /usr/local/nginx/html/lianyangji/Application/Api/Controller/ApiController.class.php 第 13 行.
NOTIC: [8] Undefined index: HTTP_X_VERCODE /usr/local/nginx/html/lianyangji/Application/Api/Controller/ApiController.class.php 第 14 行.
NOTIC: [8] Undefined index: HTTP_X_UUID /usr/local/nginx/html/lianyangji/Application/Api/Controller/ApiController.class.php 第 15 行.
NOTIC: [8] Undefined index: HTTP_X_DEVICE /usr/local/nginx/html/lianyangji/Application/Api/Controller/ApiController.class.php 第 16 行.
NOTIC: [8] Undefined index: HTTP_X_BUILDVERSION /usr/local/nginx/html/lianyangji/Application/Api/Controller/ApiController.class.php 第 17 行.
NOTIC: [8] Undefined index: HTTP_X_API_VERSION /usr/local/nginx/html/lianyangji/Application/Api/Controller/ApiController.class.php 第 18 行.
NOTIC: [8] Undefined index: HTTP_X_APP_TYPE /usr/local/nginx/html/lianyangji/Application/Api/Controller/ApiController.class.php 第 19 行.
SQL: SHOW COLUMNS FROM `eggcoin_chicken` [ RunTime:0.0006s ]
SQL: UPDATE `eggcoin_chicken` SET `user_id`='0',`state`='1' WHERE `state` = 3 AND `lock_time` < 1521388681 [ RunTime:0.0008s ]
INFO: [ app_end ] --START--
INFO: Run Behavior\ShowPageTraceBehavior [ RunTime:0.000327s ]
INFO: [ app_end ] --END-- [ RunTime:0.000346s ]

[ 2018-03-18T23:58:01+08:00 ]  
INFO: [ app_init ] --START--
INFO: Run Behavior\BuildLiteBehavior [ RunTime:0.000009s ]
INFO: [ app_init ] --END-- [ RunTime:0.000193s ]
NOTIC: [8] Undefined index: REQUEST_METHOD /usr/local/nginx/html/lianyangji/ThinkPHP/Library/Think/App.class.php 第 32 行.
NOTIC: [8] Undefined index: HTTP_HOST /usr/local/nginx/html/lianyangji/ThinkPHP/Library/Think/Dispatcher.class.php 第 39 行.
NOTIC: [8] Undefined index: HTTP_HOST /usr/local/nginx/html/lianyangji/ThinkPHP/Library/Think/Dispatcher.class.php 第 46 行.
NOTIC: [8] Undefined index: REQUEST_URI /usr/local/nginx/html/lianyangji/ThinkPHP/Library/Think/Dispatcher.class.php 第 141 行.
NOTIC: [8] Use of undefined constant __ROOT__ - assumed '__ROOT__' /usr/local/nginx/html/lianyangji/Application/Api/Conf/config.php 第 11 行.
NOTIC: [8] Use of undefined constant __ROOT__ - assumed '__ROOT__' /usr/local/nginx/html/lianyangji/Application/Api/Conf/config.php 第 12 行.
NOTIC: [8] Use of undefined constant __ROOT__ - assumed '__ROOT__' /usr/local/nginx/html/lianyangji/Application/Api/Conf/config.php 第 13 行.
NOTIC: [8] Use of undefined constant __ROOT__ - assumed '__ROOT__' /usr/local/nginx/html/lianyangji/Application/Api/Conf/config.php 第 14 行.
NOTIC: [8] Use of undefined constant _PHP_FILE_ - assumed '_PHP_FILE_' /usr/local/nginx/html/lianyangji/ThinkPHP/Library/Think/Dispatcher.class.php 第 201 行.
INFO: [ app_begin ] --START--
INFO: Run Behavior\ReadHtmlCacheBehavior [ RunTime:0.000231s ]
INFO: [ app_begin ] --END-- [ RunTime:0.000249s ]
NOTIC: [8] Undefined index: HTTP_X_PLATFORM /usr/local/nginx/html/lianyangji/Application/Api/Controller/ApiController.class.php 第 12 行.
NOTIC: [8] Undefined index: HTTP_X_VERNAME /usr/local/nginx/html/lianyangji/Application/Api/Controller/ApiController.class.php 第 13 行.
NOTIC: [8] Undefined index: HTTP_X_VERCODE /usr/local/nginx/html/lianyangji/Application/Api/Controller/ApiController.class.php 第 14 行.
NOTIC: [8] Undefined index: HTTP_X_UUID /usr/local/nginx/html/lianyangji/Application/Api/Controller/ApiController.class.php 第 15 行.
NOTIC: [8] Undefined index: HTTP_X_DEVICE /usr/local/nginx/html/lianyangji/Application/Api/Controller/ApiController.class.php 第 16 行.
NOTIC: [8] Undefined index: HTTP_X_BUILDVERSION /usr/local/nginx/html/lianyangji/Application/Api/Controller/ApiController.class.php 第 17 行.
NOTIC: [8] Undefined index: HTTP_X_API_VERSION /usr/local/nginx/html/lianyangji/Application/Api/Controller/ApiController.class.php 第 18 行.
NOTIC: [8] Undefined index: HTTP_X_APP_TYPE /usr/local/nginx/html/lianyangji/Application/Api/Controller/ApiController.class.php 第 19 行.
SQL: SHOW COLUMNS FROM `eggcoin_chicken_todayfeed_delivery` [ RunTime:0.0008s ]
SQL: SELECT `chicken_id` FROM `eggcoin_chicken_todayfeed_delivery` WHERE `delivery_date` = '2018-03-17'  [ RunTime:0.0009s ]
SQL: SHOW COLUMNS FROM `eggcoin_chicken` [ RunTime:0.0005s ]
SQL: SELECT `id`,`user_id`,`eggcoin_account_id`,`chicken_type`,`chicken_batch`,`create_date` FROM `eggcoin_chicken` WHERE `state` IN (4,5) AND `id` NOT IN ('16','11','12','13','14','15','17','18','19','20','21','22','23','24','25','26','27','28','29','30','31','32','33','34','35','36','37','38','39','40','41','42','43','44','45','46','47','48','49','50','51','52','53','54','55','56','57','58','59','60','61','62','63','64','65','66','67','68','69','70','71','72','73','74','75','76','77','78','79','80','81','82','83','84','85','86','87','88','89','90','91','92','93','94','95','96','97','98','99','100','101','102','103','104','105','106','107','108','109','110','111','112','113','114','115','116','117','118','119','120','121','122','123','124','125','126','127','128','129','130','131','132','133','134','135','136','137','138','139','140','141','142','143','144','145','146','147','148','149','150','151','152','153','154','155','156','157','158','159','160','161','162','163','164','165','166','167','168','169','170','171','172','173','174','175','176','177','178','179','180','181','182','183','184','185','186','187','188','189','190','191','192','193','194','195','196','197','198','199','200','201','202','203','204','205','206','207','208','209','210','211','212','213','214','215','216','217','218','219','220','221','222','223','224','225','226','227','228','229','230','231','232','233','234','235','236','237','238','239','240','241','242','243','244','245','246','247','248','249','250','251','252','253','254','255','256','257','258','259','260','261','262','263','264','265','266','267','268','269','270','271','272','273','274','275','276','277','278','279','280','281','282','283','284','285','286','287','288','289','290','291','292','293','294','295','296','297','298','299','300','301','302','303','304','305','306','307','308','309','310','311','312','313','314','315','316','317','318','319','320','321','322','323','324','325','326','327','328','329','330','331','332','333','334','335','336','337','338','339','340','341','342','343','344','345','346','347','348','349','350','351','352','353','354','355','356','357','358','359','360','361','362','363','364','365','366','367','368','369','370','371','372','373','374','375','376','377','378','379','380','381','382','383','384','385','386','387','388','389','390','391','392','393','394','395','396','397','398','399','400','401','402','403','404','405','406','407','408','409','410','411','412','413','414','415','416','417','418','419','420','421','422','423','424','425','426','427','428','429','430','431','432','433','434','435','436','437','438','439','440','441','442','443','444','445','446','447','448','449','450','451','452','453','454','455','456','457','458','459','460','461','462','463','464','465','466','467','468','469','470','471','472','473','474','475','476','477','478','479','480','481','482','483','484','485','486','487','488','489','490','491','492','493','494','495','496','497','498','499','500','501','502','503','504','505','506','507','508','509','510','511','512','513','514','515','516','517','518','519','520','521','522','523','524','525','526','527','528','529','530','531') AND `create_date` <= '2018-03-17' LIMIT 10   [ RunTime:0.0029s ]
INFO: [ app_end ] --START--
INFO: Run Behavior\ShowPageTraceBehavior [ RunTime:0.000386s ]
INFO: [ app_end ] --END-- [ RunTime:0.000406s ]

[ 2018-03-18T23:59:01+08:00 ]  
INFO: [ app_init ] --START--
INFO: Run Behavior\BuildLiteBehavior [ RunTime:0.000010s ]
INFO: [ app_init ] --END-- [ RunTime:0.000253s ]
NOTIC: [8] Undefined index: REQUEST_METHOD /usr/local/nginx/html/lianyangji/ThinkPHP/Library/Think/App.class.php 第 32 行.
NOTIC: [8] Undefined index: HTTP_HOST /usr/local/nginx/html/lianyangji/ThinkPHP/Library/Think/Dispatcher.class.php 第 39 行.
NOTIC: [8] Undefined index: HTTP_HOST /usr/local/nginx/html/lianyangji/ThinkPHP/Library/Think/Dispatcher.class.php 第 46 行.
NOTIC: [8] Undefined index: REQUEST_URI /usr/local/nginx/html/lianyangji/ThinkPHP/Library/Think/Dispatcher.class.php 第 141 行.
NOTIC: [8] Use of undefined constant __ROOT__ - assumed '__ROOT__' /usr/local/nginx/html/lianyangji/Application/Api/Conf/config.php 第 11 行.
NOTIC: [8] Use of undefined constant __ROOT__ - assumed '__ROOT__' /usr/local/nginx/html/lianyangji/Application/Api/Conf/config.php 第 12 行.
NOTIC: [8] Use of undefined constant __ROOT__ - assumed '__ROOT__' /usr/local/nginx/html/lianyangji/Application/Api/Conf/config.php 第 13 行.
NOTIC: [8] Use of undefined constant __ROOT__ - assumed '__ROOT__' /usr/local/nginx/html/lianyangji/Application/Api/Conf/config.php 第 14 行.
NOTIC: [8] Use of undefined constant _PHP_FILE_ - assumed '_PHP_FILE_' /usr/local/nginx/html/lianyangji/ThinkPHP/Library/Think/Dispatcher.class.php 第 201 行.
INFO: [ app_begin ] --START--
INFO: Run Behavior\ReadHtmlCacheBehavior [ RunTime:0.000372s ]
INFO: [ app_begin ] --END-- [ RunTime:0.000395s ]
NOTIC: [8] Undefined index: HTTP_X_PLATFORM /usr/local/nginx/html/lianyangji/Application/Api/Controller/ApiController.class.php 第 12 行.
NOTIC: [8] Undefined index: HTTP_X_VERNAME /usr/local/nginx/html/lianyangji/Application/Api/Controller/ApiController.class.php 第 13 行.
NOTIC: [8] Undefined index: HTTP_X_VERCODE /usr/local/nginx/html/lianyangji/Application/Api/Controller/ApiController.class.php 第 14 行.
NOTIC: [8] Undefined index: HTTP_X_UUID /usr/local/nginx/html/lianyangji/Application/Api/Controller/ApiController.class.php 第 15 行.
NOTIC: [8] Undefined index: HTTP_X_DEVICE /usr/local/nginx/html/lianyangji/Application/Api/Controller/ApiController.class.php 第 16 行.
NOTIC: [8] Undefined index: HTTP_X_BUILDVERSION /usr/local/nginx/html/lianyangji/Application/Api/Controller/ApiController.class.php 第 17 行.
NOTIC: [8] Undefined index: HTTP_X_API_VERSION /usr/local/nginx/html/lianyangji/Application/Api/Controller/ApiController.class.php 第 18 行.
NOTIC: [8] Undefined index: HTTP_X_APP_TYPE /usr/local/nginx/html/lianyangji/Application/Api/Controller/ApiController.class.php 第 19 行.
SQL: SHOW COLUMNS FROM `eggcoin_chicken` [ RunTime:0.0008s ]
SQL: UPDATE `eggcoin_chicken` SET `user_id`='0',`state`='1' WHERE `state` = 3 AND `lock_time` < 1521388741 [ RunTime:0.0009s ]
INFO: [ app_end ] --START--
INFO: Run Behavior\ShowPageTraceBehavior [ RunTime:0.000396s ]
INFO: [ app_end ] --END-- [ RunTime:0.000420s ]

[ 2018-03-18T23:59:02+08:00 ]  
INFO: [ app_init ] --START--
INFO: Run Behavior\BuildLiteBehavior [ RunTime:0.000009s ]
INFO: [ app_init ] --END-- [ RunTime:0.000271s ]
NOTIC: [8] Undefined index: REQUEST_METHOD /usr/local/nginx/html/lianyangji/ThinkPHP/Library/Think/App.class.php 第 32 行.
NOTIC: [8] Undefined index: HTTP_HOST /usr/local/nginx/html/lianyangji/ThinkPHP/Library/Think/Dispatcher.class.php 第 39 行.
NOTIC: [8] Undefined index: HTTP_HOST /usr/local/nginx/html/lianyangji/ThinkPHP/Library/Think/Dispatcher.class.php 第 46 行.
NOTIC: [8] Undefined index: REQUEST_URI /usr/local/nginx/html/lianyangji/ThinkPHP/Library/Think/Dispatcher.class.php 第 141 行.
NOTIC: [8] Use of undefined constant __ROOT__ - assumed '__ROOT__' /usr/local/nginx/html/lianyangji/Application/Api/Conf/config.php 第 11 行.
NOTIC: [8] Use of undefined constant __ROOT__ - assumed '__ROOT__' /usr/local/nginx/html/lianyangji/Application/Api/Conf/config.php 第 12 行.
NOTIC: [8] Use of undefined constant __ROOT__ - assumed '__ROOT__' /usr/local/nginx/html/lianyangji/Application/Api/Conf/config.php 第 13 行.
NOTIC: [8] Use of undefined constant __ROOT__ - assumed '__ROOT__' /usr/local/nginx/html/lianyangji/Application/Api/Conf/config.php 第 14 行.
NOTIC: [8] Use of undefined constant _PHP_FILE_ - assumed '_PHP_FILE_' /usr/local/nginx/html/lianyangji/ThinkPHP/Library/Think/Dispatcher.class.php 第 201 行.
INFO: [ app_begin ] --START--
INFO: Run Behavior\ReadHtmlCacheBehavior [ RunTime:0.000352s ]
INFO: [ app_begin ] --END-- [ RunTime:0.000423s ]
NOTIC: [8] Undefined index: HTTP_X_PLATFORM /usr/local/nginx/html/lianyangji/Application/Api/Controller/ApiController.class.php 第 12 行.
NOTIC: [8] Undefined index: HTTP_X_VERNAME /usr/local/nginx/html/lianyangji/Application/Api/Controller/ApiController.class.php 第 13 行.
NOTIC: [8] Undefined index: HTTP_X_VERCODE /usr/local/nginx/html/lianyangji/Application/Api/Controller/ApiController.class.php 第 14 行.
NOTIC: [8] Undefined index: HTTP_X_UUID /usr/local/nginx/html/lianyangji/Application/Api/Controller/ApiController.class.php 第 15 行.
NOTIC: [8] Undefined index: HTTP_X_DEVICE /usr/local/nginx/html/lianyangji/Application/Api/Controller/ApiController.class.php 第 16 行.
NOTIC: [8] Undefined index: HTTP_X_BUILDVERSION /usr/local/nginx/html/lianyangji/Application/Api/Controller/ApiController.class.php 第 17 行.
NOTIC: [8] Undefined index: HTTP_X_API_VERSION /usr/local/nginx/html/lianyangji/Application/Api/Controller/ApiController.class.php 第 18 行.
NOTIC: [8] Undefined index: HTTP_X_APP_TYPE /usr/local/nginx/html/lianyangji/Application/Api/Controller/ApiController.class.php 第 19 行.
SQL: SHOW COLUMNS FROM `eggcoin_chicken_todayfeed_delivery` [ RunTime:0.0008s ]
SQL: SELECT `chicken_id` FROM `eggcoin_chicken_todayfeed_delivery` WHERE `delivery_date` = '2018-03-17'  [ RunTime:0.0012s ]
SQL: SHOW COLUMNS FROM `eggcoin_chicken` [ RunTime:0.0006s ]
SQL: SELECT `id`,`user_id`,`eggcoin_account_id`,`chicken_type`,`chicken_batch`,`create_date` FROM `eggcoin_chicken` WHERE `state` IN (4,5) AND `id` NOT IN ('16','11','12','13','14','15','17','18','19','20','21','22','23','24','25','26','27','28','29','30','31','32','33','34','35','36','37','38','39','40','41','42','43','44','45','46','47','48','49','50','51','52','53','54','55','56','57','58','59','60','61','62','63','64','65','66','67','68','69','70','71','72','73','74','75','76','77','78','79','80','81','82','83','84','85','86','87','88','89','90','91','92','93','94','95','96','97','98','99','100','101','102','103','104','105','106','107','108','109','110','111','112','113','114','115','116','117','118','119','120','121','122','123','124','125','126','127','128','129','130','131','132','133','134','135','136','137','138','139','140','141','142','143','144','145','146','147','148','149','150','151','152','153','154','155','156','157','158','159','160','161','162','163','164','165','166','167','168','169','170','171','172','173','174','175','176','177','178','179','180','181','182','183','184','185','186','187','188','189','190','191','192','193','194','195','196','197','198','199','200','201','202','203','204','205','206','207','208','209','210','211','212','213','214','215','216','217','218','219','220','221','222','223','224','225','226','227','228','229','230','231','232','233','234','235','236','237','238','239','240','241','242','243','244','245','246','247','248','249','250','251','252','253','254','255','256','257','258','259','260','261','262','263','264','265','266','267','268','269','270','271','272','273','274','275','276','277','278','279','280','281','282','283','284','285','286','287','288','289','290','291','292','293','294','295','296','297','298','299','300','301','302','303','304','305','306','307','308','309','310','311','312','313','314','315','316','317','318','319','320','321','322','323','324','325','326','327','328','329','330','331','332','333','334','335','336','337','338','339','340','341','342','343','344','345','346','347','348','349','350','351','352','353','354','355','356','357','358','359','360','361','362','363','364','365','366','367','368','369','370','371','372','373','374','375','376','377','378','379','380','381','382','383','384','385','386','387','388','389','390','391','392','393','394','395','396','397','398','399','400','401','402','403','404','405','406','407','408','409','410','411','412','413','414','415','416','417','418','419','420','421','422','423','424','425','426','427','428','429','430','431','432','433','434','435','436','437','438','439','440','441','442','443','444','445','446','447','448','449','450','451','452','453','454','455','456','457','458','459','460','461','462','463','464','465','466','467','468','469','470','471','472','473','474','475','476','477','478','479','480','481','482','483','484','485','486','487','488','489','490','491','492','493','494','495','496','497','498','499','500','501','502','503','504','505','506','507','508','509','510','511','512','513','514','515','516','517','518','519','520','521','522','523','524','525','526','527','528','529','530','531') AND `create_date` <= '2018-03-17' LIMIT 10   [ RunTime:0.0037s ]
INFO: [ app_end ] --START--
INFO: Run Behavior\ShowPageTraceBehavior [ RunTime:0.000458s ]
INFO: [ app_end ] --END-- [ RunTime:0.000483s ]

