[ 2018-02-25T00:59:47+08:00 ] 115.239.212.9 /EggcoinChicken/getCollectChickenDelivery?user_id=1&page=1&User-Agent=Nokia5320%2F04.13+%28SymbianOS%2F9.3%3B+U%3B+Series60%2F3.2+Mozilla%2F5.0%3B+Profile%2FMIDP-2.1+Configuration%2FCLDC-1.1+%29+AppleWebKit%2F413+%28KHTML%2C+like+Gecko%29+Safari%2F413%0A
INFO: [ app_init ] --START--
INFO: Run Behavior\BuildLiteBehavior [ RunTime:0.000006s ]
INFO: [ app_init ] --END-- [ RunTime:0.000156s ]
INFO: [ app_begin ] --START--
INFO: Run Behavior\ReadHtmlCacheBehavior [ RunTime:0.000219s ]
INFO: [ app_begin ] --END-- [ RunTime:0.000236s ]
NOTIC: [8] Undefined index: HTTP_X_PLATFORM /usr/local/nginx/html/lianyangji/Application/Api/Controller/ApiController.class.php 第 12 行.
NOTIC: [8] Undefined index: HTTP_X_VERNAME /usr/local/nginx/html/lianyangji/Application/Api/Controller/ApiController.class.php 第 13 行.
NOTIC: [8] Undefined index: HTTP_X_VERCODE /usr/local/nginx/html/lianyangji/Application/Api/Controller/ApiController.class.php 第 14 行.
NOTIC: [8] Undefined index: HTTP_X_UUID /usr/local/nginx/html/lianyangji/Application/Api/Controller/ApiController.class.php 第 15 行.
NOTIC: [8] Undefined index: HTTP_X_DEVICE /usr/local/nginx/html/lianyangji/Application/Api/Controller/ApiController.class.php 第 16 行.
NOTIC: [8] Undefined index: HTTP_X_BUILDVERSION /usr/local/nginx/html/lianyangji/Application/Api/Controller/ApiController.class.php 第 17 行.
NOTIC: [8] Undefined index: HTTP_X_API_VERSION /usr/local/nginx/html/lianyangji/Application/Api/Controller/ApiController.class.php 第 18 行.
NOTIC: [8] Undefined index: HTTP_X_APP_TYPE /usr/local/nginx/html/lianyangji/Application/Api/Controller/ApiController.class.php 第 19 行.
SQL: SHOW COLUMNS FROM `eggcoin_chicken_todayfeed_delivery` [ RunTime:0.0005s ]
SQL: SELECT COUNT(*) AS tp_count FROM `eggcoin_chicken_todayfeed_delivery` WHERE `state` = 2 AND `user_id` = 1 LIMIT 1   [ RunTime:0.0003s ]
SQL: SELECT `id`,`egg_weight`,`income` FROM `eggcoin_chicken_todayfeed_delivery` WHERE `state` = 2 AND `user_id` = 1 LIMIT 0,10   [ RunTime:0.0001s ]

[ 2018-02-25T08:19:19+08:00 ] 112.117.103.151 /
INFO: [ app_init ] --START--
INFO: Run Behavior\BuildLiteBehavior [ RunTime:0.000007s ]
INFO: [ app_init ] --END-- [ RunTime:0.000167s ]
INFO: [ app_begin ] --START--
INFO: Run Behavior\ReadHtmlCacheBehavior [ RunTime:0.000205s ]
INFO: [ app_begin ] --END-- [ RunTime:0.000221s ]
INFO: [ app_end ] --START--
INFO: Run Behavior\ShowPageTraceBehavior [ RunTime:0.000215s ]
INFO: [ app_end ] --END-- [ RunTime:0.000231s ]

[ 2018-02-25T08:58:02+08:00 ] 115.239.212.9 /EggcoinCron/chicken_todayfeed_delivery?date=2018-02-14&User-Agent=Mozilla%2F5.0+%28Windows+Phone+10.0%3B+Android+4.2.1%3B+Microsoft%3B+Lumia+950%29+AppleWebKit%2F537.36+%28KHTML%2C+like+Gecko%29+Chrome%2F46.0.2486.0+Mobile+Safari%2F537.36+Edge%2F13.10586%0A
INFO: [ app_init ] --START--
INFO: Run Behavior\BuildLiteBehavior [ RunTime:0.000006s ]
INFO: [ app_init ] --END-- [ RunTime:0.000153s ]
INFO: [ app_begin ] --START--
INFO: Run Behavior\ReadHtmlCacheBehavior [ RunTime:0.000199s ]
INFO: [ app_begin ] --END-- [ RunTime:0.000215s ]
NOTIC: [8] Undefined index: HTTP_X_PLATFORM /usr/local/nginx/html/lianyangji/Application/Api/Controller/ApiController.class.php 第 12 行.
NOTIC: [8] Undefined index: HTTP_X_VERNAME /usr/local/nginx/html/lianyangji/Application/Api/Controller/ApiController.class.php 第 13 行.
NOTIC: [8] Undefined index: HTTP_X_VERCODE /usr/local/nginx/html/lianyangji/Application/Api/Controller/ApiController.class.php 第 14 行.
NOTIC: [8] Undefined index: HTTP_X_UUID /usr/local/nginx/html/lianyangji/Application/Api/Controller/ApiController.class.php 第 15 行.
NOTIC: [8] Undefined index: HTTP_X_DEVICE /usr/local/nginx/html/lianyangji/Application/Api/Controller/ApiController.class.php 第 16 行.
NOTIC: [8] Undefined index: HTTP_X_BUILDVERSION /usr/local/nginx/html/lianyangji/Application/Api/Controller/ApiController.class.php 第 17 行.
NOTIC: [8] Undefined index: HTTP_X_API_VERSION /usr/local/nginx/html/lianyangji/Application/Api/Controller/ApiController.class.php 第 18 行.
NOTIC: [8] Undefined index: HTTP_X_APP_TYPE /usr/local/nginx/html/lianyangji/Application/Api/Controller/ApiController.class.php 第 19 行.
SQL: SHOW COLUMNS FROM `eggcoin_chicken_todayfeed_delivery` [ RunTime:0.0006s ]
SQL: SELECT `chicken_id` FROM `eggcoin_chicken_todayfeed_delivery` WHERE `delivery_date` = '2018-02-14'  [ RunTime:0.0003s ]
SQL: SHOW COLUMNS FROM `eggcoin_chicken` [ RunTime:0.0004s ]
SQL: SELECT `id`,`user_id`,`eggcoin_account_id`,`chicken_type`,`chicken_batch`,`create_date` FROM `eggcoin_chicken` WHERE `state` = 5 AND `id` NOT IN ('1','2','3','4','5','6','7','8','9','10','11','12','13','14','15','16','17','37','39','41','42','44','45','50','52') AND `create_date` < '2018-02-14' LIMIT 100   [ RunTime:0.5096s ]
INFO: [ app_end ] --START--
INFO: Run Behavior\ShowPageTraceBehavior [ RunTime:0.000366s ]
INFO: [ app_end ] --END-- [ RunTime:0.000384s ]

[ 2018-02-25T10:04:30+08:00 ] 61.149.11.39 /Version/check?sign=AED98E32D1BA87FBBCEF95BAA0CE6715&timestamp=1519524271&token=lm6bng9ruqglt49sakmaaoinll&version=1.0
INFO: [ app_init ] --START--
INFO: Run Behavior\BuildLiteBehavior [ RunTime:0.000005s ]
INFO: [ app_init ] --END-- [ RunTime:0.000149s ]
INFO: [ app_begin ] --START--
INFO: Run Behavior\ReadHtmlCacheBehavior [ RunTime:0.000197s ]
INFO: [ app_begin ] --END-- [ RunTime:0.000213s ]
SQL: SHOW COLUMNS FROM `eggcoin_update` [ RunTime:0.0004s ]
SQL: SELECT `force`,`version`,`url`,`app_type` FROM `eggcoin_update` WHERE `status` = 1 AND `platform` = 'android' AND `app_type` = '6' ORDER BY `version` DESC LIMIT 1   [ RunTime:0.0002s ]
NOTIC: [8] Undefined index: version /usr/local/nginx/html/lianyangji/Application/Api/Controller/VersionController.class.php 第 25 行.

[ 2018-02-25T10:04:31+08:00 ] 61.149.11.39 /EggcoinChicken/index?user_id=8&sign=6073EB7631F44A5968F23608A99F45F6&timestamp=1519524271&token=lm6bng9ruqglt49sakmaaoinll&version=1.0
INFO: [ app_init ] --START--
INFO: Run Behavior\BuildLiteBehavior [ RunTime:0.000006s ]
INFO: [ app_init ] --END-- [ RunTime:0.000155s ]
INFO: [ app_begin ] --START--
INFO: Run Behavior\ReadHtmlCacheBehavior [ RunTime:0.000199s ]
INFO: [ app_begin ] --END-- [ RunTime:0.000215s ]
SQL: SHOW COLUMNS FROM `eggcoin_news_readed` [ RunTime:0.0004s ]
SQL: SELECT `news_id` FROM `eggcoin_news_readed` WHERE ( user_id=8 ) LIMIT 1   [ RunTime:0.0001s ]
SQL: SHOW COLUMNS FROM `eggcoin_news` [ RunTime:0.0004s ]
SQL: SELECT `id` FROM `eggcoin_news` ORDER BY `id` desc LIMIT 1   [ RunTime:0.0001s ]
SQL: SHOW COLUMNS FROM `eggcoin_chicken` [ RunTime:0.0004s ]
SQL: SELECT COUNT(*) AS tp_count FROM `eggcoin_chicken` WHERE ( (state=5 or state=4) and user_id=8 ) LIMIT 1   [ RunTime:0.2947s ]

[ 2018-02-25T11:00:16+08:00 ] 60.1.124.71 /
INFO: [ app_init ] --START--
INFO: Run Behavior\BuildLiteBehavior [ RunTime:0.000005s ]
INFO: [ app_init ] --END-- [ RunTime:0.000151s ]
INFO: [ app_begin ] --START--
INFO: Run Behavior\ReadHtmlCacheBehavior [ RunTime:0.000220s ]
INFO: [ app_begin ] --END-- [ RunTime:0.000235s ]
INFO: [ app_end ] --START--
INFO: Run Behavior\ShowPageTraceBehavior [ RunTime:0.000257s ]
INFO: [ app_end ] --END-- [ RunTime:0.000274s ]

[ 2018-02-25T12:18:58+08:00 ] 61.159.252.178 /
INFO: [ app_init ] --START--
INFO: Run Behavior\BuildLiteBehavior [ RunTime:0.000006s ]
INFO: [ app_init ] --END-- [ RunTime:0.000164s ]
INFO: [ app_begin ] --START--
INFO: Run Behavior\ReadHtmlCacheBehavior [ RunTime:0.000198s ]
INFO: [ app_begin ] --END-- [ RunTime:0.000212s ]
INFO: [ app_end ] --START--
INFO: Run Behavior\ShowPageTraceBehavior [ RunTime:0.000223s ]
INFO: [ app_end ] --END-- [ RunTime:0.000239s ]

[ 2018-02-25T13:27:30+08:00 ] 123.14.126.19 /
INFO: [ app_init ] --START--
INFO: Run Behavior\BuildLiteBehavior [ RunTime:0.000006s ]
INFO: [ app_init ] --END-- [ RunTime:0.000151s ]
INFO: [ app_begin ] --START--
INFO: Run Behavior\ReadHtmlCacheBehavior [ RunTime:0.000193s ]
INFO: [ app_begin ] --END-- [ RunTime:0.000209s ]
INFO: [ app_end ] --START--
INFO: Run Behavior\ShowPageTraceBehavior [ RunTime:0.000216s ]
INFO: [ app_end ] --END-- [ RunTime:0.000233s ]

[ 2018-02-25T15:09:50+08:00 ] 220.250.62.99 /
INFO: [ app_init ] --START--
INFO: Run Behavior\BuildLiteBehavior [ RunTime:0.000006s ]
INFO: [ app_init ] --END-- [ RunTime:0.000154s ]
INFO: [ app_begin ] --START--
INFO: Run Behavior\ReadHtmlCacheBehavior [ RunTime:0.000212s ]
INFO: [ app_begin ] --END-- [ RunTime:0.000228s ]
INFO: [ app_end ] --START--
INFO: Run Behavior\ShowPageTraceBehavior [ RunTime:0.000217s ]
INFO: [ app_end ] --END-- [ RunTime:0.000232s ]

[ 2018-02-25T21:16:51+08:00 ] 61.148.245.8 /Version/check?sign=969969EFEF6D8C79F4250CB6A9A5EF7D&timestamp=1519564610&token=m43v9c5t59frg149ar2a815pjj&version=1.0
INFO: [ app_init ] --START--
INFO: Run Behavior\BuildLiteBehavior [ RunTime:0.000006s ]
INFO: [ app_init ] --END-- [ RunTime:0.000157s ]
INFO: [ app_begin ] --START--
INFO: Run Behavior\ReadHtmlCacheBehavior [ RunTime:0.000209s ]
INFO: [ app_begin ] --END-- [ RunTime:0.000225s ]
SQL: SHOW COLUMNS FROM `eggcoin_update` [ RunTime:0.0005s ]
SQL: SELECT `force`,`version`,`url`,`app_type` FROM `eggcoin_update` WHERE `status` = 1 AND `platform` = 'android' AND `app_type` = '6' ORDER BY `version` DESC LIMIT 1   [ RunTime:0.0002s ]
NOTIC: [8] Undefined index: version /usr/local/nginx/html/lianyangji/Application/Api/Controller/VersionController.class.php 第 25 行.

[ 2018-02-25T21:16:51+08:00 ] 61.148.245.8 /EggcoinChicken/index?user_id=9&sign=7E601006A28654939500097984ED9FBA&timestamp=1519564610&token=m43v9c5t59frg149ar2a815pjj&version=1.0
INFO: [ app_init ] --START--
INFO: Run Behavior\BuildLiteBehavior [ RunTime:0.000006s ]
INFO: [ app_init ] --END-- [ RunTime:0.000154s ]
INFO: [ app_begin ] --START--
INFO: Run Behavior\ReadHtmlCacheBehavior [ RunTime:0.000196s ]
INFO: [ app_begin ] --END-- [ RunTime:0.000212s ]
SQL: SHOW COLUMNS FROM `eggcoin_news_readed` [ RunTime:0.0004s ]
SQL: SELECT `news_id` FROM `eggcoin_news_readed` WHERE ( user_id=9 ) LIMIT 1   [ RunTime:0.0001s ]
SQL: SHOW COLUMNS FROM `eggcoin_news` [ RunTime:0.0004s ]
SQL: SELECT `id` FROM `eggcoin_news` ORDER BY `id` desc LIMIT 1   [ RunTime:0.0001s ]
SQL: SHOW COLUMNS FROM `eggcoin_chicken` [ RunTime:0.0004s ]
SQL: SELECT COUNT(*) AS tp_count FROM `eggcoin_chicken` WHERE ( (state=5 or state=4) and user_id=9 ) LIMIT 1   [ RunTime:0.2963s ]

[ 2018-02-25T21:16:52+08:00 ] 61.148.245.8 /News/getList?page=1&sign=EAFAAC6125872674864B557F525E1797&timestamp=1519564612&token=m43v9c5t59frg149ar2a815pjj&version=1.0
INFO: [ app_init ] --START--
INFO: Run Behavior\BuildLiteBehavior [ RunTime:0.000005s ]
INFO: [ app_init ] --END-- [ RunTime:0.000150s ]
INFO: [ app_begin ] --START--
INFO: Run Behavior\ReadHtmlCacheBehavior [ RunTime:0.000199s ]
INFO: [ app_begin ] --END-- [ RunTime:0.000214s ]
SQL: SHOW COLUMNS FROM `eggcoin_news` [ RunTime:0.0005s ]
SQL: SELECT COUNT(*) AS tp_count FROM `eggcoin_news` LIMIT 1   [ RunTime:0.0001s ]
SQL: SELECT * FROM `eggcoin_news` ORDER BY `id` desc LIMIT 0,20   [ RunTime:0.0002s ]

[ 2018-02-25T21:56:22+08:00 ] 221.223.114.225 /Version/check?signature=5CBA99E4728D1A04C017F6C214233973&timestamp=1519566981&version=1.0
INFO: [ app_init ] --START--
INFO: Run Behavior\BuildLiteBehavior [ RunTime:0.000007s ]
INFO: [ app_init ] --END-- [ RunTime:0.000240s ]
INFO: [ app_begin ] --START--
INFO: Run Behavior\ReadHtmlCacheBehavior [ RunTime:0.000292s ]
INFO: [ app_begin ] --END-- [ RunTime:0.000315s ]
NOTIC: [8] Undefined index: HTTP_X_UUID /usr/local/nginx/html/lianyangji/Application/Api/Controller/ApiController.class.php 第 15 行.
SQL: SHOW COLUMNS FROM `eggcoin_update` [ RunTime:0.0006s ]
SQL: SELECT `force`,`version`,`url`,`app_type` FROM `eggcoin_update` WHERE `status` = 1 AND `platform` = 'ios' AND `app_type` = '6' ORDER BY `version` DESC LIMIT 1   [ RunTime:0.0002s ]
NOTIC: [8] Undefined index: version /usr/local/nginx/html/lianyangji/Application/Api/Controller/VersionController.class.php 第 25 行.

[ 2018-02-25T21:56:22+08:00 ] 221.223.114.225 /EggcoinChicken/index?signature=97AA2D73C286B0D663910C1276BCF488&timestamp=1519566981&user_id=1&version=1.0
INFO: [ app_init ] --START--
INFO: Run Behavior\BuildLiteBehavior [ RunTime:0.000008s ]
INFO: [ app_init ] --END-- [ RunTime:0.000235s ]
INFO: [ app_begin ] --START--
INFO: Run Behavior\ReadHtmlCacheBehavior [ RunTime:0.000292s ]
INFO: [ app_begin ] --END-- [ RunTime:0.000315s ]
NOTIC: [8] Undefined index: HTTP_X_UUID /usr/local/nginx/html/lianyangji/Application/Api/Controller/ApiController.class.php 第 15 行.
SQL: SHOW COLUMNS FROM `eggcoin_news_readed` [ RunTime:0.0006s ]
SQL: SELECT `news_id` FROM `eggcoin_news_readed` WHERE ( user_id=1 ) LIMIT 1   [ RunTime:0.0002s ]
SQL: SHOW COLUMNS FROM `eggcoin_news` [ RunTime:0.0005s ]
SQL: SELECT `id` FROM `eggcoin_news` ORDER BY `id` desc LIMIT 1   [ RunTime:0.0002s ]
SQL: SHOW COLUMNS FROM `eggcoin_chicken` [ RunTime:0.0004s ]
SQL: SELECT COUNT(*) AS tp_count FROM `eggcoin_chicken` WHERE ( (state=5 or state=4) and user_id=1 ) LIMIT 1   [ RunTime:0.3076s ]

[ 2018-02-25T21:56:23+08:00 ] 221.223.114.225 /EggcoinUser/getUserWallet?signature=72B1EE54E12714E722AF6438EA19EB80&timestamp=1519566983&user_id=1&version=1.0
INFO: [ app_init ] --START--
INFO: Run Behavior\BuildLiteBehavior [ RunTime:0.000007s ]
INFO: [ app_init ] --END-- [ RunTime:0.000157s ]
INFO: [ app_begin ] --START--
INFO: Run Behavior\ReadHtmlCacheBehavior [ RunTime:0.000219s ]
INFO: [ app_begin ] --END-- [ RunTime:0.000237s ]
NOTIC: [8] Undefined index: HTTP_X_UUID /usr/local/nginx/html/lianyangji/Application/Api/Controller/ApiController.class.php 第 15 行.
SQL: SHOW COLUMNS FROM `eggcoin_wallet` [ RunTime:0.0006s ]
SQL: SELECT * FROM `eggcoin_wallet` WHERE `user_id` = 1 LIMIT 1   [ RunTime:0.0002s ]
SQL: SHOW COLUMNS FROM `eggcoin_chicken_todayfeed_delivery` [ RunTime:0.0004s ]
SQL: SELECT SUM(egg_weight) AS tp_SUM FROM `eggcoin_chicken_todayfeed_delivery` LIMIT 1   [ RunTime:0.0002s ]

