[ 2018-03-03T00:47:47+08:00 ] 183.57.53.197 /EggcoinChicken/confirmBuyChicken
INFO: [ app_init ] --START--
INFO: Run Behavior\BuildLiteBehavior [ RunTime:0.000007s ]
INFO: [ app_init ] --END-- [ RunTime:0.000162s ]
INFO: [ app_begin ] --START--
INFO: Run Behavior\ReadHtmlCacheBehavior [ RunTime:0.000212s ]
INFO: [ app_begin ] --END-- [ RunTime:0.000229s ]
NOTIC: [8] Undefined index: wx_info /usr/local/nginx/html/lianyangji/Application/Wechat/Controller/EggcoinChickenController.class.php 第 51 行.

[ 2018-03-03T00:47:47+08:00 ] 183.57.53.197 /WeChat/getWechatInfo?wx_state=eyJyZWRpcmVjdF91cmkiOiJodHRwOlwvXC93ZWNoYXQuamlhZ2VoYW8uY25cL1NoYXJlQnlDaGlja2VuIn0=
INFO: [ app_init ] --START--
INFO: Run Behavior\BuildLiteBehavior [ RunTime:0.000006s ]
INFO: [ app_init ] --END-- [ RunTime:0.000164s ]
INFO: [ app_begin ] --START--
INFO: Run Behavior\ReadHtmlCacheBehavior [ RunTime:0.000206s ]
INFO: [ app_begin ] --END-- [ RunTime:0.000222s ]

[ 2018-03-03T02:36:31+08:00 ] 163.177.90.152 /WeChat/getWechatInfo?wx_state%3DeyJyZWRpcmVjdF91cmkiOiJodHRwOlwvXC93ZWNoYXQuamlhZ2VoYW8uY25cL1NoYXJlQnlDaGlja2VuIn0%3D
INFO: [ app_init ] --START--
INFO: Run Behavior\BuildLiteBehavior [ RunTime:0.000008s ]
INFO: [ app_init ] --END-- [ RunTime:0.000163s ]
INFO: [ app_begin ] --START--
INFO: Run Behavior\ReadHtmlCacheBehavior [ RunTime:0.000227s ]
INFO: [ app_begin ] --END-- [ RunTime:0.000247s ]
NOTIC: [8] Undefined index: wx_state /usr/local/nginx/html/lianyangji/Application/Wechat/Controller/WeChatController.class.php 第 53 行.

[ 2018-03-03T20:22:14+08:00 ] 106.11.225.112 /
INFO: [ app_init ] --START--
INFO: Run Behavior\BuildLiteBehavior [ RunTime:0.000007s ]
INFO: [ app_init ] --END-- [ RunTime:0.000168s ]
INFO: [ app_begin ] --START--
INFO: Run Behavior\ReadHtmlCacheBehavior [ RunTime:0.000226s ]
INFO: [ app_begin ] --END-- [ RunTime:0.000243s ]
INFO: [ app_end ] --START--
INFO: Run Behavior\ShowPageTraceBehavior [ RunTime:0.000226s ]
INFO: [ app_end ] --END-- [ RunTime:0.000246s ]

