[ 2018-02-26T17:08:23+08:00 ] 106.11.225.13 /
INFO: [ app_init ] --START--
INFO: Run Behavior\BuildLiteBehavior [ RunTime:0.000006s ]
INFO: [ app_init ] --END-- [ RunTime:0.000160s ]
INFO: [ app_begin ] --START--
INFO: Run Behavior\ReadHtmlCacheBehavior [ RunTime:0.000207s ]
INFO: [ app_begin ] --END-- [ RunTime:0.000223s ]
INFO: [ app_end ] --START--
INFO: Run Behavior\ShowPageTraceBehavior [ RunTime:0.000321s ]
INFO: [ app_end ] --END-- [ RunTime:0.000343s ]

[ 2018-02-26T23:10:01+08:00 ] 103.7.30.70 /WeChatMsg?signature=37a56efa71851a8fe52f0a7abb6f2eac743a4971&timestamp=1519657801&nonce=1222773290&openid=oCA61joCoztF8JC39sMmmxRctEsw
INFO: [ app_init ] --START--
INFO: Run Behavior\BuildLiteBehavior [ RunTime:0.000007s ]
INFO: [ app_init ] --END-- [ RunTime:0.000161s ]
INFO: [ app_begin ] --START--
INFO: Run Behavior\ReadHtmlCacheBehavior [ RunTime:0.000220s ]
INFO: [ app_begin ] --END-- [ RunTime:0.000238s ]
NOTIC: [8] Undefined index: echostr /usr/local/nginx/html/lianyangji/Application/Wechat/Controller/WeChatMsgController.class.php 第 12 行.

[ 2018-02-26T23:10:09+08:00 ] 103.7.30.70 /WeChatMsg?signature=9b77283717118131257a6cd74fc098ea7c798968&timestamp=1519657808&nonce=1261311502&openid=oCA61joCoztF8JC39sMmmxRctEsw
INFO: [ app_init ] --START--
INFO: Run Behavior\BuildLiteBehavior [ RunTime:0.000006s ]
INFO: [ app_init ] --END-- [ RunTime:0.000155s ]
INFO: [ app_begin ] --START--
INFO: Run Behavior\ReadHtmlCacheBehavior [ RunTime:0.000197s ]
INFO: [ app_begin ] --END-- [ RunTime:0.000213s ]
NOTIC: [8] Undefined index: echostr /usr/local/nginx/html/lianyangji/Application/Wechat/Controller/WeChatMsgController.class.php 第 12 行.

