[ 2018-02-25T00:01:25+08:00 ] 223.72.72.83 /WeChat/getWechatInfo?code=061Hsafl0QRlVj1UfSdl01bvfl0HsafT&state=
INFO: [ app_init ] --START--
INFO: Run Behavior\BuildLiteBehavior [ RunTime:0.000006s ]
INFO: [ app_init ] --END-- [ RunTime:0.000159s ]
INFO: [ app_begin ] --START--
INFO: Run Behavior\ReadHtmlCacheBehavior [ RunTime:0.000210s ]
INFO: [ app_begin ] --END-- [ RunTime:0.000225s ]

[ 2018-02-25T00:01:39+08:00 ] 223.72.72.83 /WeChat/getWechatInfo?code=011fiQof1wihTy0Uf7mf1I1uof1fiQoK&state=
INFO: [ app_init ] --START--
INFO: Run Behavior\BuildLiteBehavior [ RunTime:0.000006s ]
INFO: [ app_init ] --END-- [ RunTime:0.000156s ]
INFO: [ app_begin ] --START--
INFO: Run Behavior\ReadHtmlCacheBehavior [ RunTime:0.000198s ]
INFO: [ app_begin ] --END-- [ RunTime:0.000214s ]

[ 2018-02-25T00:05:41+08:00 ] 223.72.72.83 /WeChat/getWechatInfo
INFO: [ app_init ] --START--
INFO: Run Behavior\BuildLiteBehavior [ RunTime:0.000008s ]
INFO: [ app_init ] --END-- [ RunTime:0.000181s ]
INFO: [ app_begin ] --START--
INFO: Run Behavior\ReadHtmlCacheBehavior [ RunTime:0.000204s ]
INFO: [ app_begin ] --END-- [ RunTime:0.000220s ]

[ 2018-02-25T00:05:42+08:00 ] 223.72.72.83 /WeChat/getWechatInfo?code=021215Qx0eWs1j1ijyQx09ELPx0215Qz&state=
INFO: [ app_init ] --START--
INFO: Run Behavior\BuildLiteBehavior [ RunTime:0.000005s ]
INFO: [ app_init ] --END-- [ RunTime:0.000150s ]
INFO: [ app_begin ] --START--
INFO: Run Behavior\ReadHtmlCacheBehavior [ RunTime:0.000198s ]
INFO: [ app_begin ] --END-- [ RunTime:0.000214s ]
NOTIC: [2] Illegal string offset 'code' /usr/local/nginx/html/lianyangji/ThinkPHP/Library/Com/Wechat/Wechat.class.php 第 60 行.

[ 2018-02-25T00:07:21+08:00 ] 223.72.72.83 /WeChat/getWechatInfo
INFO: [ app_init ] --START--
INFO: Run Behavior\BuildLiteBehavior [ RunTime:0.000007s ]
INFO: [ app_init ] --END-- [ RunTime:0.000177s ]
INFO: [ app_begin ] --START--
INFO: Run Behavior\ReadHtmlCacheBehavior [ RunTime:0.000197s ]
INFO: [ app_begin ] --END-- [ RunTime:0.000214s ]

[ 2018-02-25T00:07:21+08:00 ] 223.72.72.83 /WeChat/getWechatInfo?code=081YMgu70ta5vG1DMfw705idu70YMguS&state=
INFO: [ app_init ] --START--
INFO: Run Behavior\BuildLiteBehavior [ RunTime:0.000007s ]
INFO: [ app_init ] --END-- [ RunTime:0.000170s ]
INFO: [ app_begin ] --START--
INFO: Run Behavior\ReadHtmlCacheBehavior [ RunTime:0.000195s ]
INFO: [ app_begin ] --END-- [ RunTime:0.000211s ]
NOTIC: [2] Illegal string offset 'code' /usr/local/nginx/html/lianyangji/ThinkPHP/Library/Com/Wechat/Wechat.class.php 第 60 行.

[ 2018-02-25T00:39:22+08:00 ] 223.72.72.83 /WeChat/getWechatInfo?other_state=
INFO: [ app_init ] --START--
INFO: Run Behavior\BuildLiteBehavior [ RunTime:0.000005s ]
INFO: [ app_init ] --END-- [ RunTime:0.000152s ]
INFO: [ app_begin ] --START--
INFO: Run Behavior\ReadHtmlCacheBehavior [ RunTime:0.000196s ]
INFO: [ app_begin ] --END-- [ RunTime:0.000211s ]

[ 2018-02-25T00:39:23+08:00 ] 223.72.72.83 /WeChat/getWechatInfo?other_state=&code=061cCDS52KQmvK0QEBV52tHHS52cCDSu&state=
INFO: [ app_init ] --START--
INFO: Run Behavior\BuildLiteBehavior [ RunTime:0.000006s ]
INFO: [ app_init ] --END-- [ RunTime:0.000160s ]
INFO: [ app_begin ] --START--
INFO: Run Behavior\ReadHtmlCacheBehavior [ RunTime:0.000195s ]
INFO: [ app_begin ] --END-- [ RunTime:0.000211s ]
NOTIC: [2] Illegal string offset 'code' /usr/local/nginx/html/lianyangji/ThinkPHP/Library/Com/Wechat/Wechat.class.php 第 60 行.

[ 2018-02-25T00:40:09+08:00 ] 223.72.72.83 /WeChat/getWechatInfo?other_state=
INFO: [ app_init ] --START--
INFO: Run Behavior\BuildLiteBehavior [ RunTime:0.000005s ]
INFO: [ app_init ] --END-- [ RunTime:0.000156s ]
INFO: [ app_begin ] --START--
INFO: Run Behavior\ReadHtmlCacheBehavior [ RunTime:0.000193s ]
INFO: [ app_begin ] --END-- [ RunTime:0.000209s ]

[ 2018-02-25T00:42:09+08:00 ] 223.72.72.83 /WeChat/getWechatInfo?other_state=
INFO: [ app_init ] --START--
INFO: Run Behavior\BuildLiteBehavior [ RunTime:0.000006s ]
INFO: [ app_init ] --END-- [ RunTime:0.000154s ]
INFO: [ app_begin ] --START--
INFO: Run Behavior\ReadHtmlCacheBehavior [ RunTime:0.000204s ]
INFO: [ app_begin ] --END-- [ RunTime:0.000220s ]

[ 2018-02-25T00:42:10+08:00 ] 223.72.72.83 /WeChat/getWechatInfo?other_state=&code=071zLADu1j2cwc05cMCu1LHKDu1zLADW&state=
INFO: [ app_init ] --START--
INFO: Run Behavior\BuildLiteBehavior [ RunTime:0.000006s ]
INFO: [ app_init ] --END-- [ RunTime:0.000153s ]
INFO: [ app_begin ] --START--
INFO: Run Behavior\ReadHtmlCacheBehavior [ RunTime:0.000211s ]
INFO: [ app_begin ] --END-- [ RunTime:0.000228s ]
NOTIC: [2] Illegal string offset 'code' /usr/local/nginx/html/lianyangji/ThinkPHP/Library/Com/Wechat/Wechat.class.php 第 60 行.

[ 2018-02-25T00:42:15+08:00 ] 223.72.72.83 /WeChat/getWechatInfo?other_state=eyJhYSI6IjEifQ==
INFO: [ app_init ] --START--
INFO: Run Behavior\BuildLiteBehavior [ RunTime:0.000006s ]
INFO: [ app_init ] --END-- [ RunTime:0.000150s ]
INFO: [ app_begin ] --START--
INFO: Run Behavior\ReadHtmlCacheBehavior [ RunTime:0.000198s ]
INFO: [ app_begin ] --END-- [ RunTime:0.000214s ]

[ 2018-02-25T00:42:16+08:00 ] 223.72.72.83 /WeChat/getWechatInfo?other_state=eyJhYSI6IjEifQ==&code=011Q6tSf0VTwgB1v2vPf0kHwSf0Q6tSA&state=eyJhYSI6IjEifQ%3D%3D
INFO: [ app_init ] --START--
INFO: Run Behavior\BuildLiteBehavior [ RunTime:0.000005s ]
INFO: [ app_init ] --END-- [ RunTime:0.000165s ]
INFO: [ app_begin ] --START--
INFO: Run Behavior\ReadHtmlCacheBehavior [ RunTime:0.000206s ]
INFO: [ app_begin ] --END-- [ RunTime:0.000222s ]
NOTIC: [2] Illegal string offset 'code' /usr/local/nginx/html/lianyangji/ThinkPHP/Library/Com/Wechat/Wechat.class.php 第 60 行.

[ 2018-02-25T00:43:32+08:00 ] 223.72.72.83 /WeChat/getWechatInfo?other_state=eyJhYSI6IjEifQ==
INFO: [ app_init ] --START--
INFO: Run Behavior\BuildLiteBehavior [ RunTime:0.000006s ]
INFO: [ app_init ] --END-- [ RunTime:0.000156s ]
INFO: [ app_begin ] --START--
INFO: Run Behavior\ReadHtmlCacheBehavior [ RunTime:0.000193s ]
INFO: [ app_begin ] --END-- [ RunTime:0.000208s ]

[ 2018-02-25T00:43:33+08:00 ] 223.72.72.83 /WeChat/getWechatInfo?other_state=eyJhYSI6IjEifQ==&code=0816BV6Q00QXCb23jE9Q0UTE6Q06BV6X&state=eyJhYSI6IjEifQ%3D%3D
INFO: [ app_init ] --START--
INFO: Run Behavior\BuildLiteBehavior [ RunTime:0.000006s ]
INFO: [ app_init ] --END-- [ RunTime:0.000155s ]
INFO: [ app_begin ] --START--
INFO: Run Behavior\ReadHtmlCacheBehavior [ RunTime:0.000219s ]
INFO: [ app_begin ] --END-- [ RunTime:0.000235s ]
NOTIC: [2] Illegal string offset 'code' /usr/local/nginx/html/lianyangji/ThinkPHP/Library/Com/Wechat/Wechat.class.php 第 60 行.

[ 2018-02-25T01:02:37+08:00 ] 61.148.245.8 /WeChat/getWechatInfo?other_state=eyJhYSI6IjEifQ==
INFO: [ app_init ] --START--
INFO: Run Behavior\BuildLiteBehavior [ RunTime:0.000006s ]
INFO: [ app_init ] --END-- [ RunTime:0.000154s ]
INFO: [ app_begin ] --START--
INFO: Run Behavior\ReadHtmlCacheBehavior [ RunTime:0.000211s ]
INFO: [ app_begin ] --END-- [ RunTime:0.000234s ]

[ 2018-02-25T01:02:38+08:00 ] 61.148.245.8 /WeChat/getWechatInfo?other_state=eyJhYSI6IjEifQ==&code=021Mgb5y1QxsXf01Oq4y13YK4y1Mgb5Z&state=eyJhYSI6IjEifQ%3D%3D
INFO: [ app_init ] --START--
INFO: Run Behavior\BuildLiteBehavior [ RunTime:0.000006s ]
INFO: [ app_init ] --END-- [ RunTime:0.000168s ]
INFO: [ app_begin ] --START--
INFO: Run Behavior\ReadHtmlCacheBehavior [ RunTime:0.000197s ]
INFO: [ app_begin ] --END-- [ RunTime:0.000213s ]
NOTIC: [2] Illegal string offset 'code' /usr/local/nginx/html/lianyangji/ThinkPHP/Library/Com/Wechat/Wechat.class.php 第 60 行.

[ 2018-02-25T01:03:29+08:00 ] 61.148.245.8 /WeChat/getWechatInfo
INFO: [ app_init ] --START--
INFO: Run Behavior\BuildLiteBehavior [ RunTime:0.000006s ]
INFO: [ app_init ] --END-- [ RunTime:0.000153s ]
INFO: [ app_begin ] --START--
INFO: Run Behavior\ReadHtmlCacheBehavior [ RunTime:0.000196s ]
INFO: [ app_begin ] --END-- [ RunTime:0.000211s ]
NOTIC: [8] Undefined index: other_state /usr/local/nginx/html/lianyangji/Application/Wechat/Controller/WeChatController.class.php 第 46 行.

[ 2018-02-25T01:03:30+08:00 ] 61.148.245.8 /WeChat/getWechatInfo?code=011rZObq1Gp6oq0vMJ8q1LZ3cq1rZObf&state=
INFO: [ app_init ] --START--
INFO: Run Behavior\BuildLiteBehavior [ RunTime:0.000006s ]
INFO: [ app_init ] --END-- [ RunTime:0.000157s ]
INFO: [ app_begin ] --START--
INFO: Run Behavior\ReadHtmlCacheBehavior [ RunTime:0.000215s ]
INFO: [ app_begin ] --END-- [ RunTime:0.000231s ]
NOTIC: [2] Illegal string offset 'code' /usr/local/nginx/html/lianyangji/ThinkPHP/Library/Com/Wechat/Wechat.class.php 第 60 行.

[ 2018-02-25T01:05:05+08:00 ] 61.148.245.8 /WeChat/getWechatInfo
INFO: [ app_init ] --START--
INFO: Run Behavior\BuildLiteBehavior [ RunTime:0.000007s ]
INFO: [ app_init ] --END-- [ RunTime:0.000160s ]
INFO: [ app_begin ] --START--
INFO: Run Behavior\ReadHtmlCacheBehavior [ RunTime:0.000229s ]
INFO: [ app_begin ] --END-- [ RunTime:0.000246s ]
NOTIC: [8] Undefined index: other_state /usr/local/nginx/html/lianyangji/Application/Wechat/Controller/WeChatController.class.php 第 46 行.

[ 2018-02-25T01:05:07+08:00 ] 61.148.245.8 /WeChat/getWechatInfo?code=011Oo5oz0IeBah1Niwlz0jiQnz0Oo5oq&state=
INFO: [ app_init ] --START--
INFO: Run Behavior\BuildLiteBehavior [ RunTime:0.000006s ]
INFO: [ app_init ] --END-- [ RunTime:0.000160s ]
INFO: [ app_begin ] --START--
INFO: Run Behavior\ReadHtmlCacheBehavior [ RunTime:0.000199s ]
INFO: [ app_begin ] --END-- [ RunTime:0.000215s ]
NOTIC: [2] Illegal string offset 'code' /usr/local/nginx/html/lianyangji/ThinkPHP/Library/Com/Wechat/Wechat.class.php 第 60 行.

[ 2018-02-25T01:05:50+08:00 ] 61.148.245.8 /WeChat/getWechatInfo
INFO: [ app_init ] --START--
INFO: Run Behavior\BuildLiteBehavior [ RunTime:0.000007s ]
INFO: [ app_init ] --END-- [ RunTime:0.000164s ]
INFO: [ app_begin ] --START--
INFO: Run Behavior\ReadHtmlCacheBehavior [ RunTime:0.000202s ]
INFO: [ app_begin ] --END-- [ RunTime:0.000218s ]
NOTIC: [8] Undefined index: other_state /usr/local/nginx/html/lianyangji/Application/Wechat/Controller/WeChatController.class.php 第 46 行.

[ 2018-02-25T01:05:51+08:00 ] 61.148.245.8 /WeChat/getWechatInfo?code=061k37Ol1oQzRl0MhJRl1i3mOl1k37O8&state=
INFO: [ app_init ] --START--
INFO: Run Behavior\BuildLiteBehavior [ RunTime:0.000006s ]
INFO: [ app_init ] --END-- [ RunTime:0.000163s ]
INFO: [ app_begin ] --START--
INFO: Run Behavior\ReadHtmlCacheBehavior [ RunTime:0.000208s ]
INFO: [ app_begin ] --END-- [ RunTime:0.000237s ]
NOTIC: [2] Illegal string offset 'code' /usr/local/nginx/html/lianyangji/ThinkPHP/Library/Com/Wechat/Wechat.class.php 第 60 行.

[ 2018-02-25T01:09:16+08:00 ] 61.148.245.8 /WeChat/getWechatInfo
INFO: [ app_init ] --START--
INFO: Run Behavior\BuildLiteBehavior [ RunTime:0.000006s ]
INFO: [ app_init ] --END-- [ RunTime:0.000153s ]
INFO: [ app_begin ] --START--
INFO: Run Behavior\ReadHtmlCacheBehavior [ RunTime:0.000194s ]
INFO: [ app_begin ] --END-- [ RunTime:0.000209s ]
NOTIC: [8] Undefined index: other_state /usr/local/nginx/html/lianyangji/Application/Wechat/Controller/WeChatController.class.php 第 46 行.

[ 2018-02-25T01:09:17+08:00 ] 61.148.245.8 /WeChat/getWechatInfo?code=081kTb4c06ub3t1BTo7c0Qsb4c0kTb4T&state=
INFO: [ app_init ] --START--
INFO: Run Behavior\BuildLiteBehavior [ RunTime:0.000006s ]
INFO: [ app_init ] --END-- [ RunTime:0.000160s ]
INFO: [ app_begin ] --START--
INFO: Run Behavior\ReadHtmlCacheBehavior [ RunTime:0.000206s ]
INFO: [ app_begin ] --END-- [ RunTime:0.000222s ]
NOTIC: [2] Illegal string offset 'code' /usr/local/nginx/html/lianyangji/ThinkPHP/Library/Com/Wechat/Wechat.class.php 第 60 行.

[ 2018-02-25T01:09:59+08:00 ] 61.148.245.8 /WeChat/getWechatInfo
INFO: [ app_init ] --START--
INFO: Run Behavior\BuildLiteBehavior [ RunTime:0.000006s ]
INFO: [ app_init ] --END-- [ RunTime:0.000153s ]
INFO: [ app_begin ] --START--
INFO: Run Behavior\ReadHtmlCacheBehavior [ RunTime:0.000202s ]
INFO: [ app_begin ] --END-- [ RunTime:0.000217s ]
NOTIC: [8] Undefined index: other_state /usr/local/nginx/html/lianyangji/Application/Wechat/Controller/WeChatController.class.php 第 46 行.

[ 2018-02-25T01:10:00+08:00 ] 61.148.245.8 /WeChat/getWechatInfo?code=021m4LCd2aAWtE0xT5Cd2o5ZCd2m4LCX&state=
INFO: [ app_init ] --START--
INFO: Run Behavior\BuildLiteBehavior [ RunTime:0.000005s ]
INFO: [ app_init ] --END-- [ RunTime:0.000151s ]
INFO: [ app_begin ] --START--
INFO: Run Behavior\ReadHtmlCacheBehavior [ RunTime:0.000194s ]
INFO: [ app_begin ] --END-- [ RunTime:0.000210s ]
NOTIC: [2] Illegal string offset 'code' /usr/local/nginx/html/lianyangji/ThinkPHP/Library/Com/Wechat/Wechat.class.php 第 60 行.

[ 2018-02-25T01:10:43+08:00 ] 61.148.245.8 /WeChat/getWechatInfo
INFO: [ app_init ] --START--
INFO: Run Behavior\BuildLiteBehavior [ RunTime:0.000006s ]
INFO: [ app_init ] --END-- [ RunTime:0.000150s ]
INFO: [ app_begin ] --START--
INFO: Run Behavior\ReadHtmlCacheBehavior [ RunTime:0.000202s ]
INFO: [ app_begin ] --END-- [ RunTime:0.000217s ]
NOTIC: [8] Undefined index: other_state /usr/local/nginx/html/lianyangji/Application/Wechat/Controller/WeChatController.class.php 第 46 行.

[ 2018-02-25T01:10:44+08:00 ] 61.148.245.8 /WeChat/getWechatInfo?code=0016oMhI09qgzi2pCNlI0ZSXhI06oMh0&state=
INFO: [ app_init ] --START--
INFO: Run Behavior\BuildLiteBehavior [ RunTime:0.000006s ]
INFO: [ app_init ] --END-- [ RunTime:0.000149s ]
INFO: [ app_begin ] --START--
INFO: Run Behavior\ReadHtmlCacheBehavior [ RunTime:0.000200s ]
INFO: [ app_begin ] --END-- [ RunTime:0.000216s ]
NOTIC: [2] Illegal string offset 'code' /usr/local/nginx/html/lianyangji/ThinkPHP/Library/Com/Wechat/Wechat.class.php 第 60 行.

[ 2018-02-25T01:14:09+08:00 ] 61.148.245.8 /WeChat/getWechatInfo
INFO: [ app_init ] --START--
INFO: Run Behavior\BuildLiteBehavior [ RunTime:0.000006s ]
INFO: [ app_init ] --END-- [ RunTime:0.000182s ]
INFO: [ app_begin ] --START--
INFO: Run Behavior\ReadHtmlCacheBehavior [ RunTime:0.000198s ]
INFO: [ app_begin ] --END-- [ RunTime:0.000214s ]
NOTIC: [8] Undefined index: other_state /usr/local/nginx/html/lianyangji/Application/Wechat/Controller/WeChatController.class.php 第 46 行.

[ 2018-02-25T01:14:10+08:00 ] 61.148.245.8 /WeChat/getWechatInfo?code=021Prig61U6ArS1Q0sc61Xpug61Prigk&state=
INFO: [ app_init ] --START--
INFO: Run Behavior\BuildLiteBehavior [ RunTime:0.000006s ]
INFO: [ app_init ] --END-- [ RunTime:0.000148s ]
INFO: [ app_begin ] --START--
INFO: Run Behavior\ReadHtmlCacheBehavior [ RunTime:0.000202s ]
INFO: [ app_begin ] --END-- [ RunTime:0.000229s ]
NOTIC: [2] Illegal string offset 'code' /usr/local/nginx/html/lianyangji/ThinkPHP/Library/Com/Wechat/Wechat.class.php 第 60 行.

[ 2018-02-25T01:18:20+08:00 ] 183.57.53.196 /WeChatMsg
INFO: [ app_init ] --START--
INFO: Run Behavior\BuildLiteBehavior [ RunTime:0.000005s ]
INFO: [ app_init ] --END-- [ RunTime:0.000154s ]
INFO: [ app_begin ] --START--
INFO: Run Behavior\ReadHtmlCacheBehavior [ RunTime:0.000200s ]
INFO: [ app_begin ] --END-- [ RunTime:0.000216s ]
NOTIC: [8] Undefined index: echostr /usr/local/nginx/html/lianyangji/Application/Wechat/Controller/WeChatMsgController.class.php 第 12 行.
NOTIC: [8] Undefined index: signature /usr/local/nginx/html/lianyangji/Application/Wechat/Controller/WeChatMsgController.class.php 第 61 行.
NOTIC: [8] Undefined index: timestamp /usr/local/nginx/html/lianyangji/Application/Wechat/Controller/WeChatMsgController.class.php 第 62 行.
NOTIC: [8] Undefined index: nonce /usr/local/nginx/html/lianyangji/Application/Wechat/Controller/WeChatMsgController.class.php 第 63 行.
INFO: [ app_end ] --START--
INFO: Run Behavior\ShowPageTraceBehavior [ RunTime:0.000216s ]
INFO: [ app_end ] --END-- [ RunTime:0.000231s ]

[ 2018-02-25T01:20:42+08:00 ] 61.148.245.8 /WeChat/getWechatInfo
INFO: [ app_init ] --START--
INFO: Run Behavior\BuildLiteBehavior [ RunTime:0.000006s ]
INFO: [ app_init ] --END-- [ RunTime:0.000152s ]
INFO: [ app_begin ] --START--
INFO: Run Behavior\ReadHtmlCacheBehavior [ RunTime:0.000197s ]
INFO: [ app_begin ] --END-- [ RunTime:0.000212s ]
NOTIC: [8] Undefined index: other_state /usr/local/nginx/html/lianyangji/Application/Wechat/Controller/WeChatController.class.php 第 46 行.

[ 2018-02-25T01:20:43+08:00 ] 61.148.245.8 /WeChat/getWechatInfo?code=011v42qa1eLF4R1XuXqa1pf3qa1v42qW&state=
INFO: [ app_init ] --START--
INFO: Run Behavior\BuildLiteBehavior [ RunTime:0.000006s ]
INFO: [ app_init ] --END-- [ RunTime:0.000152s ]
INFO: [ app_begin ] --START--
INFO: Run Behavior\ReadHtmlCacheBehavior [ RunTime:0.000203s ]
INFO: [ app_begin ] --END-- [ RunTime:0.000219s ]
NOTIC: [2] Illegal string offset 'code' /usr/local/nginx/html/lianyangji/ThinkPHP/Library/Com/Wechat/Wechat.class.php 第 60 行.

[ 2018-02-25T01:23:29+08:00 ] 61.148.245.8 /WeChat/getWechatInfo
INFO: [ app_init ] --START--
INFO: Run Behavior\BuildLiteBehavior [ RunTime:0.000006s ]
INFO: [ app_init ] --END-- [ RunTime:0.000152s ]
INFO: [ app_begin ] --START--
INFO: Run Behavior\ReadHtmlCacheBehavior [ RunTime:0.000199s ]
INFO: [ app_begin ] --END-- [ RunTime:0.000217s ]
NOTIC: [8] Undefined index: other_state /usr/local/nginx/html/lianyangji/Application/Wechat/Controller/WeChatController.class.php 第 46 行.

[ 2018-02-25T01:23:30+08:00 ] 61.148.245.8 /WeChat/getWechatInfo?code=0813o8Sh0MdNHy1lbuOh0JfSRh03o8Sf&state=
INFO: [ app_init ] --START--
INFO: Run Behavior\BuildLiteBehavior [ RunTime:0.000006s ]
INFO: [ app_init ] --END-- [ RunTime:0.000150s ]
INFO: [ app_begin ] --START--
INFO: Run Behavior\ReadHtmlCacheBehavior [ RunTime:0.000201s ]
INFO: [ app_begin ] --END-- [ RunTime:0.000217s ]
NOTIC: [2] Illegal string offset 'code' /usr/local/nginx/html/lianyangji/ThinkPHP/Library/Com/Wechat/Wechat.class.php 第 60 行.

[ 2018-02-25T01:23:44+08:00 ] 61.148.245.8 /WeChat/getWechatInfo
INFO: [ app_init ] --START--
INFO: Run Behavior\BuildLiteBehavior [ RunTime:0.000006s ]
INFO: [ app_init ] --END-- [ RunTime:0.000157s ]
INFO: [ app_begin ] --START--
INFO: Run Behavior\ReadHtmlCacheBehavior [ RunTime:0.000206s ]
INFO: [ app_begin ] --END-- [ RunTime:0.000223s ]
NOTIC: [8] Undefined index: other_state /usr/local/nginx/html/lianyangji/Application/Wechat/Controller/WeChatController.class.php 第 46 行.

[ 2018-02-25T01:23:45+08:00 ] 61.148.245.8 /WeChat/getWechatInfo?code=081DeOy029BXB017F9A02aWIy02DeOym&state=
INFO: [ app_init ] --START--
INFO: Run Behavior\BuildLiteBehavior [ RunTime:0.000006s ]
INFO: [ app_init ] --END-- [ RunTime:0.000153s ]
INFO: [ app_begin ] --START--
INFO: Run Behavior\ReadHtmlCacheBehavior [ RunTime:0.000195s ]
INFO: [ app_begin ] --END-- [ RunTime:0.000217s ]
NOTIC: [2] Illegal string offset 'code' /usr/local/nginx/html/lianyangji/ThinkPHP/Library/Com/Wechat/Wechat.class.php 第 60 行.

[ 2018-02-25T01:24:03+08:00 ] 123.151.77.73 /WeChat/getWechatInfo
INFO: [ app_init ] --START--
INFO: Run Behavior\BuildLiteBehavior [ RunTime:0.000006s ]
INFO: [ app_init ] --END-- [ RunTime:0.000158s ]
INFO: [ app_begin ] --START--
INFO: Run Behavior\ReadHtmlCacheBehavior [ RunTime:0.000209s ]
INFO: [ app_begin ] --END-- [ RunTime:0.000224s ]
NOTIC: [8] Undefined index: other_state /usr/local/nginx/html/lianyangji/Application/Wechat/Controller/WeChatController.class.php 第 46 行.

[ 2018-02-25T01:24:04+08:00 ] 125.39.132.92 /
INFO: [ app_init ] --START--
INFO: Run Behavior\BuildLiteBehavior [ RunTime:0.000006s ]
INFO: [ app_init ] --END-- [ RunTime:0.000191s ]
INFO: [ app_begin ] --START--
INFO: Run Behavior\ReadHtmlCacheBehavior [ RunTime:0.000208s ]
INFO: [ app_begin ] --END-- [ RunTime:0.000225s ]
INFO: [ app_end ] --START--
INFO: Run Behavior\ShowPageTraceBehavior [ RunTime:0.000226s ]
INFO: [ app_end ] --END-- [ RunTime:0.000242s ]

[ 2018-02-25T01:24:04+08:00 ] 125.39.46.46 /
INFO: [ app_init ] --START--
INFO: Run Behavior\BuildLiteBehavior [ RunTime:0.000005s ]
INFO: [ app_init ] --END-- [ RunTime:0.000142s ]
INFO: [ app_begin ] --START--
INFO: Run Behavior\ReadHtmlCacheBehavior [ RunTime:0.000186s ]
INFO: [ app_begin ] --END-- [ RunTime:0.000200s ]
INFO: [ app_end ] --START--
INFO: Run Behavior\ShowPageTraceBehavior [ RunTime:0.000202s ]
INFO: [ app_end ] --END-- [ RunTime:0.000218s ]

[ 2018-02-25T01:24:04+08:00 ] 123.151.77.73 /WeChat/getWechatInfo?code=061XiDnD1u5Dn40Ok1mD1FJSnD1XiDnc&state=
INFO: [ app_init ] --START--
INFO: Run Behavior\BuildLiteBehavior [ RunTime:0.000006s ]
INFO: [ app_init ] --END-- [ RunTime:0.000157s ]
INFO: [ app_begin ] --START--
INFO: Run Behavior\ReadHtmlCacheBehavior [ RunTime:0.000200s ]
INFO: [ app_begin ] --END-- [ RunTime:0.000220s ]
NOTIC: [2] Illegal string offset 'code' /usr/local/nginx/html/lianyangji/ThinkPHP/Library/Com/Wechat/Wechat.class.php 第 60 行.

[ 2018-02-25T01:24:04+08:00 ] 123.151.77.73 /WeChat/getWechatInfo?code=001uQRxK1vfgI50sMlxK148SxK1uQRxM&state=
INFO: [ app_init ] --START--
INFO: Run Behavior\BuildLiteBehavior [ RunTime:0.000005s ]
INFO: [ app_init ] --END-- [ RunTime:0.000148s ]
INFO: [ app_begin ] --START--
INFO: Run Behavior\ReadHtmlCacheBehavior [ RunTime:0.000205s ]
INFO: [ app_begin ] --END-- [ RunTime:0.000221s ]
NOTIC: [2] Illegal string offset 'code' /usr/local/nginx/html/lianyangji/ThinkPHP/Library/Com/Wechat/Wechat.class.php 第 60 行.

[ 2018-02-25T01:42:11+08:00 ] 183.57.53.196 /WeChat/getWechatInfo?code%3D061pbec310U2wP13xla31Xt9c31pbecP%26state%3D
INFO: [ app_init ] --START--
INFO: Run Behavior\BuildLiteBehavior [ RunTime:0.000006s ]
INFO: [ app_init ] --END-- [ RunTime:0.000152s ]
INFO: [ app_begin ] --START--
INFO: Run Behavior\ReadHtmlCacheBehavior [ RunTime:0.000194s ]
INFO: [ app_begin ] --END-- [ RunTime:0.000210s ]
NOTIC: [8] Undefined index: other_state /usr/local/nginx/html/lianyangji/Application/Wechat/Controller/WeChatController.class.php 第 46 行.

[ 2018-02-25T01:57:57+08:00 ] 183.57.53.196 /WeChat/login?code%25253D081u1xbd2bTITC08kEcd2agkbd2u1xbu%252526state%25253D
INFO: [ app_init ] --START--
INFO: Run Behavior\BuildLiteBehavior [ RunTime:0.000007s ]
INFO: [ app_init ] --END-- [ RunTime:0.000155s ]
INFO: [ app_begin ] --START--
INFO: Run Behavior\ReadHtmlCacheBehavior [ RunTime:0.000198s ]
INFO: [ app_begin ] --END-- [ RunTime:0.000214s ]
ERR: 非法操作:login

[ 2018-02-25T16:07:39+08:00 ] 106.11.242.200 /
INFO: [ app_init ] --START--
INFO: Run Behavior\BuildLiteBehavior [ RunTime:0.000006s ]
INFO: [ app_init ] --END-- [ RunTime:0.000170s ]
INFO: [ app_begin ] --START--
INFO: Run Behavior\ReadHtmlCacheBehavior [ RunTime:0.000197s ]
INFO: [ app_begin ] --END-- [ RunTime:0.000213s ]
INFO: [ app_end ] --START--
INFO: Run Behavior\ShowPageTraceBehavior [ RunTime:0.000216s ]
INFO: [ app_end ] --END-- [ RunTime:0.000232s ]

