[ 2018-03-10T00:33:24+08:00 ] 163.177.90.152 /ShareByChicken/index?invite_code%3D53CDD231296F16F0
INFO: [ app_init ] --START--
INFO: Run Behavior\BuildLiteBehavior [ RunTime:0.000007s ]
INFO: [ app_init ] --END-- [ RunTime:0.000170s ]
INFO: [ app_begin ] --START--
INFO: Run Behavior\ReadHtmlCacheBehavior [ RunTime:0.000232s ]
INFO: [ app_begin ] --END-- [ RunTime:0.000251s ]
SQL: SHOW COLUMNS FROM `eggcoin_user` [ RunTime:0.0008s ]
SQL: SELECT * FROM `eggcoin_user` WHERE ( user_st=1 ) LIMIT 1   [ RunTime:0.0004s ]
NOTIC: [8] Undefined index: wx_info /usr/local/nginx/html/lianyangji/Application/Wechat/Controller/ShareByChickenController.class.php 第 41 行.

[ 2018-03-10T00:33:24+08:00 ] 163.177.90.152 /WeChat/getWechatInfo?wx_state=eyJpbnZpdGVfY29kZT01M0NERDIzMTI5NkYxNkYwIjoiIiwicmVkaXJlY3RfdXJpIjoiaHR0cDpcL1wvd2VjaGF0LmppYWdlaGFvLmNuXC9TaGFyZUJ5Q2hpY2tlbiJ9
INFO: [ app_init ] --START--
INFO: Run Behavior\BuildLiteBehavior [ RunTime:0.000011s ]
INFO: [ app_init ] --END-- [ RunTime:0.000234s ]
INFO: [ app_begin ] --START--
INFO: Run Behavior\ReadHtmlCacheBehavior [ RunTime:0.000270s ]
INFO: [ app_begin ] --END-- [ RunTime:0.000288s ]

[ 2018-03-10T02:06:39+08:00 ] 119.147.207.144 /ShareByChicken/weixinpay.html?order_sn%253D201803099422864042007602
INFO: [ app_init ] --START--
INFO: Run Behavior\BuildLiteBehavior [ RunTime:0.000007s ]
INFO: [ app_init ] --END-- [ RunTime:0.000162s ]
INFO: [ app_begin ] --START--
INFO: Run Behavior\ReadHtmlCacheBehavior [ RunTime:0.000245s ]
INFO: [ app_begin ] --END-- [ RunTime:0.000263s ]
SQL: SHOW COLUMNS FROM `eggcoin_user` [ RunTime:0.0006s ]
SQL: SELECT * FROM `eggcoin_user` WHERE ( user_st=1 ) LIMIT 1   [ RunTime:0.0002s ]
NOTIC: [8] Undefined index: wx_info /usr/local/nginx/html/lianyangji/Application/Wechat/Controller/ShareByChickenController.class.php 第 41 行.

[ 2018-03-10T02:06:39+08:00 ] 119.147.207.144 /WeChat/getWechatInfo?wx_state=eyJvcmRlcl9zbiUzRDIwMTgwMzA5OTQyMjg2NDA0MjAwNzYwMiI6IiIsInJlZGlyZWN0X3VyaSI6Imh0dHA6XC9cL3dlY2hhdC5qaWFnZWhhby5jblwvU2hhcmVCeUNoaWNrZW4ifQ==
INFO: [ app_init ] --START--
INFO: Run Behavior\BuildLiteBehavior [ RunTime:0.000005s ]
INFO: [ app_init ] --END-- [ RunTime:0.000157s ]
INFO: [ app_begin ] --START--
INFO: Run Behavior\ReadHtmlCacheBehavior [ RunTime:0.000235s ]
INFO: [ app_begin ] --END-- [ RunTime:0.000253s ]

[ 2018-03-10T02:17:26+08:00 ] 183.57.53.177 /WeChat/getWechatInfo?wx_state%3DeyJvcmRlcl9zbj0yMDE4MDMwOTk0MjI4NjQwNDIwMDc2MDIiOiIiLCJyZWRpcmVjdF91cmkiOiJodHRwOlwvXC93ZWNoYXQuamlhZ2VoYW8uY25cL1NoYXJlQnlDaGlja2VuIn0%3D
INFO: [ app_init ] --START--
INFO: Run Behavior\BuildLiteBehavior [ RunTime:0.000007s ]
INFO: [ app_init ] --END-- [ RunTime:0.000171s ]
INFO: [ app_begin ] --START--
INFO: Run Behavior\ReadHtmlCacheBehavior [ RunTime:0.000219s ]
INFO: [ app_begin ] --END-- [ RunTime:0.000238s ]
NOTIC: [8] Undefined index: wx_state /usr/local/nginx/html/lianyangji/Application/Wechat/Controller/WeChatController.class.php 第 54 行.

[ 2018-03-10T03:19:37+08:00 ] 183.57.53.177 /WeChat/getWechatInfo?wx_state%3DeyJpbnZpdGVfY29kZT01M0NERDIzMTI5NkYxNkYwIjoiIiwicmVkaXJlY3RfdXJpIjoiaHR0cDpcL1wvd2VjaGF0LmppYWdlaGFvLmNuXC9TaGFyZUJ5Q2hpY2tlbiJ9
INFO: [ app_init ] --START--
INFO: Run Behavior\BuildLiteBehavior [ RunTime:0.000007s ]
INFO: [ app_init ] --END-- [ RunTime:0.000175s ]
INFO: [ app_begin ] --START--
INFO: Run Behavior\ReadHtmlCacheBehavior [ RunTime:0.000235s ]
INFO: [ app_begin ] --END-- [ RunTime:0.000253s ]
NOTIC: [8] Undefined index: wx_state /usr/local/nginx/html/lianyangji/Application/Wechat/Controller/WeChatController.class.php 第 54 行.

[ 2018-03-10T05:22:57+08:00 ] 106.11.227.236 /
INFO: [ app_init ] --START--
INFO: Run Behavior\BuildLiteBehavior [ RunTime:0.000008s ]
INFO: [ app_init ] --END-- [ RunTime:0.000173s ]
INFO: [ app_begin ] --START--
INFO: Run Behavior\ReadHtmlCacheBehavior [ RunTime:0.000274s ]
INFO: [ app_begin ] --END-- [ RunTime:0.000293s ]
INFO: [ app_end ] --START--
INFO: Run Behavior\ShowPageTraceBehavior [ RunTime:0.000225s ]
INFO: [ app_end ] --END-- [ RunTime:0.000243s ]

[ 2018-03-10T08:33:39+08:00 ] 106.120.161.66 /
INFO: [ app_init ] --START--
INFO: Run Behavior\BuildLiteBehavior [ RunTime:0.000007s ]
INFO: [ app_init ] --END-- [ RunTime:0.000160s ]
INFO: [ app_begin ] --START--
INFO: Run Behavior\ReadHtmlCacheBehavior [ RunTime:0.000219s ]
INFO: [ app_begin ] --END-- [ RunTime:0.000237s ]
INFO: [ app_end ] --START--
INFO: Run Behavior\ShowPageTraceBehavior [ RunTime:0.000221s ]
INFO: [ app_end ] --END-- [ RunTime:0.000240s ]

