[ 2018-03-22T00:41:10+08:00 ] 111.164.153.73 /AdminUser/index.html
INFO: [ app_init ] --START--
INFO: Run Behavior\BuildLiteBehavior [ RunTime:0.000007s ]
INFO: [ app_init ] --END-- [ RunTime:0.000200s ]
INFO: [ app_begin ] --START--
INFO: Run Behavior\ReadHtmlCacheBehavior [ RunTime:0.000247s ]
INFO: [ app_begin ] --END-- [ RunTime:0.000269s ]
SQL: SHOW COLUMNS FROM `eggcoin_user` [ RunTime:0.0007s ]
SQL: SELECT COUNT(*) AS tp_count FROM `eggcoin_user` LIMIT 1   [ RunTime:0.0002s ]
SQL: SELECT * FROM `eggcoin_user` ORDER BY `id` desc LIMIT 0,20   [ RunTime:0.0003s ]
SQL: SELECT `id`,`mobile`,`email`,`email_status`,`full_name`,`user_st`,`created_at`,`updated_at`,`invite_code`,`pic` FROM `eggcoin_user` WHERE `id` = 475 LIMIT 1   [ RunTime:0.0002s ]
SQL: SHOW COLUMNS FROM `eggcoin_user_wechatinfo` [ RunTime:0.0005s ]
SQL: SELECT `wx_open_id`,`wx_pic`,`wx_nick_name`,`unionid`,`province`,`city`,`country`,`sex`,`openid` FROM `eggcoin_user_wechatinfo` WHERE `user_id` = 475 LIMIT 1   [ RunTime:0.0002s ]
SQL: SHOW COLUMNS FROM `eggcoin_user_vip` [ RunTime:0.0004s ]
SQL: SELECT * FROM `eggcoin_user_vip` WHERE `user_id` = 475 LIMIT 1   [ RunTime:0.0002s ]
SQL: SHOW COLUMNS FROM `eggcoin_chicken` [ RunTime:0.0005s ]
SQL: SELECT COUNT(*) AS tp_count FROM `eggcoin_chicken` WHERE (  user_id= 475 and (state=4 or state=5) ) LIMIT 1   [ RunTime:0.0011s ]
SQL: SHOW COLUMNS FROM `eggcoin_wallet` [ RunTime:0.0005s ]
SQL: SELECT * FROM `eggcoin_wallet` WHERE `user_id` = 475 LIMIT 1   [ RunTime:0.0002s ]
SQL: SHOW COLUMNS FROM `eggcoin_recharge` [ RunTime:0.0004s ]
SQL: SELECT SUM(pay_price) AS tp_SUM FROM `eggcoin_recharge` WHERE ( user_id=475 ) LIMIT 1   [ RunTime:0.0002s ]
SQL: SHOW COLUMNS FROM `eggcoin_withdrawals` [ RunTime:0.0004s ]
SQL: SELECT `zhifubao_account` FROM `eggcoin_withdrawals` WHERE `user_id` = 475  [ RunTime:0.0002s ]
NOTIC: [2] array_unique() expects parameter 1 to be array, null given /usr/local/nginx/html/lianyangji/Application/Admin/Controller/AdminUserController.class.php 第 135 行.
SQL: SELECT SUM(pay_price) AS tp_SUM FROM `eggcoin_withdrawals` WHERE `user_id` = 475 AND `pay_state` = 4 AND `state` = 2 LIMIT 1   [ RunTime:0.0003s ]
SQL: SHOW COLUMNS FROM `eggcoin_invite_buy` [ RunTime:0.0006s ]
SQL: SELECT COUNT(*) AS tp_count FROM `eggcoin_invite_buy` WHERE `invite_user_id` = 475 LIMIT 1   [ RunTime:0.0003s ]
SQL: SELECT COUNT(*) AS tp_count FROM `eggcoin_invite_buy` WHERE `invite_user_id` = 475 AND `buy_state` = 1 LIMIT 1   [ RunTime:0.0003s ]
SQL: SHOW COLUMNS FROM `eggcoin_eggcoin_record` [ RunTime:0.0005s ]
SQL: SELECT SUM(amount) AS tp_SUM FROM `eggcoin_eggcoin_record` WHERE `user_id` = 475 AND `state` = 1 AND `reason_type` = 1 LIMIT 1   [ RunTime:0.0016s ]
SQL: SELECT SUM(amount) AS tp_SUM FROM `eggcoin_eggcoin_record` WHERE `user_id` = 475 AND `state` = 1 AND `reason_type` = 3 LIMIT 1   [ RunTime:0.0014s ]
SQL: SELECT `id`,`mobile`,`email`,`email_status`,`full_name`,`user_st`,`created_at`,`updated_at`,`invite_code`,`pic` FROM `eggcoin_user` WHERE `id` = 474 LIMIT 1   [ RunTime:0.0002s ]
SQL: SELECT `wx_open_id`,`wx_pic`,`wx_nick_name`,`unionid`,`province`,`city`,`country`,`sex`,`openid` FROM `eggcoin_user_wechatinfo` WHERE `user_id` = 474 LIMIT 1   [ RunTime:0.0002s ]
SQL: SELECT * FROM `eggcoin_user_vip` WHERE `user_id` = 474 LIMIT 1   [ RunTime:0.0002s ]
SQL: SELECT COUNT(*) AS tp_count FROM `eggcoin_chicken` WHERE (  user_id= 474 and (state=4 or state=5) ) LIMIT 1   [ RunTime:0.0009s ]
SQL: SELECT * FROM `eggcoin_wallet` WHERE `user_id` = 474 LIMIT 1   [ RunTime:0.0002s ]
SQL: SELECT SUM(pay_price) AS tp_SUM FROM `eggcoin_recharge` WHERE ( user_id=474 ) LIMIT 1   [ RunTime:0.0002s ]
SQL: SELECT `zhifubao_account` FROM `eggcoin_withdrawals` WHERE `user_id` = 474  [ RunTime:0.0001s ]
NOTIC: [2] array_unique() expects parameter 1 to be array, null given /usr/local/nginx/html/lianyangji/Application/Admin/Controller/AdminUserController.class.php 第 135 行.
SQL: SELECT SUM(pay_price) AS tp_SUM FROM `eggcoin_withdrawals` WHERE `user_id` = 474 AND `pay_state` = 4 AND `state` = 2 LIMIT 1   [ RunTime:0.0002s ]
SQL: SELECT COUNT(*) AS tp_count FROM `eggcoin_invite_buy` WHERE `invite_user_id` = 474 LIMIT 1   [ RunTime:0.0002s ]
SQL: SELECT COUNT(*) AS tp_count FROM `eggcoin_invite_buy` WHERE `invite_user_id` = 474 AND `buy_state` = 1 LIMIT 1   [ RunTime:0.0003s ]
SQL: SELECT SUM(amount) AS tp_SUM FROM `eggcoin_eggcoin_record` WHERE `user_id` = 474 AND `state` = 1 AND `reason_type` = 1 LIMIT 1   [ RunTime:0.0015s ]
SQL: SELECT SUM(amount) AS tp_SUM FROM `eggcoin_eggcoin_record` WHERE `user_id` = 474 AND `state` = 1 AND `reason_type` = 3 LIMIT 1   [ RunTime:0.0014s ]
SQL: SELECT `id`,`mobile`,`email`,`email_status`,`full_name`,`user_st`,`created_at`,`updated_at`,`invite_code`,`pic` FROM `eggcoin_user` WHERE `id` = 473 LIMIT 1   [ RunTime:0.0002s ]
SQL: SELECT `wx_open_id`,`wx_pic`,`wx_nick_name`,`unionid`,`province`,`city`,`country`,`sex`,`openid` FROM `eggcoin_user_wechatinfo` WHERE `user_id` = 473 LIMIT 1   [ RunTime:0.0002s ]
SQL: SELECT * FROM `eggcoin_user_vip` WHERE `user_id` = 473 LIMIT 1   [ RunTime:0.0002s ]
SQL: SELECT COUNT(*) AS tp_count FROM `eggcoin_chicken` WHERE (  user_id= 473 and (state=4 or state=5) ) LIMIT 1   [ RunTime:0.0010s ]
SQL: SELECT * FROM `eggcoin_wallet` WHERE `user_id` = 473 LIMIT 1   [ RunTime:0.0001s ]
SQL: SELECT SUM(pay_price) AS tp_SUM FROM `eggcoin_recharge` WHERE ( user_id=473 ) LIMIT 1   [ RunTime:0.0002s ]
SQL: SELECT `zhifubao_account` FROM `eggcoin_withdrawals` WHERE `user_id` = 473  [ RunTime:0.0001s ]
NOTIC: [2] array_unique() expects parameter 1 to be array, null given /usr/local/nginx/html/lianyangji/Application/Admin/Controller/AdminUserController.class.php 第 135 行.
SQL: SELECT SUM(pay_price) AS tp_SUM FROM `eggcoin_withdrawals` WHERE `user_id` = 473 AND `pay_state` = 4 AND `state` = 2 LIMIT 1   [ RunTime:0.0002s ]
SQL: SELECT COUNT(*) AS tp_count FROM `eggcoin_invite_buy` WHERE `invite_user_id` = 473 LIMIT 1   [ RunTime:0.0003s ]
SQL: SELECT COUNT(*) AS tp_count FROM `eggcoin_invite_buy` WHERE `invite_user_id` = 473 AND `buy_state` = 1 LIMIT 1   [ RunTime:0.0003s ]
SQL: SELECT SUM(amount) AS tp_SUM FROM `eggcoin_eggcoin_record` WHERE `user_id` = 473 AND `state` = 1 AND `reason_type` = 1 LIMIT 1   [ RunTime:0.0015s ]
SQL: SELECT SUM(amount) AS tp_SUM FROM `eggcoin_eggcoin_record` WHERE `user_id` = 473 AND `state` = 1 AND `reason_type` = 3 LIMIT 1   [ RunTime:0.0013s ]
SQL: SELECT `id`,`mobile`,`email`,`email_status`,`full_name`,`user_st`,`created_at`,`updated_at`,`invite_code`,`pic` FROM `eggcoin_user` WHERE `id` = 472 LIMIT 1   [ RunTime:0.0002s ]
SQL: SELECT `wx_open_id`,`wx_pic`,`wx_nick_name`,`unionid`,`province`,`city`,`country`,`sex`,`openid` FROM `eggcoin_user_wechatinfo` WHERE `user_id` = 472 LIMIT 1   [ RunTime:0.0002s ]
SQL: SELECT * FROM `eggcoin_user_vip` WHERE `user_id` = 472 LIMIT 1   [ RunTime:0.0001s ]
SQL: SELECT COUNT(*) AS tp_count FROM `eggcoin_chicken` WHERE (  user_id= 472 and (state=4 or state=5) ) LIMIT 1   [ RunTime:0.0008s ]
SQL: SELECT * FROM `eggcoin_wallet` WHERE `user_id` = 472 LIMIT 1   [ RunTime:0.0001s ]
SQL: SELECT SUM(pay_price) AS tp_SUM FROM `eggcoin_recharge` WHERE ( user_id=472 ) LIMIT 1   [ RunTime:0.0002s ]
SQL: SELECT `zhifubao_account` FROM `eggcoin_withdrawals` WHERE `user_id` = 472  [ RunTime:0.0001s ]
NOTIC: [2] array_unique() expects parameter 1 to be array, null given /usr/local/nginx/html/lianyangji/Application/Admin/Controller/AdminUserController.class.php 第 135 行.
SQL: SELECT SUM(pay_price) AS tp_SUM FROM `eggcoin_withdrawals` WHERE `user_id` = 472 AND `pay_state` = 4 AND `state` = 2 LIMIT 1   [ RunTime:0.0002s ]
SQL: SELECT COUNT(*) AS tp_count FROM `eggcoin_invite_buy` WHERE `invite_user_id` = 472 LIMIT 1   [ RunTime:0.0002s ]
SQL: SELECT COUNT(*) AS tp_count FROM `eggcoin_invite_buy` WHERE `invite_user_id` = 472 AND `buy_state` = 1 LIMIT 1   [ RunTime:0.0002s ]
SQL: SELECT SUM(amount) AS tp_SUM FROM `eggcoin_eggcoin_record` WHERE `user_id` = 472 AND `state` = 1 AND `reason_type` = 1 LIMIT 1   [ RunTime:0.0014s ]
SQL: SELECT SUM(amount) AS tp_SUM FROM `eggcoin_eggcoin_record` WHERE `user_id` = 472 AND `state` = 1 AND `reason_type` = 3 LIMIT 1   [ RunTime:0.0013s ]
SQL: SELECT `id`,`mobile`,`email`,`email_status`,`full_name`,`user_st`,`created_at`,`updated_at`,`invite_code`,`pic` FROM `eggcoin_user` WHERE `id` = 471 LIMIT 1   [ RunTime:0.0002s ]
SQL: SELECT `wx_open_id`,`wx_pic`,`wx_nick_name`,`unionid`,`province`,`city`,`country`,`sex`,`openid` FROM `eggcoin_user_wechatinfo` WHERE `user_id` = 471 LIMIT 1   [ RunTime:0.0001s ]
SQL: SELECT * FROM `eggcoin_user_vip` WHERE `user_id` = 471 LIMIT 1   [ RunTime:0.0002s ]
SQL: SELECT COUNT(*) AS tp_count FROM `eggcoin_chicken` WHERE (  user_id= 471 and (state=4 or state=5) ) LIMIT 1   [ RunTime:0.0008s ]
SQL: SELECT * FROM `eggcoin_wallet` WHERE `user_id` = 471 LIMIT 1   [ RunTime:0.0002s ]
SQL: SELECT SUM(pay_price) AS tp_SUM FROM `eggcoin_recharge` WHERE ( user_id=471 ) LIMIT 1   [ RunTime:0.0002s ]
SQL: SELECT `zhifubao_account` FROM `eggcoin_withdrawals` WHERE `user_id` = 471  [ RunTime:0.0001s ]
NOTIC: [2] array_unique() expects parameter 1 to be array, null given /usr/local/nginx/html/lianyangji/Application/Admin/Controller/AdminUserController.class.php 第 135 行.
SQL: SELECT SUM(pay_price) AS tp_SUM FROM `eggcoin_withdrawals` WHERE `user_id` = 471 AND `pay_state` = 4 AND `state` = 2 LIMIT 1   [ RunTime:0.0001s ]
SQL: SELECT COUNT(*) AS tp_count FROM `eggcoin_invite_buy` WHERE `invite_user_id` = 471 LIMIT 1   [ RunTime:0.0002s ]
SQL: SELECT COUNT(*) AS tp_count FROM `eggcoin_invite_buy` WHERE `invite_user_id` = 471 AND `buy_state` = 1 LIMIT 1   [ RunTime:0.0003s ]
SQL: SELECT SUM(amount) AS tp_SUM FROM `eggcoin_eggcoin_record` WHERE `user_id` = 471 AND `state` = 1 AND `reason_type` = 1 LIMIT 1   [ RunTime:0.0014s ]
SQL: SELECT SUM(amount) AS tp_SUM FROM `eggcoin_eggcoin_record` WHERE `user_id` = 471 AND `state` = 1 AND `reason_type` = 3 LIMIT 1   [ RunTime:0.0015s ]
SQL: SELECT `id`,`mobile`,`email`,`email_status`,`full_name`,`user_st`,`created_at`,`updated_at`,`invite_code`,`pic` FROM `eggcoin_user` WHERE `id` = 470 LIMIT 1   [ RunTime:0.0002s ]
SQL: SELECT `wx_open_id`,`wx_pic`,`wx_nick_name`,`unionid`,`province`,`city`,`country`,`sex`,`openid` FROM `eggcoin_user_wechatinfo` WHERE `user_id` = 470 LIMIT 1   [ RunTime:0.0001s ]
SQL: SELECT * FROM `eggcoin_user_vip` WHERE `user_id` = 470 LIMIT 1   [ RunTime:0.0001s ]
SQL: SELECT COUNT(*) AS tp_count FROM `eggcoin_chicken` WHERE (  user_id= 470 and (state=4 or state=5) ) LIMIT 1   [ RunTime:0.0008s ]
SQL: SELECT * FROM `eggcoin_wallet` WHERE `user_id` = 470 LIMIT 1   [ RunTime:0.0001s ]
SQL: SELECT SUM(pay_price) AS tp_SUM FROM `eggcoin_recharge` WHERE ( user_id=470 ) LIMIT 1   [ RunTime:0.0002s ]
SQL: SELECT `zhifubao_account` FROM `eggcoin_withdrawals` WHERE `user_id` = 470  [ RunTime:0.0001s ]
NOTIC: [2] array_unique() expects parameter 1 to be array, null given /usr/local/nginx/html/lianyangji/Application/Admin/Controller/AdminUserController.class.php 第 135 行.
SQL: SELECT SUM(pay_price) AS tp_SUM FROM `eggcoin_withdrawals` WHERE `user_id` = 470 AND `pay_state` = 4 AND `state` = 2 LIMIT 1   [ RunTime:0.0001s ]
SQL: SELECT COUNT(*) AS tp_count FROM `eggcoin_invite_buy` WHERE `invite_user_id` = 470 LIMIT 1   [ RunTime:0.0002s ]
SQL: SELECT COUNT(*) AS tp_count FROM `eggcoin_invite_buy` WHERE `invite_user_id` = 470 AND `buy_state` = 1 LIMIT 1   [ RunTime:0.0002s ]
SQL: SELECT SUM(amount) AS tp_SUM FROM `eggcoin_eggcoin_record` WHERE `user_id` = 470 AND `state` = 1 AND `reason_type` = 1 LIMIT 1   [ RunTime:0.0014s ]
SQL: SELECT SUM(amount) AS tp_SUM FROM `eggcoin_eggcoin_record` WHERE `user_id` = 470 AND `state` = 1 AND `reason_type` = 3 LIMIT 1   [ RunTime:0.0013s ]
SQL: SELECT `id`,`mobile`,`email`,`email_status`,`full_name`,`user_st`,`created_at`,`updated_at`,`invite_code`,`pic` FROM `eggcoin_user` WHERE `id` = 469 LIMIT 1   [ RunTime:0.0002s ]
SQL: SELECT `wx_open_id`,`wx_pic`,`wx_nick_name`,`unionid`,`province`,`city`,`country`,`sex`,`openid` FROM `eggcoin_user_wechatinfo` WHERE `user_id` = 469 LIMIT 1   [ RunTime:0.0002s ]
SQL: SELECT * FROM `eggcoin_user_vip` WHERE `user_id` = 469 LIMIT 1   [ RunTime:0.0001s ]
SQL: SELECT COUNT(*) AS tp_count FROM `eggcoin_chicken` WHERE (  user_id= 469 and (state=4 or state=5) ) LIMIT 1   [ RunTime:0.0009s ]
SQL: SELECT * FROM `eggcoin_wallet` WHERE `user_id` = 469 LIMIT 1   [ RunTime:0.0001s ]
SQL: SELECT SUM(pay_price) AS tp_SUM FROM `eggcoin_recharge` WHERE ( user_id=469 ) LIMIT 1   [ RunTime:0.0002s ]
SQL: SELECT `zhifubao_account` FROM `eggcoin_withdrawals` WHERE `user_id` = 469  [ RunTime:0.0001s ]
NOTIC: [2] array_unique() expects parameter 1 to be array, null given /usr/local/nginx/html/lianyangji/Application/Admin/Controller/AdminUserController.class.php 第 135 行.
SQL: SELECT SUM(pay_price) AS tp_SUM FROM `eggcoin_withdrawals` WHERE `user_id` = 469 AND `pay_state` = 4 AND `state` = 2 LIMIT 1   [ RunTime:0.0002s ]
SQL: SELECT COUNT(*) AS tp_count FROM `eggcoin_invite_buy` WHERE `invite_user_id` = 469 LIMIT 1   [ RunTime:0.0002s ]
SQL: SELECT COUNT(*) AS tp_count FROM `eggcoin_invite_buy` WHERE `invite_user_id` = 469 AND `buy_state` = 1 LIMIT 1   [ RunTime:0.0003s ]
SQL: SELECT SUM(amount) AS tp_SUM FROM `eggcoin_eggcoin_record` WHERE `user_id` = 469 AND `state` = 1 AND `reason_type` = 1 LIMIT 1   [ RunTime:0.0014s ]
SQL: SELECT SUM(amount) AS tp_SUM FROM `eggcoin_eggcoin_record` WHERE `user_id` = 469 AND `state` = 1 AND `reason_type` = 3 LIMIT 1   [ RunTime:0.0013s ]
SQL: SELECT `id`,`mobile`,`email`,`email_status`,`full_name`,`user_st`,`created_at`,`updated_at`,`invite_code`,`pic` FROM `eggcoin_user` WHERE `id` = 468 LIMIT 1   [ RunTime:0.0002s ]
SQL: SELECT `wx_open_id`,`wx_pic`,`wx_nick_name`,`unionid`,`province`,`city`,`country`,`sex`,`openid` FROM `eggcoin_user_wechatinfo` WHERE `user_id` = 468 LIMIT 1   [ RunTime:0.0002s ]
SQL: SELECT * FROM `eggcoin_user_vip` WHERE `user_id` = 468 LIMIT 1   [ RunTime:0.0001s ]
SQL: SELECT COUNT(*) AS tp_count FROM `eggcoin_chicken` WHERE (  user_id= 468 and (state=4 or state=5) ) LIMIT 1   [ RunTime:0.0008s ]
SQL: SELECT * FROM `eggcoin_wallet` WHERE `user_id` = 468 LIMIT 1   [ RunTime:0.0002s ]
SQL: SELECT SUM(pay_price) AS tp_SUM FROM `eggcoin_recharge` WHERE ( user_id=468 ) LIMIT 1   [ RunTime:0.0002s ]
SQL: SELECT `zhifubao_account` FROM `eggcoin_withdrawals` WHERE `user_id` = 468  [ RunTime:0.0001s ]
NOTIC: [2] array_unique() expects parameter 1 to be array, null given /usr/local/nginx/html/lianyangji/Application/Admin/Controller/AdminUserController.class.php 第 135 行.
SQL: SELECT SUM(pay_price) AS tp_SUM FROM `eggcoin_withdrawals` WHERE `user_id` = 468 AND `pay_state` = 4 AND `state` = 2 LIMIT 1   [ RunTime:0.0001s ]
SQL: SELECT COUNT(*) AS tp_count FROM `eggcoin_invite_buy` WHERE `invite_user_id` = 468 LIMIT 1   [ RunTime:0.0003s ]
SQL: SELECT COUNT(*) AS tp_count FROM `eggcoin_invite_buy` WHERE `invite_user_id` = 468 AND `buy_state` = 1 LIMIT 1   [ RunTime:0.0003s ]
SQL: SELECT SUM(amount) AS tp_SUM FROM `eggcoin_eggcoin_record` WHERE `user_id` = 468 AND `state` = 1 AND `reason_type` = 1 LIMIT 1   [ RunTime:0.0014s ]
SQL: SELECT SUM(amount) AS tp_SUM FROM `eggcoin_eggcoin_record` WHERE `user_id` = 468 AND `state` = 1 AND `reason_type` = 3 LIMIT 1   [ RunTime:0.0012s ]
SQL: SELECT `id`,`mobile`,`email`,`email_status`,`full_name`,`user_st`,`created_at`,`updated_at`,`invite_code`,`pic` FROM `eggcoin_user` WHERE `id` = 467 LIMIT 1   [ RunTime:0.0002s ]
SQL: SELECT `wx_open_id`,`wx_pic`,`wx_nick_name`,`unionid`,`province`,`city`,`country`,`sex`,`openid` FROM `eggcoin_user_wechatinfo` WHERE `user_id` = 467 LIMIT 1   [ RunTime:0.0002s ]
SQL: SELECT * FROM `eggcoin_user_vip` WHERE `user_id` = 467 LIMIT 1   [ RunTime:0.0001s ]
SQL: SELECT COUNT(*) AS tp_count FROM `eggcoin_chicken` WHERE (  user_id= 467 and (state=4 or state=5) ) LIMIT 1   [ RunTime:0.0008s ]
SQL: SELECT * FROM `eggcoin_wallet` WHERE `user_id` = 467 LIMIT 1   [ RunTime:0.0002s ]
SQL: SELECT SUM(pay_price) AS tp_SUM FROM `eggcoin_recharge` WHERE ( user_id=467 ) LIMIT 1   [ RunTime:0.0002s ]
SQL: SELECT `zhifubao_account` FROM `eggcoin_withdrawals` WHERE `user_id` = 467  [ RunTime:0.0001s ]
NOTIC: [2] array_unique() expects parameter 1 to be array, null given /usr/local/nginx/html/lianyangji/Application/Admin/Controller/AdminUserController.class.php 第 135 行.
SQL: SELECT SUM(pay_price) AS tp_SUM FROM `eggcoin_withdrawals` WHERE `user_id` = 467 AND `pay_state` = 4 AND `state` = 2 LIMIT 1   [ RunTime:0.0001s ]
SQL: SELECT COUNT(*) AS tp_count FROM `eggcoin_invite_buy` WHERE `invite_user_id` = 467 LIMIT 1   [ RunTime:0.0002s ]
SQL: SELECT COUNT(*) AS tp_count FROM `eggcoin_invite_buy` WHERE `invite_user_id` = 467 AND `buy_state` = 1 LIMIT 1   [ RunTime:0.0002s ]
SQL: SELECT SUM(amount) AS tp_SUM FROM `eggcoin_eggcoin_record` WHERE `user_id` = 467 AND `state` = 1 AND `reason_type` = 1 LIMIT 1   [ RunTime:0.0014s ]
SQL: SELECT SUM(amount) AS tp_SUM FROM `eggcoin_eggcoin_record` WHERE `user_id` = 467 AND `state` = 1 AND `reason_type` = 3 LIMIT 1   [ RunTime:0.0013s ]
SQL: SELECT `id`,`mobile`,`email`,`email_status`,`full_name`,`user_st`,`created_at`,`updated_at`,`invite_code`,`pic` FROM `eggcoin_user` WHERE `id` = 466 LIMIT 1   [ RunTime:0.0002s ]
SQL: SELECT `wx_open_id`,`wx_pic`,`wx_nick_name`,`unionid`,`province`,`city`,`country`,`sex`,`openid` FROM `eggcoin_user_wechatinfo` WHERE `user_id` = 466 LIMIT 1   [ RunTime:0.0002s ]
SQL: SELECT * FROM `eggcoin_user_vip` WHERE `user_id` = 466 LIMIT 1   [ RunTime:0.0001s ]
SQL: SELECT COUNT(*) AS tp_count FROM `eggcoin_chicken` WHERE (  user_id= 466 and (state=4 or state=5) ) LIMIT 1   [ RunTime:0.0008s ]
SQL: SELECT * FROM `eggcoin_wallet` WHERE `user_id` = 466 LIMIT 1   [ RunTime:0.0001s ]
SQL: SELECT SUM(pay_price) AS tp_SUM FROM `eggcoin_recharge` WHERE ( user_id=466 ) LIMIT 1   [ RunTime:0.0001s ]
SQL: SELECT `zhifubao_account` FROM `eggcoin_withdrawals` WHERE `user_id` = 466  [ RunTime:0.0001s ]
NOTIC: [2] array_unique() expects parameter 1 to be array, null given /usr/local/nginx/html/lianyangji/Application/Admin/Controller/AdminUserController.class.php 第 135 行.
SQL: SELECT SUM(pay_price) AS tp_SUM FROM `eggcoin_withdrawals` WHERE `user_id` = 466 AND `pay_state` = 4 AND `state` = 2 LIMIT 1   [ RunTime:0.0002s ]
SQL: SELECT COUNT(*) AS tp_count FROM `eggcoin_invite_buy` WHERE `invite_user_id` = 466 LIMIT 1   [ RunTime:0.0002s ]
SQL: SELECT COUNT(*) AS tp_count FROM `eggcoin_invite_buy` WHERE `invite_user_id` = 466 AND `buy_state` = 1 LIMIT 1   [ RunTime:0.0002s ]
SQL: SELECT SUM(amount) AS tp_SUM FROM `eggcoin_eggcoin_record` WHERE `user_id` = 466 AND `state` = 1 AND `reason_type` = 1 LIMIT 1   [ RunTime:0.0014s ]
SQL: SELECT SUM(amount) AS tp_SUM FROM `eggcoin_eggcoin_record` WHERE `user_id` = 466 AND `state` = 1 AND `reason_type` = 3 LIMIT 1   [ RunTime:0.0013s ]
SQL: SELECT `id`,`mobile`,`email`,`email_status`,`full_name`,`user_st`,`created_at`,`updated_at`,`invite_code`,`pic` FROM `eggcoin_user` WHERE `id` = 465 LIMIT 1   [ RunTime:0.0002s ]
SQL: SELECT `wx_open_id`,`wx_pic`,`wx_nick_name`,`unionid`,`province`,`city`,`country`,`sex`,`openid` FROM `eggcoin_user_wechatinfo` WHERE `user_id` = 465 LIMIT 1   [ RunTime:0.0002s ]
SQL: SELECT * FROM `eggcoin_user_vip` WHERE `user_id` = 465 LIMIT 1   [ RunTime:0.0002s ]
SQL: SELECT COUNT(*) AS tp_count FROM `eggcoin_chicken` WHERE (  user_id= 465 and (state=4 or state=5) ) LIMIT 1   [ RunTime:0.0011s ]
SQL: SELECT * FROM `eggcoin_wallet` WHERE `user_id` = 465 LIMIT 1   [ RunTime:0.0001s ]
SQL: SELECT SUM(pay_price) AS tp_SUM FROM `eggcoin_recharge` WHERE ( user_id=465 ) LIMIT 1   [ RunTime:0.0002s ]
SQL: SELECT `zhifubao_account` FROM `eggcoin_withdrawals` WHERE `user_id` = 465  [ RunTime:0.0001s ]
NOTIC: [2] array_unique() expects parameter 1 to be array, null given /usr/local/nginx/html/lianyangji/Application/Admin/Controller/AdminUserController.class.php 第 135 行.
SQL: SELECT SUM(pay_price) AS tp_SUM FROM `eggcoin_withdrawals` WHERE `user_id` = 465 AND `pay_state` = 4 AND `state` = 2 LIMIT 1   [ RunTime:0.0001s ]
SQL: SELECT COUNT(*) AS tp_count FROM `eggcoin_invite_buy` WHERE `invite_user_id` = 465 LIMIT 1   [ RunTime:0.0002s ]
SQL: SELECT COUNT(*) AS tp_count FROM `eggcoin_invite_buy` WHERE `invite_user_id` = 465 AND `buy_state` = 1 LIMIT 1   [ RunTime:0.0002s ]
SQL: SELECT SUM(amount) AS tp_SUM FROM `eggcoin_eggcoin_record` WHERE `user_id` = 465 AND `state` = 1 AND `reason_type` = 1 LIMIT 1   [ RunTime:0.0015s ]
SQL: SELECT SUM(amount) AS tp_SUM FROM `eggcoin_eggcoin_record` WHERE `user_id` = 465 AND `state` = 1 AND `reason_type` = 3 LIMIT 1   [ RunTime:0.0013s ]
SQL: SELECT `id`,`mobile`,`email`,`email_status`,`full_name`,`user_st`,`created_at`,`updated_at`,`invite_code`,`pic` FROM `eggcoin_user` WHERE `id` = 464 LIMIT 1   [ RunTime:0.0002s ]
SQL: SELECT `wx_open_id`,`wx_pic`,`wx_nick_name`,`unionid`,`province`,`city`,`country`,`sex`,`openid` FROM `eggcoin_user_wechatinfo` WHERE `user_id` = 464 LIMIT 1   [ RunTime:0.0002s ]
SQL: SELECT * FROM `eggcoin_user_vip` WHERE `user_id` = 464 LIMIT 1   [ RunTime:0.0001s ]
SQL: SELECT COUNT(*) AS tp_count FROM `eggcoin_chicken` WHERE (  user_id= 464 and (state=4 or state=5) ) LIMIT 1   [ RunTime:0.0008s ]
SQL: SELECT * FROM `eggcoin_wallet` WHERE `user_id` = 464 LIMIT 1   [ RunTime:0.0001s ]
SQL: SELECT SUM(pay_price) AS tp_SUM FROM `eggcoin_recharge` WHERE ( user_id=464 ) LIMIT 1   [ RunTime:0.0001s ]
SQL: SELECT `zhifubao_account` FROM `eggcoin_withdrawals` WHERE `user_id` = 464  [ RunTime:0.0001s ]
NOTIC: [2] array_unique() expects parameter 1 to be array, null given /usr/local/nginx/html/lianyangji/Application/Admin/Controller/AdminUserController.class.php 第 135 行.
SQL: SELECT SUM(pay_price) AS tp_SUM FROM `eggcoin_withdrawals` WHERE `user_id` = 464 AND `pay_state` = 4 AND `state` = 2 LIMIT 1   [ RunTime:0.0002s ]
SQL: SELECT COUNT(*) AS tp_count FROM `eggcoin_invite_buy` WHERE `invite_user_id` = 464 LIMIT 1   [ RunTime:0.0002s ]
SQL: SELECT COUNT(*) AS tp_count FROM `eggcoin_invite_buy` WHERE `invite_user_id` = 464 AND `buy_state` = 1 LIMIT 1   [ RunTime:0.0002s ]
SQL: SELECT SUM(amount) AS tp_SUM FROM `eggcoin_eggcoin_record` WHERE `user_id` = 464 AND `state` = 1 AND `reason_type` = 1 LIMIT 1   [ RunTime:0.0014s ]
SQL: SELECT SUM(amount) AS tp_SUM FROM `eggcoin_eggcoin_record` WHERE `user_id` = 464 AND `state` = 1 AND `reason_type` = 3 LIMIT 1   [ RunTime:0.0012s ]
SQL: SELECT `id`,`mobile`,`email`,`email_status`,`full_name`,`user_st`,`created_at`,`updated_at`,`invite_code`,`pic` FROM `eggcoin_user` WHERE `id` = 463 LIMIT 1   [ RunTime:0.0002s ]
SQL: SELECT `wx_open_id`,`wx_pic`,`wx_nick_name`,`unionid`,`province`,`city`,`country`,`sex`,`openid` FROM `eggcoin_user_wechatinfo` WHERE `user_id` = 463 LIMIT 1   [ RunTime:0.0002s ]
SQL: SELECT * FROM `eggcoin_user_vip` WHERE `user_id` = 463 LIMIT 1   [ RunTime:0.0001s ]
SQL: SELECT COUNT(*) AS tp_count FROM `eggcoin_chicken` WHERE (  user_id= 463 and (state=4 or state=5) ) LIMIT 1   [ RunTime:0.0008s ]
SQL: SELECT * FROM `eggcoin_wallet` WHERE `user_id` = 463 LIMIT 1   [ RunTime:0.0001s ]
SQL: SELECT SUM(pay_price) AS tp_SUM FROM `eggcoin_recharge` WHERE ( user_id=463 ) LIMIT 1   [ RunTime:0.0001s ]
SQL: SELECT `zhifubao_account` FROM `eggcoin_withdrawals` WHERE `user_id` = 463  [ RunTime:0.0001s ]
NOTIC: [2] array_unique() expects parameter 1 to be array, null given /usr/local/nginx/html/lianyangji/Application/Admin/Controller/AdminUserController.class.php 第 135 行.
SQL: SELECT SUM(pay_price) AS tp_SUM FROM `eggcoin_withdrawals` WHERE `user_id` = 463 AND `pay_state` = 4 AND `state` = 2 LIMIT 1   [ RunTime:0.0001s ]
SQL: SELECT COUNT(*) AS tp_count FROM `eggcoin_invite_buy` WHERE `invite_user_id` = 463 LIMIT 1   [ RunTime:0.0002s ]
SQL: SELECT COUNT(*) AS tp_count FROM `eggcoin_invite_buy` WHERE `invite_user_id` = 463 AND `buy_state` = 1 LIMIT 1   [ RunTime:0.0002s ]
SQL: SELECT SUM(amount) AS tp_SUM FROM `eggcoin_eggcoin_record` WHERE `user_id` = 463 AND `state` = 1 AND `reason_type` = 1 LIMIT 1   [ RunTime:0.0014s ]
SQL: SELECT SUM(amount) AS tp_SUM FROM `eggcoin_eggcoin_record` WHERE `user_id` = 463 AND `state` = 1 AND `reason_type` = 3 LIMIT 1   [ RunTime:0.0013s ]
SQL: SELECT `id`,`mobile`,`email`,`email_status`,`full_name`,`user_st`,`created_at`,`updated_at`,`invite_code`,`pic` FROM `eggcoin_user` WHERE `id` = 462 LIMIT 1   [ RunTime:0.0002s ]
SQL: SELECT `wx_open_id`,`wx_pic`,`wx_nick_name`,`unionid`,`province`,`city`,`country`,`sex`,`openid` FROM `eggcoin_user_wechatinfo` WHERE `user_id` = 462 LIMIT 1   [ RunTime:0.0002s ]
SQL: SELECT * FROM `eggcoin_user_vip` WHERE `user_id` = 462 LIMIT 1   [ RunTime:0.0001s ]
SQL: SELECT COUNT(*) AS tp_count FROM `eggcoin_chicken` WHERE (  user_id= 462 and (state=4 or state=5) ) LIMIT 1   [ RunTime:0.0008s ]
SQL: SELECT * FROM `eggcoin_wallet` WHERE `user_id` = 462 LIMIT 1   [ RunTime:0.0001s ]
SQL: SELECT SUM(pay_price) AS tp_SUM FROM `eggcoin_recharge` WHERE ( user_id=462 ) LIMIT 1   [ RunTime:0.0001s ]
SQL: SELECT `zhifubao_account` FROM `eggcoin_withdrawals` WHERE `user_id` = 462  [ RunTime:0.0001s ]
NOTIC: [2] array_unique() expects parameter 1 to be array, null given /usr/local/nginx/html/lianyangji/Application/Admin/Controller/AdminUserController.class.php 第 135 行.
SQL: SELECT SUM(pay_price) AS tp_SUM FROM `eggcoin_withdrawals` WHERE `user_id` = 462 AND `pay_state` = 4 AND `state` = 2 LIMIT 1   [ RunTime:0.0001s ]
SQL: SELECT COUNT(*) AS tp_count FROM `eggcoin_invite_buy` WHERE `invite_user_id` = 462 LIMIT 1   [ RunTime:0.0002s ]
SQL: SELECT COUNT(*) AS tp_count FROM `eggcoin_invite_buy` WHERE `invite_user_id` = 462 AND `buy_state` = 1 LIMIT 1   [ RunTime:0.0002s ]
SQL: SELECT SUM(amount) AS tp_SUM FROM `eggcoin_eggcoin_record` WHERE `user_id` = 462 AND `state` = 1 AND `reason_type` = 1 LIMIT 1   [ RunTime:0.0014s ]
SQL: SELECT SUM(amount) AS tp_SUM FROM `eggcoin_eggcoin_record` WHERE `user_id` = 462 AND `state` = 1 AND `reason_type` = 3 LIMIT 1   [ RunTime:0.0013s ]
SQL: SELECT `id`,`mobile`,`email`,`email_status`,`full_name`,`user_st`,`created_at`,`updated_at`,`invite_code`,`pic` FROM `eggcoin_user` WHERE `id` = 461 LIMIT 1   [ RunTime:0.0001s ]
SQL: SELECT `wx_open_id`,`wx_pic`,`wx_nick_name`,`unionid`,`province`,`city`,`country`,`sex`,`openid` FROM `eggcoin_user_wechatinfo` WHERE `user_id` = 461 LIMIT 1   [ RunTime:0.0002s ]
SQL: SELECT * FROM `eggcoin_user_vip` WHERE `user_id` = 461 LIMIT 1   [ RunTime:0.0001s ]
SQL: SELECT COUNT(*) AS tp_count FROM `eggcoin_chicken` WHERE (  user_id= 461 and (state=4 or state=5) ) LIMIT 1   [ RunTime:0.0009s ]
SQL: SELECT * FROM `eggcoin_wallet` WHERE `user_id` = 461 LIMIT 1   [ RunTime:0.0001s ]
SQL: SELECT SUM(pay_price) AS tp_SUM FROM `eggcoin_recharge` WHERE ( user_id=461 ) LIMIT 1   [ RunTime:0.0001s ]
SQL: SELECT `zhifubao_account` FROM `eggcoin_withdrawals` WHERE `user_id` = 461  [ RunTime:0.0001s ]
NOTIC: [2] array_unique() expects parameter 1 to be array, null given /usr/local/nginx/html/lianyangji/Application/Admin/Controller/AdminUserController.class.php 第 135 行.
SQL: SELECT SUM(pay_price) AS tp_SUM FROM `eggcoin_withdrawals` WHERE `user_id` = 461 AND `pay_state` = 4 AND `state` = 2 LIMIT 1   [ RunTime:0.0002s ]
SQL: SELECT COUNT(*) AS tp_count FROM `eggcoin_invite_buy` WHERE `invite_user_id` = 461 LIMIT 1   [ RunTime:0.0002s ]
SQL: SELECT COUNT(*) AS tp_count FROM `eggcoin_invite_buy` WHERE `invite_user_id` = 461 AND `buy_state` = 1 LIMIT 1   [ RunTime:0.0003s ]
SQL: SELECT SUM(amount) AS tp_SUM FROM `eggcoin_eggcoin_record` WHERE `user_id` = 461 AND `state` = 1 AND `reason_type` = 1 LIMIT 1   [ RunTime:0.0014s ]
SQL: SELECT SUM(amount) AS tp_SUM FROM `eggcoin_eggcoin_record` WHERE `user_id` = 461 AND `state` = 1 AND `reason_type` = 3 LIMIT 1   [ RunTime:0.0012s ]
SQL: SELECT `id`,`mobile`,`email`,`email_status`,`full_name`,`user_st`,`created_at`,`updated_at`,`invite_code`,`pic` FROM `eggcoin_user` WHERE `id` = 460 LIMIT 1   [ RunTime:0.0001s ]
SQL: SELECT `wx_open_id`,`wx_pic`,`wx_nick_name`,`unionid`,`province`,`city`,`country`,`sex`,`openid` FROM `eggcoin_user_wechatinfo` WHERE `user_id` = 460 LIMIT 1   [ RunTime:0.0001s ]
SQL: SELECT * FROM `eggcoin_user_vip` WHERE `user_id` = 460 LIMIT 1   [ RunTime:0.0002s ]
SQL: SELECT COUNT(*) AS tp_count FROM `eggcoin_chicken` WHERE (  user_id= 460 and (state=4 or state=5) ) LIMIT 1   [ RunTime:0.0008s ]
SQL: SELECT * FROM `eggcoin_wallet` WHERE `user_id` = 460 LIMIT 1   [ RunTime:0.0001s ]
SQL: SELECT SUM(pay_price) AS tp_SUM FROM `eggcoin_recharge` WHERE ( user_id=460 ) LIMIT 1   [ RunTime:0.0002s ]
SQL: SELECT `zhifubao_account` FROM `eggcoin_withdrawals` WHERE `user_id` = 460  [ RunTime:0.0001s ]
NOTIC: [2] array_unique() expects parameter 1 to be array, null given /usr/local/nginx/html/lianyangji/Application/Admin/Controller/AdminUserController.class.php 第 135 行.
SQL: SELECT SUM(pay_price) AS tp_SUM FROM `eggcoin_withdrawals` WHERE `user_id` = 460 AND `pay_state` = 4 AND `state` = 2 LIMIT 1   [ RunTime:0.0001s ]
SQL: SELECT COUNT(*) AS tp_count FROM `eggcoin_invite_buy` WHERE `invite_user_id` = 460 LIMIT 1   [ RunTime:0.0002s ]
SQL: SELECT COUNT(*) AS tp_count FROM `eggcoin_invite_buy` WHERE `invite_user_id` = 460 AND `buy_state` = 1 LIMIT 1   [ RunTime:0.0003s ]
SQL: SELECT SUM(amount) AS tp_SUM FROM `eggcoin_eggcoin_record` WHERE `user_id` = 460 AND `state` = 1 AND `reason_type` = 1 LIMIT 1   [ RunTime:0.0015s ]
SQL: SELECT SUM(amount) AS tp_SUM FROM `eggcoin_eggcoin_record` WHERE `user_id` = 460 AND `state` = 1 AND `reason_type` = 3 LIMIT 1   [ RunTime:0.0013s ]
SQL: SELECT `id`,`mobile`,`email`,`email_status`,`full_name`,`user_st`,`created_at`,`updated_at`,`invite_code`,`pic` FROM `eggcoin_user` WHERE `id` = 459 LIMIT 1   [ RunTime:0.0001s ]
SQL: SELECT `wx_open_id`,`wx_pic`,`wx_nick_name`,`unionid`,`province`,`city`,`country`,`sex`,`openid` FROM `eggcoin_user_wechatinfo` WHERE `user_id` = 459 LIMIT 1   [ RunTime:0.0001s ]
SQL: SELECT * FROM `eggcoin_user_vip` WHERE `user_id` = 459 LIMIT 1   [ RunTime:0.0001s ]
SQL: SELECT COUNT(*) AS tp_count FROM `eggcoin_chicken` WHERE (  user_id= 459 and (state=4 or state=5) ) LIMIT 1   [ RunTime:0.0008s ]
SQL: SELECT * FROM `eggcoin_wallet` WHERE `user_id` = 459 LIMIT 1   [ RunTime:0.0001s ]
SQL: SELECT SUM(pay_price) AS tp_SUM FROM `eggcoin_recharge` WHERE ( user_id=459 ) LIMIT 1   [ RunTime:0.0002s ]
SQL: SELECT `zhifubao_account` FROM `eggcoin_withdrawals` WHERE `user_id` = 459  [ RunTime:0.0001s ]
NOTIC: [2] array_unique() expects parameter 1 to be array, null given /usr/local/nginx/html/lianyangji/Application/Admin/Controller/AdminUserController.class.php 第 135 行.
SQL: SELECT SUM(pay_price) AS tp_SUM FROM `eggcoin_withdrawals` WHERE `user_id` = 459 AND `pay_state` = 4 AND `state` = 2 LIMIT 1   [ RunTime:0.0002s ]
SQL: SELECT COUNT(*) AS tp_count FROM `eggcoin_invite_buy` WHERE `invite_user_id` = 459 LIMIT 1   [ RunTime:0.0002s ]
SQL: SELECT COUNT(*) AS tp_count FROM `eggcoin_invite_buy` WHERE `invite_user_id` = 459 AND `buy_state` = 1 LIMIT 1   [ RunTime:0.0003s ]
SQL: SELECT SUM(amount) AS tp_SUM FROM `eggcoin_eggcoin_record` WHERE `user_id` = 459 AND `state` = 1 AND `reason_type` = 1 LIMIT 1   [ RunTime:0.0014s ]
SQL: SELECT SUM(amount) AS tp_SUM FROM `eggcoin_eggcoin_record` WHERE `user_id` = 459 AND `state` = 1 AND `reason_type` = 3 LIMIT 1   [ RunTime:0.0012s ]
SQL: SELECT `id`,`mobile`,`email`,`email_status`,`full_name`,`user_st`,`created_at`,`updated_at`,`invite_code`,`pic` FROM `eggcoin_user` WHERE `id` = 458 LIMIT 1   [ RunTime:0.0002s ]
SQL: SELECT `wx_open_id`,`wx_pic`,`wx_nick_name`,`unionid`,`province`,`city`,`country`,`sex`,`openid` FROM `eggcoin_user_wechatinfo` WHERE `user_id` = 458 LIMIT 1   [ RunTime:0.0002s ]
SQL: SELECT * FROM `eggcoin_user_vip` WHERE `user_id` = 458 LIMIT 1   [ RunTime:0.0001s ]
SQL: SELECT COUNT(*) AS tp_count FROM `eggcoin_chicken` WHERE (  user_id= 458 and (state=4 or state=5) ) LIMIT 1   [ RunTime:0.0008s ]
SQL: SELECT * FROM `eggcoin_wallet` WHERE `user_id` = 458 LIMIT 1   [ RunTime:0.0001s ]
SQL: SELECT SUM(pay_price) AS tp_SUM FROM `eggcoin_recharge` WHERE ( user_id=458 ) LIMIT 1   [ RunTime:0.0001s ]
SQL: SELECT `zhifubao_account` FROM `eggcoin_withdrawals` WHERE `user_id` = 458  [ RunTime:0.0001s ]
NOTIC: [2] array_unique() expects parameter 1 to be array, null given /usr/local/nginx/html/lianyangji/Application/Admin/Controller/AdminUserController.class.php 第 135 行.
SQL: SELECT SUM(pay_price) AS tp_SUM FROM `eggcoin_withdrawals` WHERE `user_id` = 458 AND `pay_state` = 4 AND `state` = 2 LIMIT 1   [ RunTime:0.0002s ]
SQL: SELECT COUNT(*) AS tp_count FROM `eggcoin_invite_buy` WHERE `invite_user_id` = 458 LIMIT 1   [ RunTime:0.0002s ]
SQL: SELECT COUNT(*) AS tp_count FROM `eggcoin_invite_buy` WHERE `invite_user_id` = 458 AND `buy_state` = 1 LIMIT 1   [ RunTime:0.0002s ]
SQL: SELECT SUM(amount) AS tp_SUM FROM `eggcoin_eggcoin_record` WHERE `user_id` = 458 AND `state` = 1 AND `reason_type` = 1 LIMIT 1   [ RunTime:0.0015s ]
SQL: SELECT SUM(amount) AS tp_SUM FROM `eggcoin_eggcoin_record` WHERE `user_id` = 458 AND `state` = 1 AND `reason_type` = 3 LIMIT 1   [ RunTime:0.0013s ]
SQL: SELECT `id`,`mobile`,`email`,`email_status`,`full_name`,`user_st`,`created_at`,`updated_at`,`invite_code`,`pic` FROM `eggcoin_user` WHERE `id` = 457 LIMIT 1   [ RunTime:0.0002s ]
SQL: SELECT `wx_open_id`,`wx_pic`,`wx_nick_name`,`unionid`,`province`,`city`,`country`,`sex`,`openid` FROM `eggcoin_user_wechatinfo` WHERE `user_id` = 457 LIMIT 1   [ RunTime:0.0001s ]
SQL: SELECT * FROM `eggcoin_user_vip` WHERE `user_id` = 457 LIMIT 1   [ RunTime:0.0001s ]
SQL: SELECT COUNT(*) AS tp_count FROM `eggcoin_chicken` WHERE (  user_id= 457 and (state=4 or state=5) ) LIMIT 1   [ RunTime:0.0008s ]
SQL: SELECT * FROM `eggcoin_wallet` WHERE `user_id` = 457 LIMIT 1   [ RunTime:0.0001s ]
SQL: SELECT SUM(pay_price) AS tp_SUM FROM `eggcoin_recharge` WHERE ( user_id=457 ) LIMIT 1   [ RunTime:0.0002s ]
SQL: SELECT `zhifubao_account` FROM `eggcoin_withdrawals` WHERE `user_id` = 457  [ RunTime:0.0001s ]
NOTIC: [2] array_unique() expects parameter 1 to be array, null given /usr/local/nginx/html/lianyangji/Application/Admin/Controller/AdminUserController.class.php 第 135 行.
SQL: SELECT SUM(pay_price) AS tp_SUM FROM `eggcoin_withdrawals` WHERE `user_id` = 457 AND `pay_state` = 4 AND `state` = 2 LIMIT 1   [ RunTime:0.0001s ]
SQL: SELECT COUNT(*) AS tp_count FROM `eggcoin_invite_buy` WHERE `invite_user_id` = 457 LIMIT 1   [ RunTime:0.0002s ]
SQL: SELECT COUNT(*) AS tp_count FROM `eggcoin_invite_buy` WHERE `invite_user_id` = 457 AND `buy_state` = 1 LIMIT 1   [ RunTime:0.0003s ]
SQL: SELECT SUM(amount) AS tp_SUM FROM `eggcoin_eggcoin_record` WHERE `user_id` = 457 AND `state` = 1 AND `reason_type` = 1 LIMIT 1   [ RunTime:0.0015s ]
SQL: SELECT SUM(amount) AS tp_SUM FROM `eggcoin_eggcoin_record` WHERE `user_id` = 457 AND `state` = 1 AND `reason_type` = 3 LIMIT 1   [ RunTime:0.0012s ]
SQL: SELECT `id`,`mobile`,`email`,`email_status`,`full_name`,`user_st`,`created_at`,`updated_at`,`invite_code`,`pic` FROM `eggcoin_user` WHERE `id` = 456 LIMIT 1   [ RunTime:0.0001s ]
SQL: SELECT `wx_open_id`,`wx_pic`,`wx_nick_name`,`unionid`,`province`,`city`,`country`,`sex`,`openid` FROM `eggcoin_user_wechatinfo` WHERE `user_id` = 456 LIMIT 1   [ RunTime:0.0002s ]
SQL: SELECT * FROM `eggcoin_user_vip` WHERE `user_id` = 456 LIMIT 1   [ RunTime:0.0001s ]
SQL: SELECT COUNT(*) AS tp_count FROM `eggcoin_chicken` WHERE (  user_id= 456 and (state=4 or state=5) ) LIMIT 1   [ RunTime:0.0008s ]
SQL: SELECT * FROM `eggcoin_wallet` WHERE `user_id` = 456 LIMIT 1   [ RunTime:0.0001s ]
SQL: SELECT SUM(pay_price) AS tp_SUM FROM `eggcoin_recharge` WHERE ( user_id=456 ) LIMIT 1   [ RunTime:0.0001s ]
SQL: SELECT `zhifubao_account` FROM `eggcoin_withdrawals` WHERE `user_id` = 456  [ RunTime:0.0001s ]
NOTIC: [2] array_unique() expects parameter 1 to be array, null given /usr/local/nginx/html/lianyangji/Application/Admin/Controller/AdminUserController.class.php 第 135 行.
SQL: SELECT SUM(pay_price) AS tp_SUM FROM `eggcoin_withdrawals` WHERE `user_id` = 456 AND `pay_state` = 4 AND `state` = 2 LIMIT 1   [ RunTime:0.0001s ]
SQL: SELECT COUNT(*) AS tp_count FROM `eggcoin_invite_buy` WHERE `invite_user_id` = 456 LIMIT 1   [ RunTime:0.0002s ]
SQL: SELECT COUNT(*) AS tp_count FROM `eggcoin_invite_buy` WHERE `invite_user_id` = 456 AND `buy_state` = 1 LIMIT 1   [ RunTime:0.0003s ]
SQL: SELECT SUM(amount) AS tp_SUM FROM `eggcoin_eggcoin_record` WHERE `user_id` = 456 AND `state` = 1 AND `reason_type` = 1 LIMIT 1   [ RunTime:0.0014s ]
SQL: SELECT SUM(amount) AS tp_SUM FROM `eggcoin_eggcoin_record` WHERE `user_id` = 456 AND `state` = 1 AND `reason_type` = 3 LIMIT 1   [ RunTime:0.0013s ]
INFO: [ view_parse ] --START--
INFO: [ template_filter ] --START--
INFO: Run Behavior\ContentReplaceBehavior [ RunTime:0.000073s ]
INFO: [ template_filter ] --END-- [ RunTime:0.000091s ]
NOTIC: [8] Undefined index: mobile /usr/local/nginx/html/lianyangji/Application/Runtime/Cache/Admin/9b6e7e4f3b5c3453396df44c216a4b99.php 第 157 行.
NOTIC: [8] Undefined index: full_name /usr/local/nginx/html/lianyangji/Application/Runtime/Cache/Admin/9b6e7e4f3b5c3453396df44c216a4b99.php 第 158 行.
NOTIC: [8] Undefined index: id /usr/local/nginx/html/lianyangji/Application/Runtime/Cache/Admin/9b6e7e4f3b5c3453396df44c216a4b99.php 第 159 行.
INFO: Run Behavior\ParseTemplateBehavior [ RunTime:0.004516s ]
INFO: [ view_parse ] --END-- [ RunTime:0.004533s ]
INFO: [ view_filter ] --START--
INFO: Run Behavior\WriteHtmlCacheBehavior [ RunTime:0.000115s ]
INFO: [ view_filter ] --END-- [ RunTime:0.000132s ]
INFO: [ app_end ] --START--
INFO: Run Behavior\ShowPageTraceBehavior [ RunTime:0.000266s ]
INFO: [ app_end ] --END-- [ RunTime:0.000283s ]

[ 2018-03-22T00:41:19+08:00 ] 111.164.153.73 /AdminUser/index.html
INFO: [ app_init ] --START--
INFO: Run Behavior\BuildLiteBehavior [ RunTime:0.000009s ]
INFO: [ app_init ] --END-- [ RunTime:0.000309s ]
INFO: [ app_begin ] --START--
INFO: Run Behavior\ReadHtmlCacheBehavior [ RunTime:0.000302s ]
INFO: [ app_begin ] --END-- [ RunTime:0.000328s ]
SQL: SHOW COLUMNS FROM `eggcoin_user` [ RunTime:0.0008s ]
SQL: SELECT COUNT(*) AS tp_count FROM `eggcoin_user` LIMIT 1   [ RunTime:0.0003s ]
SQL: SELECT * FROM `eggcoin_user` ORDER BY `id` desc LIMIT 0,20   [ RunTime:0.0003s ]
SQL: SELECT `id`,`mobile`,`email`,`email_status`,`full_name`,`user_st`,`created_at`,`updated_at`,`invite_code`,`pic` FROM `eggcoin_user` WHERE `id` = 475 LIMIT 1   [ RunTime:0.0002s ]
SQL: SHOW COLUMNS FROM `eggcoin_user_wechatinfo` [ RunTime:0.0005s ]
SQL: SELECT `wx_open_id`,`wx_pic`,`wx_nick_name`,`unionid`,`province`,`city`,`country`,`sex`,`openid` FROM `eggcoin_user_wechatinfo` WHERE `user_id` = 475 LIMIT 1   [ RunTime:0.0002s ]
SQL: SHOW COLUMNS FROM `eggcoin_user_vip` [ RunTime:0.0005s ]
SQL: SELECT * FROM `eggcoin_user_vip` WHERE `user_id` = 475 LIMIT 1   [ RunTime:0.0002s ]
SQL: SHOW COLUMNS FROM `eggcoin_chicken` [ RunTime:0.0005s ]
SQL: SELECT COUNT(*) AS tp_count FROM `eggcoin_chicken` WHERE (  user_id= 475 and (state=4 or state=5) ) LIMIT 1   [ RunTime:0.0012s ]
SQL: SHOW COLUMNS FROM `eggcoin_wallet` [ RunTime:0.0005s ]
SQL: SELECT * FROM `eggcoin_wallet` WHERE `user_id` = 475 LIMIT 1   [ RunTime:0.0001s ]
SQL: SHOW COLUMNS FROM `eggcoin_recharge` [ RunTime:0.0005s ]
SQL: SELECT SUM(pay_price) AS tp_SUM FROM `eggcoin_recharge` WHERE ( user_id=475 ) LIMIT 1   [ RunTime:0.0002s ]
SQL: SHOW COLUMNS FROM `eggcoin_withdrawals` [ RunTime:0.0005s ]
SQL: SELECT `zhifubao_account` FROM `eggcoin_withdrawals` WHERE `user_id` = 475  [ RunTime:0.0002s ]
NOTIC: [2] array_unique() expects parameter 1 to be array, null given /usr/local/nginx/html/lianyangji/Application/Admin/Controller/AdminUserController.class.php 第 135 行.
SQL: SELECT SUM(pay_price) AS tp_SUM FROM `eggcoin_withdrawals` WHERE `user_id` = 475 AND `pay_state` = 4 AND `state` = 2 LIMIT 1   [ RunTime:0.0002s ]
SQL: SHOW COLUMNS FROM `eggcoin_invite_buy` [ RunTime:0.0004s ]
SQL: SELECT COUNT(*) AS tp_count FROM `eggcoin_invite_buy` WHERE `invite_user_id` = 475 LIMIT 1   [ RunTime:0.0003s ]
SQL: SELECT COUNT(*) AS tp_count FROM `eggcoin_invite_buy` WHERE `invite_user_id` = 475 AND `buy_state` = 1 LIMIT 1   [ RunTime:0.0003s ]
SQL: SHOW COLUMNS FROM `eggcoin_eggcoin_record` [ RunTime:0.0005s ]
SQL: SELECT SUM(amount) AS tp_SUM FROM `eggcoin_eggcoin_record` WHERE `user_id` = 475 AND `state` = 1 AND `reason_type` = 1 LIMIT 1   [ RunTime:0.0017s ]
SQL: SELECT SUM(amount) AS tp_SUM FROM `eggcoin_eggcoin_record` WHERE `user_id` = 475 AND `state` = 1 AND `reason_type` = 3 LIMIT 1   [ RunTime:0.0015s ]
SQL: SELECT `id`,`mobile`,`email`,`email_status`,`full_name`,`user_st`,`created_at`,`updated_at`,`invite_code`,`pic` FROM `eggcoin_user` WHERE `id` = 474 LIMIT 1   [ RunTime:0.0002s ]
SQL: SELECT `wx_open_id`,`wx_pic`,`wx_nick_name`,`unionid`,`province`,`city`,`country`,`sex`,`openid` FROM `eggcoin_user_wechatinfo` WHERE `user_id` = 474 LIMIT 1   [ RunTime:0.0002s ]
SQL: SELECT * FROM `eggcoin_user_vip` WHERE `user_id` = 474 LIMIT 1   [ RunTime:0.0002s ]
SQL: SELECT COUNT(*) AS tp_count FROM `eggcoin_chicken` WHERE (  user_id= 474 and (state=4 or state=5) ) LIMIT 1   [ RunTime:0.0012s ]
SQL: SELECT * FROM `eggcoin_wallet` WHERE `user_id` = 474 LIMIT 1   [ RunTime:0.0002s ]
SQL: SELECT SUM(pay_price) AS tp_SUM FROM `eggcoin_recharge` WHERE ( user_id=474 ) LIMIT 1   [ RunTime:0.0002s ]
SQL: SELECT `zhifubao_account` FROM `eggcoin_withdrawals` WHERE `user_id` = 474  [ RunTime:0.0001s ]
NOTIC: [2] array_unique() expects parameter 1 to be array, null given /usr/local/nginx/html/lianyangji/Application/Admin/Controller/AdminUserController.class.php 第 135 行.
SQL: SELECT SUM(pay_price) AS tp_SUM FROM `eggcoin_withdrawals` WHERE `user_id` = 474 AND `pay_state` = 4 AND `state` = 2 LIMIT 1   [ RunTime:0.0002s ]
SQL: SELECT COUNT(*) AS tp_count FROM `eggcoin_invite_buy` WHERE `invite_user_id` = 474 LIMIT 1   [ RunTime:0.0003s ]
SQL: SELECT COUNT(*) AS tp_count FROM `eggcoin_invite_buy` WHERE `invite_user_id` = 474 AND `buy_state` = 1 LIMIT 1   [ RunTime:0.0003s ]
SQL: SELECT SUM(amount) AS tp_SUM FROM `eggcoin_eggcoin_record` WHERE `user_id` = 474 AND `state` = 1 AND `reason_type` = 1 LIMIT 1   [ RunTime:0.0018s ]
SQL: SELECT SUM(amount) AS tp_SUM FROM `eggcoin_eggcoin_record` WHERE `user_id` = 474 AND `state` = 1 AND `reason_type` = 3 LIMIT 1   [ RunTime:0.0016s ]
SQL: SELECT `id`,`mobile`,`email`,`email_status`,`full_name`,`user_st`,`created_at`,`updated_at`,`invite_code`,`pic` FROM `eggcoin_user` WHERE `id` = 473 LIMIT 1   [ RunTime:0.0002s ]
SQL: SELECT `wx_open_id`,`wx_pic`,`wx_nick_name`,`unionid`,`province`,`city`,`country`,`sex`,`openid` FROM `eggcoin_user_wechatinfo` WHERE `user_id` = 473 LIMIT 1   [ RunTime:0.0002s ]
SQL: SELECT * FROM `eggcoin_user_vip` WHERE `user_id` = 473 LIMIT 1   [ RunTime:0.0002s ]
SQL: SELECT COUNT(*) AS tp_count FROM `eggcoin_chicken` WHERE (  user_id= 473 and (state=4 or state=5) ) LIMIT 1   [ RunTime:0.0010s ]
SQL: SELECT * FROM `eggcoin_wallet` WHERE `user_id` = 473 LIMIT 1   [ RunTime:0.0001s ]
SQL: SELECT SUM(pay_price) AS tp_SUM FROM `eggcoin_recharge` WHERE ( user_id=473 ) LIMIT 1   [ RunTime:0.0002s ]
SQL: SELECT `zhifubao_account` FROM `eggcoin_withdrawals` WHERE `user_id` = 473  [ RunTime:0.0001s ]
NOTIC: [2] array_unique() expects parameter 1 to be array, null given /usr/local/nginx/html/lianyangji/Application/Admin/Controller/AdminUserController.class.php 第 135 行.
SQL: SELECT SUM(pay_price) AS tp_SUM FROM `eggcoin_withdrawals` WHERE `user_id` = 473 AND `pay_state` = 4 AND `state` = 2 LIMIT 1   [ RunTime:0.0002s ]
SQL: SELECT COUNT(*) AS tp_count FROM `eggcoin_invite_buy` WHERE `invite_user_id` = 473 LIMIT 1   [ RunTime:0.0002s ]
SQL: SELECT COUNT(*) AS tp_count FROM `eggcoin_invite_buy` WHERE `invite_user_id` = 473 AND `buy_state` = 1 LIMIT 1   [ RunTime:0.0003s ]
SQL: SELECT SUM(amount) AS tp_SUM FROM `eggcoin_eggcoin_record` WHERE `user_id` = 473 AND `state` = 1 AND `reason_type` = 1 LIMIT 1   [ RunTime:0.0019s ]
SQL: SELECT SUM(amount) AS tp_SUM FROM `eggcoin_eggcoin_record` WHERE `user_id` = 473 AND `state` = 1 AND `reason_type` = 3 LIMIT 1   [ RunTime:0.0016s ]
SQL: SELECT `id`,`mobile`,`email`,`email_status`,`full_name`,`user_st`,`created_at`,`updated_at`,`invite_code`,`pic` FROM `eggcoin_user` WHERE `id` = 472 LIMIT 1   [ RunTime:0.0002s ]
SQL: SELECT `wx_open_id`,`wx_pic`,`wx_nick_name`,`unionid`,`province`,`city`,`country`,`sex`,`openid` FROM `eggcoin_user_wechatinfo` WHERE `user_id` = 472 LIMIT 1   [ RunTime:0.0002s ]
SQL: SELECT * FROM `eggcoin_user_vip` WHERE `user_id` = 472 LIMIT 1   [ RunTime:0.0002s ]
SQL: SELECT COUNT(*) AS tp_count FROM `eggcoin_chicken` WHERE (  user_id= 472 and (state=4 or state=5) ) LIMIT 1   [ RunTime:0.0009s ]
SQL: SELECT * FROM `eggcoin_wallet` WHERE `user_id` = 472 LIMIT 1   [ RunTime:0.0001s ]
SQL: SELECT SUM(pay_price) AS tp_SUM FROM `eggcoin_recharge` WHERE ( user_id=472 ) LIMIT 1   [ RunTime:0.0002s ]
SQL: SELECT `zhifubao_account` FROM `eggcoin_withdrawals` WHERE `user_id` = 472  [ RunTime:0.0002s ]
NOTIC: [2] array_unique() expects parameter 1 to be array, null given /usr/local/nginx/html/lianyangji/Application/Admin/Controller/AdminUserController.class.php 第 135 行.
SQL: SELECT SUM(pay_price) AS tp_SUM FROM `eggcoin_withdrawals` WHERE `user_id` = 472 AND `pay_state` = 4 AND `state` = 2 LIMIT 1   [ RunTime:0.0002s ]
SQL: SELECT COUNT(*) AS tp_count FROM `eggcoin_invite_buy` WHERE `invite_user_id` = 472 LIMIT 1   [ RunTime:0.0002s ]
SQL: SELECT COUNT(*) AS tp_count FROM `eggcoin_invite_buy` WHERE `invite_user_id` = 472 AND `buy_state` = 1 LIMIT 1   [ RunTime:0.0003s ]
SQL: SELECT SUM(amount) AS tp_SUM FROM `eggcoin_eggcoin_record` WHERE `user_id` = 472 AND `state` = 1 AND `reason_type` = 1 LIMIT 1   [ RunTime:0.0017s ]
SQL: SELECT SUM(amount) AS tp_SUM FROM `eggcoin_eggcoin_record` WHERE `user_id` = 472 AND `state` = 1 AND `reason_type` = 3 LIMIT 1   [ RunTime:0.0015s ]
SQL: SELECT `id`,`mobile`,`email`,`email_status`,`full_name`,`user_st`,`created_at`,`updated_at`,`invite_code`,`pic` FROM `eggcoin_user` WHERE `id` = 471 LIMIT 1   [ RunTime:0.0002s ]
SQL: SELECT `wx_open_id`,`wx_pic`,`wx_nick_name`,`unionid`,`province`,`city`,`country`,`sex`,`openid` FROM `eggcoin_user_wechatinfo` WHERE `user_id` = 471 LIMIT 1   [ RunTime:0.0002s ]
SQL: SELECT * FROM `eggcoin_user_vip` WHERE `user_id` = 471 LIMIT 1   [ RunTime:0.0002s ]
SQL: SELECT COUNT(*) AS tp_count FROM `eggcoin_chicken` WHERE (  user_id= 471 and (state=4 or state=5) ) LIMIT 1   [ RunTime:0.0012s ]
SQL: SELECT * FROM `eggcoin_wallet` WHERE `user_id` = 471 LIMIT 1   [ RunTime:0.0002s ]
SQL: SELECT SUM(pay_price) AS tp_SUM FROM `eggcoin_recharge` WHERE ( user_id=471 ) LIMIT 1   [ RunTime:0.0003s ]
SQL: SELECT `zhifubao_account` FROM `eggcoin_withdrawals` WHERE `user_id` = 471  [ RunTime:0.0001s ]
NOTIC: [2] array_unique() expects parameter 1 to be array, null given /usr/local/nginx/html/lianyangji/Application/Admin/Controller/AdminUserController.class.php 第 135 行.
SQL: SELECT SUM(pay_price) AS tp_SUM FROM `eggcoin_withdrawals` WHERE `user_id` = 471 AND `pay_state` = 4 AND `state` = 2 LIMIT 1   [ RunTime:0.0002s ]
SQL: SELECT COUNT(*) AS tp_count FROM `eggcoin_invite_buy` WHERE `invite_user_id` = 471 LIMIT 1   [ RunTime:0.0003s ]
SQL: SELECT COUNT(*) AS tp_count FROM `eggcoin_invite_buy` WHERE `invite_user_id` = 471 AND `buy_state` = 1 LIMIT 1   [ RunTime:0.0003s ]
SQL: SELECT SUM(amount) AS tp_SUM FROM `eggcoin_eggcoin_record` WHERE `user_id` = 471 AND `state` = 1 AND `reason_type` = 1 LIMIT 1   [ RunTime:0.0016s ]
SQL: SELECT SUM(amount) AS tp_SUM FROM `eggcoin_eggcoin_record` WHERE `user_id` = 471 AND `state` = 1 AND `reason_type` = 3 LIMIT 1   [ RunTime:0.0016s ]
SQL: SELECT `id`,`mobile`,`email`,`email_status`,`full_name`,`user_st`,`created_at`,`updated_at`,`invite_code`,`pic` FROM `eggcoin_user` WHERE `id` = 470 LIMIT 1   [ RunTime:0.0002s ]
SQL: SELECT `wx_open_id`,`wx_pic`,`wx_nick_name`,`unionid`,`province`,`city`,`country`,`sex`,`openid` FROM `eggcoin_user_wechatinfo` WHERE `user_id` = 470 LIMIT 1   [ RunTime:0.0002s ]
SQL: SELECT * FROM `eggcoin_user_vip` WHERE `user_id` = 470 LIMIT 1   [ RunTime:0.0001s ]
SQL: SELECT COUNT(*) AS tp_count FROM `eggcoin_chicken` WHERE (  user_id= 470 and (state=4 or state=5) ) LIMIT 1   [ RunTime:0.0010s ]
SQL: SELECT * FROM `eggcoin_wallet` WHERE `user_id` = 470 LIMIT 1   [ RunTime:0.0001s ]
SQL: SELECT SUM(pay_price) AS tp_SUM FROM `eggcoin_recharge` WHERE ( user_id=470 ) LIMIT 1   [ RunTime:0.0002s ]
SQL: SELECT `zhifubao_account` FROM `eggcoin_withdrawals` WHERE `user_id` = 470  [ RunTime:0.0001s ]
NOTIC: [2] array_unique() expects parameter 1 to be array, null given /usr/local/nginx/html/lianyangji/Application/Admin/Controller/AdminUserController.class.php 第 135 行.
SQL: SELECT SUM(pay_price) AS tp_SUM FROM `eggcoin_withdrawals` WHERE `user_id` = 470 AND `pay_state` = 4 AND `state` = 2 LIMIT 1   [ RunTime:0.0002s ]
SQL: SELECT COUNT(*) AS tp_count FROM `eggcoin_invite_buy` WHERE `invite_user_id` = 470 LIMIT 1   [ RunTime:0.0003s ]
SQL: SELECT COUNT(*) AS tp_count FROM `eggcoin_invite_buy` WHERE `invite_user_id` = 470 AND `buy_state` = 1 LIMIT 1   [ RunTime:0.0003s ]
SQL: SELECT SUM(amount) AS tp_SUM FROM `eggcoin_eggcoin_record` WHERE `user_id` = 470 AND `state` = 1 AND `reason_type` = 1 LIMIT 1   [ RunTime:0.0018s ]
SQL: SELECT SUM(amount) AS tp_SUM FROM `eggcoin_eggcoin_record` WHERE `user_id` = 470 AND `state` = 1 AND `reason_type` = 3 LIMIT 1   [ RunTime:0.0016s ]
SQL: SELECT `id`,`mobile`,`email`,`email_status`,`full_name`,`user_st`,`created_at`,`updated_at`,`invite_code`,`pic` FROM `eggcoin_user` WHERE `id` = 469 LIMIT 1   [ RunTime:0.0002s ]
SQL: SELECT `wx_open_id`,`wx_pic`,`wx_nick_name`,`unionid`,`province`,`city`,`country`,`sex`,`openid` FROM `eggcoin_user_wechatinfo` WHERE `user_id` = 469 LIMIT 1   [ RunTime:0.0002s ]
SQL: SELECT * FROM `eggcoin_user_vip` WHERE `user_id` = 469 LIMIT 1   [ RunTime:0.0002s ]
SQL: SELECT COUNT(*) AS tp_count FROM `eggcoin_chicken` WHERE (  user_id= 469 and (state=4 or state=5) ) LIMIT 1   [ RunTime:0.0010s ]
SQL: SELECT * FROM `eggcoin_wallet` WHERE `user_id` = 469 LIMIT 1   [ RunTime:0.0002s ]
SQL: SELECT SUM(pay_price) AS tp_SUM FROM `eggcoin_recharge` WHERE ( user_id=469 ) LIMIT 1   [ RunTime:0.0002s ]
SQL: SELECT `zhifubao_account` FROM `eggcoin_withdrawals` WHERE `user_id` = 469  [ RunTime:0.0002s ]
NOTIC: [2] array_unique() expects parameter 1 to be array, null given /usr/local/nginx/html/lianyangji/Application/Admin/Controller/AdminUserController.class.php 第 135 行.
SQL: SELECT SUM(pay_price) AS tp_SUM FROM `eggcoin_withdrawals` WHERE `user_id` = 469 AND `pay_state` = 4 AND `state` = 2 LIMIT 1   [ RunTime:0.0002s ]
SQL: SELECT COUNT(*) AS tp_count FROM `eggcoin_invite_buy` WHERE `invite_user_id` = 469 LIMIT 1   [ RunTime:0.0003s ]
SQL: SELECT COUNT(*) AS tp_count FROM `eggcoin_invite_buy` WHERE `invite_user_id` = 469 AND `buy_state` = 1 LIMIT 1   [ RunTime:0.0003s ]
SQL: SELECT SUM(amount) AS tp_SUM FROM `eggcoin_eggcoin_record` WHERE `user_id` = 469 AND `state` = 1 AND `reason_type` = 1 LIMIT 1   [ RunTime:0.0019s ]
SQL: SELECT SUM(amount) AS tp_SUM FROM `eggcoin_eggcoin_record` WHERE `user_id` = 469 AND `state` = 1 AND `reason_type` = 3 LIMIT 1   [ RunTime:0.0016s ]
SQL: SELECT `id`,`mobile`,`email`,`email_status`,`full_name`,`user_st`,`created_at`,`updated_at`,`invite_code`,`pic` FROM `eggcoin_user` WHERE `id` = 468 LIMIT 1   [ RunTime:0.0002s ]
SQL: SELECT `wx_open_id`,`wx_pic`,`wx_nick_name`,`unionid`,`province`,`city`,`country`,`sex`,`openid` FROM `eggcoin_user_wechatinfo` WHERE `user_id` = 468 LIMIT 1   [ RunTime:0.0002s ]
SQL: SELECT * FROM `eggcoin_user_vip` WHERE `user_id` = 468 LIMIT 1   [ RunTime:0.0001s ]
SQL: SELECT COUNT(*) AS tp_count FROM `eggcoin_chicken` WHERE (  user_id= 468 and (state=4 or state=5) ) LIMIT 1   [ RunTime:0.0011s ]
SQL: SELECT * FROM `eggcoin_wallet` WHERE `user_id` = 468 LIMIT 1   [ RunTime:0.0002s ]
SQL: SELECT SUM(pay_price) AS tp_SUM FROM `eggcoin_recharge` WHERE ( user_id=468 ) LIMIT 1   [ RunTime:0.0002s ]
SQL: SELECT `zhifubao_account` FROM `eggcoin_withdrawals` WHERE `user_id` = 468  [ RunTime:0.0001s ]
NOTIC: [2] array_unique() expects parameter 1 to be array, null given /usr/local/nginx/html/lianyangji/Application/Admin/Controller/AdminUserController.class.php 第 135 行.
SQL: SELECT SUM(pay_price) AS tp_SUM FROM `eggcoin_withdrawals` WHERE `user_id` = 468 AND `pay_state` = 4 AND `state` = 2 LIMIT 1   [ RunTime:0.0002s ]
SQL: SELECT COUNT(*) AS tp_count FROM `eggcoin_invite_buy` WHERE `invite_user_id` = 468 LIMIT 1   [ RunTime:0.0002s ]
SQL: SELECT COUNT(*) AS tp_count FROM `eggcoin_invite_buy` WHERE `invite_user_id` = 468 AND `buy_state` = 1 LIMIT 1   [ RunTime:0.0004s ]
SQL: SELECT SUM(amount) AS tp_SUM FROM `eggcoin_eggcoin_record` WHERE `user_id` = 468 AND `state` = 1 AND `reason_type` = 1 LIMIT 1   [ RunTime:0.0016s ]
SQL: SELECT SUM(amount) AS tp_SUM FROM `eggcoin_eggcoin_record` WHERE `user_id` = 468 AND `state` = 1 AND `reason_type` = 3 LIMIT 1   [ RunTime:0.0015s ]
SQL: SELECT `id`,`mobile`,`email`,`email_status`,`full_name`,`user_st`,`created_at`,`updated_at`,`invite_code`,`pic` FROM `eggcoin_user` WHERE `id` = 467 LIMIT 1   [ RunTime:0.0002s ]
SQL: SELECT `wx_open_id`,`wx_pic`,`wx_nick_name`,`unionid`,`province`,`city`,`country`,`sex`,`openid` FROM `eggcoin_user_wechatinfo` WHERE `user_id` = 467 LIMIT 1   [ RunTime:0.0002s ]
SQL: SELECT * FROM `eggcoin_user_vip` WHERE `user_id` = 467 LIMIT 1   [ RunTime:0.0001s ]
SQL: SELECT COUNT(*) AS tp_count FROM `eggcoin_chicken` WHERE (  user_id= 467 and (state=4 or state=5) ) LIMIT 1   [ RunTime:0.0011s ]
SQL: SELECT * FROM `eggcoin_wallet` WHERE `user_id` = 467 LIMIT 1   [ RunTime:0.0002s ]
SQL: SELECT SUM(pay_price) AS tp_SUM FROM `eggcoin_recharge` WHERE ( user_id=467 ) LIMIT 1   [ RunTime:0.0002s ]
SQL: SELECT `zhifubao_account` FROM `eggcoin_withdrawals` WHERE `user_id` = 467  [ RunTime:0.0002s ]
NOTIC: [2] array_unique() expects parameter 1 to be array, null given /usr/local/nginx/html/lianyangji/Application/Admin/Controller/AdminUserController.class.php 第 135 行.
SQL: SELECT SUM(pay_price) AS tp_SUM FROM `eggcoin_withdrawals` WHERE `user_id` = 467 AND `pay_state` = 4 AND `state` = 2 LIMIT 1   [ RunTime:0.0002s ]
SQL: SELECT COUNT(*) AS tp_count FROM `eggcoin_invite_buy` WHERE `invite_user_id` = 467 LIMIT 1   [ RunTime:0.0003s ]
SQL: SELECT COUNT(*) AS tp_count FROM `eggcoin_invite_buy` WHERE `invite_user_id` = 467 AND `buy_state` = 1 LIMIT 1   [ RunTime:0.0003s ]
SQL: SELECT SUM(amount) AS tp_SUM FROM `eggcoin_eggcoin_record` WHERE `user_id` = 467 AND `state` = 1 AND `reason_type` = 1 LIMIT 1   [ RunTime:0.0016s ]
SQL: SELECT SUM(amount) AS tp_SUM FROM `eggcoin_eggcoin_record` WHERE `user_id` = 467 AND `state` = 1 AND `reason_type` = 3 LIMIT 1   [ RunTime:0.0016s ]
SQL: SELECT `id`,`mobile`,`email`,`email_status`,`full_name`,`user_st`,`created_at`,`updated_at`,`invite_code`,`pic` FROM `eggcoin_user` WHERE `id` = 466 LIMIT 1   [ RunTime:0.0002s ]
SQL: SELECT `wx_open_id`,`wx_pic`,`wx_nick_name`,`unionid`,`province`,`city`,`country`,`sex`,`openid` FROM `eggcoin_user_wechatinfo` WHERE `user_id` = 466 LIMIT 1   [ RunTime:0.0002s ]
SQL: SELECT * FROM `eggcoin_user_vip` WHERE `user_id` = 466 LIMIT 1   [ RunTime:0.0001s ]
SQL: SELECT COUNT(*) AS tp_count FROM `eggcoin_chicken` WHERE (  user_id= 466 and (state=4 or state=5) ) LIMIT 1   [ RunTime:0.0010s ]
SQL: SELECT * FROM `eggcoin_wallet` WHERE `user_id` = 466 LIMIT 1   [ RunTime:0.0002s ]
SQL: SELECT SUM(pay_price) AS tp_SUM FROM `eggcoin_recharge` WHERE ( user_id=466 ) LIMIT 1   [ RunTime:0.0002s ]
SQL: SELECT `zhifubao_account` FROM `eggcoin_withdrawals` WHERE `user_id` = 466  [ RunTime:0.0001s ]
NOTIC: [2] array_unique() expects parameter 1 to be array, null given /usr/local/nginx/html/lianyangji/Application/Admin/Controller/AdminUserController.class.php 第 135 行.
SQL: SELECT SUM(pay_price) AS tp_SUM FROM `eggcoin_withdrawals` WHERE `user_id` = 466 AND `pay_state` = 4 AND `state` = 2 LIMIT 1   [ RunTime:0.0002s ]
SQL: SELECT COUNT(*) AS tp_count FROM `eggcoin_invite_buy` WHERE `invite_user_id` = 466 LIMIT 1   [ RunTime:0.0002s ]
SQL: SELECT COUNT(*) AS tp_count FROM `eggcoin_invite_buy` WHERE `invite_user_id` = 466 AND `buy_state` = 1 LIMIT 1   [ RunTime:0.0003s ]
SQL: SELECT SUM(amount) AS tp_SUM FROM `eggcoin_eggcoin_record` WHERE `user_id` = 466 AND `state` = 1 AND `reason_type` = 1 LIMIT 1   [ RunTime:0.0019s ]
SQL: SELECT SUM(amount) AS tp_SUM FROM `eggcoin_eggcoin_record` WHERE `user_id` = 466 AND `state` = 1 AND `reason_type` = 3 LIMIT 1   [ RunTime:0.0016s ]
SQL: SELECT `id`,`mobile`,`email`,`email_status`,`full_name`,`user_st`,`created_at`,`updated_at`,`invite_code`,`pic` FROM `eggcoin_user` WHERE `id` = 465 LIMIT 1   [ RunTime:0.0002s ]
SQL: SELECT `wx_open_id`,`wx_pic`,`wx_nick_name`,`unionid`,`province`,`city`,`country`,`sex`,`openid` FROM `eggcoin_user_wechatinfo` WHERE `user_id` = 465 LIMIT 1   [ RunTime:0.0002s ]
SQL: SELECT * FROM `eggcoin_user_vip` WHERE `user_id` = 465 LIMIT 1   [ RunTime:0.0001s ]
SQL: SELECT COUNT(*) AS tp_count FROM `eggcoin_chicken` WHERE (  user_id= 465 and (state=4 or state=5) ) LIMIT 1   [ RunTime:0.0010s ]
SQL: SELECT * FROM `eggcoin_wallet` WHERE `user_id` = 465 LIMIT 1   [ RunTime:0.0002s ]
SQL: SELECT SUM(pay_price) AS tp_SUM FROM `eggcoin_recharge` WHERE ( user_id=465 ) LIMIT 1   [ RunTime:0.0002s ]
SQL: SELECT `zhifubao_account` FROM `eggcoin_withdrawals` WHERE `user_id` = 465  [ RunTime:0.0002s ]
NOTIC: [2] array_unique() expects parameter 1 to be array, null given /usr/local/nginx/html/lianyangji/Application/Admin/Controller/AdminUserController.class.php 第 135 行.
SQL: SELECT SUM(pay_price) AS tp_SUM FROM `eggcoin_withdrawals` WHERE `user_id` = 465 AND `pay_state` = 4 AND `state` = 2 LIMIT 1   [ RunTime:0.0002s ]
SQL: SELECT COUNT(*) AS tp_count FROM `eggcoin_invite_buy` WHERE `invite_user_id` = 465 LIMIT 1   [ RunTime:0.0003s ]
SQL: SELECT COUNT(*) AS tp_count FROM `eggcoin_invite_buy` WHERE `invite_user_id` = 465 AND `buy_state` = 1 LIMIT 1   [ RunTime:0.0003s ]
SQL: SELECT SUM(amount) AS tp_SUM FROM `eggcoin_eggcoin_record` WHERE `user_id` = 465 AND `state` = 1 AND `reason_type` = 1 LIMIT 1   [ RunTime:0.0016s ]
SQL: SELECT SUM(amount) AS tp_SUM FROM `eggcoin_eggcoin_record` WHERE `user_id` = 465 AND `state` = 1 AND `reason_type` = 3 LIMIT 1   [ RunTime:0.0016s ]
SQL: SELECT `id`,`mobile`,`email`,`email_status`,`full_name`,`user_st`,`created_at`,`updated_at`,`invite_code`,`pic` FROM `eggcoin_user` WHERE `id` = 464 LIMIT 1   [ RunTime:0.0002s ]
SQL: SELECT `wx_open_id`,`wx_pic`,`wx_nick_name`,`unionid`,`province`,`city`,`country`,`sex`,`openid` FROM `eggcoin_user_wechatinfo` WHERE `user_id` = 464 LIMIT 1   [ RunTime:0.0002s ]
SQL: SELECT * FROM `eggcoin_user_vip` WHERE `user_id` = 464 LIMIT 1   [ RunTime:0.0002s ]
SQL: SELECT COUNT(*) AS tp_count FROM `eggcoin_chicken` WHERE (  user_id= 464 and (state=4 or state=5) ) LIMIT 1   [ RunTime:0.0011s ]
SQL: SELECT * FROM `eggcoin_wallet` WHERE `user_id` = 464 LIMIT 1   [ RunTime:0.0002s ]
SQL: SELECT SUM(pay_price) AS tp_SUM FROM `eggcoin_recharge` WHERE ( user_id=464 ) LIMIT 1   [ RunTime:0.0002s ]
SQL: SELECT `zhifubao_account` FROM `eggcoin_withdrawals` WHERE `user_id` = 464  [ RunTime:0.0001s ]
NOTIC: [2] array_unique() expects parameter 1 to be array, null given /usr/local/nginx/html/lianyangji/Application/Admin/Controller/AdminUserController.class.php 第 135 行.
SQL: SELECT SUM(pay_price) AS tp_SUM FROM `eggcoin_withdrawals` WHERE `user_id` = 464 AND `pay_state` = 4 AND `state` = 2 LIMIT 1   [ RunTime:0.0002s ]
SQL: SELECT COUNT(*) AS tp_count FROM `eggcoin_invite_buy` WHERE `invite_user_id` = 464 LIMIT 1   [ RunTime:0.0003s ]
SQL: SELECT COUNT(*) AS tp_count FROM `eggcoin_invite_buy` WHERE `invite_user_id` = 464 AND `buy_state` = 1 LIMIT 1   [ RunTime:0.0003s ]
SQL: SELECT SUM(amount) AS tp_SUM FROM `eggcoin_eggcoin_record` WHERE `user_id` = 464 AND `state` = 1 AND `reason_type` = 1 LIMIT 1   [ RunTime:0.0018s ]
SQL: SELECT SUM(amount) AS tp_SUM FROM `eggcoin_eggcoin_record` WHERE `user_id` = 464 AND `state` = 1 AND `reason_type` = 3 LIMIT 1   [ RunTime:0.0018s ]
SQL: SELECT `id`,`mobile`,`email`,`email_status`,`full_name`,`user_st`,`created_at`,`updated_at`,`invite_code`,`pic` FROM `eggcoin_user` WHERE `id` = 463 LIMIT 1   [ RunTime:0.0002s ]
SQL: SELECT `wx_open_id`,`wx_pic`,`wx_nick_name`,`unionid`,`province`,`city`,`country`,`sex`,`openid` FROM `eggcoin_user_wechatinfo` WHERE `user_id` = 463 LIMIT 1   [ RunTime:0.0002s ]
SQL: SELECT * FROM `eggcoin_user_vip` WHERE `user_id` = 463 LIMIT 1   [ RunTime:0.0001s ]
SQL: SELECT COUNT(*) AS tp_count FROM `eggcoin_chicken` WHERE (  user_id= 463 and (state=4 or state=5) ) LIMIT 1   [ RunTime:0.0011s ]
SQL: SELECT * FROM `eggcoin_wallet` WHERE `user_id` = 463 LIMIT 1   [ RunTime:0.0002s ]
SQL: SELECT SUM(pay_price) AS tp_SUM FROM `eggcoin_recharge` WHERE ( user_id=463 ) LIMIT 1   [ RunTime:0.0002s ]
SQL: SELECT `zhifubao_account` FROM `eggcoin_withdrawals` WHERE `user_id` = 463  [ RunTime:0.0002s ]
NOTIC: [2] array_unique() expects parameter 1 to be array, null given /usr/local/nginx/html/lianyangji/Application/Admin/Controller/AdminUserController.class.php 第 135 行.
SQL: SELECT SUM(pay_price) AS tp_SUM FROM `eggcoin_withdrawals` WHERE `user_id` = 463 AND `pay_state` = 4 AND `state` = 2 LIMIT 1   [ RunTime:0.0002s ]
SQL: SELECT COUNT(*) AS tp_count FROM `eggcoin_invite_buy` WHERE `invite_user_id` = 463 LIMIT 1   [ RunTime:0.0003s ]
SQL: SELECT COUNT(*) AS tp_count FROM `eggcoin_invite_buy` WHERE `invite_user_id` = 463 AND `buy_state` = 1 LIMIT 1   [ RunTime:0.0003s ]
SQL: SELECT SUM(amount) AS tp_SUM FROM `eggcoin_eggcoin_record` WHERE `user_id` = 463 AND `state` = 1 AND `reason_type` = 1 LIMIT 1   [ RunTime:0.0018s ]
SQL: SELECT SUM(amount) AS tp_SUM FROM `eggcoin_eggcoin_record` WHERE `user_id` = 463 AND `state` = 1 AND `reason_type` = 3 LIMIT 1   [ RunTime:0.0017s ]
SQL: SELECT `id`,`mobile`,`email`,`email_status`,`full_name`,`user_st`,`created_at`,`updated_at`,`invite_code`,`pic` FROM `eggcoin_user` WHERE `id` = 462 LIMIT 1   [ RunTime:0.0002s ]
SQL: SELECT `wx_open_id`,`wx_pic`,`wx_nick_name`,`unionid`,`province`,`city`,`country`,`sex`,`openid` FROM `eggcoin_user_wechatinfo` WHERE `user_id` = 462 LIMIT 1   [ RunTime:0.0002s ]
SQL: SELECT * FROM `eggcoin_user_vip` WHERE `user_id` = 462 LIMIT 1   [ RunTime:0.0002s ]
SQL: SELECT COUNT(*) AS tp_count FROM `eggcoin_chicken` WHERE (  user_id= 462 and (state=4 or state=5) ) LIMIT 1   [ RunTime:0.0010s ]
SQL: SELECT * FROM `eggcoin_wallet` WHERE `user_id` = 462 LIMIT 1   [ RunTime:0.0001s ]
SQL: SELECT SUM(pay_price) AS tp_SUM FROM `eggcoin_recharge` WHERE ( user_id=462 ) LIMIT 1   [ RunTime:0.0002s ]
SQL: SELECT `zhifubao_account` FROM `eggcoin_withdrawals` WHERE `user_id` = 462  [ RunTime:0.0002s ]
NOTIC: [2] array_unique() expects parameter 1 to be array, null given /usr/local/nginx/html/lianyangji/Application/Admin/Controller/AdminUserController.class.php 第 135 行.
SQL: SELECT SUM(pay_price) AS tp_SUM FROM `eggcoin_withdrawals` WHERE `user_id` = 462 AND `pay_state` = 4 AND `state` = 2 LIMIT 1   [ RunTime:0.0002s ]
SQL: SELECT COUNT(*) AS tp_count FROM `eggcoin_invite_buy` WHERE `invite_user_id` = 462 LIMIT 1   [ RunTime:0.0003s ]
SQL: SELECT COUNT(*) AS tp_count FROM `eggcoin_invite_buy` WHERE `invite_user_id` = 462 AND `buy_state` = 1 LIMIT 1   [ RunTime:0.0003s ]
SQL: SELECT SUM(amount) AS tp_SUM FROM `eggcoin_eggcoin_record` WHERE `user_id` = 462 AND `state` = 1 AND `reason_type` = 1 LIMIT 1   [ RunTime:0.0017s ]
SQL: SELECT SUM(amount) AS tp_SUM FROM `eggcoin_eggcoin_record` WHERE `user_id` = 462 AND `state` = 1 AND `reason_type` = 3 LIMIT 1   [ RunTime:0.0016s ]
SQL: SELECT `id`,`mobile`,`email`,`email_status`,`full_name`,`user_st`,`created_at`,`updated_at`,`invite_code`,`pic` FROM `eggcoin_user` WHERE `id` = 461 LIMIT 1   [ RunTime:0.0002s ]
SQL: SELECT `wx_open_id`,`wx_pic`,`wx_nick_name`,`unionid`,`province`,`city`,`country`,`sex`,`openid` FROM `eggcoin_user_wechatinfo` WHERE `user_id` = 461 LIMIT 1   [ RunTime:0.0002s ]
SQL: SELECT * FROM `eggcoin_user_vip` WHERE `user_id` = 461 LIMIT 1   [ RunTime:0.0001s ]
SQL: SELECT COUNT(*) AS tp_count FROM `eggcoin_chicken` WHERE (  user_id= 461 and (state=4 or state=5) ) LIMIT 1   [ RunTime:0.0010s ]
SQL: SELECT * FROM `eggcoin_wallet` WHERE `user_id` = 461 LIMIT 1   [ RunTime:0.0002s ]
SQL: SELECT SUM(pay_price) AS tp_SUM FROM `eggcoin_recharge` WHERE ( user_id=461 ) LIMIT 1   [ RunTime:0.0002s ]
SQL: SELECT `zhifubao_account` FROM `eggcoin_withdrawals` WHERE `user_id` = 461  [ RunTime:0.0001s ]
NOTIC: [2] array_unique() expects parameter 1 to be array, null given /usr/local/nginx/html/lianyangji/Application/Admin/Controller/AdminUserController.class.php 第 135 行.
SQL: SELECT SUM(pay_price) AS tp_SUM FROM `eggcoin_withdrawals` WHERE `user_id` = 461 AND `pay_state` = 4 AND `state` = 2 LIMIT 1   [ RunTime:0.0002s ]
SQL: SELECT COUNT(*) AS tp_count FROM `eggcoin_invite_buy` WHERE `invite_user_id` = 461 LIMIT 1   [ RunTime:0.0003s ]
SQL: SELECT COUNT(*) AS tp_count FROM `eggcoin_invite_buy` WHERE `invite_user_id` = 461 AND `buy_state` = 1 LIMIT 1   [ RunTime:0.0003s ]
SQL: SELECT SUM(amount) AS tp_SUM FROM `eggcoin_eggcoin_record` WHERE `user_id` = 461 AND `state` = 1 AND `reason_type` = 1 LIMIT 1   [ RunTime:0.0019s ]
SQL: SELECT SUM(amount) AS tp_SUM FROM `eggcoin_eggcoin_record` WHERE `user_id` = 461 AND `state` = 1 AND `reason_type` = 3 LIMIT 1   [ RunTime:0.0016s ]
SQL: SELECT `id`,`mobile`,`email`,`email_status`,`full_name`,`user_st`,`created_at`,`updated_at`,`invite_code`,`pic` FROM `eggcoin_user` WHERE `id` = 460 LIMIT 1   [ RunTime:0.0002s ]
SQL: SELECT `wx_open_id`,`wx_pic`,`wx_nick_name`,`unionid`,`province`,`city`,`country`,`sex`,`openid` FROM `eggcoin_user_wechatinfo` WHERE `user_id` = 460 LIMIT 1   [ RunTime:0.0002s ]
SQL: SELECT * FROM `eggcoin_user_vip` WHERE `user_id` = 460 LIMIT 1   [ RunTime:0.0002s ]
SQL: SELECT COUNT(*) AS tp_count FROM `eggcoin_chicken` WHERE (  user_id= 460 and (state=4 or state=5) ) LIMIT 1   [ RunTime:0.0010s ]
SQL: SELECT * FROM `eggcoin_wallet` WHERE `user_id` = 460 LIMIT 1   [ RunTime:0.0002s ]
SQL: SELECT SUM(pay_price) AS tp_SUM FROM `eggcoin_recharge` WHERE ( user_id=460 ) LIMIT 1   [ RunTime:0.0002s ]
SQL: SELECT `zhifubao_account` FROM `eggcoin_withdrawals` WHERE `user_id` = 460  [ RunTime:0.0001s ]
NOTIC: [2] array_unique() expects parameter 1 to be array, null given /usr/local/nginx/html/lianyangji/Application/Admin/Controller/AdminUserController.class.php 第 135 行.
SQL: SELECT SUM(pay_price) AS tp_SUM FROM `eggcoin_withdrawals` WHERE `user_id` = 460 AND `pay_state` = 4 AND `state` = 2 LIMIT 1   [ RunTime:0.0002s ]
SQL: SELECT COUNT(*) AS tp_count FROM `eggcoin_invite_buy` WHERE `invite_user_id` = 460 LIMIT 1   [ RunTime:0.0003s ]
SQL: SELECT COUNT(*) AS tp_count FROM `eggcoin_invite_buy` WHERE `invite_user_id` = 460 AND `buy_state` = 1 LIMIT 1   [ RunTime:0.0003s ]
SQL: SELECT SUM(amount) AS tp_SUM FROM `eggcoin_eggcoin_record` WHERE `user_id` = 460 AND `state` = 1 AND `reason_type` = 1 LIMIT 1   [ RunTime:0.0018s ]
SQL: SELECT SUM(amount) AS tp_SUM FROM `eggcoin_eggcoin_record` WHERE `user_id` = 460 AND `state` = 1 AND `reason_type` = 3 LIMIT 1   [ RunTime:0.0018s ]
SQL: SELECT `id`,`mobile`,`email`,`email_status`,`full_name`,`user_st`,`created_at`,`updated_at`,`invite_code`,`pic` FROM `eggcoin_user` WHERE `id` = 459 LIMIT 1   [ RunTime:0.0002s ]
SQL: SELECT `wx_open_id`,`wx_pic`,`wx_nick_name`,`unionid`,`province`,`city`,`country`,`sex`,`openid` FROM `eggcoin_user_wechatinfo` WHERE `user_id` = 459 LIMIT 1   [ RunTime:0.0002s ]
SQL: SELECT * FROM `eggcoin_user_vip` WHERE `user_id` = 459 LIMIT 1   [ RunTime:0.0001s ]
SQL: SELECT COUNT(*) AS tp_count FROM `eggcoin_chicken` WHERE (  user_id= 459 and (state=4 or state=5) ) LIMIT 1   [ RunTime:0.0010s ]
SQL: SELECT * FROM `eggcoin_wallet` WHERE `user_id` = 459 LIMIT 1   [ RunTime:0.0001s ]
SQL: SELECT SUM(pay_price) AS tp_SUM FROM `eggcoin_recharge` WHERE ( user_id=459 ) LIMIT 1   [ RunTime:0.0002s ]
SQL: SELECT `zhifubao_account` FROM `eggcoin_withdrawals` WHERE `user_id` = 459  [ RunTime:0.0002s ]
NOTIC: [2] array_unique() expects parameter 1 to be array, null given /usr/local/nginx/html/lianyangji/Application/Admin/Controller/AdminUserController.class.php 第 135 行.
SQL: SELECT SUM(pay_price) AS tp_SUM FROM `eggcoin_withdrawals` WHERE `user_id` = 459 AND `pay_state` = 4 AND `state` = 2 LIMIT 1   [ RunTime:0.0002s ]
SQL: SELECT COUNT(*) AS tp_count FROM `eggcoin_invite_buy` WHERE `invite_user_id` = 459 LIMIT 1   [ RunTime:0.0003s ]
SQL: SELECT COUNT(*) AS tp_count FROM `eggcoin_invite_buy` WHERE `invite_user_id` = 459 AND `buy_state` = 1 LIMIT 1   [ RunTime:0.0003s ]
SQL: SELECT SUM(amount) AS tp_SUM FROM `eggcoin_eggcoin_record` WHERE `user_id` = 459 AND `state` = 1 AND `reason_type` = 1 LIMIT 1   [ RunTime:0.0020s ]
SQL: SELECT SUM(amount) AS tp_SUM FROM `eggcoin_eggcoin_record` WHERE `user_id` = 459 AND `state` = 1 AND `reason_type` = 3 LIMIT 1   [ RunTime:0.0015s ]
SQL: SELECT `id`,`mobile`,`email`,`email_status`,`full_name`,`user_st`,`created_at`,`updated_at`,`invite_code`,`pic` FROM `eggcoin_user` WHERE `id` = 458 LIMIT 1   [ RunTime:0.0002s ]
SQL: SELECT `wx_open_id`,`wx_pic`,`wx_nick_name`,`unionid`,`province`,`city`,`country`,`sex`,`openid` FROM `eggcoin_user_wechatinfo` WHERE `user_id` = 458 LIMIT 1   [ RunTime:0.0002s ]
SQL: SELECT * FROM `eggcoin_user_vip` WHERE `user_id` = 458 LIMIT 1   [ RunTime:0.0002s ]
SQL: SELECT COUNT(*) AS tp_count FROM `eggcoin_chicken` WHERE (  user_id= 458 and (state=4 or state=5) ) LIMIT 1   [ RunTime:0.0014s ]
SQL: SELECT * FROM `eggcoin_wallet` WHERE `user_id` = 458 LIMIT 1   [ RunTime:0.0002s ]
SQL: SELECT SUM(pay_price) AS tp_SUM FROM `eggcoin_recharge` WHERE ( user_id=458 ) LIMIT 1   [ RunTime:0.0002s ]
SQL: SELECT `zhifubao_account` FROM `eggcoin_withdrawals` WHERE `user_id` = 458  [ RunTime:0.0002s ]
NOTIC: [2] array_unique() expects parameter 1 to be array, null given /usr/local/nginx/html/lianyangji/Application/Admin/Controller/AdminUserController.class.php 第 135 行.
SQL: SELECT SUM(pay_price) AS tp_SUM FROM `eggcoin_withdrawals` WHERE `user_id` = 458 AND `pay_state` = 4 AND `state` = 2 LIMIT 1   [ RunTime:0.0002s ]
SQL: SELECT COUNT(*) AS tp_count FROM `eggcoin_invite_buy` WHERE `invite_user_id` = 458 LIMIT 1   [ RunTime:0.0003s ]
SQL: SELECT COUNT(*) AS tp_count FROM `eggcoin_invite_buy` WHERE `invite_user_id` = 458 AND `buy_state` = 1 LIMIT 1   [ RunTime:0.0003s ]
SQL: SELECT SUM(amount) AS tp_SUM FROM `eggcoin_eggcoin_record` WHERE `user_id` = 458 AND `state` = 1 AND `reason_type` = 1 LIMIT 1   [ RunTime:0.0019s ]
SQL: SELECT SUM(amount) AS tp_SUM FROM `eggcoin_eggcoin_record` WHERE `user_id` = 458 AND `state` = 1 AND `reason_type` = 3 LIMIT 1   [ RunTime:0.0015s ]
SQL: SELECT `id`,`mobile`,`email`,`email_status`,`full_name`,`user_st`,`created_at`,`updated_at`,`invite_code`,`pic` FROM `eggcoin_user` WHERE `id` = 457 LIMIT 1   [ RunTime:0.0002s ]
SQL: SELECT `wx_open_id`,`wx_pic`,`wx_nick_name`,`unionid`,`province`,`city`,`country`,`sex`,`openid` FROM `eggcoin_user_wechatinfo` WHERE `user_id` = 457 LIMIT 1   [ RunTime:0.0002s ]
SQL: SELECT * FROM `eggcoin_user_vip` WHERE `user_id` = 457 LIMIT 1   [ RunTime:0.0002s ]
SQL: SELECT COUNT(*) AS tp_count FROM `eggcoin_chicken` WHERE (  user_id= 457 and (state=4 or state=5) ) LIMIT 1   [ RunTime:0.0011s ]
SQL: SELECT * FROM `eggcoin_wallet` WHERE `user_id` = 457 LIMIT 1   [ RunTime:0.0002s ]
SQL: SELECT SUM(pay_price) AS tp_SUM FROM `eggcoin_recharge` WHERE ( user_id=457 ) LIMIT 1   [ RunTime:0.0002s ]
SQL: SELECT `zhifubao_account` FROM `eggcoin_withdrawals` WHERE `user_id` = 457  [ RunTime:0.0002s ]
NOTIC: [2] array_unique() expects parameter 1 to be array, null given /usr/local/nginx/html/lianyangji/Application/Admin/Controller/AdminUserController.class.php 第 135 行.
SQL: SELECT SUM(pay_price) AS tp_SUM FROM `eggcoin_withdrawals` WHERE `user_id` = 457 AND `pay_state` = 4 AND `state` = 2 LIMIT 1   [ RunTime:0.0002s ]
SQL: SELECT COUNT(*) AS tp_count FROM `eggcoin_invite_buy` WHERE `invite_user_id` = 457 LIMIT 1   [ RunTime:0.0003s ]
SQL: SELECT COUNT(*) AS tp_count FROM `eggcoin_invite_buy` WHERE `invite_user_id` = 457 AND `buy_state` = 1 LIMIT 1   [ RunTime:0.0003s ]
SQL: SELECT SUM(amount) AS tp_SUM FROM `eggcoin_eggcoin_record` WHERE `user_id` = 457 AND `state` = 1 AND `reason_type` = 1 LIMIT 1   [ RunTime:0.0018s ]
SQL: SELECT SUM(amount) AS tp_SUM FROM `eggcoin_eggcoin_record` WHERE `user_id` = 457 AND `state` = 1 AND `reason_type` = 3 LIMIT 1   [ RunTime:0.0015s ]
SQL: SELECT `id`,`mobile`,`email`,`email_status`,`full_name`,`user_st`,`created_at`,`updated_at`,`invite_code`,`pic` FROM `eggcoin_user` WHERE `id` = 456 LIMIT 1   [ RunTime:0.0003s ]
SQL: SELECT `wx_open_id`,`wx_pic`,`wx_nick_name`,`unionid`,`province`,`city`,`country`,`sex`,`openid` FROM `eggcoin_user_wechatinfo` WHERE `user_id` = 456 LIMIT 1   [ RunTime:0.0002s ]
SQL: SELECT * FROM `eggcoin_user_vip` WHERE `user_id` = 456 LIMIT 1   [ RunTime:0.0002s ]
SQL: SELECT COUNT(*) AS tp_count FROM `eggcoin_chicken` WHERE (  user_id= 456 and (state=4 or state=5) ) LIMIT 1   [ RunTime:0.0010s ]
SQL: SELECT * FROM `eggcoin_wallet` WHERE `user_id` = 456 LIMIT 1   [ RunTime:0.0001s ]
SQL: SELECT SUM(pay_price) AS tp_SUM FROM `eggcoin_recharge` WHERE ( user_id=456 ) LIMIT 1   [ RunTime:0.0002s ]
SQL: SELECT `zhifubao_account` FROM `eggcoin_withdrawals` WHERE `user_id` = 456  [ RunTime:0.0002s ]
NOTIC: [2] array_unique() expects parameter 1 to be array, null given /usr/local/nginx/html/lianyangji/Application/Admin/Controller/AdminUserController.class.php 第 135 行.
SQL: SELECT SUM(pay_price) AS tp_SUM FROM `eggcoin_withdrawals` WHERE `user_id` = 456 AND `pay_state` = 4 AND `state` = 2 LIMIT 1   [ RunTime:0.0002s ]
SQL: SELECT COUNT(*) AS tp_count FROM `eggcoin_invite_buy` WHERE `invite_user_id` = 456 LIMIT 1   [ RunTime:0.0003s ]
SQL: SELECT COUNT(*) AS tp_count FROM `eggcoin_invite_buy` WHERE `invite_user_id` = 456 AND `buy_state` = 1 LIMIT 1   [ RunTime:0.0003s ]
SQL: SELECT SUM(amount) AS tp_SUM FROM `eggcoin_eggcoin_record` WHERE `user_id` = 456 AND `state` = 1 AND `reason_type` = 1 LIMIT 1   [ RunTime:0.0018s ]
SQL: SELECT SUM(amount) AS tp_SUM FROM `eggcoin_eggcoin_record` WHERE `user_id` = 456 AND `state` = 1 AND `reason_type` = 3 LIMIT 1   [ RunTime:0.0016s ]
INFO: [ view_parse ] --START--
INFO: [ template_filter ] --START--
INFO: Run Behavior\ContentReplaceBehavior [ RunTime:0.000052s ]
INFO: [ template_filter ] --END-- [ RunTime:0.000070s ]
NOTIC: [8] Undefined index: mobile /usr/local/nginx/html/lianyangji/Application/Runtime/Cache/Admin/9b6e7e4f3b5c3453396df44c216a4b99.php 第 157 行.
NOTIC: [8] Undefined index: full_name /usr/local/nginx/html/lianyangji/Application/Runtime/Cache/Admin/9b6e7e4f3b5c3453396df44c216a4b99.php 第 158 行.
NOTIC: [8] Undefined index: id /usr/local/nginx/html/lianyangji/Application/Runtime/Cache/Admin/9b6e7e4f3b5c3453396df44c216a4b99.php 第 159 行.
INFO: Run Behavior\ParseTemplateBehavior [ RunTime:0.005555s ]
INFO: [ view_parse ] --END-- [ RunTime:0.005575s ]
INFO: [ view_filter ] --START--
INFO: Run Behavior\WriteHtmlCacheBehavior [ RunTime:0.000105s ]
INFO: [ view_filter ] --END-- [ RunTime:0.000122s ]
INFO: [ app_end ] --START--
INFO: Run Behavior\ShowPageTraceBehavior [ RunTime:0.000326s ]
INFO: [ app_end ] --END-- [ RunTime:0.000346s ]

