[ 2018-03-23T00:03:21+08:00 ] 111.164.153.73 /AdminUser/index.html
INFO: [ app_init ] --START--
INFO: Run Behavior\BuildLiteBehavior [ RunTime:0.000008s ]
INFO: [ app_init ] --END-- [ RunTime:0.000284s ]
INFO: [ app_begin ] --START--
INFO: Run Behavior\ReadHtmlCacheBehavior [ RunTime:0.000309s ]
INFO: [ app_begin ] --END-- [ RunTime:0.000333s ]

[ 2018-03-23T00:03:26+08:00 ] 111.164.153.73 /AdminLogin/login.html
INFO: [ app_init ] --START--
INFO: Run Behavior\BuildLiteBehavior [ RunTime:0.000007s ]
INFO: [ app_init ] --END-- [ RunTime:0.000246s ]
INFO: [ app_begin ] --START--
INFO: Run Behavior\ReadHtmlCacheBehavior [ RunTime:0.000214s ]
INFO: [ app_begin ] --END-- [ RunTime:0.000232s ]
INFO: [ view_parse ] --START--
INFO: [ template_filter ] --START--
INFO: Run Behavior\ContentReplaceBehavior [ RunTime:0.000026s ]
INFO: [ template_filter ] --END-- [ RunTime:0.000044s ]
INFO: Run Behavior\ParseTemplateBehavior [ RunTime:0.002543s ]
INFO: [ view_parse ] --END-- [ RunTime:0.002559s ]
INFO: [ view_filter ] --START--
INFO: Run Behavior\WriteHtmlCacheBehavior [ RunTime:0.000074s ]
INFO: [ view_filter ] --END-- [ RunTime:0.000085s ]
INFO: [ app_end ] --START--
INFO: Run Behavior\ShowPageTraceBehavior [ RunTime:0.000233s ]
INFO: [ app_end ] --END-- [ RunTime:0.000247s ]

[ 2018-03-23T00:03:37+08:00 ] 111.164.153.73 /AdminLogin/login.html
INFO: [ app_init ] --START--
INFO: Run Behavior\BuildLiteBehavior [ RunTime:0.000008s ]
INFO: [ app_init ] --END-- [ RunTime:0.000176s ]
INFO: [ app_begin ] --START--
INFO: Run Behavior\ReadHtmlCacheBehavior [ RunTime:0.000246s ]
INFO: [ app_begin ] --END-- [ RunTime:0.000268s ]
SQL: SHOW COLUMNS FROM `eggcoin_admin_user` [ RunTime:0.0007s ]
SQL: SELECT * FROM `eggcoin_admin_user` WHERE `mobile` = '18510249173' AND `pass_wd` = '202cb962ac59075b964b07152d234b70' AND `user_st` = 1 LIMIT 1   [ RunTime:0.0002s ]

[ 2018-03-23T00:03:37+08:00 ] 111.164.153.73 /AdminIndex/index.html
INFO: [ app_init ] --START--
INFO: Run Behavior\BuildLiteBehavior [ RunTime:0.000009s ]
INFO: [ app_init ] --END-- [ RunTime:0.000240s ]
INFO: [ app_begin ] --START--
INFO: Run Behavior\ReadHtmlCacheBehavior [ RunTime:0.000254s ]
INFO: [ app_begin ] --END-- [ RunTime:0.000273s ]
INFO: [ view_parse ] --START--
INFO: [ template_filter ] --START--
INFO: Run Behavior\ContentReplaceBehavior [ RunTime:0.000078s ]
INFO: [ template_filter ] --END-- [ RunTime:0.000104s ]
INFO: Run Behavior\ParseTemplateBehavior [ RunTime:0.004692s ]
INFO: [ view_parse ] --END-- [ RunTime:0.004711s ]
INFO: [ view_filter ] --START--
INFO: Run Behavior\WriteHtmlCacheBehavior [ RunTime:0.000098s ]
INFO: [ view_filter ] --END-- [ RunTime:0.000122s ]
INFO: [ app_end ] --START--
INFO: Run Behavior\ShowPageTraceBehavior [ RunTime:0.000335s ]
INFO: [ app_end ] --END-- [ RunTime:0.000351s ]

[ 2018-03-23T00:03:41+08:00 ] 111.164.153.73 /AdminUser/index.html
INFO: [ app_init ] --START--
INFO: Run Behavior\BuildLiteBehavior [ RunTime:0.000007s ]
INFO: [ app_init ] --END-- [ RunTime:0.000204s ]
INFO: [ app_begin ] --START--
INFO: Run Behavior\ReadHtmlCacheBehavior [ RunTime:0.000244s ]
INFO: [ app_begin ] --END-- [ RunTime:0.000263s ]
SQL: SHOW COLUMNS FROM `eggcoin_user` [ RunTime:0.0008s ]
SQL: SELECT COUNT(*) AS tp_count FROM `eggcoin_user` LIMIT 1   [ RunTime:0.0004s ]
SQL: SELECT * FROM `eggcoin_user` ORDER BY `id` desc LIMIT 0,20   [ RunTime:0.0004s ]
SQL: SELECT `id`,`mobile`,`email`,`email_status`,`full_name`,`user_st`,`created_at`,`updated_at`,`invite_code`,`pic` FROM `eggcoin_user` WHERE `id` = 491 LIMIT 1   [ RunTime:0.0003s ]
SQL: SHOW COLUMNS FROM `eggcoin_user_wechatinfo` [ RunTime:0.0005s ]
SQL: SELECT `wx_open_id`,`wx_pic`,`wx_nick_name`,`unionid`,`province`,`city`,`country`,`sex`,`openid` FROM `eggcoin_user_wechatinfo` WHERE `user_id` = 491 LIMIT 1   [ RunTime:0.0002s ]
SQL: SHOW COLUMNS FROM `eggcoin_user_vip` [ RunTime:0.0005s ]
SQL: SELECT * FROM `eggcoin_user_vip` WHERE `user_id` = 491 LIMIT 1   [ RunTime:0.0002s ]
SQL: SHOW COLUMNS FROM `eggcoin_chicken` [ RunTime:0.0006s ]
SQL: SELECT COUNT(*) AS tp_count FROM `eggcoin_chicken` WHERE (  user_id= 491 and (state=4 or state=5) ) LIMIT 1   [ RunTime:0.0006s ]
SQL: SHOW COLUMNS FROM `eggcoin_wallet` [ RunTime:0.0005s ]
SQL: SELECT * FROM `eggcoin_wallet` WHERE `user_id` = 491 LIMIT 1   [ RunTime:0.0002s ]
SQL: SHOW COLUMNS FROM `eggcoin_recharge` [ RunTime:0.0006s ]
SQL: SELECT SUM(pay_price) AS tp_SUM FROM `eggcoin_recharge` WHERE ( user_id=491 ) LIMIT 1   [ RunTime:0.0002s ]
SQL: SHOW COLUMNS FROM `eggcoin_withdrawals` [ RunTime:0.0005s ]
SQL: SELECT `zhifubao_account` FROM `eggcoin_withdrawals` WHERE `user_id` = 491  [ RunTime:0.0002s ]
NOTIC: [2] array_unique() expects parameter 1 to be array, null given /usr/local/nginx/html/lianyangji/Application/Admin/Controller/AdminUserController.class.php 第 135 行.
SQL: SELECT SUM(pay_price) AS tp_SUM FROM `eggcoin_withdrawals` WHERE `user_id` = 491 AND `pay_state` = 4 AND `state` = 2 LIMIT 1   [ RunTime:0.0002s ]
SQL: SHOW COLUMNS FROM `eggcoin_invite_buy` [ RunTime:0.0006s ]
SQL: SELECT COUNT(*) AS tp_count FROM `eggcoin_invite_buy` WHERE `invite_user_id` = 491 LIMIT 1   [ RunTime:0.0004s ]
SQL: SELECT COUNT(*) AS tp_count FROM `eggcoin_invite_buy` WHERE `invite_user_id` = 491 AND `buy_state` = 1 LIMIT 1   [ RunTime:0.0003s ]
SQL: SHOW COLUMNS FROM `eggcoin_eggcoin_record` [ RunTime:0.0006s ]
SQL: SELECT SUM(amount) AS tp_SUM FROM `eggcoin_eggcoin_record` WHERE `user_id` = 491 AND `state` = 1 AND `reason_type` = 1 LIMIT 1   [ RunTime:0.0024s ]
SQL: SELECT SUM(amount) AS tp_SUM FROM `eggcoin_eggcoin_record` WHERE `user_id` = 491 AND `state` = 1 AND `reason_type` = 3 LIMIT 1   [ RunTime:0.0020s ]
SQL: SELECT `id`,`mobile`,`email`,`email_status`,`full_name`,`user_st`,`created_at`,`updated_at`,`invite_code`,`pic` FROM `eggcoin_user` WHERE `id` = 490 LIMIT 1   [ RunTime:0.0002s ]
SQL: SELECT `wx_open_id`,`wx_pic`,`wx_nick_name`,`unionid`,`province`,`city`,`country`,`sex`,`openid` FROM `eggcoin_user_wechatinfo` WHERE `user_id` = 490 LIMIT 1   [ RunTime:0.0002s ]
SQL: SELECT * FROM `eggcoin_user_vip` WHERE `user_id` = 490 LIMIT 1   [ RunTime:0.0002s ]
SQL: SELECT COUNT(*) AS tp_count FROM `eggcoin_chicken` WHERE (  user_id= 490 and (state=4 or state=5) ) LIMIT 1   [ RunTime:0.0006s ]
SQL: SELECT * FROM `eggcoin_wallet` WHERE `user_id` = 490 LIMIT 1   [ RunTime:0.0002s ]
SQL: SELECT SUM(pay_price) AS tp_SUM FROM `eggcoin_recharge` WHERE ( user_id=490 ) LIMIT 1   [ RunTime:0.0002s ]
SQL: SELECT `zhifubao_account` FROM `eggcoin_withdrawals` WHERE `user_id` = 490  [ RunTime:0.0001s ]
NOTIC: [2] array_unique() expects parameter 1 to be array, null given /usr/local/nginx/html/lianyangji/Application/Admin/Controller/AdminUserController.class.php 第 135 行.
SQL: SELECT SUM(pay_price) AS tp_SUM FROM `eggcoin_withdrawals` WHERE `user_id` = 490 AND `pay_state` = 4 AND `state` = 2 LIMIT 1   [ RunTime:0.0001s ]
SQL: SELECT COUNT(*) AS tp_count FROM `eggcoin_invite_buy` WHERE `invite_user_id` = 490 LIMIT 1   [ RunTime:0.0003s ]
SQL: SELECT COUNT(*) AS tp_count FROM `eggcoin_invite_buy` WHERE `invite_user_id` = 490 AND `buy_state` = 1 LIMIT 1   [ RunTime:0.0003s ]
SQL: SELECT SUM(amount) AS tp_SUM FROM `eggcoin_eggcoin_record` WHERE `user_id` = 490 AND `state` = 1 AND `reason_type` = 1 LIMIT 1   [ RunTime:0.0025s ]
SQL: SELECT SUM(amount) AS tp_SUM FROM `eggcoin_eggcoin_record` WHERE `user_id` = 490 AND `state` = 1 AND `reason_type` = 3 LIMIT 1   [ RunTime:0.0018s ]
SQL: SELECT `id`,`mobile`,`email`,`email_status`,`full_name`,`user_st`,`created_at`,`updated_at`,`invite_code`,`pic` FROM `eggcoin_user` WHERE `id` = 489 LIMIT 1   [ RunTime:0.0002s ]
SQL: SELECT `wx_open_id`,`wx_pic`,`wx_nick_name`,`unionid`,`province`,`city`,`country`,`sex`,`openid` FROM `eggcoin_user_wechatinfo` WHERE `user_id` = 489 LIMIT 1   [ RunTime:0.0002s ]
SQL: SELECT * FROM `eggcoin_user_vip` WHERE `user_id` = 489 LIMIT 1   [ RunTime:0.0002s ]
SQL: SELECT COUNT(*) AS tp_count FROM `eggcoin_chicken` WHERE (  user_id= 489 and (state=4 or state=5) ) LIMIT 1   [ RunTime:0.0006s ]
SQL: SELECT * FROM `eggcoin_wallet` WHERE `user_id` = 489 LIMIT 1   [ RunTime:0.0002s ]
SQL: SELECT SUM(pay_price) AS tp_SUM FROM `eggcoin_recharge` WHERE ( user_id=489 ) LIMIT 1   [ RunTime:0.0002s ]
SQL: SELECT `zhifubao_account` FROM `eggcoin_withdrawals` WHERE `user_id` = 489  [ RunTime:0.0002s ]
NOTIC: [2] array_unique() expects parameter 1 to be array, null given /usr/local/nginx/html/lianyangji/Application/Admin/Controller/AdminUserController.class.php 第 135 行.
SQL: SELECT SUM(pay_price) AS tp_SUM FROM `eggcoin_withdrawals` WHERE `user_id` = 489 AND `pay_state` = 4 AND `state` = 2 LIMIT 1   [ RunTime:0.0002s ]
SQL: SELECT COUNT(*) AS tp_count FROM `eggcoin_invite_buy` WHERE `invite_user_id` = 489 LIMIT 1   [ RunTime:0.0003s ]
SQL: SELECT COUNT(*) AS tp_count FROM `eggcoin_invite_buy` WHERE `invite_user_id` = 489 AND `buy_state` = 1 LIMIT 1   [ RunTime:0.0004s ]
SQL: SELECT SUM(amount) AS tp_SUM FROM `eggcoin_eggcoin_record` WHERE `user_id` = 489 AND `state` = 1 AND `reason_type` = 1 LIMIT 1   [ RunTime:0.0024s ]
SQL: SELECT SUM(amount) AS tp_SUM FROM `eggcoin_eggcoin_record` WHERE `user_id` = 489 AND `state` = 1 AND `reason_type` = 3 LIMIT 1   [ RunTime:0.0022s ]
SQL: SELECT `id`,`mobile`,`email`,`email_status`,`full_name`,`user_st`,`created_at`,`updated_at`,`invite_code`,`pic` FROM `eggcoin_user` WHERE `id` = 488 LIMIT 1   [ RunTime:0.0002s ]
SQL: SELECT `wx_open_id`,`wx_pic`,`wx_nick_name`,`unionid`,`province`,`city`,`country`,`sex`,`openid` FROM `eggcoin_user_wechatinfo` WHERE `user_id` = 488 LIMIT 1   [ RunTime:0.0002s ]
SQL: SELECT * FROM `eggcoin_user_vip` WHERE `user_id` = 488 LIMIT 1   [ RunTime:0.0002s ]
SQL: SELECT COUNT(*) AS tp_count FROM `eggcoin_chicken` WHERE (  user_id= 488 and (state=4 or state=5) ) LIMIT 1   [ RunTime:0.0006s ]
SQL: SELECT * FROM `eggcoin_wallet` WHERE `user_id` = 488 LIMIT 1   [ RunTime:0.0002s ]
SQL: SELECT SUM(pay_price) AS tp_SUM FROM `eggcoin_recharge` WHERE ( user_id=488 ) LIMIT 1   [ RunTime:0.0002s ]
SQL: SELECT `zhifubao_account` FROM `eggcoin_withdrawals` WHERE `user_id` = 488  [ RunTime:0.0001s ]
NOTIC: [2] array_unique() expects parameter 1 to be array, null given /usr/local/nginx/html/lianyangji/Application/Admin/Controller/AdminUserController.class.php 第 135 行.
SQL: SELECT SUM(pay_price) AS tp_SUM FROM `eggcoin_withdrawals` WHERE `user_id` = 488 AND `pay_state` = 4 AND `state` = 2 LIMIT 1   [ RunTime:0.0002s ]
SQL: SELECT COUNT(*) AS tp_count FROM `eggcoin_invite_buy` WHERE `invite_user_id` = 488 LIMIT 1   [ RunTime:0.0003s ]
SQL: SELECT COUNT(*) AS tp_count FROM `eggcoin_invite_buy` WHERE `invite_user_id` = 488 AND `buy_state` = 1 LIMIT 1   [ RunTime:0.0004s ]
SQL: SELECT SUM(amount) AS tp_SUM FROM `eggcoin_eggcoin_record` WHERE `user_id` = 488 AND `state` = 1 AND `reason_type` = 1 LIMIT 1   [ RunTime:0.0023s ]
SQL: SELECT SUM(amount) AS tp_SUM FROM `eggcoin_eggcoin_record` WHERE `user_id` = 488 AND `state` = 1 AND `reason_type` = 3 LIMIT 1   [ RunTime:0.0019s ]
SQL: SELECT `id`,`mobile`,`email`,`email_status`,`full_name`,`user_st`,`created_at`,`updated_at`,`invite_code`,`pic` FROM `eggcoin_user` WHERE `id` = 487 LIMIT 1   [ RunTime:0.0002s ]
SQL: SELECT `wx_open_id`,`wx_pic`,`wx_nick_name`,`unionid`,`province`,`city`,`country`,`sex`,`openid` FROM `eggcoin_user_wechatinfo` WHERE `user_id` = 487 LIMIT 1   [ RunTime:0.0002s ]
SQL: SELECT * FROM `eggcoin_user_vip` WHERE `user_id` = 487 LIMIT 1   [ RunTime:0.0001s ]
SQL: SELECT COUNT(*) AS tp_count FROM `eggcoin_chicken` WHERE (  user_id= 487 and (state=4 or state=5) ) LIMIT 1   [ RunTime:0.0006s ]
SQL: SELECT * FROM `eggcoin_wallet` WHERE `user_id` = 487 LIMIT 1   [ RunTime:0.0002s ]
SQL: SELECT SUM(pay_price) AS tp_SUM FROM `eggcoin_recharge` WHERE ( user_id=487 ) LIMIT 1   [ RunTime:0.0002s ]
SQL: SELECT `zhifubao_account` FROM `eggcoin_withdrawals` WHERE `user_id` = 487  [ RunTime:0.0001s ]
NOTIC: [2] array_unique() expects parameter 1 to be array, null given /usr/local/nginx/html/lianyangji/Application/Admin/Controller/AdminUserController.class.php 第 135 行.
SQL: SELECT SUM(pay_price) AS tp_SUM FROM `eggcoin_withdrawals` WHERE `user_id` = 487 AND `pay_state` = 4 AND `state` = 2 LIMIT 1   [ RunTime:0.0002s ]
SQL: SELECT COUNT(*) AS tp_count FROM `eggcoin_invite_buy` WHERE `invite_user_id` = 487 LIMIT 1   [ RunTime:0.0003s ]
SQL: SELECT COUNT(*) AS tp_count FROM `eggcoin_invite_buy` WHERE `invite_user_id` = 487 AND `buy_state` = 1 LIMIT 1   [ RunTime:0.0002s ]
SQL: SELECT SUM(amount) AS tp_SUM FROM `eggcoin_eggcoin_record` WHERE `user_id` = 487 AND `state` = 1 AND `reason_type` = 1 LIMIT 1   [ RunTime:0.0023s ]
SQL: SELECT SUM(amount) AS tp_SUM FROM `eggcoin_eggcoin_record` WHERE `user_id` = 487 AND `state` = 1 AND `reason_type` = 3 LIMIT 1   [ RunTime:0.0024s ]
SQL: SELECT `id`,`mobile`,`email`,`email_status`,`full_name`,`user_st`,`created_at`,`updated_at`,`invite_code`,`pic` FROM `eggcoin_user` WHERE `id` = 486 LIMIT 1   [ RunTime:0.0002s ]
SQL: SELECT `wx_open_id`,`wx_pic`,`wx_nick_name`,`unionid`,`province`,`city`,`country`,`sex`,`openid` FROM `eggcoin_user_wechatinfo` WHERE `user_id` = 486 LIMIT 1   [ RunTime:0.0002s ]
SQL: SELECT * FROM `eggcoin_user_vip` WHERE `user_id` = 486 LIMIT 1   [ RunTime:0.0002s ]
SQL: SELECT COUNT(*) AS tp_count FROM `eggcoin_chicken` WHERE (  user_id= 486 and (state=4 or state=5) ) LIMIT 1   [ RunTime:0.0006s ]
SQL: SELECT * FROM `eggcoin_wallet` WHERE `user_id` = 486 LIMIT 1   [ RunTime:0.0002s ]
SQL: SELECT SUM(pay_price) AS tp_SUM FROM `eggcoin_recharge` WHERE ( user_id=486 ) LIMIT 1   [ RunTime:0.0002s ]
SQL: SELECT `zhifubao_account` FROM `eggcoin_withdrawals` WHERE `user_id` = 486  [ RunTime:0.0002s ]
NOTIC: [2] array_unique() expects parameter 1 to be array, null given /usr/local/nginx/html/lianyangji/Application/Admin/Controller/AdminUserController.class.php 第 135 行.
SQL: SELECT SUM(pay_price) AS tp_SUM FROM `eggcoin_withdrawals` WHERE `user_id` = 486 AND `pay_state` = 4 AND `state` = 2 LIMIT 1   [ RunTime:0.0002s ]
SQL: SELECT COUNT(*) AS tp_count FROM `eggcoin_invite_buy` WHERE `invite_user_id` = 486 LIMIT 1   [ RunTime:0.0003s ]
SQL: SELECT COUNT(*) AS tp_count FROM `eggcoin_invite_buy` WHERE `invite_user_id` = 486 AND `buy_state` = 1 LIMIT 1   [ RunTime:0.0003s ]
SQL: SELECT SUM(amount) AS tp_SUM FROM `eggcoin_eggcoin_record` WHERE `user_id` = 486 AND `state` = 1 AND `reason_type` = 1 LIMIT 1   [ RunTime:0.0022s ]
SQL: SELECT SUM(amount) AS tp_SUM FROM `eggcoin_eggcoin_record` WHERE `user_id` = 486 AND `state` = 1 AND `reason_type` = 3 LIMIT 1   [ RunTime:0.0018s ]
SQL: SELECT `id`,`mobile`,`email`,`email_status`,`full_name`,`user_st`,`created_at`,`updated_at`,`invite_code`,`pic` FROM `eggcoin_user` WHERE `id` = 485 LIMIT 1   [ RunTime:0.0002s ]
SQL: SELECT `wx_open_id`,`wx_pic`,`wx_nick_name`,`unionid`,`province`,`city`,`country`,`sex`,`openid` FROM `eggcoin_user_wechatinfo` WHERE `user_id` = 485 LIMIT 1   [ RunTime:0.0002s ]
SQL: SELECT * FROM `eggcoin_user_vip` WHERE `user_id` = 485 LIMIT 1   [ RunTime:0.0001s ]
SQL: SELECT COUNT(*) AS tp_count FROM `eggcoin_chicken` WHERE (  user_id= 485 and (state=4 or state=5) ) LIMIT 1   [ RunTime:0.0006s ]
SQL: SELECT * FROM `eggcoin_wallet` WHERE `user_id` = 485 LIMIT 1   [ RunTime:0.0002s ]
SQL: SELECT SUM(pay_price) AS tp_SUM FROM `eggcoin_recharge` WHERE ( user_id=485 ) LIMIT 1   [ RunTime:0.0002s ]
SQL: SELECT `zhifubao_account` FROM `eggcoin_withdrawals` WHERE `user_id` = 485  [ RunTime:0.0002s ]
NOTIC: [2] array_unique() expects parameter 1 to be array, null given /usr/local/nginx/html/lianyangji/Application/Admin/Controller/AdminUserController.class.php 第 135 行.
SQL: SELECT SUM(pay_price) AS tp_SUM FROM `eggcoin_withdrawals` WHERE `user_id` = 485 AND `pay_state` = 4 AND `state` = 2 LIMIT 1   [ RunTime:0.0002s ]
SQL: SELECT COUNT(*) AS tp_count FROM `eggcoin_invite_buy` WHERE `invite_user_id` = 485 LIMIT 1   [ RunTime:0.0003s ]
SQL: SELECT COUNT(*) AS tp_count FROM `eggcoin_invite_buy` WHERE `invite_user_id` = 485 AND `buy_state` = 1 LIMIT 1   [ RunTime:0.0003s ]
SQL: SELECT SUM(amount) AS tp_SUM FROM `eggcoin_eggcoin_record` WHERE `user_id` = 485 AND `state` = 1 AND `reason_type` = 1 LIMIT 1   [ RunTime:0.0022s ]
SQL: SELECT SUM(amount) AS tp_SUM FROM `eggcoin_eggcoin_record` WHERE `user_id` = 485 AND `state` = 1 AND `reason_type` = 3 LIMIT 1   [ RunTime:0.0024s ]
SQL: SELECT `id`,`mobile`,`email`,`email_status`,`full_name`,`user_st`,`created_at`,`updated_at`,`invite_code`,`pic` FROM `eggcoin_user` WHERE `id` = 484 LIMIT 1   [ RunTime:0.0002s ]
SQL: SELECT `wx_open_id`,`wx_pic`,`wx_nick_name`,`unionid`,`province`,`city`,`country`,`sex`,`openid` FROM `eggcoin_user_wechatinfo` WHERE `user_id` = 484 LIMIT 1   [ RunTime:0.0002s ]
SQL: SELECT * FROM `eggcoin_user_vip` WHERE `user_id` = 484 LIMIT 1   [ RunTime:0.0001s ]
SQL: SELECT COUNT(*) AS tp_count FROM `eggcoin_chicken` WHERE (  user_id= 484 and (state=4 or state=5) ) LIMIT 1   [ RunTime:0.0006s ]
SQL: SELECT * FROM `eggcoin_wallet` WHERE `user_id` = 484 LIMIT 1   [ RunTime:0.0002s ]
SQL: SELECT SUM(pay_price) AS tp_SUM FROM `eggcoin_recharge` WHERE ( user_id=484 ) LIMIT 1   [ RunTime:0.0002s ]
SQL: SELECT `zhifubao_account` FROM `eggcoin_withdrawals` WHERE `user_id` = 484  [ RunTime:0.0002s ]
NOTIC: [2] array_unique() expects parameter 1 to be array, null given /usr/local/nginx/html/lianyangji/Application/Admin/Controller/AdminUserController.class.php 第 135 行.
SQL: SELECT SUM(pay_price) AS tp_SUM FROM `eggcoin_withdrawals` WHERE `user_id` = 484 AND `pay_state` = 4 AND `state` = 2 LIMIT 1   [ RunTime:0.0002s ]
SQL: SELECT COUNT(*) AS tp_count FROM `eggcoin_invite_buy` WHERE `invite_user_id` = 484 LIMIT 1   [ RunTime:0.0003s ]
SQL: SELECT COUNT(*) AS tp_count FROM `eggcoin_invite_buy` WHERE `invite_user_id` = 484 AND `buy_state` = 1 LIMIT 1   [ RunTime:0.0003s ]
SQL: SELECT SUM(amount) AS tp_SUM FROM `eggcoin_eggcoin_record` WHERE `user_id` = 484 AND `state` = 1 AND `reason_type` = 1 LIMIT 1   [ RunTime:0.0024s ]
SQL: SELECT SUM(amount) AS tp_SUM FROM `eggcoin_eggcoin_record` WHERE `user_id` = 484 AND `state` = 1 AND `reason_type` = 3 LIMIT 1   [ RunTime:0.0019s ]
SQL: SELECT `id`,`mobile`,`email`,`email_status`,`full_name`,`user_st`,`created_at`,`updated_at`,`invite_code`,`pic` FROM `eggcoin_user` WHERE `id` = 483 LIMIT 1   [ RunTime:0.0002s ]
SQL: SELECT `wx_open_id`,`wx_pic`,`wx_nick_name`,`unionid`,`province`,`city`,`country`,`sex`,`openid` FROM `eggcoin_user_wechatinfo` WHERE `user_id` = 483 LIMIT 1   [ RunTime:0.0002s ]
SQL: SELECT * FROM `eggcoin_user_vip` WHERE `user_id` = 483 LIMIT 1   [ RunTime:0.0002s ]
SQL: SELECT COUNT(*) AS tp_count FROM `eggcoin_chicken` WHERE (  user_id= 483 and (state=4 or state=5) ) LIMIT 1   [ RunTime:0.0006s ]
SQL: SELECT * FROM `eggcoin_wallet` WHERE `user_id` = 483 LIMIT 1   [ RunTime:0.0002s ]
SQL: SELECT SUM(pay_price) AS tp_SUM FROM `eggcoin_recharge` WHERE ( user_id=483 ) LIMIT 1   [ RunTime:0.0002s ]
SQL: SELECT `zhifubao_account` FROM `eggcoin_withdrawals` WHERE `user_id` = 483  [ RunTime:0.0002s ]
NOTIC: [2] array_unique() expects parameter 1 to be array, null given /usr/local/nginx/html/lianyangji/Application/Admin/Controller/AdminUserController.class.php 第 135 行.
SQL: SELECT SUM(pay_price) AS tp_SUM FROM `eggcoin_withdrawals` WHERE `user_id` = 483 AND `pay_state` = 4 AND `state` = 2 LIMIT 1   [ RunTime:0.0002s ]
SQL: SELECT COUNT(*) AS tp_count FROM `eggcoin_invite_buy` WHERE `invite_user_id` = 483 LIMIT 1   [ RunTime:0.0004s ]
SQL: SELECT COUNT(*) AS tp_count FROM `eggcoin_invite_buy` WHERE `invite_user_id` = 483 AND `buy_state` = 1 LIMIT 1   [ RunTime:0.0004s ]
SQL: SELECT SUM(amount) AS tp_SUM FROM `eggcoin_eggcoin_record` WHERE `user_id` = 483 AND `state` = 1 AND `reason_type` = 1 LIMIT 1   [ RunTime:0.0024s ]
SQL: SELECT SUM(amount) AS tp_SUM FROM `eggcoin_eggcoin_record` WHERE `user_id` = 483 AND `state` = 1 AND `reason_type` = 3 LIMIT 1   [ RunTime:0.0022s ]
SQL: SELECT `id`,`mobile`,`email`,`email_status`,`full_name`,`user_st`,`created_at`,`updated_at`,`invite_code`,`pic` FROM `eggcoin_user` WHERE `id` = 482 LIMIT 1   [ RunTime:0.0002s ]
SQL: SELECT `wx_open_id`,`wx_pic`,`wx_nick_name`,`unionid`,`province`,`city`,`country`,`sex`,`openid` FROM `eggcoin_user_wechatinfo` WHERE `user_id` = 482 LIMIT 1   [ RunTime:0.0002s ]
SQL: SELECT * FROM `eggcoin_user_vip` WHERE `user_id` = 482 LIMIT 1   [ RunTime:0.0002s ]
SQL: SELECT COUNT(*) AS tp_count FROM `eggcoin_chicken` WHERE (  user_id= 482 and (state=4 or state=5) ) LIMIT 1   [ RunTime:0.0006s ]
SQL: SELECT * FROM `eggcoin_wallet` WHERE `user_id` = 482 LIMIT 1   [ RunTime:0.0002s ]
SQL: SELECT SUM(pay_price) AS tp_SUM FROM `eggcoin_recharge` WHERE ( user_id=482 ) LIMIT 1   [ RunTime:0.0002s ]
SQL: SELECT `zhifubao_account` FROM `eggcoin_withdrawals` WHERE `user_id` = 482  [ RunTime:0.0001s ]
NOTIC: [2] array_unique() expects parameter 1 to be array, null given /usr/local/nginx/html/lianyangji/Application/Admin/Controller/AdminUserController.class.php 第 135 行.
SQL: SELECT SUM(pay_price) AS tp_SUM FROM `eggcoin_withdrawals` WHERE `user_id` = 482 AND `pay_state` = 4 AND `state` = 2 LIMIT 1   [ RunTime:0.0002s ]
SQL: SELECT COUNT(*) AS tp_count FROM `eggcoin_invite_buy` WHERE `invite_user_id` = 482 LIMIT 1   [ RunTime:0.0003s ]
SQL: SELECT COUNT(*) AS tp_count FROM `eggcoin_invite_buy` WHERE `invite_user_id` = 482 AND `buy_state` = 1 LIMIT 1   [ RunTime:0.0004s ]
SQL: SELECT SUM(amount) AS tp_SUM FROM `eggcoin_eggcoin_record` WHERE `user_id` = 482 AND `state` = 1 AND `reason_type` = 1 LIMIT 1   [ RunTime:0.0023s ]
SQL: SELECT SUM(amount) AS tp_SUM FROM `eggcoin_eggcoin_record` WHERE `user_id` = 482 AND `state` = 1 AND `reason_type` = 3 LIMIT 1   [ RunTime:0.0021s ]
SQL: SELECT `id`,`mobile`,`email`,`email_status`,`full_name`,`user_st`,`created_at`,`updated_at`,`invite_code`,`pic` FROM `eggcoin_user` WHERE `id` = 481 LIMIT 1   [ RunTime:0.0002s ]
SQL: SELECT `wx_open_id`,`wx_pic`,`wx_nick_name`,`unionid`,`province`,`city`,`country`,`sex`,`openid` FROM `eggcoin_user_wechatinfo` WHERE `user_id` = 481 LIMIT 1   [ RunTime:0.0002s ]
SQL: SELECT * FROM `eggcoin_user_vip` WHERE `user_id` = 481 LIMIT 1   [ RunTime:0.0002s ]
SQL: SELECT COUNT(*) AS tp_count FROM `eggcoin_chicken` WHERE (  user_id= 481 and (state=4 or state=5) ) LIMIT 1   [ RunTime:0.0005s ]
SQL: SELECT * FROM `eggcoin_wallet` WHERE `user_id` = 481 LIMIT 1   [ RunTime:0.0002s ]
SQL: SELECT SUM(pay_price) AS tp_SUM FROM `eggcoin_recharge` WHERE ( user_id=481 ) LIMIT 1   [ RunTime:0.0002s ]
SQL: SELECT `zhifubao_account` FROM `eggcoin_withdrawals` WHERE `user_id` = 481  [ RunTime:0.0002s ]
NOTIC: [2] array_unique() expects parameter 1 to be array, null given /usr/local/nginx/html/lianyangji/Application/Admin/Controller/AdminUserController.class.php 第 135 行.
SQL: SELECT SUM(pay_price) AS tp_SUM FROM `eggcoin_withdrawals` WHERE `user_id` = 481 AND `pay_state` = 4 AND `state` = 2 LIMIT 1   [ RunTime:0.0002s ]
SQL: SELECT COUNT(*) AS tp_count FROM `eggcoin_invite_buy` WHERE `invite_user_id` = 481 LIMIT 1   [ RunTime:0.0003s ]
SQL: SELECT COUNT(*) AS tp_count FROM `eggcoin_invite_buy` WHERE `invite_user_id` = 481 AND `buy_state` = 1 LIMIT 1   [ RunTime:0.0004s ]
SQL: SELECT SUM(amount) AS tp_SUM FROM `eggcoin_eggcoin_record` WHERE `user_id` = 481 AND `state` = 1 AND `reason_type` = 1 LIMIT 1   [ RunTime:0.0023s ]
SQL: SELECT SUM(amount) AS tp_SUM FROM `eggcoin_eggcoin_record` WHERE `user_id` = 481 AND `state` = 1 AND `reason_type` = 3 LIMIT 1   [ RunTime:0.0020s ]
SQL: SELECT `id`,`mobile`,`email`,`email_status`,`full_name`,`user_st`,`created_at`,`updated_at`,`invite_code`,`pic` FROM `eggcoin_user` WHERE `id` = 480 LIMIT 1   [ RunTime:0.0002s ]
SQL: SELECT `wx_open_id`,`wx_pic`,`wx_nick_name`,`unionid`,`province`,`city`,`country`,`sex`,`openid` FROM `eggcoin_user_wechatinfo` WHERE `user_id` = 480 LIMIT 1   [ RunTime:0.0002s ]
SQL: SELECT * FROM `eggcoin_user_vip` WHERE `user_id` = 480 LIMIT 1   [ RunTime:0.0002s ]
SQL: SELECT COUNT(*) AS tp_count FROM `eggcoin_chicken` WHERE (  user_id= 480 and (state=4 or state=5) ) LIMIT 1   [ RunTime:0.0007s ]
SQL: SELECT * FROM `eggcoin_wallet` WHERE `user_id` = 480 LIMIT 1   [ RunTime:0.0002s ]
SQL: SELECT SUM(pay_price) AS tp_SUM FROM `eggcoin_recharge` WHERE ( user_id=480 ) LIMIT 1   [ RunTime:0.0002s ]
SQL: SELECT `zhifubao_account` FROM `eggcoin_withdrawals` WHERE `user_id` = 480  [ RunTime:0.0001s ]
NOTIC: [2] array_unique() expects parameter 1 to be array, null given /usr/local/nginx/html/lianyangji/Application/Admin/Controller/AdminUserController.class.php 第 135 行.
SQL: SELECT SUM(pay_price) AS tp_SUM FROM `eggcoin_withdrawals` WHERE `user_id` = 480 AND `pay_state` = 4 AND `state` = 2 LIMIT 1   [ RunTime:0.0002s ]
SQL: SELECT COUNT(*) AS tp_count FROM `eggcoin_invite_buy` WHERE `invite_user_id` = 480 LIMIT 1   [ RunTime:0.0002s ]
SQL: SELECT COUNT(*) AS tp_count FROM `eggcoin_invite_buy` WHERE `invite_user_id` = 480 AND `buy_state` = 1 LIMIT 1   [ RunTime:0.0003s ]
SQL: SELECT SUM(amount) AS tp_SUM FROM `eggcoin_eggcoin_record` WHERE `user_id` = 480 AND `state` = 1 AND `reason_type` = 1 LIMIT 1   [ RunTime:0.0022s ]
SQL: SELECT SUM(amount) AS tp_SUM FROM `eggcoin_eggcoin_record` WHERE `user_id` = 480 AND `state` = 1 AND `reason_type` = 3 LIMIT 1   [ RunTime:0.0020s ]
SQL: SELECT `id`,`mobile`,`email`,`email_status`,`full_name`,`user_st`,`created_at`,`updated_at`,`invite_code`,`pic` FROM `eggcoin_user` WHERE `id` = 479 LIMIT 1   [ RunTime:0.0002s ]
SQL: SELECT `wx_open_id`,`wx_pic`,`wx_nick_name`,`unionid`,`province`,`city`,`country`,`sex`,`openid` FROM `eggcoin_user_wechatinfo` WHERE `user_id` = 479 LIMIT 1   [ RunTime:0.0002s ]
SQL: SELECT * FROM `eggcoin_user_vip` WHERE `user_id` = 479 LIMIT 1   [ RunTime:0.0002s ]
SQL: SELECT COUNT(*) AS tp_count FROM `eggcoin_chicken` WHERE (  user_id= 479 and (state=4 or state=5) ) LIMIT 1   [ RunTime:0.0006s ]
SQL: SELECT * FROM `eggcoin_wallet` WHERE `user_id` = 479 LIMIT 1   [ RunTime:0.0002s ]
SQL: SELECT SUM(pay_price) AS tp_SUM FROM `eggcoin_recharge` WHERE ( user_id=479 ) LIMIT 1   [ RunTime:0.0002s ]
SQL: SELECT `zhifubao_account` FROM `eggcoin_withdrawals` WHERE `user_id` = 479  [ RunTime:0.0002s ]
NOTIC: [2] array_unique() expects parameter 1 to be array, null given /usr/local/nginx/html/lianyangji/Application/Admin/Controller/AdminUserController.class.php 第 135 行.
SQL: SELECT SUM(pay_price) AS tp_SUM FROM `eggcoin_withdrawals` WHERE `user_id` = 479 AND `pay_state` = 4 AND `state` = 2 LIMIT 1   [ RunTime:0.0002s ]
SQL: SELECT COUNT(*) AS tp_count FROM `eggcoin_invite_buy` WHERE `invite_user_id` = 479 LIMIT 1   [ RunTime:0.0003s ]
SQL: SELECT COUNT(*) AS tp_count FROM `eggcoin_invite_buy` WHERE `invite_user_id` = 479 AND `buy_state` = 1 LIMIT 1   [ RunTime:0.0002s ]
SQL: SELECT SUM(amount) AS tp_SUM FROM `eggcoin_eggcoin_record` WHERE `user_id` = 479 AND `state` = 1 AND `reason_type` = 1 LIMIT 1   [ RunTime:0.0020s ]
SQL: SELECT SUM(amount) AS tp_SUM FROM `eggcoin_eggcoin_record` WHERE `user_id` = 479 AND `state` = 1 AND `reason_type` = 3 LIMIT 1   [ RunTime:0.0017s ]
SQL: SELECT `id`,`mobile`,`email`,`email_status`,`full_name`,`user_st`,`created_at`,`updated_at`,`invite_code`,`pic` FROM `eggcoin_user` WHERE `id` = 478 LIMIT 1   [ RunTime:0.0002s ]
SQL: SELECT `wx_open_id`,`wx_pic`,`wx_nick_name`,`unionid`,`province`,`city`,`country`,`sex`,`openid` FROM `eggcoin_user_wechatinfo` WHERE `user_id` = 478 LIMIT 1   [ RunTime:0.0002s ]
SQL: SELECT * FROM `eggcoin_user_vip` WHERE `user_id` = 478 LIMIT 1   [ RunTime:0.0001s ]
SQL: SELECT COUNT(*) AS tp_count FROM `eggcoin_chicken` WHERE (  user_id= 478 and (state=4 or state=5) ) LIMIT 1   [ RunTime:0.0006s ]
SQL: SELECT * FROM `eggcoin_wallet` WHERE `user_id` = 478 LIMIT 1   [ RunTime:0.0001s ]
SQL: SELECT SUM(pay_price) AS tp_SUM FROM `eggcoin_recharge` WHERE ( user_id=478 ) LIMIT 1   [ RunTime:0.0002s ]
SQL: SELECT `zhifubao_account` FROM `eggcoin_withdrawals` WHERE `user_id` = 478  [ RunTime:0.0002s ]
NOTIC: [2] array_unique() expects parameter 1 to be array, null given /usr/local/nginx/html/lianyangji/Application/Admin/Controller/AdminUserController.class.php 第 135 行.
SQL: SELECT SUM(pay_price) AS tp_SUM FROM `eggcoin_withdrawals` WHERE `user_id` = 478 AND `pay_state` = 4 AND `state` = 2 LIMIT 1   [ RunTime:0.0002s ]
SQL: SELECT COUNT(*) AS tp_count FROM `eggcoin_invite_buy` WHERE `invite_user_id` = 478 LIMIT 1   [ RunTime:0.0002s ]
SQL: SELECT COUNT(*) AS tp_count FROM `eggcoin_invite_buy` WHERE `invite_user_id` = 478 AND `buy_state` = 1 LIMIT 1   [ RunTime:0.0003s ]
SQL: SELECT SUM(amount) AS tp_SUM FROM `eggcoin_eggcoin_record` WHERE `user_id` = 478 AND `state` = 1 AND `reason_type` = 1 LIMIT 1   [ RunTime:0.0028s ]
SQL: SELECT SUM(amount) AS tp_SUM FROM `eggcoin_eggcoin_record` WHERE `user_id` = 478 AND `state` = 1 AND `reason_type` = 3 LIMIT 1   [ RunTime:0.0016s ]
SQL: SELECT `id`,`mobile`,`email`,`email_status`,`full_name`,`user_st`,`created_at`,`updated_at`,`invite_code`,`pic` FROM `eggcoin_user` WHERE `id` = 477 LIMIT 1   [ RunTime:0.0002s ]
SQL: SELECT `wx_open_id`,`wx_pic`,`wx_nick_name`,`unionid`,`province`,`city`,`country`,`sex`,`openid` FROM `eggcoin_user_wechatinfo` WHERE `user_id` = 477 LIMIT 1   [ RunTime:0.0002s ]
SQL: SELECT * FROM `eggcoin_user_vip` WHERE `user_id` = 477 LIMIT 1   [ RunTime:0.0002s ]
SQL: SELECT COUNT(*) AS tp_count FROM `eggcoin_chicken` WHERE (  user_id= 477 and (state=4 or state=5) ) LIMIT 1   [ RunTime:0.0005s ]
SQL: SELECT * FROM `eggcoin_wallet` WHERE `user_id` = 477 LIMIT 1   [ RunTime:0.0001s ]
SQL: SELECT SUM(pay_price) AS tp_SUM FROM `eggcoin_recharge` WHERE ( user_id=477 ) LIMIT 1   [ RunTime:0.0002s ]
SQL: SELECT `zhifubao_account` FROM `eggcoin_withdrawals` WHERE `user_id` = 477  [ RunTime:0.0001s ]
NOTIC: [2] array_unique() expects parameter 1 to be array, null given /usr/local/nginx/html/lianyangji/Application/Admin/Controller/AdminUserController.class.php 第 135 行.
SQL: SELECT SUM(pay_price) AS tp_SUM FROM `eggcoin_withdrawals` WHERE `user_id` = 477 AND `pay_state` = 4 AND `state` = 2 LIMIT 1   [ RunTime:0.0001s ]
SQL: SELECT COUNT(*) AS tp_count FROM `eggcoin_invite_buy` WHERE `invite_user_id` = 477 LIMIT 1   [ RunTime:0.0002s ]
SQL: SELECT COUNT(*) AS tp_count FROM `eggcoin_invite_buy` WHERE `invite_user_id` = 477 AND `buy_state` = 1 LIMIT 1   [ RunTime:0.0003s ]
SQL: SELECT SUM(amount) AS tp_SUM FROM `eggcoin_eggcoin_record` WHERE `user_id` = 477 AND `state` = 1 AND `reason_type` = 1 LIMIT 1   [ RunTime:0.0018s ]
SQL: SELECT SUM(amount) AS tp_SUM FROM `eggcoin_eggcoin_record` WHERE `user_id` = 477 AND `state` = 1 AND `reason_type` = 3 LIMIT 1   [ RunTime:0.0014s ]
SQL: SELECT `id`,`mobile`,`email`,`email_status`,`full_name`,`user_st`,`created_at`,`updated_at`,`invite_code`,`pic` FROM `eggcoin_user` WHERE `id` = 476 LIMIT 1   [ RunTime:0.0002s ]
SQL: SELECT `wx_open_id`,`wx_pic`,`wx_nick_name`,`unionid`,`province`,`city`,`country`,`sex`,`openid` FROM `eggcoin_user_wechatinfo` WHERE `user_id` = 476 LIMIT 1   [ RunTime:0.0002s ]
SQL: SELECT * FROM `eggcoin_user_vip` WHERE `user_id` = 476 LIMIT 1   [ RunTime:0.0001s ]
SQL: SELECT COUNT(*) AS tp_count FROM `eggcoin_chicken` WHERE (  user_id= 476 and (state=4 or state=5) ) LIMIT 1   [ RunTime:0.0004s ]
SQL: SELECT * FROM `eggcoin_wallet` WHERE `user_id` = 476 LIMIT 1   [ RunTime:0.0002s ]
SQL: SELECT SUM(pay_price) AS tp_SUM FROM `eggcoin_recharge` WHERE ( user_id=476 ) LIMIT 1   [ RunTime:0.0002s ]
SQL: SELECT `zhifubao_account` FROM `eggcoin_withdrawals` WHERE `user_id` = 476  [ RunTime:0.0003s ]
NOTIC: [2] array_unique() expects parameter 1 to be array, null given /usr/local/nginx/html/lianyangji/Application/Admin/Controller/AdminUserController.class.php 第 135 行.
SQL: SELECT SUM(pay_price) AS tp_SUM FROM `eggcoin_withdrawals` WHERE `user_id` = 476 AND `pay_state` = 4 AND `state` = 2 LIMIT 1   [ RunTime:0.0002s ]
SQL: SELECT COUNT(*) AS tp_count FROM `eggcoin_invite_buy` WHERE `invite_user_id` = 476 LIMIT 1   [ RunTime:0.0003s ]
SQL: SELECT COUNT(*) AS tp_count FROM `eggcoin_invite_buy` WHERE `invite_user_id` = 476 AND `buy_state` = 1 LIMIT 1   [ RunTime:0.0002s ]
SQL: SELECT SUM(amount) AS tp_SUM FROM `eggcoin_eggcoin_record` WHERE `user_id` = 476 AND `state` = 1 AND `reason_type` = 1 LIMIT 1   [ RunTime:0.0027s ]
SQL: SELECT SUM(amount) AS tp_SUM FROM `eggcoin_eggcoin_record` WHERE `user_id` = 476 AND `state` = 1 AND `reason_type` = 3 LIMIT 1   [ RunTime:0.0016s ]
SQL: SELECT `id`,`mobile`,`email`,`email_status`,`full_name`,`user_st`,`created_at`,`updated_at`,`invite_code`,`pic` FROM `eggcoin_user` WHERE `id` = 475 LIMIT 1   [ RunTime:0.0002s ]
SQL: SELECT `wx_open_id`,`wx_pic`,`wx_nick_name`,`unionid`,`province`,`city`,`country`,`sex`,`openid` FROM `eggcoin_user_wechatinfo` WHERE `user_id` = 475 LIMIT 1   [ RunTime:0.0002s ]
SQL: SELECT * FROM `eggcoin_user_vip` WHERE `user_id` = 475 LIMIT 1   [ RunTime:0.0002s ]
SQL: SELECT COUNT(*) AS tp_count FROM `eggcoin_chicken` WHERE (  user_id= 475 and (state=4 or state=5) ) LIMIT 1   [ RunTime:0.0004s ]
SQL: SELECT * FROM `eggcoin_wallet` WHERE `user_id` = 475 LIMIT 1   [ RunTime:0.0001s ]
SQL: SELECT SUM(pay_price) AS tp_SUM FROM `eggcoin_recharge` WHERE ( user_id=475 ) LIMIT 1   [ RunTime:0.0001s ]
SQL: SELECT `zhifubao_account` FROM `eggcoin_withdrawals` WHERE `user_id` = 475  [ RunTime:0.0001s ]
NOTIC: [2] array_unique() expects parameter 1 to be array, null given /usr/local/nginx/html/lianyangji/Application/Admin/Controller/AdminUserController.class.php 第 135 行.
SQL: SELECT SUM(pay_price) AS tp_SUM FROM `eggcoin_withdrawals` WHERE `user_id` = 475 AND `pay_state` = 4 AND `state` = 2 LIMIT 1   [ RunTime:0.0001s ]
SQL: SELECT COUNT(*) AS tp_count FROM `eggcoin_invite_buy` WHERE `invite_user_id` = 475 LIMIT 1   [ RunTime:0.0002s ]
SQL: SELECT COUNT(*) AS tp_count FROM `eggcoin_invite_buy` WHERE `invite_user_id` = 475 AND `buy_state` = 1 LIMIT 1   [ RunTime:0.0002s ]
SQL: SELECT SUM(amount) AS tp_SUM FROM `eggcoin_eggcoin_record` WHERE `user_id` = 475 AND `state` = 1 AND `reason_type` = 1 LIMIT 1   [ RunTime:0.0017s ]
SQL: SELECT SUM(amount) AS tp_SUM FROM `eggcoin_eggcoin_record` WHERE `user_id` = 475 AND `state` = 1 AND `reason_type` = 3 LIMIT 1   [ RunTime:0.0016s ]
SQL: SELECT `id`,`mobile`,`email`,`email_status`,`full_name`,`user_st`,`created_at`,`updated_at`,`invite_code`,`pic` FROM `eggcoin_user` WHERE `id` = 474 LIMIT 1   [ RunTime:0.0002s ]
SQL: SELECT `wx_open_id`,`wx_pic`,`wx_nick_name`,`unionid`,`province`,`city`,`country`,`sex`,`openid` FROM `eggcoin_user_wechatinfo` WHERE `user_id` = 474 LIMIT 1   [ RunTime:0.0002s ]
SQL: SELECT * FROM `eggcoin_user_vip` WHERE `user_id` = 474 LIMIT 1   [ RunTime:0.0001s ]
SQL: SELECT COUNT(*) AS tp_count FROM `eggcoin_chicken` WHERE (  user_id= 474 and (state=4 or state=5) ) LIMIT 1   [ RunTime:0.0005s ]
SQL: SELECT * FROM `eggcoin_wallet` WHERE `user_id` = 474 LIMIT 1   [ RunTime:0.0002s ]
SQL: SELECT SUM(pay_price) AS tp_SUM FROM `eggcoin_recharge` WHERE ( user_id=474 ) LIMIT 1   [ RunTime:0.0002s ]
SQL: SELECT `zhifubao_account` FROM `eggcoin_withdrawals` WHERE `user_id` = 474  [ RunTime:0.0001s ]
NOTIC: [2] array_unique() expects parameter 1 to be array, null given /usr/local/nginx/html/lianyangji/Application/Admin/Controller/AdminUserController.class.php 第 135 行.
SQL: SELECT SUM(pay_price) AS tp_SUM FROM `eggcoin_withdrawals` WHERE `user_id` = 474 AND `pay_state` = 4 AND `state` = 2 LIMIT 1   [ RunTime:0.0002s ]
SQL: SELECT COUNT(*) AS tp_count FROM `eggcoin_invite_buy` WHERE `invite_user_id` = 474 LIMIT 1   [ RunTime:0.0002s ]
SQL: SELECT COUNT(*) AS tp_count FROM `eggcoin_invite_buy` WHERE `invite_user_id` = 474 AND `buy_state` = 1 LIMIT 1   [ RunTime:0.0003s ]
SQL: SELECT SUM(amount) AS tp_SUM FROM `eggcoin_eggcoin_record` WHERE `user_id` = 474 AND `state` = 1 AND `reason_type` = 1 LIMIT 1   [ RunTime:0.0024s ]
SQL: SELECT SUM(amount) AS tp_SUM FROM `eggcoin_eggcoin_record` WHERE `user_id` = 474 AND `state` = 1 AND `reason_type` = 3 LIMIT 1   [ RunTime:0.0015s ]
SQL: SELECT `id`,`mobile`,`email`,`email_status`,`full_name`,`user_st`,`created_at`,`updated_at`,`invite_code`,`pic` FROM `eggcoin_user` WHERE `id` = 473 LIMIT 1   [ RunTime:0.0002s ]
SQL: SELECT `wx_open_id`,`wx_pic`,`wx_nick_name`,`unionid`,`province`,`city`,`country`,`sex`,`openid` FROM `eggcoin_user_wechatinfo` WHERE `user_id` = 473 LIMIT 1   [ RunTime:0.0001s ]
SQL: SELECT * FROM `eggcoin_user_vip` WHERE `user_id` = 473 LIMIT 1   [ RunTime:0.0002s ]
SQL: SELECT COUNT(*) AS tp_count FROM `eggcoin_chicken` WHERE (  user_id= 473 and (state=4 or state=5) ) LIMIT 1   [ RunTime:0.0005s ]
SQL: SELECT * FROM `eggcoin_wallet` WHERE `user_id` = 473 LIMIT 1   [ RunTime:0.0002s ]
SQL: SELECT SUM(pay_price) AS tp_SUM FROM `eggcoin_recharge` WHERE ( user_id=473 ) LIMIT 1   [ RunTime:0.0002s ]
SQL: SELECT `zhifubao_account` FROM `eggcoin_withdrawals` WHERE `user_id` = 473  [ RunTime:0.0001s ]
NOTIC: [2] array_unique() expects parameter 1 to be array, null given /usr/local/nginx/html/lianyangji/Application/Admin/Controller/AdminUserController.class.php 第 135 行.
SQL: SELECT SUM(pay_price) AS tp_SUM FROM `eggcoin_withdrawals` WHERE `user_id` = 473 AND `pay_state` = 4 AND `state` = 2 LIMIT 1   [ RunTime:0.0001s ]
SQL: SELECT COUNT(*) AS tp_count FROM `eggcoin_invite_buy` WHERE `invite_user_id` = 473 LIMIT 1   [ RunTime:0.0002s ]
SQL: SELECT COUNT(*) AS tp_count FROM `eggcoin_invite_buy` WHERE `invite_user_id` = 473 AND `buy_state` = 1 LIMIT 1   [ RunTime:0.0002s ]
SQL: SELECT SUM(amount) AS tp_SUM FROM `eggcoin_eggcoin_record` WHERE `user_id` = 473 AND `state` = 1 AND `reason_type` = 1 LIMIT 1   [ RunTime:0.0019s ]
SQL: SELECT SUM(amount) AS tp_SUM FROM `eggcoin_eggcoin_record` WHERE `user_id` = 473 AND `state` = 1 AND `reason_type` = 3 LIMIT 1   [ RunTime:0.0017s ]
SQL: SELECT `id`,`mobile`,`email`,`email_status`,`full_name`,`user_st`,`created_at`,`updated_at`,`invite_code`,`pic` FROM `eggcoin_user` WHERE `id` = 472 LIMIT 1   [ RunTime:0.0002s ]
SQL: SELECT `wx_open_id`,`wx_pic`,`wx_nick_name`,`unionid`,`province`,`city`,`country`,`sex`,`openid` FROM `eggcoin_user_wechatinfo` WHERE `user_id` = 472 LIMIT 1   [ RunTime:0.0002s ]
SQL: SELECT * FROM `eggcoin_user_vip` WHERE `user_id` = 472 LIMIT 1   [ RunTime:0.0001s ]
SQL: SELECT COUNT(*) AS tp_count FROM `eggcoin_chicken` WHERE (  user_id= 472 and (state=4 or state=5) ) LIMIT 1   [ RunTime:0.0004s ]
SQL: SELECT * FROM `eggcoin_wallet` WHERE `user_id` = 472 LIMIT 1   [ RunTime:0.0001s ]
SQL: SELECT SUM(pay_price) AS tp_SUM FROM `eggcoin_recharge` WHERE ( user_id=472 ) LIMIT 1   [ RunTime:0.0001s ]
SQL: SELECT `zhifubao_account` FROM `eggcoin_withdrawals` WHERE `user_id` = 472  [ RunTime:0.0001s ]
NOTIC: [2] array_unique() expects parameter 1 to be array, null given /usr/local/nginx/html/lianyangji/Application/Admin/Controller/AdminUserController.class.php 第 135 行.
SQL: SELECT SUM(pay_price) AS tp_SUM FROM `eggcoin_withdrawals` WHERE `user_id` = 472 AND `pay_state` = 4 AND `state` = 2 LIMIT 1   [ RunTime:0.0002s ]
SQL: SELECT COUNT(*) AS tp_count FROM `eggcoin_invite_buy` WHERE `invite_user_id` = 472 LIMIT 1   [ RunTime:0.0002s ]
SQL: SELECT COUNT(*) AS tp_count FROM `eggcoin_invite_buy` WHERE `invite_user_id` = 472 AND `buy_state` = 1 LIMIT 1   [ RunTime:0.0002s ]
SQL: SELECT SUM(amount) AS tp_SUM FROM `eggcoin_eggcoin_record` WHERE `user_id` = 472 AND `state` = 1 AND `reason_type` = 1 LIMIT 1   [ RunTime:0.0017s ]
SQL: SELECT SUM(amount) AS tp_SUM FROM `eggcoin_eggcoin_record` WHERE `user_id` = 472 AND `state` = 1 AND `reason_type` = 3 LIMIT 1   [ RunTime:0.0016s ]
INFO: [ view_parse ] --START--
INFO: [ template_filter ] --START--
INFO: Run Behavior\ContentReplaceBehavior [ RunTime:0.000077s ]
INFO: [ template_filter ] --END-- [ RunTime:0.000098s ]
NOTIC: [8] Undefined index: mobile /usr/local/nginx/html/lianyangji/Application/Runtime/Cache/Admin/9b6e7e4f3b5c3453396df44c216a4b99.php 第 157 行.
NOTIC: [8] Undefined index: full_name /usr/local/nginx/html/lianyangji/Application/Runtime/Cache/Admin/9b6e7e4f3b5c3453396df44c216a4b99.php 第 158 行.
NOTIC: [8] Undefined index: id /usr/local/nginx/html/lianyangji/Application/Runtime/Cache/Admin/9b6e7e4f3b5c3453396df44c216a4b99.php 第 159 行.
INFO: Run Behavior\ParseTemplateBehavior [ RunTime:0.004713s ]
INFO: [ view_parse ] --END-- [ RunTime:0.004729s ]
INFO: [ view_filter ] --START--
INFO: Run Behavior\WriteHtmlCacheBehavior [ RunTime:0.000085s ]
INFO: [ view_filter ] --END-- [ RunTime:0.000097s ]
INFO: [ app_end ] --START--
INFO: Run Behavior\ShowPageTraceBehavior [ RunTime:0.000249s ]
INFO: [ app_end ] --END-- [ RunTime:0.000265s ]

[ 2018-03-23T00:10:18+08:00 ] 111.164.153.73 /AdminChickenBatch/add.html
INFO: [ app_init ] --START--
INFO: Run Behavior\BuildLiteBehavior [ RunTime:0.000007s ]
INFO: [ app_init ] --END-- [ RunTime:0.000173s ]
INFO: [ app_begin ] --START--
INFO: Run Behavior\ReadHtmlCacheBehavior [ RunTime:0.000219s ]
INFO: [ app_begin ] --END-- [ RunTime:0.000237s ]

[ 2018-03-23T00:10:23+08:00 ] 111.164.153.73 /AdminLogin/login.html
INFO: [ app_init ] --START--
INFO: Run Behavior\BuildLiteBehavior [ RunTime:0.000008s ]
INFO: [ app_init ] --END-- [ RunTime:0.000190s ]
INFO: [ app_begin ] --START--
INFO: Run Behavior\ReadHtmlCacheBehavior [ RunTime:0.000250s ]
INFO: [ app_begin ] --END-- [ RunTime:0.000269s ]
INFO: [ view_parse ] --START--
INFO: [ template_filter ] --START--
INFO: Run Behavior\ContentReplaceBehavior [ RunTime:0.000027s ]
INFO: [ template_filter ] --END-- [ RunTime:0.000047s ]
INFO: Run Behavior\ParseTemplateBehavior [ RunTime:0.002822s ]
INFO: [ view_parse ] --END-- [ RunTime:0.002839s ]
INFO: [ view_filter ] --START--
INFO: Run Behavior\WriteHtmlCacheBehavior [ RunTime:0.000102s ]
INFO: [ view_filter ] --END-- [ RunTime:0.000115s ]
INFO: [ app_end ] --START--
INFO: Run Behavior\ShowPageTraceBehavior [ RunTime:0.000263s ]
INFO: [ app_end ] --END-- [ RunTime:0.000277s ]

[ 2018-03-23T00:10:25+08:00 ] 111.164.153.73 /AdminLogin/login.html
INFO: [ app_init ] --START--
INFO: Run Behavior\BuildLiteBehavior [ RunTime:0.000010s ]
INFO: [ app_init ] --END-- [ RunTime:0.000212s ]
INFO: [ app_begin ] --START--
INFO: Run Behavior\ReadHtmlCacheBehavior [ RunTime:0.000215s ]
INFO: [ app_begin ] --END-- [ RunTime:0.000234s ]
SQL: SHOW COLUMNS FROM `eggcoin_admin_user` [ RunTime:0.0007s ]
SQL: SELECT * FROM `eggcoin_admin_user` WHERE `mobile` = '18510249173' AND `pass_wd` = '202cb962ac59075b964b07152d234b70' AND `user_st` = 1 LIMIT 1   [ RunTime:0.0003s ]

[ 2018-03-23T00:10:25+08:00 ] 111.164.153.73 /AdminIndex/index.html
INFO: [ app_init ] --START--
INFO: Run Behavior\BuildLiteBehavior [ RunTime:0.000008s ]
INFO: [ app_init ] --END-- [ RunTime:0.000201s ]
INFO: [ app_begin ] --START--
INFO: Run Behavior\ReadHtmlCacheBehavior [ RunTime:0.000232s ]
INFO: [ app_begin ] --END-- [ RunTime:0.000281s ]
INFO: [ view_parse ] --START--
INFO: [ template_filter ] --START--
INFO: Run Behavior\ContentReplaceBehavior [ RunTime:0.000028s ]
INFO: [ template_filter ] --END-- [ RunTime:0.000048s ]
INFO: Run Behavior\ParseTemplateBehavior [ RunTime:0.003226s ]
INFO: [ view_parse ] --END-- [ RunTime:0.003246s ]
INFO: [ view_filter ] --START--
INFO: Run Behavior\WriteHtmlCacheBehavior [ RunTime:0.000084s ]
INFO: [ view_filter ] --END-- [ RunTime:0.000098s ]
INFO: [ app_end ] --START--
INFO: Run Behavior\ShowPageTraceBehavior [ RunTime:0.000309s ]
INFO: [ app_end ] --END-- [ RunTime:0.000326s ]

[ 2018-03-23T00:10:27+08:00 ] 111.164.153.73 /AdminUser/index.html
INFO: [ app_init ] --START--
INFO: Run Behavior\BuildLiteBehavior [ RunTime:0.000007s ]
INFO: [ app_init ] --END-- [ RunTime:0.000179s ]
INFO: [ app_begin ] --START--
INFO: Run Behavior\ReadHtmlCacheBehavior [ RunTime:0.000212s ]
INFO: [ app_begin ] --END-- [ RunTime:0.000229s ]
SQL: SHOW COLUMNS FROM `eggcoin_user` [ RunTime:0.0009s ]
SQL: SELECT COUNT(*) AS tp_count FROM `eggcoin_user` LIMIT 1   [ RunTime:0.0003s ]
SQL: SELECT * FROM `eggcoin_user` ORDER BY `id` desc LIMIT 0,20   [ RunTime:0.0003s ]
SQL: SELECT `id`,`mobile`,`email`,`email_status`,`full_name`,`user_st`,`created_at`,`updated_at`,`invite_code`,`pic` FROM `eggcoin_user` WHERE `id` = 491 LIMIT 1   [ RunTime:0.0002s ]
SQL: SHOW COLUMNS FROM `eggcoin_user_wechatinfo` [ RunTime:0.0005s ]
SQL: SELECT `wx_open_id`,`wx_pic`,`wx_nick_name`,`unionid`,`province`,`city`,`country`,`sex`,`openid` FROM `eggcoin_user_wechatinfo` WHERE `user_id` = 491 LIMIT 1   [ RunTime:0.0002s ]
SQL: SHOW COLUMNS FROM `eggcoin_user_vip` [ RunTime:0.0005s ]
SQL: SELECT * FROM `eggcoin_user_vip` WHERE `user_id` = 491 LIMIT 1   [ RunTime:0.0002s ]
SQL: SHOW COLUMNS FROM `eggcoin_chicken` [ RunTime:0.0005s ]
SQL: SELECT COUNT(*) AS tp_count FROM `eggcoin_chicken` WHERE (  user_id= 491 and (state=4 or state=5) ) LIMIT 1   [ RunTime:0.0005s ]
SQL: SHOW COLUMNS FROM `eggcoin_wallet` [ RunTime:0.0007s ]
SQL: SELECT * FROM `eggcoin_wallet` WHERE `user_id` = 491 LIMIT 1   [ RunTime:0.0002s ]
SQL: SHOW COLUMNS FROM `eggcoin_recharge` [ RunTime:0.0005s ]
SQL: SELECT SUM(pay_price) AS tp_SUM FROM `eggcoin_recharge` WHERE ( user_id=491 ) LIMIT 1   [ RunTime:0.0002s ]
SQL: SHOW COLUMNS FROM `eggcoin_withdrawals` [ RunTime:0.0006s ]
SQL: SELECT `zhifubao_account` FROM `eggcoin_withdrawals` WHERE `user_id` = 491  [ RunTime:0.0002s ]
NOTIC: [2] array_unique() expects parameter 1 to be array, null given /usr/local/nginx/html/lianyangji/Application/Admin/Controller/AdminUserController.class.php 第 135 行.
SQL: SELECT SUM(pay_price) AS tp_SUM FROM `eggcoin_withdrawals` WHERE `user_id` = 491 AND `pay_state` = 4 AND `state` = 2 LIMIT 1   [ RunTime:0.0002s ]
SQL: SHOW COLUMNS FROM `eggcoin_invite_buy` [ RunTime:0.0005s ]
SQL: SELECT COUNT(*) AS tp_count FROM `eggcoin_invite_buy` WHERE `invite_user_id` = 491 LIMIT 1   [ RunTime:0.0003s ]
SQL: SELECT COUNT(*) AS tp_count FROM `eggcoin_invite_buy` WHERE `invite_user_id` = 491 AND `buy_state` = 1 LIMIT 1   [ RunTime:0.0004s ]
SQL: SHOW COLUMNS FROM `eggcoin_eggcoin_record` [ RunTime:0.0005s ]
SQL: SELECT SUM(amount) AS tp_SUM FROM `eggcoin_eggcoin_record` WHERE `user_id` = 491 AND `state` = 1 AND `reason_type` = 1 LIMIT 1   [ RunTime:0.0021s ]
SQL: SELECT SUM(amount) AS tp_SUM FROM `eggcoin_eggcoin_record` WHERE `user_id` = 491 AND `state` = 1 AND `reason_type` = 3 LIMIT 1   [ RunTime:0.0018s ]
SQL: SELECT `id`,`mobile`,`email`,`email_status`,`full_name`,`user_st`,`created_at`,`updated_at`,`invite_code`,`pic` FROM `eggcoin_user` WHERE `id` = 490 LIMIT 1   [ RunTime:0.0002s ]
SQL: SELECT `wx_open_id`,`wx_pic`,`wx_nick_name`,`unionid`,`province`,`city`,`country`,`sex`,`openid` FROM `eggcoin_user_wechatinfo` WHERE `user_id` = 490 LIMIT 1   [ RunTime:0.0002s ]
SQL: SELECT * FROM `eggcoin_user_vip` WHERE `user_id` = 490 LIMIT 1   [ RunTime:0.0001s ]
SQL: SELECT COUNT(*) AS tp_count FROM `eggcoin_chicken` WHERE (  user_id= 490 and (state=4 or state=5) ) LIMIT 1   [ RunTime:0.0005s ]
SQL: SELECT * FROM `eggcoin_wallet` WHERE `user_id` = 490 LIMIT 1   [ RunTime:0.0001s ]
SQL: SELECT SUM(pay_price) AS tp_SUM FROM `eggcoin_recharge` WHERE ( user_id=490 ) LIMIT 1   [ RunTime:0.0002s ]
SQL: SELECT `zhifubao_account` FROM `eggcoin_withdrawals` WHERE `user_id` = 490  [ RunTime:0.0001s ]
NOTIC: [2] array_unique() expects parameter 1 to be array, null given /usr/local/nginx/html/lianyangji/Application/Admin/Controller/AdminUserController.class.php 第 135 行.
SQL: SELECT SUM(pay_price) AS tp_SUM FROM `eggcoin_withdrawals` WHERE `user_id` = 490 AND `pay_state` = 4 AND `state` = 2 LIMIT 1   [ RunTime:0.0002s ]
SQL: SELECT COUNT(*) AS tp_count FROM `eggcoin_invite_buy` WHERE `invite_user_id` = 490 LIMIT 1   [ RunTime:0.0003s ]
SQL: SELECT COUNT(*) AS tp_count FROM `eggcoin_invite_buy` WHERE `invite_user_id` = 490 AND `buy_state` = 1 LIMIT 1   [ RunTime:0.0004s ]
SQL: SELECT SUM(amount) AS tp_SUM FROM `eggcoin_eggcoin_record` WHERE `user_id` = 490 AND `state` = 1 AND `reason_type` = 1 LIMIT 1   [ RunTime:0.0022s ]
SQL: SELECT SUM(amount) AS tp_SUM FROM `eggcoin_eggcoin_record` WHERE `user_id` = 490 AND `state` = 1 AND `reason_type` = 3 LIMIT 1   [ RunTime:0.0018s ]
SQL: SELECT `id`,`mobile`,`email`,`email_status`,`full_name`,`user_st`,`created_at`,`updated_at`,`invite_code`,`pic` FROM `eggcoin_user` WHERE `id` = 489 LIMIT 1   [ RunTime:0.0002s ]
SQL: SELECT `wx_open_id`,`wx_pic`,`wx_nick_name`,`unionid`,`province`,`city`,`country`,`sex`,`openid` FROM `eggcoin_user_wechatinfo` WHERE `user_id` = 489 LIMIT 1   [ RunTime:0.0002s ]
SQL: SELECT * FROM `eggcoin_user_vip` WHERE `user_id` = 489 LIMIT 1   [ RunTime:0.0002s ]
SQL: SELECT COUNT(*) AS tp_count FROM `eggcoin_chicken` WHERE (  user_id= 489 and (state=4 or state=5) ) LIMIT 1   [ RunTime:0.0005s ]
SQL: SELECT * FROM `eggcoin_wallet` WHERE `user_id` = 489 LIMIT 1   [ RunTime:0.0002s ]
SQL: SELECT SUM(pay_price) AS tp_SUM FROM `eggcoin_recharge` WHERE ( user_id=489 ) LIMIT 1   [ RunTime:0.0002s ]
SQL: SELECT `zhifubao_account` FROM `eggcoin_withdrawals` WHERE `user_id` = 489  [ RunTime:0.0001s ]
NOTIC: [2] array_unique() expects parameter 1 to be array, null given /usr/local/nginx/html/lianyangji/Application/Admin/Controller/AdminUserController.class.php 第 135 行.
SQL: SELECT SUM(pay_price) AS tp_SUM FROM `eggcoin_withdrawals` WHERE `user_id` = 489 AND `pay_state` = 4 AND `state` = 2 LIMIT 1   [ RunTime:0.0002s ]
SQL: SELECT COUNT(*) AS tp_count FROM `eggcoin_invite_buy` WHERE `invite_user_id` = 489 LIMIT 1   [ RunTime:0.0002s ]
SQL: SELECT COUNT(*) AS tp_count FROM `eggcoin_invite_buy` WHERE `invite_user_id` = 489 AND `buy_state` = 1 LIMIT 1   [ RunTime:0.0003s ]
SQL: SELECT SUM(amount) AS tp_SUM FROM `eggcoin_eggcoin_record` WHERE `user_id` = 489 AND `state` = 1 AND `reason_type` = 1 LIMIT 1   [ RunTime:0.0020s ]
SQL: SELECT SUM(amount) AS tp_SUM FROM `eggcoin_eggcoin_record` WHERE `user_id` = 489 AND `state` = 1 AND `reason_type` = 3 LIMIT 1   [ RunTime:0.0017s ]
SQL: SELECT `id`,`mobile`,`email`,`email_status`,`full_name`,`user_st`,`created_at`,`updated_at`,`invite_code`,`pic` FROM `eggcoin_user` WHERE `id` = 488 LIMIT 1   [ RunTime:0.0002s ]
SQL: SELECT `wx_open_id`,`wx_pic`,`wx_nick_name`,`unionid`,`province`,`city`,`country`,`sex`,`openid` FROM `eggcoin_user_wechatinfo` WHERE `user_id` = 488 LIMIT 1   [ RunTime:0.0002s ]
SQL: SELECT * FROM `eggcoin_user_vip` WHERE `user_id` = 488 LIMIT 1   [ RunTime:0.0002s ]
SQL: SELECT COUNT(*) AS tp_count FROM `eggcoin_chicken` WHERE (  user_id= 488 and (state=4 or state=5) ) LIMIT 1   [ RunTime:0.0006s ]
SQL: SELECT * FROM `eggcoin_wallet` WHERE `user_id` = 488 LIMIT 1   [ RunTime:0.0002s ]
SQL: SELECT SUM(pay_price) AS tp_SUM FROM `eggcoin_recharge` WHERE ( user_id=488 ) LIMIT 1   [ RunTime:0.0002s ]
SQL: SELECT `zhifubao_account` FROM `eggcoin_withdrawals` WHERE `user_id` = 488  [ RunTime:0.0001s ]
NOTIC: [2] array_unique() expects parameter 1 to be array, null given /usr/local/nginx/html/lianyangji/Application/Admin/Controller/AdminUserController.class.php 第 135 行.
SQL: SELECT SUM(pay_price) AS tp_SUM FROM `eggcoin_withdrawals` WHERE `user_id` = 488 AND `pay_state` = 4 AND `state` = 2 LIMIT 1   [ RunTime:0.0002s ]
SQL: SELECT COUNT(*) AS tp_count FROM `eggcoin_invite_buy` WHERE `invite_user_id` = 488 LIMIT 1   [ RunTime:0.0003s ]
SQL: SELECT COUNT(*) AS tp_count FROM `eggcoin_invite_buy` WHERE `invite_user_id` = 488 AND `buy_state` = 1 LIMIT 1   [ RunTime:0.0003s ]
SQL: SELECT SUM(amount) AS tp_SUM FROM `eggcoin_eggcoin_record` WHERE `user_id` = 488 AND `state` = 1 AND `reason_type` = 1 LIMIT 1   [ RunTime:0.0019s ]
SQL: SELECT SUM(amount) AS tp_SUM FROM `eggcoin_eggcoin_record` WHERE `user_id` = 488 AND `state` = 1 AND `reason_type` = 3 LIMIT 1   [ RunTime:0.0016s ]
SQL: SELECT `id`,`mobile`,`email`,`email_status`,`full_name`,`user_st`,`created_at`,`updated_at`,`invite_code`,`pic` FROM `eggcoin_user` WHERE `id` = 487 LIMIT 1   [ RunTime:0.0002s ]
SQL: SELECT `wx_open_id`,`wx_pic`,`wx_nick_name`,`unionid`,`province`,`city`,`country`,`sex`,`openid` FROM `eggcoin_user_wechatinfo` WHERE `user_id` = 487 LIMIT 1   [ RunTime:0.0002s ]
SQL: SELECT * FROM `eggcoin_user_vip` WHERE `user_id` = 487 LIMIT 1   [ RunTime:0.0001s ]
SQL: SELECT COUNT(*) AS tp_count FROM `eggcoin_chicken` WHERE (  user_id= 487 and (state=4 or state=5) ) LIMIT 1   [ RunTime:0.0005s ]
SQL: SELECT * FROM `eggcoin_wallet` WHERE `user_id` = 487 LIMIT 1   [ RunTime:0.0002s ]
SQL: SELECT SUM(pay_price) AS tp_SUM FROM `eggcoin_recharge` WHERE ( user_id=487 ) LIMIT 1   [ RunTime:0.0002s ]
SQL: SELECT `zhifubao_account` FROM `eggcoin_withdrawals` WHERE `user_id` = 487  [ RunTime:0.0001s ]
NOTIC: [2] array_unique() expects parameter 1 to be array, null given /usr/local/nginx/html/lianyangji/Application/Admin/Controller/AdminUserController.class.php 第 135 行.
SQL: SELECT SUM(pay_price) AS tp_SUM FROM `eggcoin_withdrawals` WHERE `user_id` = 487 AND `pay_state` = 4 AND `state` = 2 LIMIT 1   [ RunTime:0.0002s ]
SQL: SELECT COUNT(*) AS tp_count FROM `eggcoin_invite_buy` WHERE `invite_user_id` = 487 LIMIT 1   [ RunTime:0.0002s ]
SQL: SELECT COUNT(*) AS tp_count FROM `eggcoin_invite_buy` WHERE `invite_user_id` = 487 AND `buy_state` = 1 LIMIT 1   [ RunTime:0.0002s ]
SQL: SELECT SUM(amount) AS tp_SUM FROM `eggcoin_eggcoin_record` WHERE `user_id` = 487 AND `state` = 1 AND `reason_type` = 1 LIMIT 1   [ RunTime:0.0020s ]
SQL: SELECT SUM(amount) AS tp_SUM FROM `eggcoin_eggcoin_record` WHERE `user_id` = 487 AND `state` = 1 AND `reason_type` = 3 LIMIT 1   [ RunTime:0.0016s ]
SQL: SELECT `id`,`mobile`,`email`,`email_status`,`full_name`,`user_st`,`created_at`,`updated_at`,`invite_code`,`pic` FROM `eggcoin_user` WHERE `id` = 486 LIMIT 1   [ RunTime:0.0002s ]
SQL: SELECT `wx_open_id`,`wx_pic`,`wx_nick_name`,`unionid`,`province`,`city`,`country`,`sex`,`openid` FROM `eggcoin_user_wechatinfo` WHERE `user_id` = 486 LIMIT 1   [ RunTime:0.0002s ]
SQL: SELECT * FROM `eggcoin_user_vip` WHERE `user_id` = 486 LIMIT 1   [ RunTime:0.0002s ]
SQL: SELECT COUNT(*) AS tp_count FROM `eggcoin_chicken` WHERE (  user_id= 486 and (state=4 or state=5) ) LIMIT 1   [ RunTime:0.0005s ]
SQL: SELECT * FROM `eggcoin_wallet` WHERE `user_id` = 486 LIMIT 1   [ RunTime:0.0002s ]
SQL: SELECT SUM(pay_price) AS tp_SUM FROM `eggcoin_recharge` WHERE ( user_id=486 ) LIMIT 1   [ RunTime:0.0002s ]
SQL: SELECT `zhifubao_account` FROM `eggcoin_withdrawals` WHERE `user_id` = 486  [ RunTime:0.0001s ]
NOTIC: [2] array_unique() expects parameter 1 to be array, null given /usr/local/nginx/html/lianyangji/Application/Admin/Controller/AdminUserController.class.php 第 135 行.
SQL: SELECT SUM(pay_price) AS tp_SUM FROM `eggcoin_withdrawals` WHERE `user_id` = 486 AND `pay_state` = 4 AND `state` = 2 LIMIT 1   [ RunTime:0.0002s ]
SQL: SELECT COUNT(*) AS tp_count FROM `eggcoin_invite_buy` WHERE `invite_user_id` = 486 LIMIT 1   [ RunTime:0.0003s ]
SQL: SELECT COUNT(*) AS tp_count FROM `eggcoin_invite_buy` WHERE `invite_user_id` = 486 AND `buy_state` = 1 LIMIT 1   [ RunTime:0.0003s ]
SQL: SELECT SUM(amount) AS tp_SUM FROM `eggcoin_eggcoin_record` WHERE `user_id` = 486 AND `state` = 1 AND `reason_type` = 1 LIMIT 1   [ RunTime:0.0020s ]
SQL: SELECT SUM(amount) AS tp_SUM FROM `eggcoin_eggcoin_record` WHERE `user_id` = 486 AND `state` = 1 AND `reason_type` = 3 LIMIT 1   [ RunTime:0.0017s ]
SQL: SELECT `id`,`mobile`,`email`,`email_status`,`full_name`,`user_st`,`created_at`,`updated_at`,`invite_code`,`pic` FROM `eggcoin_user` WHERE `id` = 485 LIMIT 1   [ RunTime:0.0002s ]
SQL: SELECT `wx_open_id`,`wx_pic`,`wx_nick_name`,`unionid`,`province`,`city`,`country`,`sex`,`openid` FROM `eggcoin_user_wechatinfo` WHERE `user_id` = 485 LIMIT 1   [ RunTime:0.0002s ]
SQL: SELECT * FROM `eggcoin_user_vip` WHERE `user_id` = 485 LIMIT 1   [ RunTime:0.0001s ]
SQL: SELECT COUNT(*) AS tp_count FROM `eggcoin_chicken` WHERE (  user_id= 485 and (state=4 or state=5) ) LIMIT 1   [ RunTime:0.0005s ]
SQL: SELECT * FROM `eggcoin_wallet` WHERE `user_id` = 485 LIMIT 1   [ RunTime:0.0002s ]
SQL: SELECT SUM(pay_price) AS tp_SUM FROM `eggcoin_recharge` WHERE ( user_id=485 ) LIMIT 1   [ RunTime:0.0002s ]
SQL: SELECT `zhifubao_account` FROM `eggcoin_withdrawals` WHERE `user_id` = 485  [ RunTime:0.0001s ]
NOTIC: [2] array_unique() expects parameter 1 to be array, null given /usr/local/nginx/html/lianyangji/Application/Admin/Controller/AdminUserController.class.php 第 135 行.
SQL: SELECT SUM(pay_price) AS tp_SUM FROM `eggcoin_withdrawals` WHERE `user_id` = 485 AND `pay_state` = 4 AND `state` = 2 LIMIT 1   [ RunTime:0.0002s ]
SQL: SELECT COUNT(*) AS tp_count FROM `eggcoin_invite_buy` WHERE `invite_user_id` = 485 LIMIT 1   [ RunTime:0.0002s ]
SQL: SELECT COUNT(*) AS tp_count FROM `eggcoin_invite_buy` WHERE `invite_user_id` = 485 AND `buy_state` = 1 LIMIT 1   [ RunTime:0.0003s ]
SQL: SELECT SUM(amount) AS tp_SUM FROM `eggcoin_eggcoin_record` WHERE `user_id` = 485 AND `state` = 1 AND `reason_type` = 1 LIMIT 1   [ RunTime:0.0018s ]
SQL: SELECT SUM(amount) AS tp_SUM FROM `eggcoin_eggcoin_record` WHERE `user_id` = 485 AND `state` = 1 AND `reason_type` = 3 LIMIT 1   [ RunTime:0.0016s ]
SQL: SELECT `id`,`mobile`,`email`,`email_status`,`full_name`,`user_st`,`created_at`,`updated_at`,`invite_code`,`pic` FROM `eggcoin_user` WHERE `id` = 484 LIMIT 1   [ RunTime:0.0002s ]
SQL: SELECT `wx_open_id`,`wx_pic`,`wx_nick_name`,`unionid`,`province`,`city`,`country`,`sex`,`openid` FROM `eggcoin_user_wechatinfo` WHERE `user_id` = 484 LIMIT 1   [ RunTime:0.0002s ]
SQL: SELECT * FROM `eggcoin_user_vip` WHERE `user_id` = 484 LIMIT 1   [ RunTime:0.0002s ]
SQL: SELECT COUNT(*) AS tp_count FROM `eggcoin_chicken` WHERE (  user_id= 484 and (state=4 or state=5) ) LIMIT 1   [ RunTime:0.0005s ]
SQL: SELECT * FROM `eggcoin_wallet` WHERE `user_id` = 484 LIMIT 1   [ RunTime:0.0002s ]
SQL: SELECT SUM(pay_price) AS tp_SUM FROM `eggcoin_recharge` WHERE ( user_id=484 ) LIMIT 1   [ RunTime:0.0002s ]
SQL: SELECT `zhifubao_account` FROM `eggcoin_withdrawals` WHERE `user_id` = 484  [ RunTime:0.0002s ]
NOTIC: [2] array_unique() expects parameter 1 to be array, null given /usr/local/nginx/html/lianyangji/Application/Admin/Controller/AdminUserController.class.php 第 135 行.
SQL: SELECT SUM(pay_price) AS tp_SUM FROM `eggcoin_withdrawals` WHERE `user_id` = 484 AND `pay_state` = 4 AND `state` = 2 LIMIT 1   [ RunTime:0.0002s ]
SQL: SELECT COUNT(*) AS tp_count FROM `eggcoin_invite_buy` WHERE `invite_user_id` = 484 LIMIT 1   [ RunTime:0.0003s ]
SQL: SELECT COUNT(*) AS tp_count FROM `eggcoin_invite_buy` WHERE `invite_user_id` = 484 AND `buy_state` = 1 LIMIT 1   [ RunTime:0.0003s ]
SQL: SELECT SUM(amount) AS tp_SUM FROM `eggcoin_eggcoin_record` WHERE `user_id` = 484 AND `state` = 1 AND `reason_type` = 1 LIMIT 1   [ RunTime:0.0019s ]
SQL: SELECT SUM(amount) AS tp_SUM FROM `eggcoin_eggcoin_record` WHERE `user_id` = 484 AND `state` = 1 AND `reason_type` = 3 LIMIT 1   [ RunTime:0.0017s ]
SQL: SELECT `id`,`mobile`,`email`,`email_status`,`full_name`,`user_st`,`created_at`,`updated_at`,`invite_code`,`pic` FROM `eggcoin_user` WHERE `id` = 483 LIMIT 1   [ RunTime:0.0002s ]
SQL: SELECT `wx_open_id`,`wx_pic`,`wx_nick_name`,`unionid`,`province`,`city`,`country`,`sex`,`openid` FROM `eggcoin_user_wechatinfo` WHERE `user_id` = 483 LIMIT 1   [ RunTime:0.0002s ]
SQL: SELECT * FROM `eggcoin_user_vip` WHERE `user_id` = 483 LIMIT 1   [ RunTime:0.0001s ]
SQL: SELECT COUNT(*) AS tp_count FROM `eggcoin_chicken` WHERE (  user_id= 483 and (state=4 or state=5) ) LIMIT 1   [ RunTime:0.0005s ]
SQL: SELECT * FROM `eggcoin_wallet` WHERE `user_id` = 483 LIMIT 1   [ RunTime:0.0002s ]
SQL: SELECT SUM(pay_price) AS tp_SUM FROM `eggcoin_recharge` WHERE ( user_id=483 ) LIMIT 1   [ RunTime:0.0002s ]
SQL: SELECT `zhifubao_account` FROM `eggcoin_withdrawals` WHERE `user_id` = 483  [ RunTime:0.0001s ]
NOTIC: [2] array_unique() expects parameter 1 to be array, null given /usr/local/nginx/html/lianyangji/Application/Admin/Controller/AdminUserController.class.php 第 135 行.
SQL: SELECT SUM(pay_price) AS tp_SUM FROM `eggcoin_withdrawals` WHERE `user_id` = 483 AND `pay_state` = 4 AND `state` = 2 LIMIT 1   [ RunTime:0.0002s ]
SQL: SELECT COUNT(*) AS tp_count FROM `eggcoin_invite_buy` WHERE `invite_user_id` = 483 LIMIT 1   [ RunTime:0.0002s ]
SQL: SELECT COUNT(*) AS tp_count FROM `eggcoin_invite_buy` WHERE `invite_user_id` = 483 AND `buy_state` = 1 LIMIT 1   [ RunTime:0.0003s ]
SQL: SELECT SUM(amount) AS tp_SUM FROM `eggcoin_eggcoin_record` WHERE `user_id` = 483 AND `state` = 1 AND `reason_type` = 1 LIMIT 1   [ RunTime:0.0019s ]
SQL: SELECT SUM(amount) AS tp_SUM FROM `eggcoin_eggcoin_record` WHERE `user_id` = 483 AND `state` = 1 AND `reason_type` = 3 LIMIT 1   [ RunTime:0.0017s ]
SQL: SELECT `id`,`mobile`,`email`,`email_status`,`full_name`,`user_st`,`created_at`,`updated_at`,`invite_code`,`pic` FROM `eggcoin_user` WHERE `id` = 482 LIMIT 1   [ RunTime:0.0002s ]
SQL: SELECT `wx_open_id`,`wx_pic`,`wx_nick_name`,`unionid`,`province`,`city`,`country`,`sex`,`openid` FROM `eggcoin_user_wechatinfo` WHERE `user_id` = 482 LIMIT 1   [ RunTime:0.0002s ]
SQL: SELECT * FROM `eggcoin_user_vip` WHERE `user_id` = 482 LIMIT 1   [ RunTime:0.0002s ]
SQL: SELECT COUNT(*) AS tp_count FROM `eggcoin_chicken` WHERE (  user_id= 482 and (state=4 or state=5) ) LIMIT 1   [ RunTime:0.0005s ]
SQL: SELECT * FROM `eggcoin_wallet` WHERE `user_id` = 482 LIMIT 1   [ RunTime:0.0001s ]
SQL: SELECT SUM(pay_price) AS tp_SUM FROM `eggcoin_recharge` WHERE ( user_id=482 ) LIMIT 1   [ RunTime:0.0002s ]
SQL: SELECT `zhifubao_account` FROM `eggcoin_withdrawals` WHERE `user_id` = 482  [ RunTime:0.0002s ]
NOTIC: [2] array_unique() expects parameter 1 to be array, null given /usr/local/nginx/html/lianyangji/Application/Admin/Controller/AdminUserController.class.php 第 135 行.
SQL: SELECT SUM(pay_price) AS tp_SUM FROM `eggcoin_withdrawals` WHERE `user_id` = 482 AND `pay_state` = 4 AND `state` = 2 LIMIT 1   [ RunTime:0.0002s ]
SQL: SELECT COUNT(*) AS tp_count FROM `eggcoin_invite_buy` WHERE `invite_user_id` = 482 LIMIT 1   [ RunTime:0.0002s ]
SQL: SELECT COUNT(*) AS tp_count FROM `eggcoin_invite_buy` WHERE `invite_user_id` = 482 AND `buy_state` = 1 LIMIT 1   [ RunTime:0.0003s ]
SQL: SELECT SUM(amount) AS tp_SUM FROM `eggcoin_eggcoin_record` WHERE `user_id` = 482 AND `state` = 1 AND `reason_type` = 1 LIMIT 1   [ RunTime:0.0019s ]
SQL: SELECT SUM(amount) AS tp_SUM FROM `eggcoin_eggcoin_record` WHERE `user_id` = 482 AND `state` = 1 AND `reason_type` = 3 LIMIT 1   [ RunTime:0.0016s ]
SQL: SELECT `id`,`mobile`,`email`,`email_status`,`full_name`,`user_st`,`created_at`,`updated_at`,`invite_code`,`pic` FROM `eggcoin_user` WHERE `id` = 481 LIMIT 1   [ RunTime:0.0002s ]
SQL: SELECT `wx_open_id`,`wx_pic`,`wx_nick_name`,`unionid`,`province`,`city`,`country`,`sex`,`openid` FROM `eggcoin_user_wechatinfo` WHERE `user_id` = 481 LIMIT 1   [ RunTime:0.0002s ]
SQL: SELECT * FROM `eggcoin_user_vip` WHERE `user_id` = 481 LIMIT 1   [ RunTime:0.0001s ]
SQL: SELECT COUNT(*) AS tp_count FROM `eggcoin_chicken` WHERE (  user_id= 481 and (state=4 or state=5) ) LIMIT 1   [ RunTime:0.0005s ]
SQL: SELECT * FROM `eggcoin_wallet` WHERE `user_id` = 481 LIMIT 1   [ RunTime:0.0002s ]
SQL: SELECT SUM(pay_price) AS tp_SUM FROM `eggcoin_recharge` WHERE ( user_id=481 ) LIMIT 1   [ RunTime:0.0002s ]
SQL: SELECT `zhifubao_account` FROM `eggcoin_withdrawals` WHERE `user_id` = 481  [ RunTime:0.0001s ]
NOTIC: [2] array_unique() expects parameter 1 to be array, null given /usr/local/nginx/html/lianyangji/Application/Admin/Controller/AdminUserController.class.php 第 135 行.
SQL: SELECT SUM(pay_price) AS tp_SUM FROM `eggcoin_withdrawals` WHERE `user_id` = 481 AND `pay_state` = 4 AND `state` = 2 LIMIT 1   [ RunTime:0.0002s ]
SQL: SELECT COUNT(*) AS tp_count FROM `eggcoin_invite_buy` WHERE `invite_user_id` = 481 LIMIT 1   [ RunTime:0.0003s ]
SQL: SELECT COUNT(*) AS tp_count FROM `eggcoin_invite_buy` WHERE `invite_user_id` = 481 AND `buy_state` = 1 LIMIT 1   [ RunTime:0.0003s ]
SQL: SELECT SUM(amount) AS tp_SUM FROM `eggcoin_eggcoin_record` WHERE `user_id` = 481 AND `state` = 1 AND `reason_type` = 1 LIMIT 1   [ RunTime:0.0019s ]
SQL: SELECT SUM(amount) AS tp_SUM FROM `eggcoin_eggcoin_record` WHERE `user_id` = 481 AND `state` = 1 AND `reason_type` = 3 LIMIT 1   [ RunTime:0.0017s ]
SQL: SELECT `id`,`mobile`,`email`,`email_status`,`full_name`,`user_st`,`created_at`,`updated_at`,`invite_code`,`pic` FROM `eggcoin_user` WHERE `id` = 480 LIMIT 1   [ RunTime:0.0002s ]
SQL: SELECT `wx_open_id`,`wx_pic`,`wx_nick_name`,`unionid`,`province`,`city`,`country`,`sex`,`openid` FROM `eggcoin_user_wechatinfo` WHERE `user_id` = 480 LIMIT 1   [ RunTime:0.0002s ]
SQL: SELECT * FROM `eggcoin_user_vip` WHERE `user_id` = 480 LIMIT 1   [ RunTime:0.0002s ]
SQL: SELECT COUNT(*) AS tp_count FROM `eggcoin_chicken` WHERE (  user_id= 480 and (state=4 or state=5) ) LIMIT 1   [ RunTime:0.0005s ]
SQL: SELECT * FROM `eggcoin_wallet` WHERE `user_id` = 480 LIMIT 1   [ RunTime:0.0002s ]
SQL: SELECT SUM(pay_price) AS tp_SUM FROM `eggcoin_recharge` WHERE ( user_id=480 ) LIMIT 1   [ RunTime:0.0002s ]
SQL: SELECT `zhifubao_account` FROM `eggcoin_withdrawals` WHERE `user_id` = 480  [ RunTime:0.0001s ]
NOTIC: [2] array_unique() expects parameter 1 to be array, null given /usr/local/nginx/html/lianyangji/Application/Admin/Controller/AdminUserController.class.php 第 135 行.
SQL: SELECT SUM(pay_price) AS tp_SUM FROM `eggcoin_withdrawals` WHERE `user_id` = 480 AND `pay_state` = 4 AND `state` = 2 LIMIT 1   [ RunTime:0.0002s ]
SQL: SELECT COUNT(*) AS tp_count FROM `eggcoin_invite_buy` WHERE `invite_user_id` = 480 LIMIT 1   [ RunTime:0.0003s ]
SQL: SELECT COUNT(*) AS tp_count FROM `eggcoin_invite_buy` WHERE `invite_user_id` = 480 AND `buy_state` = 1 LIMIT 1   [ RunTime:0.0003s ]
SQL: SELECT SUM(amount) AS tp_SUM FROM `eggcoin_eggcoin_record` WHERE `user_id` = 480 AND `state` = 1 AND `reason_type` = 1 LIMIT 1   [ RunTime:0.0019s ]
SQL: SELECT SUM(amount) AS tp_SUM FROM `eggcoin_eggcoin_record` WHERE `user_id` = 480 AND `state` = 1 AND `reason_type` = 3 LIMIT 1   [ RunTime:0.0017s ]
SQL: SELECT `id`,`mobile`,`email`,`email_status`,`full_name`,`user_st`,`created_at`,`updated_at`,`invite_code`,`pic` FROM `eggcoin_user` WHERE `id` = 479 LIMIT 1   [ RunTime:0.0002s ]
SQL: SELECT `wx_open_id`,`wx_pic`,`wx_nick_name`,`unionid`,`province`,`city`,`country`,`sex`,`openid` FROM `eggcoin_user_wechatinfo` WHERE `user_id` = 479 LIMIT 1   [ RunTime:0.0002s ]
SQL: SELECT * FROM `eggcoin_user_vip` WHERE `user_id` = 479 LIMIT 1   [ RunTime:0.0001s ]
SQL: SELECT COUNT(*) AS tp_count FROM `eggcoin_chicken` WHERE (  user_id= 479 and (state=4 or state=5) ) LIMIT 1   [ RunTime:0.0006s ]
SQL: SELECT * FROM `eggcoin_wallet` WHERE `user_id` = 479 LIMIT 1   [ RunTime:0.0001s ]
SQL: SELECT SUM(pay_price) AS tp_SUM FROM `eggcoin_recharge` WHERE ( user_id=479 ) LIMIT 1   [ RunTime:0.0002s ]
SQL: SELECT `zhifubao_account` FROM `eggcoin_withdrawals` WHERE `user_id` = 479  [ RunTime:0.0002s ]
NOTIC: [2] array_unique() expects parameter 1 to be array, null given /usr/local/nginx/html/lianyangji/Application/Admin/Controller/AdminUserController.class.php 第 135 行.
SQL: SELECT SUM(pay_price) AS tp_SUM FROM `eggcoin_withdrawals` WHERE `user_id` = 479 AND `pay_state` = 4 AND `state` = 2 LIMIT 1   [ RunTime:0.0002s ]
SQL: SELECT COUNT(*) AS tp_count FROM `eggcoin_invite_buy` WHERE `invite_user_id` = 479 LIMIT 1   [ RunTime:0.0002s ]
SQL: SELECT COUNT(*) AS tp_count FROM `eggcoin_invite_buy` WHERE `invite_user_id` = 479 AND `buy_state` = 1 LIMIT 1   [ RunTime:0.0003s ]
SQL: SELECT SUM(amount) AS tp_SUM FROM `eggcoin_eggcoin_record` WHERE `user_id` = 479 AND `state` = 1 AND `reason_type` = 1 LIMIT 1   [ RunTime:0.0019s ]
SQL: SELECT SUM(amount) AS tp_SUM FROM `eggcoin_eggcoin_record` WHERE `user_id` = 479 AND `state` = 1 AND `reason_type` = 3 LIMIT 1   [ RunTime:0.0017s ]
SQL: SELECT `id`,`mobile`,`email`,`email_status`,`full_name`,`user_st`,`created_at`,`updated_at`,`invite_code`,`pic` FROM `eggcoin_user` WHERE `id` = 478 LIMIT 1   [ RunTime:0.0002s ]
SQL: SELECT `wx_open_id`,`wx_pic`,`wx_nick_name`,`unionid`,`province`,`city`,`country`,`sex`,`openid` FROM `eggcoin_user_wechatinfo` WHERE `user_id` = 478 LIMIT 1   [ RunTime:0.0002s ]
SQL: SELECT * FROM `eggcoin_user_vip` WHERE `user_id` = 478 LIMIT 1   [ RunTime:0.0001s ]
SQL: SELECT COUNT(*) AS tp_count FROM `eggcoin_chicken` WHERE (  user_id= 478 and (state=4 or state=5) ) LIMIT 1   [ RunTime:0.0005s ]
SQL: SELECT * FROM `eggcoin_wallet` WHERE `user_id` = 478 LIMIT 1   [ RunTime:0.0002s ]
SQL: SELECT SUM(pay_price) AS tp_SUM FROM `eggcoin_recharge` WHERE ( user_id=478 ) LIMIT 1   [ RunTime:0.0002s ]
SQL: SELECT `zhifubao_account` FROM `eggcoin_withdrawals` WHERE `user_id` = 478  [ RunTime:0.0001s ]
NOTIC: [2] array_unique() expects parameter 1 to be array, null given /usr/local/nginx/html/lianyangji/Application/Admin/Controller/AdminUserController.class.php 第 135 行.
SQL: SELECT SUM(pay_price) AS tp_SUM FROM `eggcoin_withdrawals` WHERE `user_id` = 478 AND `pay_state` = 4 AND `state` = 2 LIMIT 1   [ RunTime:0.0001s ]
SQL: SELECT COUNT(*) AS tp_count FROM `eggcoin_invite_buy` WHERE `invite_user_id` = 478 LIMIT 1   [ RunTime:0.0002s ]
SQL: SELECT COUNT(*) AS tp_count FROM `eggcoin_invite_buy` WHERE `invite_user_id` = 478 AND `buy_state` = 1 LIMIT 1   [ RunTime:0.0003s ]
SQL: SELECT SUM(amount) AS tp_SUM FROM `eggcoin_eggcoin_record` WHERE `user_id` = 478 AND `state` = 1 AND `reason_type` = 1 LIMIT 1   [ RunTime:0.0020s ]
SQL: SELECT SUM(amount) AS tp_SUM FROM `eggcoin_eggcoin_record` WHERE `user_id` = 478 AND `state` = 1 AND `reason_type` = 3 LIMIT 1   [ RunTime:0.0017s ]
SQL: SELECT `id`,`mobile`,`email`,`email_status`,`full_name`,`user_st`,`created_at`,`updated_at`,`invite_code`,`pic` FROM `eggcoin_user` WHERE `id` = 477 LIMIT 1   [ RunTime:0.0002s ]
SQL: SELECT `wx_open_id`,`wx_pic`,`wx_nick_name`,`unionid`,`province`,`city`,`country`,`sex`,`openid` FROM `eggcoin_user_wechatinfo` WHERE `user_id` = 477 LIMIT 1   [ RunTime:0.0002s ]
SQL: SELECT * FROM `eggcoin_user_vip` WHERE `user_id` = 477 LIMIT 1   [ RunTime:0.0002s ]
SQL: SELECT COUNT(*) AS tp_count FROM `eggcoin_chicken` WHERE (  user_id= 477 and (state=4 or state=5) ) LIMIT 1   [ RunTime:0.0005s ]
SQL: SELECT * FROM `eggcoin_wallet` WHERE `user_id` = 477 LIMIT 1   [ RunTime:0.0001s ]
SQL: SELECT SUM(pay_price) AS tp_SUM FROM `eggcoin_recharge` WHERE ( user_id=477 ) LIMIT 1   [ RunTime:0.0002s ]
SQL: SELECT `zhifubao_account` FROM `eggcoin_withdrawals` WHERE `user_id` = 477  [ RunTime:0.0001s ]
NOTIC: [2] array_unique() expects parameter 1 to be array, null given /usr/local/nginx/html/lianyangji/Application/Admin/Controller/AdminUserController.class.php 第 135 行.
SQL: SELECT SUM(pay_price) AS tp_SUM FROM `eggcoin_withdrawals` WHERE `user_id` = 477 AND `pay_state` = 4 AND `state` = 2 LIMIT 1   [ RunTime:0.0002s ]
SQL: SELECT COUNT(*) AS tp_count FROM `eggcoin_invite_buy` WHERE `invite_user_id` = 477 LIMIT 1   [ RunTime:0.0003s ]
SQL: SELECT COUNT(*) AS tp_count FROM `eggcoin_invite_buy` WHERE `invite_user_id` = 477 AND `buy_state` = 1 LIMIT 1   [ RunTime:0.0003s ]
SQL: SELECT SUM(amount) AS tp_SUM FROM `eggcoin_eggcoin_record` WHERE `user_id` = 477 AND `state` = 1 AND `reason_type` = 1 LIMIT 1   [ RunTime:0.0018s ]
SQL: SELECT SUM(amount) AS tp_SUM FROM `eggcoin_eggcoin_record` WHERE `user_id` = 477 AND `state` = 1 AND `reason_type` = 3 LIMIT 1   [ RunTime:0.0017s ]
SQL: SELECT `id`,`mobile`,`email`,`email_status`,`full_name`,`user_st`,`created_at`,`updated_at`,`invite_code`,`pic` FROM `eggcoin_user` WHERE `id` = 476 LIMIT 1   [ RunTime:0.0002s ]
SQL: SELECT `wx_open_id`,`wx_pic`,`wx_nick_name`,`unionid`,`province`,`city`,`country`,`sex`,`openid` FROM `eggcoin_user_wechatinfo` WHERE `user_id` = 476 LIMIT 1   [ RunTime:0.0002s ]
SQL: SELECT * FROM `eggcoin_user_vip` WHERE `user_id` = 476 LIMIT 1   [ RunTime:0.0001s ]
SQL: SELECT COUNT(*) AS tp_count FROM `eggcoin_chicken` WHERE (  user_id= 476 and (state=4 or state=5) ) LIMIT 1   [ RunTime:0.0005s ]
SQL: SELECT * FROM `eggcoin_wallet` WHERE `user_id` = 476 LIMIT 1   [ RunTime:0.0001s ]
SQL: SELECT SUM(pay_price) AS tp_SUM FROM `eggcoin_recharge` WHERE ( user_id=476 ) LIMIT 1   [ RunTime:0.0002s ]
SQL: SELECT `zhifubao_account` FROM `eggcoin_withdrawals` WHERE `user_id` = 476  [ RunTime:0.0001s ]
NOTIC: [2] array_unique() expects parameter 1 to be array, null given /usr/local/nginx/html/lianyangji/Application/Admin/Controller/AdminUserController.class.php 第 135 行.
SQL: SELECT SUM(pay_price) AS tp_SUM FROM `eggcoin_withdrawals` WHERE `user_id` = 476 AND `pay_state` = 4 AND `state` = 2 LIMIT 1   [ RunTime:0.0002s ]
SQL: SELECT COUNT(*) AS tp_count FROM `eggcoin_invite_buy` WHERE `invite_user_id` = 476 LIMIT 1   [ RunTime:0.0003s ]
SQL: SELECT COUNT(*) AS tp_count FROM `eggcoin_invite_buy` WHERE `invite_user_id` = 476 AND `buy_state` = 1 LIMIT 1   [ RunTime:0.0003s ]
SQL: SELECT SUM(amount) AS tp_SUM FROM `eggcoin_eggcoin_record` WHERE `user_id` = 476 AND `state` = 1 AND `reason_type` = 1 LIMIT 1   [ RunTime:0.0019s ]
SQL: SELECT SUM(amount) AS tp_SUM FROM `eggcoin_eggcoin_record` WHERE `user_id` = 476 AND `state` = 1 AND `reason_type` = 3 LIMIT 1   [ RunTime:0.0017s ]
SQL: SELECT `id`,`mobile`,`email`,`email_status`,`full_name`,`user_st`,`created_at`,`updated_at`,`invite_code`,`pic` FROM `eggcoin_user` WHERE `id` = 475 LIMIT 1   [ RunTime:0.0002s ]
SQL: SELECT `wx_open_id`,`wx_pic`,`wx_nick_name`,`unionid`,`province`,`city`,`country`,`sex`,`openid` FROM `eggcoin_user_wechatinfo` WHERE `user_id` = 475 LIMIT 1   [ RunTime:0.0002s ]
SQL: SELECT * FROM `eggcoin_user_vip` WHERE `user_id` = 475 LIMIT 1   [ RunTime:0.0001s ]
SQL: SELECT COUNT(*) AS tp_count FROM `eggcoin_chicken` WHERE (  user_id= 475 and (state=4 or state=5) ) LIMIT 1   [ RunTime:0.0005s ]
SQL: SELECT * FROM `eggcoin_wallet` WHERE `user_id` = 475 LIMIT 1   [ RunTime:0.0001s ]
SQL: SELECT SUM(pay_price) AS tp_SUM FROM `eggcoin_recharge` WHERE ( user_id=475 ) LIMIT 1   [ RunTime:0.0002s ]
SQL: SELECT `zhifubao_account` FROM `eggcoin_withdrawals` WHERE `user_id` = 475  [ RunTime:0.0001s ]
NOTIC: [2] array_unique() expects parameter 1 to be array, null given /usr/local/nginx/html/lianyangji/Application/Admin/Controller/AdminUserController.class.php 第 135 行.
SQL: SELECT SUM(pay_price) AS tp_SUM FROM `eggcoin_withdrawals` WHERE `user_id` = 475 AND `pay_state` = 4 AND `state` = 2 LIMIT 1   [ RunTime:0.0002s ]
SQL: SELECT COUNT(*) AS tp_count FROM `eggcoin_invite_buy` WHERE `invite_user_id` = 475 LIMIT 1   [ RunTime:0.0003s ]
SQL: SELECT COUNT(*) AS tp_count FROM `eggcoin_invite_buy` WHERE `invite_user_id` = 475 AND `buy_state` = 1 LIMIT 1   [ RunTime:0.0002s ]
SQL: SELECT SUM(amount) AS tp_SUM FROM `eggcoin_eggcoin_record` WHERE `user_id` = 475 AND `state` = 1 AND `reason_type` = 1 LIMIT 1   [ RunTime:0.0020s ]
SQL: SELECT SUM(amount) AS tp_SUM FROM `eggcoin_eggcoin_record` WHERE `user_id` = 475 AND `state` = 1 AND `reason_type` = 3 LIMIT 1   [ RunTime:0.0017s ]
SQL: SELECT `id`,`mobile`,`email`,`email_status`,`full_name`,`user_st`,`created_at`,`updated_at`,`invite_code`,`pic` FROM `eggcoin_user` WHERE `id` = 474 LIMIT 1   [ RunTime:0.0002s ]
SQL: SELECT `wx_open_id`,`wx_pic`,`wx_nick_name`,`unionid`,`province`,`city`,`country`,`sex`,`openid` FROM `eggcoin_user_wechatinfo` WHERE `user_id` = 474 LIMIT 1   [ RunTime:0.0002s ]
SQL: SELECT * FROM `eggcoin_user_vip` WHERE `user_id` = 474 LIMIT 1   [ RunTime:0.0001s ]
SQL: SELECT COUNT(*) AS tp_count FROM `eggcoin_chicken` WHERE (  user_id= 474 and (state=4 or state=5) ) LIMIT 1   [ RunTime:0.0005s ]
SQL: SELECT * FROM `eggcoin_wallet` WHERE `user_id` = 474 LIMIT 1   [ RunTime:0.0001s ]
SQL: SELECT SUM(pay_price) AS tp_SUM FROM `eggcoin_recharge` WHERE ( user_id=474 ) LIMIT 1   [ RunTime:0.0002s ]
SQL: SELECT `zhifubao_account` FROM `eggcoin_withdrawals` WHERE `user_id` = 474  [ RunTime:0.0001s ]
NOTIC: [2] array_unique() expects parameter 1 to be array, null given /usr/local/nginx/html/lianyangji/Application/Admin/Controller/AdminUserController.class.php 第 135 行.
SQL: SELECT SUM(pay_price) AS tp_SUM FROM `eggcoin_withdrawals` WHERE `user_id` = 474 AND `pay_state` = 4 AND `state` = 2 LIMIT 1   [ RunTime:0.0002s ]
SQL: SELECT COUNT(*) AS tp_count FROM `eggcoin_invite_buy` WHERE `invite_user_id` = 474 LIMIT 1   [ RunTime:0.0002s ]
SQL: SELECT COUNT(*) AS tp_count FROM `eggcoin_invite_buy` WHERE `invite_user_id` = 474 AND `buy_state` = 1 LIMIT 1   [ RunTime:0.0003s ]
SQL: SELECT SUM(amount) AS tp_SUM FROM `eggcoin_eggcoin_record` WHERE `user_id` = 474 AND `state` = 1 AND `reason_type` = 1 LIMIT 1   [ RunTime:0.0019s ]
SQL: SELECT SUM(amount) AS tp_SUM FROM `eggcoin_eggcoin_record` WHERE `user_id` = 474 AND `state` = 1 AND `reason_type` = 3 LIMIT 1   [ RunTime:0.0016s ]
SQL: SELECT `id`,`mobile`,`email`,`email_status`,`full_name`,`user_st`,`created_at`,`updated_at`,`invite_code`,`pic` FROM `eggcoin_user` WHERE `id` = 473 LIMIT 1   [ RunTime:0.0002s ]
SQL: SELECT `wx_open_id`,`wx_pic`,`wx_nick_name`,`unionid`,`province`,`city`,`country`,`sex`,`openid` FROM `eggcoin_user_wechatinfo` WHERE `user_id` = 473 LIMIT 1   [ RunTime:0.0002s ]
SQL: SELECT * FROM `eggcoin_user_vip` WHERE `user_id` = 473 LIMIT 1   [ RunTime:0.0002s ]
SQL: SELECT COUNT(*) AS tp_count FROM `eggcoin_chicken` WHERE (  user_id= 473 and (state=4 or state=5) ) LIMIT 1   [ RunTime:0.0005s ]
SQL: SELECT * FROM `eggcoin_wallet` WHERE `user_id` = 473 LIMIT 1   [ RunTime:0.0002s ]
SQL: SELECT SUM(pay_price) AS tp_SUM FROM `eggcoin_recharge` WHERE ( user_id=473 ) LIMIT 1   [ RunTime:0.0002s ]
SQL: SELECT `zhifubao_account` FROM `eggcoin_withdrawals` WHERE `user_id` = 473  [ RunTime:0.0001s ]
NOTIC: [2] array_unique() expects parameter 1 to be array, null given /usr/local/nginx/html/lianyangji/Application/Admin/Controller/AdminUserController.class.php 第 135 行.
SQL: SELECT SUM(pay_price) AS tp_SUM FROM `eggcoin_withdrawals` WHERE `user_id` = 473 AND `pay_state` = 4 AND `state` = 2 LIMIT 1   [ RunTime:0.0002s ]
SQL: SELECT COUNT(*) AS tp_count FROM `eggcoin_invite_buy` WHERE `invite_user_id` = 473 LIMIT 1   [ RunTime:0.0003s ]
SQL: SELECT COUNT(*) AS tp_count FROM `eggcoin_invite_buy` WHERE `invite_user_id` = 473 AND `buy_state` = 1 LIMIT 1   [ RunTime:0.0003s ]
SQL: SELECT SUM(amount) AS tp_SUM FROM `eggcoin_eggcoin_record` WHERE `user_id` = 473 AND `state` = 1 AND `reason_type` = 1 LIMIT 1   [ RunTime:0.0019s ]
SQL: SELECT SUM(amount) AS tp_SUM FROM `eggcoin_eggcoin_record` WHERE `user_id` = 473 AND `state` = 1 AND `reason_type` = 3 LIMIT 1   [ RunTime:0.0016s ]
SQL: SELECT `id`,`mobile`,`email`,`email_status`,`full_name`,`user_st`,`created_at`,`updated_at`,`invite_code`,`pic` FROM `eggcoin_user` WHERE `id` = 472 LIMIT 1   [ RunTime:0.0002s ]
SQL: SELECT `wx_open_id`,`wx_pic`,`wx_nick_name`,`unionid`,`province`,`city`,`country`,`sex`,`openid` FROM `eggcoin_user_wechatinfo` WHERE `user_id` = 472 LIMIT 1   [ RunTime:0.0002s ]
SQL: SELECT * FROM `eggcoin_user_vip` WHERE `user_id` = 472 LIMIT 1   [ RunTime:0.0001s ]
SQL: SELECT COUNT(*) AS tp_count FROM `eggcoin_chicken` WHERE (  user_id= 472 and (state=4 or state=5) ) LIMIT 1   [ RunTime:0.0005s ]
SQL: SELECT * FROM `eggcoin_wallet` WHERE `user_id` = 472 LIMIT 1   [ RunTime:0.0002s ]
SQL: SELECT SUM(pay_price) AS tp_SUM FROM `eggcoin_recharge` WHERE ( user_id=472 ) LIMIT 1   [ RunTime:0.0002s ]
SQL: SELECT `zhifubao_account` FROM `eggcoin_withdrawals` WHERE `user_id` = 472  [ RunTime:0.0001s ]
NOTIC: [2] array_unique() expects parameter 1 to be array, null given /usr/local/nginx/html/lianyangji/Application/Admin/Controller/AdminUserController.class.php 第 135 行.
SQL: SELECT SUM(pay_price) AS tp_SUM FROM `eggcoin_withdrawals` WHERE `user_id` = 472 AND `pay_state` = 4 AND `state` = 2 LIMIT 1   [ RunTime:0.0002s ]
SQL: SELECT COUNT(*) AS tp_count FROM `eggcoin_invite_buy` WHERE `invite_user_id` = 472 LIMIT 1   [ RunTime:0.0002s ]
SQL: SELECT COUNT(*) AS tp_count FROM `eggcoin_invite_buy` WHERE `invite_user_id` = 472 AND `buy_state` = 1 LIMIT 1   [ RunTime:0.0003s ]
SQL: SELECT SUM(amount) AS tp_SUM FROM `eggcoin_eggcoin_record` WHERE `user_id` = 472 AND `state` = 1 AND `reason_type` = 1 LIMIT 1   [ RunTime:0.0020s ]
SQL: SELECT SUM(amount) AS tp_SUM FROM `eggcoin_eggcoin_record` WHERE `user_id` = 472 AND `state` = 1 AND `reason_type` = 3 LIMIT 1   [ RunTime:0.0018s ]
INFO: [ view_parse ] --START--
INFO: [ template_filter ] --START--
INFO: Run Behavior\ContentReplaceBehavior [ RunTime:0.000061s ]
INFO: [ template_filter ] --END-- [ RunTime:0.000104s ]
NOTIC: [8] Undefined index: mobile /usr/local/nginx/html/lianyangji/Application/Runtime/Cache/Admin/9b6e7e4f3b5c3453396df44c216a4b99.php 第 157 行.
NOTIC: [8] Undefined index: full_name /usr/local/nginx/html/lianyangji/Application/Runtime/Cache/Admin/9b6e7e4f3b5c3453396df44c216a4b99.php 第 158 行.
NOTIC: [8] Undefined index: id /usr/local/nginx/html/lianyangji/Application/Runtime/Cache/Admin/9b6e7e4f3b5c3453396df44c216a4b99.php 第 159 行.
INFO: Run Behavior\ParseTemplateBehavior [ RunTime:0.005163s ]
INFO: [ view_parse ] --END-- [ RunTime:0.005185s ]
INFO: [ view_filter ] --START--
INFO: Run Behavior\WriteHtmlCacheBehavior [ RunTime:0.000092s ]
INFO: [ view_filter ] --END-- [ RunTime:0.000105s ]
INFO: [ app_end ] --START--
INFO: Run Behavior\ShowPageTraceBehavior [ RunTime:0.000298s ]
INFO: [ app_end ] --END-- [ RunTime:0.000317s ]

[ 2018-03-23T00:10:35+08:00 ] 111.164.153.73 /AdminChickenbatchTodayfeedDelivery/add.html
INFO: [ app_init ] --START--
INFO: Run Behavior\BuildLiteBehavior [ RunTime:0.000006s ]
INFO: [ app_init ] --END-- [ RunTime:0.000186s ]
INFO: [ app_begin ] --START--
INFO: Run Behavior\ReadHtmlCacheBehavior [ RunTime:0.000257s ]
INFO: [ app_begin ] --END-- [ RunTime:0.000277s ]
SQL: SHOW COLUMNS FROM `eggcoin_chickenbatch_todayfeed_delivery` [ RunTime:0.0007s ]
SQL: SHOW COLUMNS FROM `eggcoin_chicken_batch` [ RunTime:0.0005s ]
SQL: SELECT * FROM `eggcoin_chicken_batch` WHERE ( state=1 )  [ RunTime:0.0002s ]
SQL: SELECT * FROM `eggcoin_chicken_batch` WHERE ( state=1 ) LIMIT 1   [ RunTime:0.0002s ]
INFO: [ view_parse ] --START--
INFO: [ template_filter ] --START--
INFO: Run Behavior\ContentReplaceBehavior [ RunTime:0.000063s ]
INFO: [ template_filter ] --END-- [ RunTime:0.000080s ]
NOTIC: [8] Undefined index: chicken_batch /usr/local/nginx/html/lianyangji/Application/Runtime/Cache/Admin/ea1e141cebf5e4b66da0ca0d75b78210.php 第 179 行.
NOTIC: [8] Undefined index: chicken_batch /usr/local/nginx/html/lianyangji/Application/Runtime/Cache/Admin/ea1e141cebf5e4b66da0ca0d75b78210.php 第 179 行.
NOTIC: [8] Undefined index: guess_age_in_days /usr/local/nginx/html/lianyangji/Application/Runtime/Cache/Admin/ea1e141cebf5e4b66da0ca0d75b78210.php 第 189 行.
INFO: Run Behavior\ParseTemplateBehavior [ RunTime:0.004449s ]
INFO: [ view_parse ] --END-- [ RunTime:0.004464s ]
INFO: [ view_filter ] --START--
INFO: Run Behavior\WriteHtmlCacheBehavior [ RunTime:0.000092s ]
INFO: [ view_filter ] --END-- [ RunTime:0.000104s ]
INFO: [ app_end ] --START--
INFO: Run Behavior\ShowPageTraceBehavior [ RunTime:0.000336s ]
INFO: [ app_end ] --END-- [ RunTime:0.000354s ]

[ 2018-03-23T00:13:59+08:00 ] 111.164.153.73 /AdminChickenbatchTodayfeedDelivery/add.html
INFO: [ app_init ] --START--
INFO: Run Behavior\BuildLiteBehavior [ RunTime:0.000007s ]
INFO: [ app_init ] --END-- [ RunTime:0.000174s ]
INFO: [ app_begin ] --START--
INFO: Run Behavior\ReadHtmlCacheBehavior [ RunTime:0.000248s ]
INFO: [ app_begin ] --END-- [ RunTime:0.000266s ]
SQL: SHOW COLUMNS FROM `eggcoin_chickenbatch_todayfeed_delivery` [ RunTime:0.0007s ]
SQL: SELECT * FROM `eggcoin_chickenbatch_todayfeed_delivery` WHERE ( chicken_batch = 2 and delivery_date="2018-03-22" ) LIMIT 1   [ RunTime:0.0003s ]
SQL: SHOW COLUMNS FROM `eggcoin_chicken_batch` [ RunTime:0.0005s ]
SQL: SELECT * FROM `eggcoin_chicken_batch` WHERE ( id=2 ) LIMIT 1   [ RunTime:0.0002s ]
SQL: INSERT INTO `eggcoin_chickenbatch_todayfeed_delivery` (`chicken_batch`,`delivery_date`,`today_egg_price`,`today_feed_price`,`death`,`feed_weight`,`lay_eggs`,`lay_eggs_weight`,`expenses`,`eggcoin_income`,`egg_price`,`feed_price`,`age_in_days`) VALUES ('2','2018-03-22','6.1333','2.5','0','96.13648673','763','40.31413613','0','1','247.25869112613','240.341216825','146') [ RunTime:0.0014s ]

[ 2018-03-23T00:14:01+08:00 ] 111.164.153.73 /AdminChickenbatchTodayfeedDelivery/add.html
INFO: [ app_init ] --START--
INFO: Run Behavior\BuildLiteBehavior [ RunTime:0.000011s ]
INFO: [ app_init ] --END-- [ RunTime:0.000286s ]
INFO: [ app_begin ] --START--
INFO: Run Behavior\ReadHtmlCacheBehavior [ RunTime:0.000290s ]
INFO: [ app_begin ] --END-- [ RunTime:0.000313s ]
SQL: SHOW COLUMNS FROM `eggcoin_chickenbatch_todayfeed_delivery` [ RunTime:0.0009s ]
SQL: SHOW COLUMNS FROM `eggcoin_chicken_batch` [ RunTime:0.0006s ]
SQL: SELECT * FROM `eggcoin_chicken_batch` WHERE ( state=1 )  [ RunTime:0.0003s ]
SQL: SELECT * FROM `eggcoin_chicken_batch` WHERE ( state=1 ) LIMIT 1   [ RunTime:0.0002s ]
INFO: [ view_parse ] --START--
INFO: [ template_filter ] --START--
INFO: Run Behavior\ContentReplaceBehavior [ RunTime:0.000070s ]
INFO: [ template_filter ] --END-- [ RunTime:0.000091s ]
NOTIC: [8] Undefined index: chicken_batch /usr/local/nginx/html/lianyangji/Application/Runtime/Cache/Admin/ea1e141cebf5e4b66da0ca0d75b78210.php 第 179 行.
NOTIC: [8] Undefined index: chicken_batch /usr/local/nginx/html/lianyangji/Application/Runtime/Cache/Admin/ea1e141cebf5e4b66da0ca0d75b78210.php 第 179 行.
NOTIC: [8] Undefined index: guess_age_in_days /usr/local/nginx/html/lianyangji/Application/Runtime/Cache/Admin/ea1e141cebf5e4b66da0ca0d75b78210.php 第 189 行.
INFO: Run Behavior\ParseTemplateBehavior [ RunTime:0.005548s ]
INFO: [ view_parse ] --END-- [ RunTime:0.005574s ]
INFO: [ view_filter ] --START--
INFO: Run Behavior\WriteHtmlCacheBehavior [ RunTime:0.000093s ]
INFO: [ view_filter ] --END-- [ RunTime:0.000107s ]
INFO: [ app_end ] --START--
INFO: Run Behavior\ShowPageTraceBehavior [ RunTime:0.000305s ]
INFO: [ app_end ] --END-- [ RunTime:0.000321s ]

[ 2018-03-23T00:14:16+08:00 ] 111.164.153.73 /AdminChickenBatch/index.html
INFO: [ app_init ] --START--
INFO: Run Behavior\BuildLiteBehavior [ RunTime:0.000007s ]
INFO: [ app_init ] --END-- [ RunTime:0.000196s ]
INFO: [ app_begin ] --START--
INFO: Run Behavior\ReadHtmlCacheBehavior [ RunTime:0.000266s ]
INFO: [ app_begin ] --END-- [ RunTime:0.000287s ]
SQL: SHOW COLUMNS FROM `eggcoin_chicken_batch` [ RunTime:0.0007s ]
SQL: SELECT COUNT(*) AS tp_count FROM `eggcoin_chicken_batch` LIMIT 1   [ RunTime:0.0002s ]
SQL: SELECT * FROM `eggcoin_chicken_batch` ORDER BY `id` LIMIT 0,20   [ RunTime:0.0002s ]
SQL: SHOW COLUMNS FROM `eggcoin_chicken` [ RunTime:0.0005s ]
SQL: SELECT count(state) AS `count`,`state` FROM `eggcoin_chicken` WHERE ( chicken_batch=2 ) GROUP BY state  [ RunTime:0.0008s ]
NOTIC: [8] Undefined index: count /usr/local/nginx/html/lianyangji/Application/Admin/Controller/AdminChickenBatchController.class.php 第 194 行.
NOTIC: [8] Undefined index: count /usr/local/nginx/html/lianyangji/Application/Admin/Controller/AdminChickenBatchController.class.php 第 194 行.
SQL: SELECT * FROM `eggcoin_chicken` GROUP BY state  [ RunTime:0.0011s ]
SQL: SELECT count(state) AS `count`,`state` FROM `eggcoin_chicken` WHERE ( chicken_batch=11 ) GROUP BY state  [ RunTime:0.0005s ]
NOTIC: [8] Undefined index: count /usr/local/nginx/html/lianyangji/Application/Admin/Controller/AdminChickenBatchController.class.php 第 194 行.
NOTIC: [8] Undefined index: count /usr/local/nginx/html/lianyangji/Application/Admin/Controller/AdminChickenBatchController.class.php 第 194 行.
NOTIC: [8] Undefined index: count /usr/local/nginx/html/lianyangji/Application/Admin/Controller/AdminChickenBatchController.class.php 第 194 行.
NOTIC: [8] Undefined index: count /usr/local/nginx/html/lianyangji/Application/Admin/Controller/AdminChickenBatchController.class.php 第 194 行.
SQL: SELECT * FROM `eggcoin_chicken` GROUP BY state  [ RunTime:0.0011s ]
INFO: [ view_parse ] --START--
INFO: [ template_filter ] --START--
INFO: Run Behavior\ContentReplaceBehavior [ RunTime:0.000060s ]
INFO: [ template_filter ] --END-- [ RunTime:0.000079s ]
NOTIC: [8] Undefined index: mobile /usr/local/nginx/html/lianyangji/Application/Runtime/Cache/Admin/32e89051c47d4b38a1c44c50765c0da9.php 第 157 行.
NOTIC: [8] Undefined index: full_name /usr/local/nginx/html/lianyangji/Application/Runtime/Cache/Admin/32e89051c47d4b38a1c44c50765c0da9.php 第 158 行.
NOTIC: [8] Undefined index: id /usr/local/nginx/html/lianyangji/Application/Runtime/Cache/Admin/32e89051c47d4b38a1c44c50765c0da9.php 第 159 行.
NOTIC: [8] Undefined index: is_default_info /usr/local/nginx/html/lianyangji/Application/Runtime/Cache/Admin/32e89051c47d4b38a1c44c50765c0da9.php 第 202 行.
INFO: Run Behavior\ParseTemplateBehavior [ RunTime:0.004459s ]
INFO: [ view_parse ] --END-- [ RunTime:0.004474s ]
INFO: [ view_filter ] --START--
INFO: Run Behavior\WriteHtmlCacheBehavior [ RunTime:0.000099s ]
INFO: [ view_filter ] --END-- [ RunTime:0.000111s ]
INFO: [ app_end ] --START--
INFO: Run Behavior\ShowPageTraceBehavior [ RunTime:0.000241s ]
INFO: [ app_end ] --END-- [ RunTime:0.000258s ]

[ 2018-03-23T04:46:21+08:00 ] 58.19.58.211 /
INFO: [ app_init ] --START--
INFO: Run Behavior\BuildLiteBehavior [ RunTime:0.000007s ]
INFO: [ app_init ] --END-- [ RunTime:0.000162s ]
INFO: [ app_begin ] --START--
INFO: Run Behavior\ReadHtmlCacheBehavior [ RunTime:0.000273s ]
INFO: [ app_begin ] --END-- [ RunTime:0.000291s ]
ERR: 无法加载控制器:Index

[ 2018-03-23T05:38:30+08:00 ] 182.119.193.82 /
INFO: [ app_init ] --START--
INFO: Run Behavior\BuildLiteBehavior [ RunTime:0.000010s ]
INFO: [ app_init ] --END-- [ RunTime:0.000166s ]
INFO: [ app_begin ] --START--
INFO: Run Behavior\ReadHtmlCacheBehavior [ RunTime:0.000259s ]
INFO: [ app_begin ] --END-- [ RunTime:0.000276s ]
ERR: 无法加载控制器:Index

[ 2018-03-23T06:29:22+08:00 ] 182.242.104.186 /
INFO: [ app_init ] --START--
INFO: Run Behavior\BuildLiteBehavior [ RunTime:0.000007s ]
INFO: [ app_init ] --END-- [ RunTime:0.000164s ]
INFO: [ app_begin ] --START--
INFO: Run Behavior\ReadHtmlCacheBehavior [ RunTime:0.000214s ]
INFO: [ app_begin ] --END-- [ RunTime:0.000230s ]
ERR: 无法加载控制器:Index

