[ 2018-03-02T14:18:18+08:00 ] 60.194.185.2 /
INFO: [ app_init ] --START--
INFO: Run Behavior\BuildLiteBehavior [ RunTime:0.000006s ]
INFO: [ app_init ] --END-- [ RunTime:0.000161s ]
INFO: [ app_begin ] --START--
INFO: Run Behavior\ReadHtmlCacheBehavior [ RunTime:0.000211s ]
INFO: [ app_begin ] --END-- [ RunTime:0.000229s ]
ERR: 无法加载控制器:Index

[ 2018-03-02T14:19:40+08:00 ] 60.194.185.2 /
INFO: [ app_init ] --START--
INFO: Run Behavior\BuildLiteBehavior [ RunTime:0.000008s ]
INFO: [ app_init ] --END-- [ RunTime:0.000158s ]
INFO: [ app_begin ] --START--
INFO: Run Behavior\ReadHtmlCacheBehavior [ RunTime:0.000202s ]
INFO: [ app_begin ] --END-- [ RunTime:0.000233s ]
ERR: 无法加载控制器:Index

[ 2018-03-02T14:20:01+08:00 ] 60.194.185.2 /
INFO: [ app_init ] --START--
INFO: Run Behavior\BuildLiteBehavior [ RunTime:0.000007s ]
INFO: [ app_init ] --END-- [ RunTime:0.000159s ]
INFO: [ app_begin ] --START--
INFO: Run Behavior\ReadHtmlCacheBehavior [ RunTime:0.000213s ]
INFO: [ app_begin ] --END-- [ RunTime:0.000231s ]
INFO: [ app_end ] --START--
INFO: Run Behavior\ShowPageTraceBehavior [ RunTime:0.000224s ]
INFO: [ app_end ] --END-- [ RunTime:0.000240s ]

[ 2018-03-02T14:22:04+08:00 ] 60.194.185.2 /
INFO: [ app_init ] --START--
INFO: Run Behavior\BuildLiteBehavior [ RunTime:0.000007s ]
INFO: [ app_init ] --END-- [ RunTime:0.000161s ]
INFO: [ app_begin ] --START--
INFO: Run Behavior\ReadHtmlCacheBehavior [ RunTime:0.000207s ]
INFO: [ app_begin ] --END-- [ RunTime:0.000223s ]
INFO: [ app_end ] --START--
INFO: Run Behavior\ShowPageTraceBehavior [ RunTime:0.000265s ]
INFO: [ app_end ] --END-- [ RunTime:0.000283s ]

[ 2018-03-02T14:22:31+08:00 ] 60.194.185.2 /
INFO: [ app_init ] --START--
INFO: Run Behavior\BuildLiteBehavior [ RunTime:0.000007s ]
INFO: [ app_init ] --END-- [ RunTime:0.000159s ]
INFO: [ app_begin ] --START--
INFO: Run Behavior\ReadHtmlCacheBehavior [ RunTime:0.000227s ]
INFO: [ app_begin ] --END-- [ RunTime:0.000243s ]
INFO: [ view_parse ] --START--
INFO: [ template_filter ] --START--
INFO: Run Behavior\ContentReplaceBehavior [ RunTime:0.000025s ]
INFO: [ template_filter ] --END-- [ RunTime:0.000043s ]
NOTIC: [8] Undefined index: user_info /usr/local/nginx/html/lianyangji/Application/Runtime/Cache/Wechat2/9586dcf6797bf9665e933bf105afd2dd.php 第 34 行.
NOTIC: [8] Undefined index: state /usr/local/nginx/html/lianyangji/Application/Runtime/Cache/Wechat2/9586dcf6797bf9665e933bf105afd2dd.php 第 35 行.
INFO: Run Behavior\ParseTemplateBehavior [ RunTime:0.002680s ]
INFO: [ view_parse ] --END-- [ RunTime:0.002692s ]
INFO: [ view_filter ] --START--
INFO: Run Behavior\WriteHtmlCacheBehavior [ RunTime:0.000074s ]
INFO: [ view_filter ] --END-- [ RunTime:0.000086s ]
INFO: [ app_end ] --START--
INFO: Run Behavior\ShowPageTraceBehavior [ RunTime:0.000236s ]
INFO: [ app_end ] --END-- [ RunTime:0.000249s ]

[ 2018-03-02T14:22:31+08:00 ] 60.194.185.2 /js/layui/layui.js
INFO: [ app_init ] --START--
INFO: Run Behavior\BuildLiteBehavior [ RunTime:0.000007s ]
INFO: [ app_init ] --END-- [ RunTime:0.000157s ]
INFO: [ app_begin ] --START--
INFO: Run Behavior\ReadHtmlCacheBehavior [ RunTime:0.000207s ]
INFO: [ app_begin ] --END-- [ RunTime:0.000223s ]
ERR: 无法加载控制器:Js

[ 2018-03-02T14:23:07+08:00 ] 60.194.185.2 /
INFO: [ app_init ] --START--
INFO: Run Behavior\BuildLiteBehavior [ RunTime:0.000007s ]
INFO: [ app_init ] --END-- [ RunTime:0.000188s ]
INFO: [ app_begin ] --START--
INFO: Run Behavior\ReadHtmlCacheBehavior [ RunTime:0.000215s ]
INFO: [ app_begin ] --END-- [ RunTime:0.000232s ]
INFO: [ view_parse ] --START--
INFO: [ template_filter ] --START--
INFO: Run Behavior\ContentReplaceBehavior [ RunTime:0.000025s ]
INFO: [ template_filter ] --END-- [ RunTime:0.000044s ]
NOTIC: [8] Undefined index: user_info /usr/local/nginx/html/lianyangji/Application/Runtime/Cache/Wechat2/9586dcf6797bf9665e933bf105afd2dd.php 第 34 行.
NOTIC: [8] Undefined index: state /usr/local/nginx/html/lianyangji/Application/Runtime/Cache/Wechat2/9586dcf6797bf9665e933bf105afd2dd.php 第 35 行.
INFO: Run Behavior\ParseTemplateBehavior [ RunTime:0.002650s ]
INFO: [ view_parse ] --END-- [ RunTime:0.002666s ]
INFO: [ view_filter ] --START--
INFO: Run Behavior\WriteHtmlCacheBehavior [ RunTime:0.000075s ]
INFO: [ view_filter ] --END-- [ RunTime:0.000087s ]
INFO: [ app_end ] --START--
INFO: Run Behavior\ShowPageTraceBehavior [ RunTime:0.000226s ]
INFO: [ app_end ] --END-- [ RunTime:0.000240s ]

[ 2018-03-02T14:23:07+08:00 ] 60.194.185.2 /js/layui/layui.js
INFO: [ app_init ] --START--
INFO: Run Behavior\BuildLiteBehavior [ RunTime:0.000007s ]
INFO: [ app_init ] --END-- [ RunTime:0.000160s ]
INFO: [ app_begin ] --START--
INFO: Run Behavior\ReadHtmlCacheBehavior [ RunTime:0.000236s ]
INFO: [ app_begin ] --END-- [ RunTime:0.000254s ]
ERR: 无法加载控制器:Js

[ 2018-03-02T14:24:40+08:00 ] 60.194.185.2 /
INFO: [ app_init ] --START--
INFO: Run Behavior\BuildLiteBehavior [ RunTime:0.000007s ]
INFO: [ app_init ] --END-- [ RunTime:0.000166s ]
INFO: [ app_begin ] --START--
INFO: Run Behavior\ReadHtmlCacheBehavior [ RunTime:0.000201s ]
INFO: [ app_begin ] --END-- [ RunTime:0.000231s ]
INFO: [ view_parse ] --START--
INFO: [ template_filter ] --START--
INFO: Run Behavior\ContentReplaceBehavior [ RunTime:0.000024s ]
INFO: [ template_filter ] --END-- [ RunTime:0.000040s ]
NOTIC: [8] Undefined index: user_info /usr/local/nginx/html/lianyangji/Application/Runtime/Cache/Wechat2/9586dcf6797bf9665e933bf105afd2dd.php 第 34 行.
NOTIC: [8] Undefined index: state /usr/local/nginx/html/lianyangji/Application/Runtime/Cache/Wechat2/9586dcf6797bf9665e933bf105afd2dd.php 第 35 行.
INFO: Run Behavior\ParseTemplateBehavior [ RunTime:0.002517s ]
INFO: [ view_parse ] --END-- [ RunTime:0.002530s ]
INFO: [ view_filter ] --START--
INFO: Run Behavior\WriteHtmlCacheBehavior [ RunTime:0.000071s ]
INFO: [ view_filter ] --END-- [ RunTime:0.000081s ]
INFO: [ app_end ] --START--
INFO: Run Behavior\ShowPageTraceBehavior [ RunTime:0.000238s ]
INFO: [ app_end ] --END-- [ RunTime:0.000252s ]

[ 2018-03-02T14:24:41+08:00 ] 60.194.185.2 /js/layui/layui.js
INFO: [ app_init ] --START--
INFO: Run Behavior\BuildLiteBehavior [ RunTime:0.000008s ]
INFO: [ app_init ] --END-- [ RunTime:0.000174s ]
INFO: [ app_begin ] --START--
INFO: Run Behavior\ReadHtmlCacheBehavior [ RunTime:0.000212s ]
INFO: [ app_begin ] --END-- [ RunTime:0.000229s ]
ERR: 无法加载控制器:Js

[ 2018-03-02T14:24:53+08:00 ] 60.194.185.2 /
INFO: [ app_init ] --START--
INFO: Run Behavior\BuildLiteBehavior [ RunTime:0.000007s ]
INFO: [ app_init ] --END-- [ RunTime:0.000157s ]
INFO: [ app_begin ] --START--
INFO: Run Behavior\ReadHtmlCacheBehavior [ RunTime:0.000203s ]
INFO: [ app_begin ] --END-- [ RunTime:0.000235s ]
INFO: [ view_parse ] --START--
INFO: [ template_filter ] --START--
INFO: Run Behavior\ContentReplaceBehavior [ RunTime:0.000025s ]
INFO: [ template_filter ] --END-- [ RunTime:0.000042s ]
NOTIC: [8] Undefined index: user_info /usr/local/nginx/html/lianyangji/Application/Runtime/Cache/Wechat2/9586dcf6797bf9665e933bf105afd2dd.php 第 34 行.
NOTIC: [8] Undefined index: state /usr/local/nginx/html/lianyangji/Application/Runtime/Cache/Wechat2/9586dcf6797bf9665e933bf105afd2dd.php 第 35 行.
INFO: Run Behavior\ParseTemplateBehavior [ RunTime:0.002529s ]
INFO: [ view_parse ] --END-- [ RunTime:0.002543s ]
INFO: [ view_filter ] --START--
INFO: Run Behavior\WriteHtmlCacheBehavior [ RunTime:0.000074s ]
INFO: [ view_filter ] --END-- [ RunTime:0.000085s ]
INFO: [ app_end ] --START--
INFO: Run Behavior\ShowPageTraceBehavior [ RunTime:0.000259s ]
INFO: [ app_end ] --END-- [ RunTime:0.000273s ]

[ 2018-03-02T14:24:53+08:00 ] 60.194.185.2 /js/layui/layui.js
INFO: [ app_init ] --START--
INFO: Run Behavior\BuildLiteBehavior [ RunTime:0.000008s ]
INFO: [ app_init ] --END-- [ RunTime:0.000167s ]
INFO: [ app_begin ] --START--
INFO: Run Behavior\ReadHtmlCacheBehavior [ RunTime:0.000206s ]
INFO: [ app_begin ] --END-- [ RunTime:0.000224s ]
ERR: 无法加载控制器:Js

[ 2018-03-02T14:26:10+08:00 ] 111.206.36.134 /
INFO: [ app_init ] --START--
INFO: Run Behavior\BuildLiteBehavior [ RunTime:0.000007s ]
INFO: [ app_init ] --END-- [ RunTime:0.000162s ]
INFO: [ app_begin ] --START--
INFO: Run Behavior\ReadHtmlCacheBehavior [ RunTime:0.000217s ]
INFO: [ app_begin ] --END-- [ RunTime:0.000234s ]
INFO: [ view_parse ] --START--
INFO: [ template_filter ] --START--
INFO: Run Behavior\ContentReplaceBehavior [ RunTime:0.000025s ]
INFO: [ template_filter ] --END-- [ RunTime:0.000042s ]
NOTIC: [8] Undefined index: user_info /usr/local/nginx/html/lianyangji/Application/Runtime/Cache/Wechat2/9586dcf6797bf9665e933bf105afd2dd.php 第 34 行.
NOTIC: [8] Undefined index: state /usr/local/nginx/html/lianyangji/Application/Runtime/Cache/Wechat2/9586dcf6797bf9665e933bf105afd2dd.php 第 35 行.
INFO: Run Behavior\ParseTemplateBehavior [ RunTime:0.002598s ]
INFO: [ view_parse ] --END-- [ RunTime:0.002611s ]
INFO: [ view_filter ] --START--
INFO: Run Behavior\WriteHtmlCacheBehavior [ RunTime:0.000086s ]
INFO: [ view_filter ] --END-- [ RunTime:0.000097s ]
INFO: [ app_end ] --START--
INFO: Run Behavior\ShowPageTraceBehavior [ RunTime:0.000253s ]
INFO: [ app_end ] --END-- [ RunTime:0.000267s ]

[ 2018-03-02T14:26:10+08:00 ] 111.206.36.134 /js/layui/layui.js
INFO: [ app_init ] --START--
INFO: Run Behavior\BuildLiteBehavior [ RunTime:0.000007s ]
INFO: [ app_init ] --END-- [ RunTime:0.000163s ]
INFO: [ app_begin ] --START--
INFO: Run Behavior\ReadHtmlCacheBehavior [ RunTime:0.000202s ]
INFO: [ app_begin ] --END-- [ RunTime:0.000219s ]
ERR: 无法加载控制器:Js

[ 2018-03-02T14:27:03+08:00 ] 60.194.185.2 /
INFO: [ app_init ] --START--
INFO: Run Behavior\BuildLiteBehavior [ RunTime:0.000007s ]
INFO: [ app_init ] --END-- [ RunTime:0.000172s ]
INFO: [ app_begin ] --START--
INFO: Run Behavior\ReadHtmlCacheBehavior [ RunTime:0.000216s ]
INFO: [ app_begin ] --END-- [ RunTime:0.000232s ]
INFO: [ view_parse ] --START--
INFO: [ template_filter ] --START--
INFO: Run Behavior\ContentReplaceBehavior [ RunTime:0.000029s ]
INFO: [ template_filter ] --END-- [ RunTime:0.000048s ]
NOTIC: [8] Undefined index: user_info /usr/local/nginx/html/lianyangji/Application/Runtime/Cache/Wechat2/9586dcf6797bf9665e933bf105afd2dd.php 第 34 行.
NOTIC: [8] Undefined index: state /usr/local/nginx/html/lianyangji/Application/Runtime/Cache/Wechat2/9586dcf6797bf9665e933bf105afd2dd.php 第 35 行.
INFO: Run Behavior\ParseTemplateBehavior [ RunTime:0.002610s ]
INFO: [ view_parse ] --END-- [ RunTime:0.002623s ]
INFO: [ view_filter ] --START--
INFO: Run Behavior\WriteHtmlCacheBehavior [ RunTime:0.000071s ]
INFO: [ view_filter ] --END-- [ RunTime:0.000082s ]
INFO: [ app_end ] --START--
INFO: Run Behavior\ShowPageTraceBehavior [ RunTime:0.000235s ]
INFO: [ app_end ] --END-- [ RunTime:0.000250s ]

[ 2018-03-02T14:27:03+08:00 ] 60.194.185.2 /js/layui/layui.js
INFO: [ app_init ] --START--
INFO: Run Behavior\BuildLiteBehavior [ RunTime:0.000007s ]
INFO: [ app_init ] --END-- [ RunTime:0.000187s ]
INFO: [ app_begin ] --START--
INFO: Run Behavior\ReadHtmlCacheBehavior [ RunTime:0.000207s ]
INFO: [ app_begin ] --END-- [ RunTime:0.000224s ]
ERR: 无法加载控制器:Js

[ 2018-03-02T14:29:29+08:00 ] 14.17.22.32 /
INFO: [ app_init ] --START--
INFO: Run Behavior\BuildLiteBehavior [ RunTime:0.000006s ]
INFO: [ app_init ] --END-- [ RunTime:0.000161s ]
INFO: [ app_begin ] --START--
INFO: Run Behavior\ReadHtmlCacheBehavior [ RunTime:0.000204s ]
INFO: [ app_begin ] --END-- [ RunTime:0.000220s ]
INFO: [ view_parse ] --START--
INFO: [ template_filter ] --START--
INFO: Run Behavior\ContentReplaceBehavior [ RunTime:0.000024s ]
INFO: [ template_filter ] --END-- [ RunTime:0.000042s ]
NOTIC: [8] Undefined index: user_info /usr/local/nginx/html/lianyangji/Application/Runtime/Cache/Wechat2/9586dcf6797bf9665e933bf105afd2dd.php 第 34 行.
NOTIC: [8] Undefined index: state /usr/local/nginx/html/lianyangji/Application/Runtime/Cache/Wechat2/9586dcf6797bf9665e933bf105afd2dd.php 第 35 行.
INFO: Run Behavior\ParseTemplateBehavior [ RunTime:0.002529s ]
INFO: [ view_parse ] --END-- [ RunTime:0.002543s ]
INFO: [ view_filter ] --START--
INFO: Run Behavior\WriteHtmlCacheBehavior [ RunTime:0.000073s ]
INFO: [ view_filter ] --END-- [ RunTime:0.000084s ]
INFO: [ app_end ] --START--
INFO: Run Behavior\ShowPageTraceBehavior [ RunTime:0.000232s ]
INFO: [ app_end ] --END-- [ RunTime:0.000247s ]

[ 2018-03-02T14:29:29+08:00 ] 14.17.22.32 /js/layui/layui.js
INFO: [ app_init ] --START--
INFO: Run Behavior\BuildLiteBehavior [ RunTime:0.000007s ]
INFO: [ app_init ] --END-- [ RunTime:0.000174s ]
INFO: [ app_begin ] --START--
INFO: Run Behavior\ReadHtmlCacheBehavior [ RunTime:0.000224s ]
INFO: [ app_begin ] --END-- [ RunTime:0.000241s ]
ERR: 无法加载控制器:Js

[ 2018-03-02T14:29:33+08:00 ] 120.92.11.205 /
INFO: [ app_init ] --START--
INFO: Run Behavior\BuildLiteBehavior [ RunTime:0.000007s ]
INFO: [ app_init ] --END-- [ RunTime:0.000158s ]
INFO: [ app_begin ] --START--
INFO: Run Behavior\ReadHtmlCacheBehavior [ RunTime:0.000209s ]
INFO: [ app_begin ] --END-- [ RunTime:0.000225s ]
INFO: [ view_parse ] --START--
INFO: [ template_filter ] --START--
INFO: Run Behavior\ContentReplaceBehavior [ RunTime:0.000025s ]
INFO: [ template_filter ] --END-- [ RunTime:0.000041s ]
NOTIC: [8] Undefined index: user_info /usr/local/nginx/html/lianyangji/Application/Runtime/Cache/Wechat2/9586dcf6797bf9665e933bf105afd2dd.php 第 34 行.
NOTIC: [8] Undefined index: state /usr/local/nginx/html/lianyangji/Application/Runtime/Cache/Wechat2/9586dcf6797bf9665e933bf105afd2dd.php 第 35 行.
INFO: Run Behavior\ParseTemplateBehavior [ RunTime:0.002529s ]
INFO: [ view_parse ] --END-- [ RunTime:0.002542s ]
INFO: [ view_filter ] --START--
INFO: Run Behavior\WriteHtmlCacheBehavior [ RunTime:0.000072s ]
INFO: [ view_filter ] --END-- [ RunTime:0.000083s ]
INFO: [ app_end ] --START--
INFO: Run Behavior\ShowPageTraceBehavior [ RunTime:0.000228s ]
INFO: [ app_end ] --END-- [ RunTime:0.000245s ]

[ 2018-03-02T14:29:33+08:00 ] 120.92.11.69 /js/layui/layui.js
INFO: [ app_init ] --START--
INFO: Run Behavior\BuildLiteBehavior [ RunTime:0.000007s ]
INFO: [ app_init ] --END-- [ RunTime:0.000164s ]
INFO: [ app_begin ] --START--
INFO: Run Behavior\ReadHtmlCacheBehavior [ RunTime:0.000227s ]
INFO: [ app_begin ] --END-- [ RunTime:0.000245s ]
ERR: 无法加载控制器:Js

[ 2018-03-02T14:38:20+08:00 ] 60.194.185.2 /
INFO: [ app_init ] --START--
INFO: Run Behavior\BuildLiteBehavior [ RunTime:0.000007s ]
INFO: [ app_init ] --END-- [ RunTime:0.000158s ]
INFO: [ app_begin ] --START--
INFO: Run Behavior\ReadHtmlCacheBehavior [ RunTime:0.000217s ]
INFO: [ app_begin ] --END-- [ RunTime:0.000234s ]
INFO: [ view_parse ] --START--
INFO: [ template_filter ] --START--
INFO: Run Behavior\ContentReplaceBehavior [ RunTime:0.000024s ]
INFO: [ template_filter ] --END-- [ RunTime:0.000040s ]
NOTIC: [8] Undefined index: user_info /usr/local/nginx/html/lianyangji/Application/Runtime/Cache/Wechat2/9586dcf6797bf9665e933bf105afd2dd.php 第 34 行.
NOTIC: [8] Undefined index: state /usr/local/nginx/html/lianyangji/Application/Runtime/Cache/Wechat2/9586dcf6797bf9665e933bf105afd2dd.php 第 35 行.
INFO: Run Behavior\ParseTemplateBehavior [ RunTime:0.002547s ]
INFO: [ view_parse ] --END-- [ RunTime:0.002559s ]
INFO: [ view_filter ] --START--
INFO: Run Behavior\WriteHtmlCacheBehavior [ RunTime:0.000071s ]
INFO: [ view_filter ] --END-- [ RunTime:0.000083s ]
INFO: [ app_end ] --START--
INFO: Run Behavior\ShowPageTraceBehavior [ RunTime:0.000224s ]
INFO: [ app_end ] --END-- [ RunTime:0.000239s ]

[ 2018-03-02T14:38:20+08:00 ] 60.194.185.2 /js/layui/layui.js
INFO: [ app_init ] --START--
INFO: Run Behavior\BuildLiteBehavior [ RunTime:0.000007s ]
INFO: [ app_init ] --END-- [ RunTime:0.000179s ]
INFO: [ app_begin ] --START--
INFO: Run Behavior\ReadHtmlCacheBehavior [ RunTime:0.000211s ]
INFO: [ app_begin ] --END-- [ RunTime:0.000227s ]
ERR: 无法加载控制器:Js

[ 2018-03-02T15:17:30+08:00 ] 60.194.185.2 /
INFO: [ app_init ] --START--
INFO: Run Behavior\BuildLiteBehavior [ RunTime:0.000006s ]
INFO: [ app_init ] --END-- [ RunTime:0.000160s ]
INFO: [ app_begin ] --START--
INFO: Run Behavior\ReadHtmlCacheBehavior [ RunTime:0.000204s ]
INFO: [ app_begin ] --END-- [ RunTime:0.000222s ]
INFO: [ view_parse ] --START--
INFO: [ template_filter ] --START--
INFO: Run Behavior\ContentReplaceBehavior [ RunTime:0.000025s ]
INFO: [ template_filter ] --END-- [ RunTime:0.000041s ]
NOTIC: [8] Undefined index: user_info /usr/local/nginx/html/lianyangji/Application/Runtime/Cache/Wechat2/9586dcf6797bf9665e933bf105afd2dd.php 第 34 行.
NOTIC: [8] Undefined index: state /usr/local/nginx/html/lianyangji/Application/Runtime/Cache/Wechat2/9586dcf6797bf9665e933bf105afd2dd.php 第 35 行.
INFO: Run Behavior\ParseTemplateBehavior [ RunTime:0.002535s ]
INFO: [ view_parse ] --END-- [ RunTime:0.002548s ]
INFO: [ view_filter ] --START--
INFO: Run Behavior\WriteHtmlCacheBehavior [ RunTime:0.000081s ]
INFO: [ view_filter ] --END-- [ RunTime:0.000093s ]
INFO: [ app_end ] --START--
INFO: Run Behavior\ShowPageTraceBehavior [ RunTime:0.000225s ]
INFO: [ app_end ] --END-- [ RunTime:0.000238s ]

[ 2018-03-02T15:17:31+08:00 ] 60.194.185.2 /js/layui/layui.js
INFO: [ app_init ] --START--
INFO: Run Behavior\BuildLiteBehavior [ RunTime:0.000006s ]
INFO: [ app_init ] --END-- [ RunTime:0.000156s ]
INFO: [ app_begin ] --START--
INFO: Run Behavior\ReadHtmlCacheBehavior [ RunTime:0.000205s ]
INFO: [ app_begin ] --END-- [ RunTime:0.000222s ]
ERR: 无法加载控制器:Js

[ 2018-03-02T16:28:43+08:00 ] 60.194.185.2 /
INFO: [ app_init ] --START--
INFO: Run Behavior\BuildLiteBehavior [ RunTime:0.000007s ]
INFO: [ app_init ] --END-- [ RunTime:0.000161s ]
INFO: [ app_begin ] --START--
INFO: Run Behavior\ReadHtmlCacheBehavior [ RunTime:0.000206s ]
INFO: [ app_begin ] --END-- [ RunTime:0.000223s ]
INFO: [ view_parse ] --START--
INFO: [ template_filter ] --START--
INFO: Run Behavior\ContentReplaceBehavior [ RunTime:0.000037s ]
INFO: [ template_filter ] --END-- [ RunTime:0.000067s ]
NOTIC: [8] Undefined index: user_info /usr/local/nginx/html/lianyangji/Application/Runtime/Cache/Wechat2/9586dcf6797bf9665e933bf105afd2dd.php 第 34 行.
NOTIC: [8] Undefined index: state /usr/local/nginx/html/lianyangji/Application/Runtime/Cache/Wechat2/9586dcf6797bf9665e933bf105afd2dd.php 第 35 行.
INFO: Run Behavior\ParseTemplateBehavior [ RunTime:0.002817s ]
INFO: [ view_parse ] --END-- [ RunTime:0.002839s ]
INFO: [ view_filter ] --START--
INFO: Run Behavior\WriteHtmlCacheBehavior [ RunTime:0.000137s ]
INFO: [ view_filter ] --END-- [ RunTime:0.000162s ]
INFO: [ app_end ] --START--
INFO: Run Behavior\ShowPageTraceBehavior [ RunTime:0.000333s ]
INFO: [ app_end ] --END-- [ RunTime:0.000352s ]

[ 2018-03-02T16:28:44+08:00 ] 60.194.185.2 /js/layui/layui.js
INFO: [ app_init ] --START--
INFO: Run Behavior\BuildLiteBehavior [ RunTime:0.000007s ]
INFO: [ app_init ] --END-- [ RunTime:0.000162s ]
INFO: [ app_begin ] --START--
INFO: Run Behavior\ReadHtmlCacheBehavior [ RunTime:0.000204s ]
INFO: [ app_begin ] --END-- [ RunTime:0.000238s ]
ERR: 无法加载控制器:Js

[ 2018-03-02T18:56:17+08:00 ] 106.11.226.121 /
INFO: [ app_init ] --START--
INFO: Run Behavior\BuildLiteBehavior [ RunTime:0.000007s ]
INFO: [ app_init ] --END-- [ RunTime:0.000178s ]
INFO: [ app_begin ] --START--
INFO: Run Behavior\ReadHtmlCacheBehavior [ RunTime:0.000199s ]
INFO: [ app_begin ] --END-- [ RunTime:0.000216s ]
INFO: [ view_parse ] --START--
INFO: [ template_filter ] --START--
INFO: Run Behavior\ContentReplaceBehavior [ RunTime:0.000024s ]
INFO: [ template_filter ] --END-- [ RunTime:0.000042s ]
NOTIC: [8] Undefined index: user_info /usr/local/nginx/html/lianyangji/Application/Runtime/Cache/Wechat2/9586dcf6797bf9665e933bf105afd2dd.php 第 34 行.
NOTIC: [8] Undefined index: state /usr/local/nginx/html/lianyangji/Application/Runtime/Cache/Wechat2/9586dcf6797bf9665e933bf105afd2dd.php 第 35 行.
INFO: Run Behavior\ParseTemplateBehavior [ RunTime:0.007602s ]
INFO: [ view_parse ] --END-- [ RunTime:0.007619s ]
INFO: [ view_filter ] --START--
INFO: Run Behavior\WriteHtmlCacheBehavior [ RunTime:0.000084s ]
INFO: [ view_filter ] --END-- [ RunTime:0.000096s ]
INFO: [ app_end ] --START--
INFO: Run Behavior\ShowPageTraceBehavior [ RunTime:0.000238s ]
INFO: [ app_end ] --END-- [ RunTime:0.000252s ]

